2020-07-27 17:58:18 INFO  - [class com.epp.executor.CukeExecutor] : Initiating Loggers Instance with file name: ZelleLogger_07_27_2020 17_58_18
2020-07-27 17:58:18 INFO  - [class com.epp.executor.CukeExecutor] : Initiating Extent Reports Instance with file name: ZelleTestReport_07_27_2020 17_58_18
2020-07-27 17:58:18 INFO  - [class com.zelle.stepdefinition.UniversalSteps] : UniversalStep: Create user one using services and Launch URL
2020-07-27 17:58:18 INFO  - [class com.epp.api.executor.APIExecutor] : API Executor constructor, assigning all the values to variable of API 
2020-07-27 17:58:18 INFO  - [class com.epp.api.executor.APIExecutor] : Closing all the instances of Excel sheets
2020-07-27 17:58:18 INFO  - [class com.epp.api.executor.APIExecutor] : Request which need to run: AddConsumer.xml
2020-07-27 17:58:18 INFO  - [class com.epp.api.utils.APIGenerics] : Reading the file and returing the document instance
2020-07-27 17:58:18 INFO  - [class com.epp.api.executor.APIExecutor] : Reading XML file into Document instance is done
2020-07-27 17:58:19 INFO  - [class com.epp.api.utils.APIGenerics] : keyValueData generated:  {TCName=, wsse:Username=, wsse:Password=, req:MtvnSvcVer=, req:ApplID=, req:SvcID=, req:SvcVer=, req:RoutingID=, com1:addr1=, com1:city=, com1:state=, com1:postalCode=, com1:country=, com1:type=, com1:number=, com1:isPrimary=, com1:email=, com1:userId=}
2020-07-27 17:58:19 INFO  - [class com.epp.api.utils.APIGenerics] : keyValueData generated:  {TCName=Zelle_AddConsumer_TC01, wsse:Username=FISEPAY_DEV, wsse:Password=RaDrup5E4awreP, req:MtvnSvcVer=v1.6.0, req:ApplID=ZELLE, req:SvcID=AddConsumer, req:SvcVer=v1.6.0, req:RoutingID=fis-50202, com1:addr1=10610 Faulkner Point way, com1:city=Irving, com1:state=TX, com1:postalCode=75063-1234, com1:country=US, com1:type=HOME, com1:number=100001111189, com1:isPrimary=true, com1:email=gulabo@yahoo.com, com1:userId=xyxde9111117}
2020-07-27 17:58:19 INFO  - [class com.epp.api.utils.APIGenerics] : keyValueData generated:  {TCName=Zelle_AddConsumer_TC01, wsse:Username=FISEPAY_DEV, wsse:Password=RaDrup5E4awreP, req:MtvnSvcVer=v1.6.0, req:ApplID=ZELLE, req:SvcID=AddConsumer, req:SvcVer=v1.6.0, req:RoutingID=fis-50202, com1:addr1=10610 Faulkner Point way, com1:city=Irving, com1:state=TX, com1:postalCode=75063-1234, com1:country=US, com1:type=HOME, com1:number=100001111189, com1:isPrimary=true, com1:email=gulabo@yahoo.com, com1:userId=xyxde9111117}
2020-07-27 17:58:19 INFO  - [class com.epp.api.utils.APIGenerics] : Random alphaNumeric generate: OT1ITS
2020-07-27 17:58:19 INFO  - [class com.epp.api.utils.APIGenerics] : Random alphabet generate: LGMX
2020-07-27 17:58:19 INFO  - [class com.epp.api.utils.APIGenerics] : Random number generate: 91867
2020-07-27 17:58:19 INFO  - [class com.epp.api.utils.APIGenerics] : Random email id generate: LGMX91867@yahoo.com
2020-07-27 17:58:19 INFO  - [class com.epp.api.utils.APIGenerics] : Random number generate: 3833411
2020-07-27 17:58:19 INFO  - [class com.epp.api.utils.APIGenerics] : Random phone generate: 2013833411
2020-07-27 17:58:19 INFO  - [class com.epp.api.utils.APIGenerics] : Parcing of xml file is done
2020-07-27 17:58:19 INFO  - [class com.epp.api.utils.APIGenerics] : Getting timestamp in yyyyMMdd_HHmmss this formats 
2020-07-27 17:58:19 INFO  - [class com.epp.api.utils.APIGenerics] : Creating the xml file at run level
2020-07-27 17:58:19 INFO  - [class com.epp.api.executor.APIExecutor] : Hitting the request using post method
2020-07-27 17:58:19 INFO  - [class com.epp.api.soaphit.GetSoapResponse] : Into Post Method
2020-07-27 17:58:19 INFO  - [class com.epp.api.soaphit.GetSoapResponse] : Base End Point URL: https://localhost:1122/services/port
2020-07-27 17:58:19 INFO  - [class com.epp.api.soaphit.GetSoapResponse] : XML request file path: C:\SeleniumWorkspace\DigiPayZelleAutomation\src\main\java\com\epp\api\temp\Request_Zelle_AddConsumer_TC01_20200727_175819.xml
2020-07-27 17:58:20 DEBUG - Get connection for route {s}->https://localhost:1122
2020-07-27 17:58:20 DEBUG - Connecting to localhost:1122
2020-07-27 17:58:21 DEBUG - CookieSpec selected: ignoreCookies
2020-07-27 17:58:21 DEBUG - Auth cache not set in the context
2020-07-27 17:58:21 DEBUG - Target auth state: UNCHALLENGED
2020-07-27 17:58:21 DEBUG - Proxy auth state: UNCHALLENGED
2020-07-27 17:58:21 DEBUG - Attempt 1 to execute request
2020-07-27 17:58:21 DEBUG - Sending request: POST /services/port/v1_6 HTTP/1.1
2020-07-27 17:58:21 DEBUG -  >> "POST /services/port/v1_6 HTTP/1.1[\r][\n]"
2020-07-27 17:58:21 DEBUG -  >> "SOAPAction: authenticate[\r][\n]"
2020-07-27 17:58:21 DEBUG -  >> "Accept: */*[\r][\n]"
2020-07-27 17:58:21 DEBUG -  >> "Content-Type: application/soap+xml; charset=UTF-8;[\r][\n]"
2020-07-27 17:58:21 DEBUG -  >> "Content-Length: 5407[\r][\n]"
2020-07-27 17:58:21 DEBUG -  >> "Host: localhost:1122[\r][\n]"
2020-07-27 17:58:21 DEBUG -  >> "Connection: Keep-Alive[\r][\n]"
2020-07-27 17:58:21 DEBUG -  >> "User-Agent: Apache-HttpClient/4.5.3 (Java/1.8.0_162)[\r][\n]"
2020-07-27 17:58:21 DEBUG -  >> "Accept-Encoding: gzip,deflate[\r][\n]"
2020-07-27 17:58:21 DEBUG -  >> "[\r][\n]"
2020-07-27 17:58:21 DEBUG - >> POST /services/port/v1_6 HTTP/1.1
2020-07-27 17:58:21 DEBUG - >> SOAPAction: authenticate
2020-07-27 17:58:21 DEBUG - >> Accept: */*
2020-07-27 17:58:21 DEBUG - >> Content-Type: application/soap+xml; charset=UTF-8;
2020-07-27 17:58:21 DEBUG - >> Content-Length: 5407
2020-07-27 17:58:21 DEBUG - >> Host: localhost:1122
2020-07-27 17:58:21 DEBUG - >> Connection: Keep-Alive
2020-07-27 17:58:21 DEBUG - >> User-Agent: Apache-HttpClient/4.5.3 (Java/1.8.0_162)
2020-07-27 17:58:21 DEBUG - >> Accept-Encoding: gzip,deflate
2020-07-27 17:58:21 DEBUG -  >> "<?xml version="1.0" encoding="UTF-8" standalone="no"?><soapenv:Envelope xmlns:soapenv="http://schemas.xmlsoap.org/soap/envelope/" xmlns:com="http://metavante.com/types/common" xmlns:com1="http://epayments.metavante.com/types/common" xmlns:req="http://epayments.metavante.com/types/request" xmlns:req1="http://epayments.metavante.com/types/consumerPayee/request" xmlns:req2="http://epayments.metavante.com/types/fi/request" xmlns:req3="http://epayments.metavante.com/types/fundingAccount/request" xmlns:req4="http://epayments.metavante.com/types/merchant/request" xmlns:req5="http://epayments.metavante.com/types/security/request" xmlns:req6="http://epayments.metavante.com/types/user/request" xmlns:req7="http://epayments.metavante.com/types/consumer/request" xmlns:req8="http://epayments.metavante.com/types/checkimage/request" xmlns:wsse="http://docs.oasis-open.org/wss/2004/01/oasis-200401-wss-wssecurity-secext-1.0.xsd">[\r][\n]"
2020-07-27 17:58:21 DEBUG -  >> "   <soapenv:Header>[\r][\n]"
2020-07-27 17:58:21 DEBUG -  >> "      <wsse:Security>[\r][\n]"
2020-07-27 17:58:21 DEBUG -  >> "         <wsse:UsernameToken>[\r][\n]"
2020-07-27 17:58:21 DEBUG -  >> "            <wsse:Username>FISEPAY_DEV</wsse:Username>[\r][\n]"
2020-07-27 17:58:21 DEBUG -  >> "            <wsse:Password>RaDrup5E4awreP</wsse:Password>[\r][\n]"
2020-07-27 17:58:21 DEBUG -  >> "         </wsse:UsernameToken>[\r][\n]"
2020-07-27 17:58:21 DEBUG -  >> "      </wsse:Security>[\r][\n]"
2020-07-27 17:58:21 DEBUG -  >> "   </soapenv:Header>[\r][\n]"
2020-07-27 17:58:21 DEBUG -  >> "   <soapenv:Body>[\r][\n]"
2020-07-27 17:58:21 DEBUG -  >> "      <req:EbMtvnSvcReq>[\r][\n]"
2020-07-27 17:58:21 DEBUG -  >> "         <req:MtvnSvcVer>v1.6.0</req:MtvnSvcVer>[\r][\n]"
2020-07-27 17:58:21 DEBUG -  >> "         <req:MsgUUID>?</req:MsgUUID>[\r][\n]"
2020-07-27 17:58:21 DEBUG -  >> "         <req:PrcsParms>[\r][\n]"
2020-07-27 17:58:21 DEBUG -  >> "            <req:SrcID>MVEPAY</req:SrcID>[\r][\n]"
2020-07-27 17:58:21 DEBUG -  >> "         </req:PrcsParms>[\r][\n]"
2020-07-27 17:58:21 DEBUG -  >> "         <req:Svc>[\r][\n]"
2020-07-27 17:58:21 DEBUG -  >> "            <req:SvcParms>[\r][\n]"
2020-07-27 17:58:21 DEBUG -  >> "               <req:ApplID>ZELLE</req:ApplID>[\r][\n]"
2020-07-27 17:58:21 DEBUG -  >> "               <req:SvcID>AddConsumer</req:SvcID>[\r][\n]"
2020-07-27 17:58:21 DEBUG -  >> "               <req:SvcVer>v1.6.0</req:SvcVer>[\r][\n]"
2020-07-27 17:58:21 DEBUG -  >> "               <req:RoutingID>fis-50202</req:RoutingID>[\r][\n]"
2020-07-27 17:58:21 DEBUG -  >> "            </req:SvcParms>[\r][\n]"
2020-07-27 17:58:21 DEBUG -  >> "            <req:MsgData>[\r][\n]"
2020-07-27 17:58:21 DEBUG -  >> "               <req:AddConsumer>[\r][\n]"
2020-07-27 17:58:21 DEBUG -  >> "                  <req1:locale>en-US</req1:locale>[\r][\n]"
2020-07-27 17:58:21 DEBUG -  >> "                  <com:channelName/>[\r][\n]"
2020-07-27 17:58:21 DEBUG -  >> "                  <req7:consumerInfo>[\r][\n]"
2020-07-27 17:58:21 DEBUG -  >> "                     <com1:individualConsumer>[\r][\n]"
2020-07-27 17:58:21 DEBUG -  >> "                        <com1:firstName>manjinder</com1:firstName>[\r][\n]"
2020-07-27 17:58:21 DEBUG -  >> "                        <com1:middleName>Y</com1:middleName>[\r][\n]"
2020-07-27 17:58:21 DEBUG -  >> "                        <com1:lastName>singh</com1:lastName>[\r][\n]"
2020-07-27 17:58:21 DEBUG -  >> "                        <com1:SSN>999-99-0000</com1:SSN>[\r][\n]"
2020-07-27 17:58:21 DEBUG -  >> "                        <com1:birthDate>1984-12-31</com1:birthDate>[\r][\n]"
2020-07-27 17:58:21 DEBUG -  >> "                     </com1:individualConsumer>[\r][\n]"
2020-07-27 17:58:21 DEBUG -  >> "                     <com1:address>[\r][\n]"
2020-07-27 17:58:21 DEBUG -  >> "                        <com1:addr1>10610 Faulkner Point way</com1:addr1>[\r][\n]"
2020-07-27 17:58:21 DEBUG -  >> "                        <com1:city>Irving</com1:city>[\r][\n]"
2020-07-27 17:58:21 DEBUG -  >> "                        <com1:state>TX</com1:state>[\r][\n]"
2020-07-27 17:58:21 DEBUG -  >> "                        <com1:postalCode>75063-1234</com1:postalCode>[\r][\n]"
2020-07-27 17:58:21 DEBUG -  >> "                        <com1:country>US</com1:country>[\r][\n]"
2020-07-27 17:58:21 DEBUG -  >> "                        <com1:phoneNumberList>[\r][\n]"
2020-07-27 17:58:21 DEBUG -  >> "                           <com1:phoneNumber>[\r][\n]"
2020-07-27 17:58:21 DEBUG -  >> "                              <com1:type>HOME</com1:type>[\r][\n]"
2020-07-27 17:58:21 DEBUG -  >> "                            <com1:number>2013833411</com1:number>[\r][\n]"
2020-07-27 17:58:21 DEBUG -  >> "                              <com1:isPrimary>true</com1:isPrimary>[\r][\n]"
2020-07-27 17:58:21 DEBUG -  >> "                           </com1:phoneNumber>[\r][\n]"
2020-07-27 17:58:21 DEBUG -  >> "                        </com1:phoneNumberList>[\r][\n]"
2020-07-27 17:58:21 DEBUG -  >> "                     </com1:address>[\r][\n]"
2020-07-27 17:58:21 DEBUG -  >> "                     <com1:email>LGMX91867@yahoo.com</com1:email>[\r][\n]"
2020-07-27 17:58:21 DEBUG -  >> "                     <!--com1:serviceId>1</com1:serviceId-->[\r][\n]"
2020-07-27 17:58:21 DEBUG -  >> "                     <com1:termsAcceptedDate>2009-05-01T12:06:12Z</com1:termsAcceptedDate>[\r][\n]"
2020-07-27 17:58:21 DEBUG -  >> "                     <com1:paymentLimits>[\r][\n]"
2020-07-27 17:58:21 DEBUG -  >> "                        <com1:transactionLimit>[\r][\n]"
2020-07-27 17:58:21 DEBUG -  >> "                           <com1:amount>1</com1:amount>[\r][\n]"
2020-07-27 17:58:21 DEBUG -  >> "                           <com1:currencyCode>USD</com1:currencyCode>[\r][\n]"
2020-07-27 17:58:21 DEBUG -  >> "                        </com1:transactionLimit>[\r][\n]"
2020-07-27 17:58:21 DEBUG -  >> "                        <com1:dailyLimit>[\r][\n]"
2020-07-27 17:58:21 DEBUG -  >> "                           <com1:amount>1</com1:amount>[\r][\n]"
2020-07-27 17:58:21 DEBUG -  >> "                           <com1:currencyCode>USD</com1:currencyCode>[\r][\n]"
2020-07-27 17:58:21 DEBUG -  >> "                        </com1:dailyLimit>[\r][\n]"
2020-07-27 17:58:21 DEBUG -  >> "                     </com1:paymentLimits>[\r][\n]"
2020-07-27 17:58:21 DEBUG -  >> "                     <com1:emailFormatPreference>HTML</com1:emailFormatPreference>[\r][\n]"
2020-07-27 17:58:21 DEBUG -  >> "                  </req7:consumerInfo>[\r][\n]"
2020-07-27 17:58:21 DEBUG -  >> "                  <req7:userInfo>[\r][\n]"
2020-07-27 17:58:21 DEBUG -  >> "                     <com1:firstName>manjinder</com1:firstName>[\r][\n]"
2020-07-27 17:58:21 DEBUG -  >> "                     <com1:middleName>Y</com1:middleName>[\r][\n]"
2020-07-27 17:58:21 DEBUG -  >> "                     <com1:lastName>singh</com1:lastName>[\r][\n]"
2020-07-27 17:58:21 DEBUG -  >> "                     <com1:address>[\r][\n]"
2020-07-27 17:58:21 DEBUG -  >> "                        <com1:addr1>10610 Faulkner Point way</com1:addr1>[\r][\n]"
2020-07-27 17:58:21 DEBUG -  >> "                        <com1:city>Irving</com1:city>[\r][\n]"
2020-07-27 17:58:21 DEBUG -  >> "                        <com1:state>TX</com1:state>[\r][\n]"
2020-07-27 17:58:21 DEBUG -  >> "                        <com1:postalCode>75063-1234</com1:postalCode>[\r][\n]"
2020-07-27 17:58:21 DEBUG -  >> "                        <com1:country>US</com1:country>[\r][\n]"
2020-07-27 17:58:21 DEBUG -  >> "                        <com1:phoneNumberList>[\r][\n]"
2020-07-27 17:58:21 DEBUG -  >> "                           <com1:phoneNumber>[\r][\n]"
2020-07-27 17:58:21 DEBUG -  >> "                              <com1:type>HOME</com1:type>[\r][\n]"
2020-07-27 17:58:21 DEBUG -  >> "                              <com1:number>2013833411</com1:number>[\r][\n]"
2020-07-27 17:58:21 DEBUG -  >> "                              <com1:isPrimary>true</com1:isPrimary>[\r][\n]"
2020-07-27 17:58:21 DEBUG -  >> "                           </com1:phoneNumber>[\r][\n]"
2020-07-27 17:58:21 DEBUG -  >> "                        </com1:phoneNumberList>[\r][\n]"
2020-07-27 17:58:21 DEBUG -  >> "                     </com1:address>[\r][\n]"
2020-07-27 17:58:21 DEBUG -  >> "                     <com1:email>LGMX91867@yahoo.com</com1:email>[\r][\n]"
2020-07-27 17:58:21 DEBUG -  >> "                     <com1:userIdentity>[\r][\n]"
2020-07-27 17:58:21 DEBUG -  >> "                        <com1:userId>OT1ITS</com1:userId>[\r][\n]"
2020-07-27 17:58:21 DEBUG -  >> "                     </com1:userIdentity>[\r][\n]"
2020-07-27 17:58:21 DEBUG -  >> "                     <com1:password>abc123</com1:password>[\r][\n]"
2020-07-27 17:58:21 DEBUG -  >> "                  </req7:userInfo>[\r][\n]"
2020-07-27 17:58:21 DEBUG -  >> "               </req:AddConsumer>[\r][\n]"
2020-07-27 17:58:21 DEBUG -  >> "            </req:MsgData>[\r][\n]"
2020-07-27 17:58:21 DEBUG -  >> "         </req:Svc>[\r][\n]"
2020-07-27 17:58:21 DEBUG -  >> "      </req:EbMtvnSvcReq>[\r][\n]"
2020-07-27 17:58:21 DEBUG -  >> "   </soapenv:Body>[\r][\n]"
2020-07-27 17:58:21 DEBUG -  >> "</soapenv:Envelope>"
2020-07-27 17:58:30 DEBUG -  << "HTTP/1.1 200 OK[\r][\n]"
2020-07-27 17:58:30 DEBUG -  << "X-Powered-By: Servlet/3.0[\r][\n]"
2020-07-27 17:58:30 DEBUG -  << "Content-Type: text/xml; charset=utf-8[\r][\n]"
2020-07-27 17:58:30 DEBUG -  << "Content-Encoding: gzip[\r][\n]"
2020-07-27 17:58:30 DEBUG -  << "Content-Language: en-US[\r][\n]"
2020-07-27 17:58:30 DEBUG -  << "Transfer-Encoding: chunked[\r][\n]"
2020-07-27 17:58:30 DEBUG -  << "Date: Mon, 27 Jul 2020 12:28:29 GMT[\r][\n]"
2020-07-27 17:58:30 DEBUG -  << "[\r][\n]"
2020-07-27 17:58:30 DEBUG - Receiving response: HTTP/1.1 200 OK
2020-07-27 17:58:30 DEBUG - << HTTP/1.1 200 OK
2020-07-27 17:58:30 DEBUG - << X-Powered-By: Servlet/3.0
2020-07-27 17:58:30 DEBUG - << Content-Type: text/xml; charset=utf-8
2020-07-27 17:58:30 DEBUG - << Content-Encoding: gzip
2020-07-27 17:58:30 DEBUG - << Content-Language: en-US
2020-07-27 17:58:30 DEBUG - << Transfer-Encoding: chunked
2020-07-27 17:58:30 DEBUG - << Date: Mon, 27 Jul 2020 12:28:29 GMT
2020-07-27 17:58:30 DEBUG - Connection can be kept alive indefinitely
2020-07-27 17:58:30 DEBUG - Parsing response as: text/xml; charset=utf-8
2020-07-27 17:58:30 DEBUG -  << "a[\r][\n]"
2020-07-27 17:58:30 DEBUG -  << "[0x1f][0x8b][0x8][0x0][0x0][0x0][0x0][0x0][0x0][0x0]"
2020-07-27 17:58:30 DEBUG -  << "[\r][\n]"
2020-07-27 17:58:30 DEBUG -  << "5ac[\r][\n]"
2020-07-27 17:58:30 DEBUG -  << "[0xad]X[0xdb][0x92][0xda]8[0x10]}[0xdf][0xaf][0xa0][0xd8]g[0xb0]esu[0x11]g[0xc9][0x84]T[0xa8][0x82][0xc9]T[0x80][0xd9]l[0xde][0x14][[0x3][0xde][0xb5]e[0x97]e[0xc3][0xf0][0xf7]i[0xb5][0x84]o[0x90][\r]N[0x85][0xaa][0x19][0xac][0xbe][0x9c]#[0xb5][0xa4][0xee]6[0xb3][0xb7][0xaf]Q[0xd8]9[0xb2]T[0x4]1[0xd3]%}[0xb3][0xdb]a[0xdc][0x8b][0xfd][0x80][0xef][0xdf]tw[0xdb][0xf][0xbd]I[0xf7][0xad][0xfb][0xc7]L[0xc4]4a[0xfc][0xe8],[0xf8][0x91][0x85]q[0xc2]:[0xe0][0xc6][0x85][0xa3][0xc5]o[0xba][0x87],K[0x1c][0xc3][0x10][0xde][0x81]ET[0xf4]A+U[0xfd]8[0xdd][0x1b][0xf2][0xc1]`[0xda][0xcf][0xe8]j[0xcf]W[0xe1][0x17]^[0xa7][0xd3][0xa9][0xb2][0xd1][0xd8]2Mb|Y[0xaf]6[0x8]T[0x1a][0x7]?7[0xee][0x5]\d[0x94]{[0xac][[0x99][0xef]GF}[0x96][0x82][0xe0]$[0x4]s6[0xcc][0xcb][0xd3] ;kX)+p[0xfd][0xd8][0x13][0xfd][0x98][0x8a]@[0xf4]`[0x9e][0x1c][0x9][0xc0]@[0x92][0xc][0xc][0xe0]Q*92I[0xf][0x14][0xf2]O[0xc3][0xf5][0xe0][0x81][0xbd]f=[0x88]^[0x1f][0xd6][0xd5][0xed]\[0xd8][0xa3]\d;[0xe][0x13][0x90][0x13][0x83][0xf5][0x92][0xae][0xb][0x13][0xc9][0x9d]m[0x10]1[0x10]EI1[0x91][0xfc][0xb7][0xcc]#[0xcf][0x82]P~[0x17][0x13][0x91]dK .[0x8]{ddO[0x86][0xe6]`8[0xb2][0xf4]\[0x1e]RF3[0xe6][0xbb][0x96]i[0x99]=s[0xdc][0xb3][0xc6][b9[0xd6][0xc4][0xb1][0xa6][0xfd][0xa9]=[0xfa]:3[0xaa]V[0xe8][0xb2]xM[0x82][0x94][0x89][0x86][0x8b]m[0xd7]].VjT[0xcc][0x0][0xc7][0x95][0xbd][0x80]qc[0xb3][0x8a][0xcd]{[0x17][0xfb][0xa0]^|[gG[0xbe]9z[0x9f][0x99]P[0xf1]*b[0xc5][0x12]z[0x8e][0x18][0xcf]D?b[0x19]=R[0x9e][0xb1][0xbe][0x17]GFvN[0x98]0[0x80]<[0x89][0xb9][0x80][0xf3]0[0xd3][0x8][0xcf][0x80]~$[0xfd]Q[0xdf][0x9c][0x19][0x15][0xd1]l-[0xf6][0xbb][0xdd][0xf2][0xbd][0xfb][0x16][0xc4][0xfa]q[0x6]:[0xfc][0xf7]D[0xd3][0x8][0x16]1O[0x92][0x10][0xc4]_[0x17][0xab][0xd5]bf[0xe8][0x91][0xd4][0xc3][0xd7][0xdc][0xf7][0x1f][0x80]([0x8f]X:3[0x94]h[0xd6]`[0xbb]0[0x19]%"0[0xbd][0xa7][0x19][0x5][0xe8][0xd2][0xdd][0x9d]qA[0x1c][0x88][0x94][0xa0]{[0xb6][\n]"
2020-07-27 17:58:30 DEBUG -  << "D[0xa6][0xf][0x8]H[0x8b]E[0xdf]Z*<E1[0x87][0x85][0x1a][\r][0x9]h9[0x9c][0x9d].[0xc][0x5][0xa0]ug[0x14]=[0xed]X[\r]'[0x17][0xb6]s[0x91]/}p-[0xef][0x14][0xa8][0xee][0x6][0xd6]s[0xae][0xa3][0xb9][0xd6]xJ[0x6][0xe6]`,[0xd7]RS4[0x5][0x8a]W[0xfa][0xf][0x9c][0x80][0xfb][0xc1]1[0xf0]s[0x1a]^-t[0xd0]~>[0x3][0xe7]%[0x80];[0xfb]H#[0xe6]F[0x94][0xff][0x1b][0xc8];,[0xe9][0xab][\n]"
2020-07-27 17:58:30 DEBUG -  << "[0xb4][0x8b][0x2][0xdf][0xf][0x19][0x8e][0xff]Q[0x6][0x15][0x9]Z[0x84]T[0xdb][0xb]H[0xa9][0x7]eS[0xc8][0xd0]b[0xb3]yt[0xa7][0xf2]c[0xc2]G[0x19]H[0x11][0xea][0xbe][0x5]iv[0x80]c[0xc2]\2[0x9d][0xc]z[0xc4][0xea][0xd9]D[0x99][0x94][0x1a]5[0xbe][0x8e][0x80]D[0x18]:[0xd4][0xf7]a[0xe7]D[0x11][0x8e]a[0xfb]p([0x10][0xe2][0x12]sD[0xcc][0xce][0x7][0x9a][0x87][0xff]q[0x8][0xf0]S[0x1c][0xf0][0xac]s[0xa2]g9[0x81][0x8b][\r][0x9a]{r_[0x96][0xe9][0x11]V[0xac]t[0x9e][0xde][0xa8][0xa1][0x3]9[0x0][0xa6][0xbc][0xfd][0xa2][0xe4]j[0x84][0x8a]$[0x86][0x1][0xcc][0xdd]g[0xee]xh[0x8e]lb[0xd9][0x3]eT[0xd1]([0xf4]8[0xe7]Yzvw[0x1b][\r][0xae][0xc7][\n]"
2020-07-27 17:58:30 DEBUG -  << "[0xe6][0x10]s[0xf6][0x98]G[0xdf]Xz9[0xff]5[0xa1][0x12][0xc8]%[0xba][0x1f]?[0xad][0x17][\n]"
2020-07-27 17:58:30 DEBUG -  << "[0x1][0x87][0xa8][0xe0][0xca][0xc8]2[0x89]=[0xb1][0xed][0x1]![0xca]@[0x8b][0xf5]|[0xaa]hM[0x89]"5*[0x91][0x97][0xc0]#[0x7][\n]"
2020-07-27 17:58:30 DEBUG -  << "T[0x10][0x16][0x9b]0j[0xb9][0x9][0xe1]>z[0x9d][0x92][0xc9]h[0xfc][0xd7][0x99][0x1e][0xe2]XZH[0xe][\r]+[0x19][0xc6][0x8e]`[0x10]p[0x8f]-[0xfd][0x82]e[0xdc][0x92]eh[0xe2]r+P[0x12]yR\[0xb9]wA[0x18][0xc2][0x96]>[0x85][0x94][0x17][0x1c][0x93][0x96][0x1c]O[0xab][0xf9]c[0xe7]O[0xe4][0xb9][0x9],[0x19][0xa7][0x8e][0x86]Z[0x5]Q[0x90][0x95]Gw[0xda][0xfe][0xe8]N[0x9d],[0xa5]\P/[0x83][0xfe][0x6][0xe1][0x94][0x94]F[0xf2][0xd0][0xb8]P([0xf1][0xc6][0x15][0x2]TBaJ[0xa1][0x9]:[0xe3][0x91][0xdb]m[0xde]+[0x8b][0x9a]T[0x89]nc[0xfb][0xb0]%[0xe7][0xdf][0xce]UE5[0xae]b[0x84][0x85][0xc3]t2[0x6][0xa5]e[0xee]y,[0x81]b-[0x93]CY?[0xcc][0x96][0xc1][0x83][0xe]c[0xda]3[0x87]=[0x93][0xc8][0xe2]n[0x8e][0x1c]b[0xc1][0x2][0xcc][0xaf]Xbn0[0xe1][0xc][0x88]:[0x90][0x1f][0xe2]4[0xa2][0xd9]S[0xca]^[0x98]\Fe[0x16][0xa4][0xe5],>n[0xd7]+d[0xfc][0x1]2[0xb2]Z[0x98]G[0xf2][0xf2][0xa0][0x90][0xfb][0x8b][0x9b][0xa2][0x99]?l[0x97][0xcf][0x98][0xc][\n]"
2020-07-27 17:58:30 DEBUG -  << "0D[0xb6]![0xca][0x89]:[0x9f],[0x9d]72)[0xf9][0x85]J[0x7][0x88]*O[0xae]/v[0x9d][0xbf][0xe9][0xb9]c[0x9b][0xaa][0xe6]Mp[\n]"
2020-07-27 17:58:30 DEBUG -  << "v[0x99]K[0xf5][0xb3][0xe5]v*[0x1a]Kk0[0xab]n[0x82]8[0x85][0xa4][0x1c][0x86]B[0x9b]\[0x92]-<[0xaa][0xfc][0xaa]NU1[0xd4][0xb]+[0xb3][0xea]p[0xc][0xa9]E[0x9b][0xd4][0x93][0xad]D[0xab]e[0xdb][0x8a][0xe0][0xe2]p[0x15] t[0x1c]84[0xf7][0x83]l[0xc9]_p[0xc7][0xe0][0x86][0x94]q[0xfb][0x85][0x8a][0xc]x[0x1e][0xb6][0xa0]x[0xd4][0xae]{[0xd5]Ay6k[0x96][0x15][0xd7][0xb8][0xd9]\[0xd4][0x14][0xca]0[0x82][0x17][0x9f][0x97]@[0x1f][0xe8][0x9f][0xb0][0xd4]lk[0xee]7[0x88]*[0x1a]-i[0x86][0x7][0xe5][0xb5]V[\r]A[0x87]R[0xb2][0x13][0x95]~[0x86][0xdc]_[0xc1]ound[0xe4][0xe4][0xe2]F[0xdb]F[0xda][0xd6][0xa4]*[0x96][0xfb]iK[0x96][uB[\n]"
2020-07-27 17:58:30 DEBUG -  << "YmT6kd\6Q%{[0xdb]ZUk[0xcb][0xaa][0x90]H1[0xa9][0xb4]a%G[0xdb]Z[0x85][0x1d]][\r][0xb][0xc1][0xa7]E[0xff]VB[0xb7]-ME3XA[0xc3]^[0xdd][0xc4]xm[0xcf]I[0x9]n[0xb5]M[0xdd][0xbb][0xcd][0xe2]3[0x9e][0xa6][0x12][0xc][0xb1]I3OZm[0xd3]q[0x99]'[0xb]0D[0xb6]~|[0xdb][0xad][0xb6][0xb9]X[0xe1][0xdd]y[0xdb][0xeb][0x96][0x15][0xd7][0xab][0xdb]^S([0xc3][0xbb]o{[0xd3][0xb6][0xe6]~[0x83][0xa8]q[0xdb]o[0x84][0x7]!dBNc[0xbe][0x9f][0xe7][0xd9]a[0xd3][0xd8][0x99][0xb6][0xb5][0xe5][0x85][0x86][0x82]![0xd9]5*[0x92][0xa9][0xb7][0x8e]U[0xbc][0xf]x[0xad]1[0xb0][0xda]f[0xe3][0xff][\r]T[0x83][0x5][0x99][0x87][0xce][0xb]Tn[0xe6][0xa3][0xf4]AV[0x8f][0x92][0xbc][0xed][0xdb][0x8]vP7[0x10]U[0xb2])[0x92]%[0xc]ko[0xd5]F[0xf1][0xb2][0xbd]H[0xd3][0x7][0xa8]m[0x9b][0xe7][0x7]|[0xd9][0xd2]C)[0x6][0x13]w[0x93]CG#[0x4][0xca][0xe5][0x18][0xdf][0xd7][0xb][0xa7][0xf5][0xf3][0xe2]>[0xa7][0xea]O[0x16][0x95][0xdf]7[0xd4][0xef][0x19]F[0xf3][0xb7]4[0xf7];[0x12]tK[0xc8][0x85][0x13][0x0][0x0]"
2020-07-27 17:58:30 DEBUG -  << "[\r][\n]"
2020-07-27 17:58:30 DEBUG -  << "0[\r][\n]"
2020-07-27 17:58:30 DEBUG -  << "[\r][\n]"
2020-07-27 17:58:30 DEBUG - Parsed data to instance of: class org.apache.http.conn.EofSensorInputStream
2020-07-27 17:58:30 DEBUG - Releasing connection org.apache.http.impl.conn.ManagedClientConnectionImpl@55b5cd2b
2020-07-27 17:58:30 DEBUG - Connection can be kept alive indefinitely
2020-07-27 17:58:30 INFO  - [class com.epp.api.soaphit.GetSoapResponse] : Got the response
2020-07-27 17:58:30 INFO  - [class com.epp.api.utils.APIGenerics] : Getting timestamp in yyyyMMdd_HHmmss this formats 
2020-07-27 17:58:30 INFO  - [class com.epp.api.utils.APIGenerics] : writting the xml file into XML format
2020-07-27 17:58:30 INFO  - [class com.epp.api.utils.APIGenerics] : Creating the xlsx sheet
2020-07-27 17:58:30 INFO  - [class com.epp.api.utils.APIGenerics] : All the services data is set to Excelsheet
2020-07-27 17:58:30 INFO  - [class com.epp.api.utils.APIGenerics] : Reading the file and returing the document instance
2020-07-27 17:58:30 INFO  - [class com.epp.api.utils.APIGenerics] : Getting the parsed data from response:  {userId=OT1ITS, consumerId=27914047, email=lgmx91867@yahoo.com, number=2013833411}
2020-07-27 17:58:30 DEBUG - FileName set to C:\SeleniumWorkspace\DigiPayZelleAutomation\src\main\resources\com\epp\properties\PropertyCache.properties
2020-07-27 17:58:30 DEBUG - ConfigurationUtils.locate(): base is null, name is C:\SeleniumWorkspace\DigiPayZelleAutomation\src\main\resources\com\epp\properties\PropertyCache.properties
2020-07-27 17:58:30 DEBUG - Could not locate file C:\SeleniumWorkspace\DigiPayZelleAutomation\src\main\resources\com\epp\properties\PropertyCache.properties at null: unknown protocol: c
2020-07-27 17:58:30 DEBUG - Loading configuration from the absolute path C:\SeleniumWorkspace\DigiPayZelleAutomation\src\main\resources\com\epp\properties\PropertyCache.properties
2020-07-27 17:58:30 DEBUG - Base path set to file:///C:/SeleniumWorkspace/DigiPayZelleAutomation/src/main/resources/com/epp/properties/PropertyCache.properties
2020-07-27 17:58:30 INFO  - [class com.epp.config.PropertiesCache] : Created Properties Configuration Object for IO operation of Property Cache File: PropertyCache.properties
2020-07-27 17:58:30 INFO  - [class com.epp.config.PropertiesCache] : New Properties Cache Log file is created: PropertyCache.properties
2020-07-27 17:58:30 INFO  - [class com.epp.config.PropertiesCache] : New Properties Cache Log file is created: PropertyCache.properties
2020-07-27 17:58:30 INFO  - [class com.epp.libraries.GenericLib] : Fetching the Respones output Nodes
2020-07-27 17:58:30 INFO  - [class com.epp.config.PropertiesCache] : New Properties Cache Log file is created: PropertyCache.properties
2020-07-27 17:58:30 INFO  - [class com.epp.config.PropertiesCache] : New Properties Cache Log file is created: PropertyCache.properties
2020-07-27 17:58:30 INFO  - [class com.epp.config.PropertiesCache] : New Properties Cache Log file is created: PropertyCache.properties
2020-07-27 17:58:30 INFO  - [class com.epp.api.executor.APIExecutor] : Closing all the instances of Excel sheets
2020-07-27 17:58:30 INFO  - [class com.epp.api.executor.APIExecutor] : Request which need to run: AddFundingProfile.xml
2020-07-27 17:58:30 INFO  - [class com.epp.api.utils.APIGenerics] : Reading the file and returing the document instance
2020-07-27 17:58:30 INFO  - [class com.epp.api.executor.APIExecutor] : Reading XML file into Document instance is done
2020-07-27 17:58:30 INFO  - [class com.epp.api.utils.APIGenerics] : keyValueData generated:  {TCName=, wsse:Username=, wsse:Password=, req:MtvnSvcVer=, req:ApplID=, req:SvcID=, req:SvcVer=, req:RoutingID=, q1:type=, q1:nickname=, q1:primary=, q1:bankName=, q1:accountNumber=, q1:routingNumber=, userID=}
2020-07-27 17:58:30 INFO  - [class com.epp.api.utils.APIGenerics] : keyValueData generated:  {TCName=Zelle_AddFundingProfile_TC01, wsse:Username=FISEPAY_DEV, wsse:Password=RaDrup5E4awreP, req:MtvnSvcVer=v1.6.0, req:ApplID=ZELLE, req:SvcID=AddFundingProfile, req:SvcVer=v1.6.0, req:RoutingID=fis-50202, q1:type=BANK_ACCOUNT, q1:nickname=Demo user, q1:primary=true, q1:bankName=HDFC, q1:accountNumber=100001111189, q1:routingNumber=959009990, userID=ccc}
2020-07-27 17:58:30 INFO  - [class com.epp.api.utils.APIGenerics] : keyValueData generated:  {TCName=Zelle_AddFundingProfile_TC01, wsse:Username=FISEPAY_DEV, wsse:Password=RaDrup5E4awreP, req:MtvnSvcVer=v1.6.0, req:ApplID=ZELLE, req:SvcID=AddFundingProfile, req:SvcVer=v1.6.0, req:RoutingID=fis-50202, q1:type=BANK_ACCOUNT, q1:nickname=Demo user, q1:primary=true, q1:bankName=HDFC, q1:accountNumber=100001111189, q1:routingNumber=959009990, userID=ccc}
2020-07-27 17:58:30 INFO  - [class com.epp.api.utils.APIGenerics] : Parcing of xml file is done
2020-07-27 17:58:30 INFO  - [class com.epp.api.utils.APIGenerics] : Getting timestamp in yyyyMMdd_HHmmss this formats 
2020-07-27 17:58:30 INFO  - [class com.epp.api.utils.APIGenerics] : Creating the xml file at run level
2020-07-27 17:58:30 INFO  - [class com.epp.api.executor.APIExecutor] : Hitting the request using post method
2020-07-27 17:58:30 INFO  - [class com.epp.api.soaphit.GetSoapResponse] : Into Post Method
2020-07-27 17:58:30 INFO  - [class com.epp.api.soaphit.GetSoapResponse] : Base End Point URL: https://localhost:1122/services/port
2020-07-27 17:58:30 INFO  - [class com.epp.api.soaphit.GetSoapResponse] : XML request file path: C:\SeleniumWorkspace\DigiPayZelleAutomation\src\main\java\com\epp\api\temp\Request_Zelle_AddFundingProfile_TC01_20200727_175830.xml
2020-07-27 17:58:30 DEBUG - Get connection for route {s}->https://localhost:1122
2020-07-27 17:58:30 DEBUG - Connecting to localhost:1122
2020-07-27 17:58:31 DEBUG - CookieSpec selected: ignoreCookies
2020-07-27 17:58:31 DEBUG - Auth cache not set in the context
2020-07-27 17:58:31 DEBUG - Target auth state: UNCHALLENGED
2020-07-27 17:58:31 DEBUG - Proxy auth state: UNCHALLENGED
2020-07-27 17:58:31 DEBUG - Attempt 1 to execute request
2020-07-27 17:58:31 DEBUG - Sending request: POST /services/port/v1_6 HTTP/1.1
2020-07-27 17:58:31 DEBUG -  >> "POST /services/port/v1_6 HTTP/1.1[\r][\n]"
2020-07-27 17:58:31 DEBUG -  >> "SOAPAction: authenticate[\r][\n]"
2020-07-27 17:58:31 DEBUG -  >> "Accept: */*[\r][\n]"
2020-07-27 17:58:31 DEBUG -  >> "Content-Type: application/soap+xml; charset=UTF-8;[\r][\n]"
2020-07-27 17:58:31 DEBUG -  >> "Content-Length: 2867[\r][\n]"
2020-07-27 17:58:31 DEBUG -  >> "Host: localhost:1122[\r][\n]"
2020-07-27 17:58:31 DEBUG -  >> "Connection: Keep-Alive[\r][\n]"
2020-07-27 17:58:31 DEBUG -  >> "User-Agent: Apache-HttpClient/4.5.3 (Java/1.8.0_162)[\r][\n]"
2020-07-27 17:58:31 DEBUG -  >> "Accept-Encoding: gzip,deflate[\r][\n]"
2020-07-27 17:58:31 DEBUG -  >> "[\r][\n]"
2020-07-27 17:58:31 DEBUG - >> POST /services/port/v1_6 HTTP/1.1
2020-07-27 17:58:31 DEBUG - >> SOAPAction: authenticate
2020-07-27 17:58:31 DEBUG - >> Accept: */*
2020-07-27 17:58:31 DEBUG - >> Content-Type: application/soap+xml; charset=UTF-8;
2020-07-27 17:58:31 DEBUG - >> Content-Length: 2867
2020-07-27 17:58:31 DEBUG - >> Host: localhost:1122
2020-07-27 17:58:31 DEBUG - >> Connection: Keep-Alive
2020-07-27 17:58:31 DEBUG - >> User-Agent: Apache-HttpClient/4.5.3 (Java/1.8.0_162)
2020-07-27 17:58:31 DEBUG - >> Accept-Encoding: gzip,deflate
2020-07-27 17:58:31 DEBUG -  >> "<?xml version="1.0" encoding="UTF-8" standalone="no"?><soapenv:Envelope xmlns:soapenv="http://schemas.xmlsoap.org/soap/envelope/" xmlns:com="http://metavante.com/types/common" xmlns:com1="http://epayments.metavante.com/types/common" xmlns:req="http://epayments.metavante.com/types/request" xmlns:req1="http://epayments.metavante.com/types/consumerPayee/request" xmlns:req2="http://epayments.metavante.com/types/fi/request" xmlns:req3="http://epayments.metavante.com/types/fundingAccount/request" xmlns:req4="http://epayments.metavante.com/types/merchant/request" xmlns:req5="http://epayments.metavante.com/types/security/request" xmlns:req6="http://epayments.metavante.com/types/user/request" xmlns:req7="http://epayments.metavante.com/types/consumer/request" xmlns:req8="http://epayments.metavante.com/types/checkimage/request" xmlns:wsse="http://docs.oasis-open.org/wss/2004/01/oasis-200401-wss-wssecurity-secext-1.0.xsd" xmlns:xsi="http://www.w3.org/2001/XMLSchema-instance">[\r][\n]"
2020-07-27 17:58:31 DEBUG -  >> "   <soapenv:Header>[\r][\n]"
2020-07-27 17:58:31 DEBUG -  >> "      <wsse:Security>[\r][\n]"
2020-07-27 17:58:31 DEBUG -  >> "         <wsse:UsernameToken>[\r][\n]"
2020-07-27 17:58:31 DEBUG -  >> "             <wsse:Username>FISEPAY_DEV</wsse:Username>[\r][\n]"
2020-07-27 17:58:31 DEBUG -  >> "            <wsse:Password>RaDrup5E4awreP</wsse:Password>[\r][\n]"
2020-07-27 17:58:31 DEBUG -  >> "         </wsse:UsernameToken>[\r][\n]"
2020-07-27 17:58:31 DEBUG -  >> "      </wsse:Security>[\r][\n]"
2020-07-27 17:58:31 DEBUG -  >> "   </soapenv:Header>[\r][\n]"
2020-07-27 17:58:31 DEBUG -  >> "   <soapenv:Body>[\r][\n]"
2020-07-27 17:58:31 DEBUG -  >> "      <EbMtvnSvcReq xmlns="http://epayments.metavante.com/types/request">[\r][\n]"
2020-07-27 17:58:31 DEBUG -  >> "        <req:MtvnSvcVer>v1.6.0</req:MtvnSvcVer>[\r][\n]"
2020-07-27 17:58:31 DEBUG -  >> "         <MsgUUID>bc1ae59a-d0f3-4d80-9bf3-e83e1cb9c87a</MsgUUID>[\r][\n]"
2020-07-27 17:58:31 DEBUG -  >> "         <PrcsParms>[\r][\n]"
2020-07-27 17:58:31 DEBUG -  >> "            <SrcID>MVEPAY</SrcID>[\r][\n]"
2020-07-27 17:58:31 DEBUG -  >> "         </PrcsParms>[\r][\n]"
2020-07-27 17:58:31 DEBUG -  >> "         <Svc>[\r][\n]"
2020-07-27 17:58:31 DEBUG -  >> "            <SvcParms>[\r][\n]"
2020-07-27 17:58:31 DEBUG -  >> "               <req:ApplID>ZELLE</req:ApplID>[\r][\n]"
2020-07-27 17:58:31 DEBUG -  >> "               <req:SvcID>AddFundingProfile</req:SvcID>[\r][\n]"
2020-07-27 17:58:31 DEBUG -  >> "               <req:SvcVer>v1.6.0</req:SvcVer>[\r][\n]"
2020-07-27 17:58:31 DEBUG -  >> "               <RqstUUID>82f0d972-4c5b-4b5f-a0da-be4a9f3dc410</RqstUUID>[\r][\n]"
2020-07-27 17:58:31 DEBUG -  >> "               <req:RoutingID>fis-50202</req:RoutingID>[\r][\n]"
2020-07-27 17:58:31 DEBUG -  >> "            </SvcParms>[\r][\n]"
2020-07-27 17:58:31 DEBUG -  >> "            <MsgData>[\r][\n]"
2020-07-27 17:58:31 DEBUG -  >> "               <AddFundingProfile>[\r][\n]"
2020-07-27 17:58:31 DEBUG -  >> "                  <userId>OT1ITS</userId>[\r][\n]"
2020-07-27 17:58:31 DEBUG -  >> "                  <fundingProfileInfo xmlns="http://epayments.metavante.com/types/fundingProfile/request" xmlns:q1="http://epayments.metavante.com/types/common" xsi:type="q1:BankFundingProfileInfoType">[\r][\n]"
2020-07-27 17:58:31 DEBUG -  >> "                     <q1:type>BANK_ACCOUNT</q1:type>[\r][\n]"
2020-07-27 17:58:31 DEBUG -  >> "                     <q1:nickname>Demo user</q1:nickname>[\r][\n]"
2020-07-27 17:58:31 DEBUG -  >> "                     <q1:primary>true</q1:primary>[\r][\n]"
2020-07-27 17:58:31 DEBUG -  >> "                     <q1:bankName>HDFC</q1:bankName>[\r][\n]"
2020-07-27 17:58:31 DEBUG -  >> "                     <q1:accountNumber>100001111189</q1:accountNumber>[\r][\n]"
2020-07-27 17:58:31 DEBUG -  >> "                     <q1:routingNumber>959009990</q1:routingNumber>[\r][\n]"
2020-07-27 17:58:31 DEBUG -  >> "                     <q1:checkNumber>123461</q1:checkNumber>[\r][\n]"
2020-07-27 17:58:31 DEBUG -  >> "                     <q1:bankAccountType>CHECKING</q1:bankAccountType>[\r][\n]"
2020-07-27 17:58:31 DEBUG -  >> "                  </fundingProfileInfo>[\r][\n]"
2020-07-27 17:58:31 DEBUG -  >> "               </AddFundingProfile>[\r][\n]"
2020-07-27 17:58:31 DEBUG -  >> "            </MsgData>[\r][\n]"
2020-07-27 17:58:31 DEBUG -  >> "         </Svc>[\r][\n]"
2020-07-27 17:58:31 DEBUG -  >> "      </EbMtvnSvcReq>[\r][\n]"
2020-07-27 17:58:31 DEBUG -  >> "   </soapenv:Body>[\r][\n]"
2020-07-27 17:58:31 DEBUG -  >> "</soapenv:Envelope>"
2020-07-27 17:58:36 DEBUG -  << "HTTP/1.1 200 OK[\r][\n]"
2020-07-27 17:58:36 DEBUG -  << "X-Powered-By: Servlet/3.0[\r][\n]"
2020-07-27 17:58:36 DEBUG -  << "Content-Type: text/xml; charset=utf-8[\r][\n]"
2020-07-27 17:58:36 DEBUG -  << "Content-Encoding: gzip[\r][\n]"
2020-07-27 17:58:36 DEBUG -  << "Content-Language: en-US[\r][\n]"
2020-07-27 17:58:36 DEBUG -  << "Transfer-Encoding: chunked[\r][\n]"
2020-07-27 17:58:36 DEBUG -  << "Date: Mon, 27 Jul 2020 12:28:36 GMT[\r][\n]"
2020-07-27 17:58:36 DEBUG -  << "[\r][\n]"
2020-07-27 17:58:36 DEBUG - Receiving response: HTTP/1.1 200 OK
2020-07-27 17:58:36 DEBUG - << HTTP/1.1 200 OK
2020-07-27 17:58:36 DEBUG - << X-Powered-By: Servlet/3.0
2020-07-27 17:58:36 DEBUG - << Content-Type: text/xml; charset=utf-8
2020-07-27 17:58:36 DEBUG - << Content-Encoding: gzip
2020-07-27 17:58:36 DEBUG - << Content-Language: en-US
2020-07-27 17:58:36 DEBUG - << Transfer-Encoding: chunked
2020-07-27 17:58:36 DEBUG - << Date: Mon, 27 Jul 2020 12:28:36 GMT
2020-07-27 17:58:36 DEBUG - Connection can be kept alive indefinitely
2020-07-27 17:58:36 DEBUG - Parsing response as: text/xml; charset=utf-8
2020-07-27 17:58:36 DEBUG -  << "a[\r][\n]"
2020-07-27 17:58:36 DEBUG -  << "[0x1f][0x8b][0x8][0x0][0x0][0x0][0x0][0x0][0x0][0x0]"
2020-07-27 17:58:36 DEBUG -  << "[\r][\n]"
2020-07-27 17:58:36 DEBUG -  << "439[\r][\n]"
2020-07-27 17:58:36 DEBUG -  << "[0xd5]W]o[0xa3]8[0x14]}[0xdf]_[0x11][0xf1][0xe][0x98][0xaf][0x10][0x10]e[0x94][0xd2]t[0x1b]M[0x9b]VMZ[0xed][0xf6]e[0xe5][0x80][0xd3][0xb2][0x13][0xc][0x8b]M[0xda][0xfe][0xfb][0xbd][0xe6][0xc3]%[0xc][0xd5][0xb6]R[0x1f]v"[0xb5][0xc1][0xe7][0x9e]{[0xee][0xf1][0xb5][0x1]'[0xf8][0xf6][0x92][0xed]'[0x7]R[0xb2]4[0xa7]'[0x8a][0xa1]!eBh[0x9c]')}<Q[0xee]6[0xe7][0xea]L[0xf9][0x16][0xfe][0x16][0xb0][0x1c][0x17][0x84][0x1e][0xfc][0x5]=[0x90]}^[0x90][0x9][0xa4]Q[0xe6][0xb7][0xf0][0x89][0xf2][0xc4]y[0xe1][0xeb]:[0x8b][0x9f]H[0x86][0x99][0x6]Q[0x11][0xd2][0xf2][0xf2]Q[0x17][0x17]:i[0xf3]t[0xa5][0xcd]|a[0x89][0xcc]z~~[0xd6][0x9e][0xad][0x9a]l"d[0xe8]\][0xae]k[0xa1]7r[0xfa][0xdf]d5[0xa5][0x8c]c[0x1a][0x13][0xa5][0xe7][0xf7][0x82][0xe0][0x84][0x94][0x0]<3F[0xfc]5[0x89][0xab]2[0xe5][0xaf][0xad][0xac][0xc0][0xa4]n[0x92][0xc7]L[0xcb]1K[0x99][\n]"
2020-07-27 17:58:36 DEBUG -  << ">i][0x0][0x8][0xa2][0x88][0xad]C[0x9d]&$F[0xc8]P! [0xfe]Z9[0x15].[0xc8][0xb]W[0xa1]{[0x1a][0xcc]K[0x99]t[0xd5][0xb3][0x8a][0xf1];[\n]"
2020-07-27 17:58:36 DEBUG -  << "[0x6][0x84]1[0x98][0xaf][0xa1][0x84]`[0xa4][0xf2]7iF[0x0][0xca][\n]"
2020-07-27 17:58:36 DEBUG -  << "i[0xa4][0xfa][0x12][0x1f][0x15]O[0xf7][0xe2][[0x1a][0x11][0xc5][0x96]PX[0x16]TUc6ul[0xd7][0x9a]N[0xed][0xd6]LT[0x12][0xcc]I[0x12][0x9a][0xc8]D*rU[0xd3][0xdd][0x18][0xa6]o[0xce]|k[0xaa][0xd9][0xb3][0xe9]C[0xa0][0xf7]Yu[0xca][0xe2][0xa5]HK[0xc2][0x6])[0x96]u[0x9c][0xd2][0xb1][0x9a][0x91][0xb4]P[0x8f]{[0x8b][0x1][0xe3][0xc1]j[0xc9][0xd5];[0xcd][0x13][0x8]/[0xb6]W[0xfc]@[0xd7][0x87][0xf8][0x96][0xb0][0xa6]a[0xb2]Y[0xa4][0xc0][0xaf][0x19][0xa1][0x9c]i[0x19][0xe1][0xf8][0x80])'Z[0x9c]g:-[0x8][0xd3][0xa1]x[0x91]S[0x6][0x1b]"h[0x15][0xee]A[0xfd]`hS[\r][0x5]z[0xf][\n]"
2020-07-27 17:58:36 DEBUG -  << "[0xae][0xd8][0xe3][0xdd][0xdd][0xf2],[0xdc][0xc6][0x6]&[0x8e][0x87][0xd5][0x4][0xed],[0xd5]NfH[0xf5][0xb6]pEf[0x16]1[0xe2][0xad][0x17][0xcf]\[0xc][0x99]-;[0x80][0xf4][0xfa][0xdf][\r].3[0x98][0xe7][0xbc]([0xf6][0x0]?,./[0x17][0x81][0xde][0x8e]D[0x1c][0xbe][0xe6]Ir^Qq[[0xdd][0x94][0xf9].[0xdd][0x93]@o[0x2][0xc1][0xc0]Vg[0xe9][0xf6][0x1f][0xd8];[0xa2][0xca][0xcc][0xdc][0xa1][0xc4]sM[0xd5][0x8e][0x9d][0xad]jo[0x9d][0x9d][0x8a]Q[0x82][0xd5]-[0xb1][0xb1][0xb7][0xb3][0x92][0xd8]6 M[0xd2]k[0x85][0xd6][0x10][0x18]=[0xc3][0x1c][0x83][0xb3]a[0xf5]0[0xa0][0xcc][0xf0]aE[0x18]~$[0x97])[0xe3][0xed]N[0x4]T6w[0xac][0xa5]p[0x95][0xe5][0x14][0x1a][0xaa][0xf][0xf2][0x85][0xa0][0xe9][0xef][0x8e][0x8a]HM[0xf3][0x83][0xb]v[0x9c][0xde]_?[0xca][0xac][0x81][0xf8]2[0x1][0x99][0xb7]{[0x19][0x8][0x1f],"[0xa7]0[0xa6][0x19]Z[0x8e][0xe5]M][0xc7][0x11][0x13][0x1c][0x9][0x8f][0xc3][0x8d][0x13][0xa1]h[0xfb][0xb0][0xc7]y[0xc5][0xa4]+[0xfb][0x93][0xae][0xe6]77[0xb7][0xd7][0xf7][0x8b]3Q[0xa8][0x13][0x13][0xc2][0x8e][0x9f][0xd2]].e[0x9d][0xcf][0xc9]N[0xe0][0x9][0xea][0xb][0xe4]D[0x11]R[0xa7][0x98][0xfe]8[0xde][0xf]K[0x10][0xdf]@\ij[0x9]jx:_}[0xff]k[0x1e]E[0xd7]w[0xab][0x8d][0xb0][0xd3][0xc2]5[0x81][0xa6][0xf1][0xf][0x8a]3[0x12][0x9e][0x91],[0x9f]T[0x8c][0x94][\r]C[0xe2]5[0xab]([0xd3][0xc][0x97][0xaf]!/+[0xd2][0xc4];[0xa4][0xe]o[0xc1][0xc6]J[0x90]/[0xce][0xce][0xa3]&.[0xa1][0x9a][0x80][0xe3]8[0xaf](_U[0xd9][0x16]n[0x9][0x3][0xc1][0xc7][0x10][0x9f][0x99][0xd7][0xb0][0x8f][0xe3]uJ[0x99][0xc3]C[0x90]>[0xb6][0x90][0xe7]x[0x8]y[0x9e][0x87][0x1a][0xfe]q[0xb0][0xe6][0xc3][0xab]#[0xfe][0xd1][0x15]0-{j4[0xd4]>.[0xcd][0xce][0x9b]z[0xa2]Qat[0xb1][0x88][0xbe]/W[0xbf][0xbf][0xf9][0xee]G[0x9b]&[0xc1]D[0xae]i$[0x94][0xc2][0xc][0xd3][0xbf]S[0xf1]*[0x98][0xfc]9a[0xe0][0xe1][0xa9][0xed]W[0x8f][0xd2] b[0x99]E[0xfa][0xb4][0xdb]eW[0x84]?[0xe5]I[0xbb]NG[0xb7][0xea][0xf4][0xf3];~\u$[0xd2]A[0x9][0x95]P[0x9f][0xf][0xd8]pg[0x18][0xc8]4[0xc5][0xc]~[0x8e]t[0xe8][0xc7][0xa4]6c[o[0x8c]3:[0x9b]C*^ [0xe7][0xcb][0xf5]H[0x96][0xc][0xf7]3[0xa3]'L)[0xd9][0x87][0xcb][0xd5]z3[0x1f][0x14][0xeb]b#Zc[0xd8][0xfb][0xcd][0xfc][0xd2]6#[0xef][0x17]n[0xf3]<[0xba][0xf8][0xdf][0xb7][0xd8]B[0xe8]W[0xde][0xc9]_[0xd5][0xe2]wC[0xdd][0xeb][0xde][0xf5]q[0x95][0xa4]\[0xbc]:[0xca][0xc]s[0xf8][0x1]![0x9f]L[0xee][0xe7][0x9f]L[0xae][0x1f][0xd7]GL8[0xb0][0x90][0x91][0xb3][0xa8][0xa5][0xc1][0xc3][0xff]A[0x98]:"[0xbe]%[0xe6]%,[0x90][0xe9]z[0x86][0x8d]l[0xb7][0xc7][0xab][0xf1][0x9a][0x96][0xc1][0xaf][0x9a]]J[0x92]w*8[0xbd][\n]"
2020-07-27 17:58:36 DEBUG -  << "G[0xd4]~[0xf2][0xcf]Ez[0x81][0x6][0x18]6[0xa5][0x86][0x87]G#[0x0]G[0xce]d[0xba]<[0xb0]-[0xca]2JH[0xb8][0xbe][0x8f][0xc0]T[0xa0][0xb7]C[0x1][0x3]%\Wq[0xc]G[0xaf][0x1a][0x17][0xe3][0xfa][0xcc]'[0x93][0xae][0xee][0x17][0x1f]K[0xea][0x1f][0xac]{[0xa7][0xf0][0xe6][0xd4][0xad][0xf][0xf2][0x85][0xff][0x2][0xf4]i)[0xb2],[0xe][0x0][0x0]"
2020-07-27 17:58:36 DEBUG -  << "[\r][\n]"
2020-07-27 17:58:36 DEBUG -  << "0[\r][\n]"
2020-07-27 17:58:36 DEBUG -  << "[\r][\n]"
2020-07-27 17:58:36 DEBUG - Parsed data to instance of: class org.apache.http.conn.EofSensorInputStream
2020-07-27 17:58:36 DEBUG - Releasing connection org.apache.http.impl.conn.ManagedClientConnectionImpl@70d77826
2020-07-27 17:58:36 DEBUG - Connection can be kept alive indefinitely
2020-07-27 17:58:36 INFO  - [class com.epp.api.soaphit.GetSoapResponse] : Got the response
2020-07-27 17:58:36 INFO  - [class com.epp.api.utils.APIGenerics] : Getting timestamp in yyyyMMdd_HHmmss this formats 
2020-07-27 17:58:36 INFO  - [class com.epp.api.utils.APIGenerics] : writting the xml file into XML format
2020-07-27 17:58:36 INFO  - [class com.epp.api.utils.APIGenerics] : Creating the xlsx sheet
2020-07-27 17:58:36 INFO  - [class com.epp.api.utils.APIGenerics] : All the services data is set to Excelsheet
2020-07-27 17:58:36 INFO  - [class com.epp.api.utils.APIGenerics] : Reading the file and returing the document instance
2020-07-27 17:58:36 INFO  - [class com.epp.api.utils.APIGenerics] : Getting the parsed data from response:  {fundingProfileId=35396755}
2020-07-27 17:58:36 INFO  - [class com.epp.config.PropertiesCache] : New Properties Cache Log file is created: PropertyCache.properties
2020-07-27 17:58:36 INFO  - [class com.epp.config.PropertiesCache] : New Properties Cache Log file is created: PropertyCache.properties
2020-07-27 17:58:36 INFO  - [class com.epp.config.PropertiesCache] : New Properties Cache Log file is created: PropertyCache.properties
2020-07-27 17:58:36 INFO  - [class com.epp.api.utils.APIGenerics] : Random alphabet generate: jRyJ
2020-07-27 17:58:36 INFO  - [class com.epp.api.utils.APIGenerics] : Random number generate: 56473
2020-07-27 17:58:36 INFO  - [class com.epp.api.utils.APIGenerics] : Random email id generate: jRyJ56473@yahoo.com
2020-07-27 17:58:36 INFO  - [class com.epp.config.PropertiesCache] : New Properties Cache Log file is created: PropertyCache.properties
2020-07-27 17:58:36 INFO  - [class com.epp.api.utils.APIGenerics] : Random number generate: 2637497
2020-07-27 17:58:36 INFO  - [class com.epp.api.utils.APIGenerics] : Random phone generate: 2012637497
2020-07-27 17:58:36 INFO  - [class com.epp.config.PropertiesCache] : New Properties Cache Log file is created: PropertyCache.properties
2020-07-27 17:58:59 INFO  - [class com.epp.libraries.GenericLib] : userIDOne: OT1ITS
2020-07-27 17:58:59 INFO  - [class com.epp.libraries.GenericLib] : consumerIDOne: 27914047
2020-07-27 17:58:59 INFO  - [class com.epp.libraries.GenericLib] : emailIDOne: lgmx91867@yahoo.com
2020-07-27 17:58:59 INFO  - [class com.epp.libraries.GenericLib] : mobileNumberOne: 2013833411
2020-07-27 17:58:59 INFO  - [class com.epp.libraries.GenericLib] : fundingProfileIDOne: 35396755
2020-07-27 17:58:59 INFO  - [class com.epp.libraries.GenericLib] : URL launchedhttps://epayments-epayui-fnc-1.money-movement.com/TestPeoplePay50202X/DebugAccess?userName=OT1ITS&productCode=Zelle&destination=Home
2020-07-27 17:58:59 INFO  - [class com.zelle.stepdefinition.UniversalSteps] : UniversalStep: Validate that user is on page LandingPage
2020-07-27 17:58:59 INFO  - [class com.zelle.stepdefinition.UniversalSteps] : UniversalStep: Validate that user is on page LandingPage
2020-07-27 17:58:59 INFO  - [class com.zelle.stepdefinition.UniversalSteps] : UniversalStep: Changed the current page to LandingPage
2020-07-27 17:58:59 INFO  - [class com.zelle.stepdefinition.UniversalSteps] : UniversalStep: User clicks on element btnGetStarted
2020-07-27 17:58:59 INFO  - [class com.epp.webelement.Button] : Button: Clicked Button with id --- ContinueButton
2020-07-27 17:58:59 INFO  - [class com.zelle.stepdefinition.UniversalSteps] : UniversalStep: Validate that user is on page SendMoneyWithZellePage
2020-07-27 17:59:05 INFO  - [class com.zelle.stepdefinition.UniversalSteps] : UniversalStep: Validate that user is on page SendMoneyWithZellePage
2020-07-27 17:59:05 INFO  - [class com.zelle.stepdefinition.UniversalSteps] : UniversalStep: Changed the current page to SendMoneyWithZellePage
2020-07-27 17:59:05 INFO  - [class com.zelle.stepdefinition.UniversalSteps] : UniversalStep: User clicks on element btnContinue
2020-07-27 17:59:05 INFO  - [class com.epp.webelement.Button] : Button: Clicked Button with id --- AllDoneButton
2020-07-27 17:59:05 INFO  - [class com.zelle.stepdefinition.UniversalSteps] : UniversalStep: User types 444444 in textbox edtVerificationCode.
2020-07-27 17:59:11 INFO  - [class com.epp.webelement.TextBox] : TextBox: Typed 444444 on element with xpath --- //input[@id='verificationCode']
2020-07-27 17:59:11 INFO  - [class com.zelle.stepdefinition.UniversalSteps] : UniversalStep: User clicks on element btnVerify
2020-07-27 17:59:11 INFO  - [class com.epp.webelement.Button] : Button: Clicked Button with xpath --- //button[@class='button primary verifyButton ui-btn ui-shadow ui-corner-all']
2020-07-27 17:59:11 INFO  - [class com.zelle.stepdefinition.UniversalSteps] : UniversalStep: User clicks on element btnSendOrRequestMoney
2020-07-27 17:59:16 INFO  - [class com.epp.webelement.Button] : Button: Clicked Button with id --- YesCancel
2020-07-27 17:59:16 INFO  - [class com.zelle.stepdefinition.UniversalSteps] : UniversalStep: Validate that user is on page SelectRecipientPage
2020-07-27 17:59:19 INFO  - [class com.zelle.stepdefinition.UniversalSteps] : UniversalStep: Validate that user is on page SelectRecipientPage
2020-07-27 17:59:19 INFO  - [class com.zelle.stepdefinition.UniversalSteps] : UniversalStep: Changed the current page to SelectRecipientPage
2020-07-27 17:59:19 INFO  - [class com.zelle.stepdefinition.UniversalSteps] : UniversalStep: User types RandomName123 Test in textbox edtSearchfield.
2020-07-27 17:59:20 INFO  - [class com.epp.webelement.TextBox] : TextBox: Typed RandomName123 Test on element with id --- autocomplete-input
2020-07-27 17:59:20 INFO  - [class com.zelle.stepdefinition.UniversalSteps] : UniversalStep: User clicks on element btnContinue
2020-07-27 17:59:20 INFO  - [class com.epp.webelement.Button] : Button: Clicked Button with xpath --- //button[@id='addNewContact']
2020-07-27 17:59:20 INFO  - [class com.zelle.stepdefinition.UniversalSteps] : UniversalStep: User is on page AddContactInfoPage
2020-07-27 17:59:20 INFO  - [class com.zelle.stepdefinition.UniversalSteps] : UniversalStep: User types RandomEmailID@gd.com in textbox edtEmailField.
2020-07-27 17:59:20 INFO  - [class com.epp.webelement.TextBox] : TextBox: Typed RandomEmailID@gd.com on element with xpath --- //input[@name='EmailMobile']
2020-07-27 17:59:20 INFO  - [class com.zelle.stepdefinition.UniversalSteps] : UniversalStep: User clicks on element btnDone
2020-07-27 17:59:20 INFO  - [class com.epp.webelement.Button] : Button: Clicked Button with id --- ContinueButton
2020-07-27 17:59:20 INFO  - [class com.zelle.stepdefinition.UniversalSteps] : UniversalStep: User clicks on element btnNext
2020-07-27 17:59:21 INFO  - [class com.epp.webelement.Button] : Button: Clicked Button with xpath --- //div[@id='ReminderConfirmationModal']//a[text()='Next']
2020-07-27 17:59:21 INFO  - [class com.zelle.stepdefinition.UniversalSteps] : UniversalStep: User is on page CommonPage
2020-07-27 17:59:21 INFO  - [class com.epp.webelement.BaseElement] : Element//a[@class='SendMoneyButtonLink link ui-link']/span[text()='Send'] is present/displayed in screen 
2020-07-27 17:59:21 INFO  - [class com.epp.webelement.BaseElement] : Element//a[@id='RequestMoneyButtonLink'] is present/displayed in screen 
2020-07-27 17:59:21 INFO  - [class com.epp.webelement.BaseElement] : Element//a[@class='SplitMoneyButtonLink link ui-link']/span[text()='Split'] is present/displayed in screen 
2020-07-27 17:59:21 INFO  - [class com.epp.webelement.BaseElement] : Element//a[@id='PaymentActivityButtonLink'] is present/displayed in screen 
2020-07-27 17:59:21 INFO  - [class com.epp.webelement.BaseElement] : Element//a[@id='ModifyUserProfileButton'] is present/displayed in screen 
2020-07-27 17:59:21 INFO  - [class com.zelle.stepdefinition.UniversalSteps] : UniversalStep: User clicks on element lnkRequest
2020-07-27 17:59:21 INFO  - [class com.epp.webelement.Label] : Label: Clicked label with xpath --- //a[@id='RequestMoneyButtonLink']
2020-07-27 17:59:21 INFO  - [class com.zelle.stepdefinition.UniversalSteps] : UniversalStep: User is on page SelectRecipientPage
2020-07-27 17:59:21 INFO  - [class com.zelle.stepdefinition.UniversalSteps] : UniversalStep: User clicks on element lblEditContact
2020-07-27 17:59:34 INFO  - [class com.epp.webelement.Label] : Label: Clicked label with xpath --- (//span[@class='editButton icon-Edit'])[1]
2020-07-27 17:59:34 INFO  - [class com.zelle.stepdefinition.UniversalSteps] : UniversalStep: Validate that user is on page ModifyContactInfo
2020-07-27 17:59:34 ERROR - [class com.zelle.stepdefinition.UniversalSteps] : UniversalStep:  ModifyContactInfo Failed , java.lang.ClassNotFoundException: com.epp.zelle.pages.ModifyContactInfo
	at java.net.URLClassLoader.findClass(Unknown Source)
	at java.lang.ClassLoader.loadClass(Unknown Source)
	at sun.misc.Launcher$AppClassLoader.loadClass(Unknown Source)
	at java.lang.ClassLoader.loadClass(Unknown Source)
	at java.lang.Class.forName0(Native Method)
	at java.lang.Class.forName(Unknown Source)
	at com.zelle.stepdefinition.UniversalSteps.invokeMethod(UniversalSteps.java:99)
	at com.zelle.stepdefinition.UniversalSteps.validate_that_user_is_on_page(UniversalSteps.java:172)
	at sun.reflect.NativeMethodAccessorImpl.invoke0(Native Method)
	at sun.reflect.NativeMethodAccessorImpl.invoke(Unknown Source)
	at sun.reflect.DelegatingMethodAccessorImpl.invoke(Unknown Source)
	at java.lang.reflect.Method.invoke(Unknown Source)
	at cucumber.runtime.Utils$1.call(Utils.java:37)
	at cucumber.runtime.Timeout.timeout(Timeout.java:13)
	at cucumber.runtime.Utils.invoke(Utils.java:31)
	at cucumber.runtime.java.JavaStepDefinition.execute(JavaStepDefinition.java:41)
	at cucumber.runtime.StepDefinitionMatch.runStep(StepDefinitionMatch.java:37)
	at cucumber.runtime.Runtime.runStep(Runtime.java:314)
	at cucumber.runtime.model.StepContainer.runStep(StepContainer.java:44)
	at cucumber.runtime.model.StepContainer.runSteps(StepContainer.java:39)
	at cucumber.runtime.model.CucumberScenario.run(CucumberScenario.java:44)
	at cucumber.runtime.model.CucumberFeature.run(CucumberFeature.java:165)
	at cucumber.api.testng.TestNGCucumberRunner.runCucumber(TestNGCucumberRunner.java:63)
	at cucumber.api.testng.AbstractTestNGCucumberTests.feature(AbstractTestNGCucumberTests.java:21)
	at sun.reflect.NativeMethodAccessorImpl.invoke0(Native Method)
	at sun.reflect.NativeMethodAccessorImpl.invoke(Unknown Source)
	at sun.reflect.DelegatingMethodAccessorImpl.invoke(Unknown Source)
	at java.lang.reflect.Method.invoke(Unknown Source)
	at org.testng.internal.MethodInvocationHelper.invokeMethod(MethodInvocationHelper.java:85)
	at org.testng.internal.Invoker.invokeMethod(Invoker.java:639)
	at org.testng.internal.Invoker.invokeTestMethod(Invoker.java:816)
	at org.testng.internal.Invoker.invokeTestMethods(Invoker.java:1124)
	at org.testng.internal.TestMethodWorker.invokeTestMethods(TestMethodWorker.java:125)
	at org.testng.internal.TestMethodWorker.run(TestMethodWorker.java:108)
	at org.testng.TestRunner.privateRun(TestRunner.java:774)
	at org.testng.TestRunner.run(TestRunner.java:624)
	at org.testng.SuiteRunner.runTest(SuiteRunner.java:359)
	at org.testng.SuiteRunner.runSequentially(SuiteRunner.java:354)
	at org.testng.SuiteRunner.privateRun(SuiteRunner.java:312)
	at org.testng.SuiteRunner.run(SuiteRunner.java:261)
	at org.testng.SuiteRunnerWorker.runSuite(SuiteRunnerWorker.java:52)
	at org.testng.SuiteRunnerWorker.run(SuiteRunnerWorker.java:86)
	at org.testng.TestNG.runSuitesSequentially(TestNG.java:1215)
	at org.testng.TestNG.runSuitesLocally(TestNG.java:1140)
	at org.testng.TestNG.run(TestNG.java:1048)
	at org.testng.remote.AbstractRemoteTestNG.run(AbstractRemoteTestNG.java:115)
	at org.testng.remote.RemoteTestNG.initAndRun(RemoteTestNG.java:251)
	at org.testng.remote.RemoteTestNG.main(RemoteTestNG.java:77)
...
2020-07-27 17:59:34 ERROR - [class com.zelle.stepdefinition.UniversalSteps] : UniversalStep:  lblModifyContactInfo Failed , java.lang.ClassNotFoundException: com.epp.zelle.pages.ModifyContactInfo
	at java.net.URLClassLoader.findClass(Unknown Source)
	at java.lang.ClassLoader.loadClass(Unknown Source)
	at sun.misc.Launcher$AppClassLoader.loadClass(Unknown Source)
	at java.lang.ClassLoader.loadClass(Unknown Source)
	at java.lang.Class.forName0(Native Method)
	at java.lang.Class.forName(Unknown Source)
	at com.zelle.stepdefinition.UniversalSteps.invokeMethod(UniversalSteps.java:99)
	at com.zelle.stepdefinition.UniversalSteps.validate_that_user_is_on_page(UniversalSteps.java:172)
	at sun.reflect.NativeMethodAccessorImpl.invoke0(Native Method)
	at sun.reflect.NativeMethodAccessorImpl.invoke(Unknown Source)
	at sun.reflect.DelegatingMethodAccessorImpl.invoke(Unknown Source)
	at java.lang.reflect.Method.invoke(Unknown Source)
	at cucumber.runtime.Utils$1.call(Utils.java:37)
	at cucumber.runtime.Timeout.timeout(Timeout.java:13)
	at cucumber.runtime.Utils.invoke(Utils.java:31)
	at cucumber.runtime.java.JavaStepDefinition.execute(JavaStepDefinition.java:41)
	at cucumber.runtime.StepDefinitionMatch.runStep(StepDefinitionMatch.java:37)
	at cucumber.runtime.Runtime.runStep(Runtime.java:314)
	at cucumber.runtime.model.StepContainer.runStep(StepContainer.java:44)
	at cucumber.runtime.model.StepContainer.runSteps(StepContainer.java:39)
	at cucumber.runtime.model.CucumberScenario.run(CucumberScenario.java:44)
	at cucumber.runtime.model.CucumberFeature.run(CucumberFeature.java:165)
	at cucumber.api.testng.TestNGCucumberRunner.runCucumber(TestNGCucumberRunner.java:63)
	at cucumber.api.testng.AbstractTestNGCucumberTests.feature(AbstractTestNGCucumberTests.java:21)
	at sun.reflect.NativeMethodAccessorImpl.invoke0(Native Method)
	at sun.reflect.NativeMethodAccessorImpl.invoke(Unknown Source)
	at sun.reflect.DelegatingMethodAccessorImpl.invoke(Unknown Source)
	at java.lang.reflect.Method.invoke(Unknown Source)
	at org.testng.internal.MethodInvocationHelper.invokeMethod(MethodInvocationHelper.java:85)
	at org.testng.internal.Invoker.invokeMethod(Invoker.java:639)
	at org.testng.internal.Invoker.invokeTestMethod(Invoker.java:816)
	at org.testng.internal.Invoker.invokeTestMethods(Invoker.java:1124)
	at org.testng.internal.TestMethodWorker.invokeTestMethods(TestMethodWorker.java:125)
	at org.testng.internal.TestMethodWorker.run(TestMethodWorker.java:108)
	at org.testng.TestRunner.privateRun(TestRunner.java:774)
	at org.testng.TestRunner.run(TestRunner.java:624)
	at org.testng.SuiteRunner.runTest(SuiteRunner.java:359)
	at org.testng.SuiteRunner.runSequentially(SuiteRunner.java:354)
	at org.testng.SuiteRunner.privateRun(SuiteRunner.java:312)
	at org.testng.SuiteRunner.run(SuiteRunner.java:261)
	at org.testng.SuiteRunnerWorker.runSuite(SuiteRunnerWorker.java:52)
	at org.testng.SuiteRunnerWorker.run(SuiteRunnerWorker.java:86)
	at org.testng.TestNG.runSuitesSequentially(TestNG.java:1215)
	at org.testng.TestNG.runSuitesLocally(TestNG.java:1140)
	at org.testng.TestNG.run(TestNG.java:1048)
	at org.testng.remote.AbstractRemoteTestNG.run(AbstractRemoteTestNG.java:115)
	at org.testng.remote.RemoteTestNG.initAndRun(RemoteTestNG.java:251)
	at org.testng.remote.RemoteTestNG.main(RemoteTestNG.java:77)
java.lang.NoSuchFieldException: lblModifyContactInfo
	at java.lang.Class.getField(Unknown Source)
	at com.zelle.stepdefinition.UniversalSteps.invokeElementMethod(UniversalSteps.java:117)
	at com.zelle.stepdefinition.UniversalSteps.validate_that_element_is_present(UniversalSteps.java:268)
	at sun.reflect.NativeMethodAccessorImpl.invoke0(Native Method)
	at sun.reflect.NativeMethodAccessorImpl.invoke(Unknown Source)
	at sun.reflect.DelegatingMethodAccessorImpl.invoke(Unknown Source)
	at java.lang.reflect.Method.invoke(Unknown Source)
	at cucumber.runtime.Utils$1.call(Utils.java:37)
	at cucumber.runtime.Timeout.timeout(Timeout.java:13)
	at cucumber.runtime.Utils.invoke(Utils.java:31)
	at cucumber.runtime.java.JavaStepDefinition.execute(JavaStepDefinition.java:41)
	at cucumber.runtime.StepDefinitionMatch.runStep(StepDefinitionMatch.java:37)
	at cucumber.runtime.Runtime.runStep(Runtime.java:314)
	at cucumber.runtime.model.StepContainer.runStep(StepContainer.java:44)
	at cucumber.runtime.model.StepContainer.runSteps(StepContainer.java:39)
	at cucumber.runtime.model.CucumberScenario.run(CucumberScenario.java:44)
	at cucumber.runtime.model.CucumberFeature.run(CucumberFeature.java:165)
	at cucumber.api.testng.TestNGCucumberRunner.runCucumber(TestNGCucumberRunner.java:63)
	at cucumber.api.testng.AbstractTestNGCucumberTests.feature(AbstractTestNGCucumberTests.java:21)
	at sun.reflect.NativeMethodAccessorImpl.invoke0(Native Method)
	at sun.reflect.NativeMethodAccessorImpl.invoke(Unknown Source)
	at sun.reflect.DelegatingMethodAccessorImpl.invoke(Unknown Source)
	at java.lang.reflect.Method.invoke(Unknown Source)
	at org.testng.internal.MethodInvocationHelper.invokeMethod(MethodInvocationHelper.java:85)
	at org.testng.internal.Invoker.invokeMethod(Invoker.java:639)
	at org.testng.internal.Invoker.invokeTestMethod(Invoker.java:816)
	at org.testng.internal.Invoker.invokeTestMethods(Invoker.java:1124)
	at org.testng.internal.TestMethodWorker.invokeTestMethods(TestMethodWorker.java:125)
	at org.testng.internal.TestMethodWorker.run(TestMethodWorker.java:108)
	at org.testng.TestRunner.privateRun(TestRunner.java:774)
	at org.testng.TestRunner.run(TestRunner.java:624)
	at org.testng.SuiteRunner.runTest(SuiteRunner.java:359)
	at org.testng.SuiteRunner.runSequentially(SuiteRunner.java:354)
	at org.testng.SuiteRunner.privateRun(SuiteRunner.java:312)
	at org.testng.SuiteRunner.run(SuiteRunner.java:261)
	at org.testng.SuiteRunnerWorker.runSuite(SuiteRunnerWorker.java:52)
	at org.testng.SuiteRunnerWorker.run(SuiteRunnerWorker.java:86)
	at org.testng.TestNG.runSuitesSequentially(TestNG.java:1215)
	at org.testng.TestNG.runSuitesLocally(TestNG.java:1140)
	at org.testng.TestNG.run(TestNG.java:1048)
	at org.testng.remote.AbstractRemoteTestNG.run(AbstractRemoteTestNG.java:115)
	at org.testng.remote.RemoteTestNG.initAndRun(RemoteTestNG.java:251)
	at org.testng.remote.RemoteTestNG.main(RemoteTestNG.java:77)
...
2020-07-27 17:59:34 ERROR - [class com.zelle.stepdefinition.UniversalSteps] : UniversalStep:  edtEmailMobileField Failed , java.lang.ClassNotFoundException: com.epp.zelle.pages.ModifyContactInfo
	at java.net.URLClassLoader.findClass(Unknown Source)
	at java.lang.ClassLoader.loadClass(Unknown Source)
	at sun.misc.Launcher$AppClassLoader.loadClass(Unknown Source)
	at java.lang.ClassLoader.loadClass(Unknown Source)
	at java.lang.Class.forName0(Native Method)
	at java.lang.Class.forName(Unknown Source)
	at com.zelle.stepdefinition.UniversalSteps.invokeMethod(UniversalSteps.java:99)
	at com.zelle.stepdefinition.UniversalSteps.validate_that_user_is_on_page(UniversalSteps.java:172)
	at sun.reflect.NativeMethodAccessorImpl.invoke0(Native Method)
	at sun.reflect.NativeMethodAccessorImpl.invoke(Unknown Source)
	at sun.reflect.DelegatingMethodAccessorImpl.invoke(Unknown Source)
	at java.lang.reflect.Method.invoke(Unknown Source)
	at cucumber.runtime.Utils$1.call(Utils.java:37)
	at cucumber.runtime.Timeout.timeout(Timeout.java:13)
	at cucumber.runtime.Utils.invoke(Utils.java:31)
	at cucumber.runtime.java.JavaStepDefinition.execute(JavaStepDefinition.java:41)
	at cucumber.runtime.StepDefinitionMatch.runStep(StepDefinitionMatch.java:37)
	at cucumber.runtime.Runtime.runStep(Runtime.java:314)
	at cucumber.runtime.model.StepContainer.runStep(StepContainer.java:44)
	at cucumber.runtime.model.StepContainer.runSteps(StepContainer.java:39)
	at cucumber.runtime.model.CucumberScenario.run(CucumberScenario.java:44)
	at cucumber.runtime.model.CucumberFeature.run(CucumberFeature.java:165)
	at cucumber.api.testng.TestNGCucumberRunner.runCucumber(TestNGCucumberRunner.java:63)
	at cucumber.api.testng.AbstractTestNGCucumberTests.feature(AbstractTestNGCucumberTests.java:21)
	at sun.reflect.NativeMethodAccessorImpl.invoke0(Native Method)
	at sun.reflect.NativeMethodAccessorImpl.invoke(Unknown Source)
	at sun.reflect.DelegatingMethodAccessorImpl.invoke(Unknown Source)
	at java.lang.reflect.Method.invoke(Unknown Source)
	at org.testng.internal.MethodInvocationHelper.invokeMethod(MethodInvocationHelper.java:85)
	at org.testng.internal.Invoker.invokeMethod(Invoker.java:639)
	at org.testng.internal.Invoker.invokeTestMethod(Invoker.java:816)
	at org.testng.internal.Invoker.invokeTestMethods(Invoker.java:1124)
	at org.testng.internal.TestMethodWorker.invokeTestMethods(TestMethodWorker.java:125)
	at org.testng.internal.TestMethodWorker.run(TestMethodWorker.java:108)
	at org.testng.TestRunner.privateRun(TestRunner.java:774)
	at org.testng.TestRunner.run(TestRunner.java:624)
	at org.testng.SuiteRunner.runTest(SuiteRunner.java:359)
	at org.testng.SuiteRunner.runSequentially(SuiteRunner.java:354)
	at org.testng.SuiteRunner.privateRun(SuiteRunner.java:312)
	at org.testng.SuiteRunner.run(SuiteRunner.java:261)
	at org.testng.SuiteRunnerWorker.runSuite(SuiteRunnerWorker.java:52)
	at org.testng.SuiteRunnerWorker.run(SuiteRunnerWorker.java:86)
	at org.testng.TestNG.runSuitesSequentially(TestNG.java:1215)
	at org.testng.TestNG.runSuitesLocally(TestNG.java:1140)
	at org.testng.TestNG.run(TestNG.java:1048)
	at org.testng.remote.AbstractRemoteTestNG.run(AbstractRemoteTestNG.java:115)
	at org.testng.remote.RemoteTestNG.initAndRun(RemoteTestNG.java:251)
	at org.testng.remote.RemoteTestNG.main(RemoteTestNG.java:77)
java.lang.NoSuchFieldException: lblModifyContactInfo
	at java.lang.Class.getField(Unknown Source)
	at com.zelle.stepdefinition.UniversalSteps.invokeElementMethod(UniversalSteps.java:117)
	at com.zelle.stepdefinition.UniversalSteps.validate_that_element_is_present(UniversalSteps.java:268)
	at sun.reflect.NativeMethodAccessorImpl.invoke0(Native Method)
	at sun.reflect.NativeMethodAccessorImpl.invoke(Unknown Source)
	at sun.reflect.DelegatingMethodAccessorImpl.invoke(Unknown Source)
	at java.lang.reflect.Method.invoke(Unknown Source)
	at cucumber.runtime.Utils$1.call(Utils.java:37)
	at cucumber.runtime.Timeout.timeout(Timeout.java:13)
	at cucumber.runtime.Utils.invoke(Utils.java:31)
	at cucumber.runtime.java.JavaStepDefinition.execute(JavaStepDefinition.java:41)
	at cucumber.runtime.StepDefinitionMatch.runStep(StepDefinitionMatch.java:37)
	at cucumber.runtime.Runtime.runStep(Runtime.java:314)
	at cucumber.runtime.model.StepContainer.runStep(StepContainer.java:44)
	at cucumber.runtime.model.StepContainer.runSteps(StepContainer.java:39)
	at cucumber.runtime.model.CucumberScenario.run(CucumberScenario.java:44)
	at cucumber.runtime.model.CucumberFeature.run(CucumberFeature.java:165)
	at cucumber.api.testng.TestNGCucumberRunner.runCucumber(TestNGCucumberRunner.java:63)
	at cucumber.api.testng.AbstractTestNGCucumberTests.feature(AbstractTestNGCucumberTests.java:21)
	at sun.reflect.NativeMethodAccessorImpl.invoke0(Native Method)
	at sun.reflect.NativeMethodAccessorImpl.invoke(Unknown Source)
	at sun.reflect.DelegatingMethodAccessorImpl.invoke(Unknown Source)
	at java.lang.reflect.Method.invoke(Unknown Source)
	at org.testng.internal.MethodInvocationHelper.invokeMethod(MethodInvocationHelper.java:85)
	at org.testng.internal.Invoker.invokeMethod(Invoker.java:639)
	at org.testng.internal.Invoker.invokeTestMethod(Invoker.java:816)
	at org.testng.internal.Invoker.invokeTestMethods(Invoker.java:1124)
	at org.testng.internal.TestMethodWorker.invokeTestMethods(TestMethodWorker.java:125)
	at org.testng.internal.TestMethodWorker.run(TestMethodWorker.java:108)
	at org.testng.TestRunner.privateRun(TestRunner.java:774)
	at org.testng.TestRunner.run(TestRunner.java:624)
	at org.testng.SuiteRunner.runTest(SuiteRunner.java:359)
	at org.testng.SuiteRunner.runSequentially(SuiteRunner.java:354)
	at org.testng.SuiteRunner.privateRun(SuiteRunner.java:312)
	at org.testng.SuiteRunner.run(SuiteRunner.java:261)
	at org.testng.SuiteRunnerWorker.runSuite(SuiteRunnerWorker.java:52)
	at org.testng.SuiteRunnerWorker.run(SuiteRunnerWorker.java:86)
	at org.testng.TestNG.runSuitesSequentially(TestNG.java:1215)
	at org.testng.TestNG.runSuitesLocally(TestNG.java:1140)
	at org.testng.TestNG.run(TestNG.java:1048)
	at org.testng.remote.AbstractRemoteTestNG.run(AbstractRemoteTestNG.java:115)
	at org.testng.remote.RemoteTestNG.initAndRun(RemoteTestNG.java:251)
	at org.testng.remote.RemoteTestNG.main(RemoteTestNG.java:77)
java.lang.NoSuchFieldException: edtEmailMobileField
	at java.lang.Class.getField(Unknown Source)
	at com.zelle.stepdefinition.UniversalSteps.invokeElementMethod(UniversalSteps.java:117)
	at com.zelle.stepdefinition.UniversalSteps.validate_that_element_is_present(UniversalSteps.java:268)
	at sun.reflect.NativeMethodAccessorImpl.invoke0(Native Method)
	at sun.reflect.NativeMethodAccessorImpl.invoke(Unknown Source)
	at sun.reflect.DelegatingMethodAccessorImpl.invoke(Unknown Source)
	at java.lang.reflect.Method.invoke(Unknown Source)
	at cucumber.runtime.Utils$1.call(Utils.java:37)
	at cucumber.runtime.Timeout.timeout(Timeout.java:13)
	at cucumber.runtime.Utils.invoke(Utils.java:31)
	at cucumber.runtime.java.JavaStepDefinition.execute(JavaStepDefinition.java:41)
	at cucumber.runtime.StepDefinitionMatch.runStep(StepDefinitionMatch.java:37)
	at cucumber.runtime.Runtime.runStep(Runtime.java:314)
	at cucumber.runtime.model.StepContainer.runStep(StepContainer.java:44)
	at cucumber.runtime.model.StepContainer.runSteps(StepContainer.java:39)
	at cucumber.runtime.model.CucumberScenario.run(CucumberScenario.java:44)
	at cucumber.runtime.model.CucumberFeature.run(CucumberFeature.java:165)
	at cucumber.api.testng.TestNGCucumberRunner.runCucumber(TestNGCucumberRunner.java:63)
	at cucumber.api.testng.AbstractTestNGCucumberTests.feature(AbstractTestNGCucumberTests.java:21)
	at sun.reflect.NativeMethodAccessorImpl.invoke0(Native Method)
	at sun.reflect.NativeMethodAccessorImpl.invoke(Unknown Source)
	at sun.reflect.DelegatingMethodAccessorImpl.invoke(Unknown Source)
	at java.lang.reflect.Method.invoke(Unknown Source)
	at org.testng.internal.MethodInvocationHelper.invokeMethod(MethodInvocationHelper.java:85)
	at org.testng.internal.Invoker.invokeMethod(Invoker.java:639)
	at org.testng.internal.Invoker.invokeTestMethod(Invoker.java:816)
	at org.testng.internal.Invoker.invokeTestMethods(Invoker.java:1124)
	at org.testng.internal.TestMethodWorker.invokeTestMethods(TestMethodWorker.java:125)
	at org.testng.internal.TestMethodWorker.run(TestMethodWorker.java:108)
	at org.testng.TestRunner.privateRun(TestRunner.java:774)
	at org.testng.TestRunner.run(TestRunner.java:624)
	at org.testng.SuiteRunner.runTest(SuiteRunner.java:359)
	at org.testng.SuiteRunner.runSequentially(SuiteRunner.java:354)
	at org.testng.SuiteRunner.privateRun(SuiteRunner.java:312)
	at org.testng.SuiteRunner.run(SuiteRunner.java:261)
	at org.testng.SuiteRunnerWorker.runSuite(SuiteRunnerWorker.java:52)
	at org.testng.SuiteRunnerWorker.run(SuiteRunnerWorker.java:86)
	at org.testng.TestNG.runSuitesSequentially(TestNG.java:1215)
	at org.testng.TestNG.runSuitesLocally(TestNG.java:1140)
	at org.testng.TestNG.run(TestNG.java:1048)
	at org.testng.remote.AbstractRemoteTestNG.run(AbstractRemoteTestNG.java:115)
	at org.testng.remote.RemoteTestNG.initAndRun(RemoteTestNG.java:251)
	at org.testng.remote.RemoteTestNG.main(RemoteTestNG.java:77)
...
2020-07-27 17:59:34 ERROR - [class com.zelle.stepdefinition.UniversalSteps] : UniversalStep:  btnDelete Failed , java.lang.ClassNotFoundException: com.epp.zelle.pages.ModifyContactInfo
	at java.net.URLClassLoader.findClass(Unknown Source)
	at java.lang.ClassLoader.loadClass(Unknown Source)
	at sun.misc.Launcher$AppClassLoader.loadClass(Unknown Source)
	at java.lang.ClassLoader.loadClass(Unknown Source)
	at java.lang.Class.forName0(Native Method)
	at java.lang.Class.forName(Unknown Source)
	at com.zelle.stepdefinition.UniversalSteps.invokeMethod(UniversalSteps.java:99)
	at com.zelle.stepdefinition.UniversalSteps.validate_that_user_is_on_page(UniversalSteps.java:172)
	at sun.reflect.NativeMethodAccessorImpl.invoke0(Native Method)
	at sun.reflect.NativeMethodAccessorImpl.invoke(Unknown Source)
	at sun.reflect.DelegatingMethodAccessorImpl.invoke(Unknown Source)
	at java.lang.reflect.Method.invoke(Unknown Source)
	at cucumber.runtime.Utils$1.call(Utils.java:37)
	at cucumber.runtime.Timeout.timeout(Timeout.java:13)
	at cucumber.runtime.Utils.invoke(Utils.java:31)
	at cucumber.runtime.java.JavaStepDefinition.execute(JavaStepDefinition.java:41)
	at cucumber.runtime.StepDefinitionMatch.runStep(StepDefinitionMatch.java:37)
	at cucumber.runtime.Runtime.runStep(Runtime.java:314)
	at cucumber.runtime.model.StepContainer.runStep(StepContainer.java:44)
	at cucumber.runtime.model.StepContainer.runSteps(StepContainer.java:39)
	at cucumber.runtime.model.CucumberScenario.run(CucumberScenario.java:44)
	at cucumber.runtime.model.CucumberFeature.run(CucumberFeature.java:165)
	at cucumber.api.testng.TestNGCucumberRunner.runCucumber(TestNGCucumberRunner.java:63)
	at cucumber.api.testng.AbstractTestNGCucumberTests.feature(AbstractTestNGCucumberTests.java:21)
	at sun.reflect.NativeMethodAccessorImpl.invoke0(Native Method)
	at sun.reflect.NativeMethodAccessorImpl.invoke(Unknown Source)
	at sun.reflect.DelegatingMethodAccessorImpl.invoke(Unknown Source)
	at java.lang.reflect.Method.invoke(Unknown Source)
	at org.testng.internal.MethodInvocationHelper.invokeMethod(MethodInvocationHelper.java:85)
	at org.testng.internal.Invoker.invokeMethod(Invoker.java:639)
	at org.testng.internal.Invoker.invokeTestMethod(Invoker.java:816)
	at org.testng.internal.Invoker.invokeTestMethods(Invoker.java:1124)
	at org.testng.internal.TestMethodWorker.invokeTestMethods(TestMethodWorker.java:125)
	at org.testng.internal.TestMethodWorker.run(TestMethodWorker.java:108)
	at org.testng.TestRunner.privateRun(TestRunner.java:774)
	at org.testng.TestRunner.run(TestRunner.java:624)
	at org.testng.SuiteRunner.runTest(SuiteRunner.java:359)
	at org.testng.SuiteRunner.runSequentially(SuiteRunner.java:354)
	at org.testng.SuiteRunner.privateRun(SuiteRunner.java:312)
	at org.testng.SuiteRunner.run(SuiteRunner.java:261)
	at org.testng.SuiteRunnerWorker.runSuite(SuiteRunnerWorker.java:52)
	at org.testng.SuiteRunnerWorker.run(SuiteRunnerWorker.java:86)
	at org.testng.TestNG.runSuitesSequentially(TestNG.java:1215)
	at org.testng.TestNG.runSuitesLocally(TestNG.java:1140)
	at org.testng.TestNG.run(TestNG.java:1048)
	at org.testng.remote.AbstractRemoteTestNG.run(AbstractRemoteTestNG.java:115)
	at org.testng.remote.RemoteTestNG.initAndRun(RemoteTestNG.java:251)
	at org.testng.remote.RemoteTestNG.main(RemoteTestNG.java:77)
java.lang.NoSuchFieldException: lblModifyContactInfo
	at java.lang.Class.getField(Unknown Source)
	at com.zelle.stepdefinition.UniversalSteps.invokeElementMethod(UniversalSteps.java:117)
	at com.zelle.stepdefinition.UniversalSteps.validate_that_element_is_present(UniversalSteps.java:268)
	at sun.reflect.NativeMethodAccessorImpl.invoke0(Native Method)
	at sun.reflect.NativeMethodAccessorImpl.invoke(Unknown Source)
	at sun.reflect.DelegatingMethodAccessorImpl.invoke(Unknown Source)
	at java.lang.reflect.Method.invoke(Unknown Source)
	at cucumber.runtime.Utils$1.call(Utils.java:37)
	at cucumber.runtime.Timeout.timeout(Timeout.java:13)
	at cucumber.runtime.Utils.invoke(Utils.java:31)
	at cucumber.runtime.java.JavaStepDefinition.execute(JavaStepDefinition.java:41)
	at cucumber.runtime.StepDefinitionMatch.runStep(StepDefinitionMatch.java:37)
	at cucumber.runtime.Runtime.runStep(Runtime.java:314)
	at cucumber.runtime.model.StepContainer.runStep(StepContainer.java:44)
	at cucumber.runtime.model.StepContainer.runSteps(StepContainer.java:39)
	at cucumber.runtime.model.CucumberScenario.run(CucumberScenario.java:44)
	at cucumber.runtime.model.CucumberFeature.run(CucumberFeature.java:165)
	at cucumber.api.testng.TestNGCucumberRunner.runCucumber(TestNGCucumberRunner.java:63)
	at cucumber.api.testng.AbstractTestNGCucumberTests.feature(AbstractTestNGCucumberTests.java:21)
	at sun.reflect.NativeMethodAccessorImpl.invoke0(Native Method)
	at sun.reflect.NativeMethodAccessorImpl.invoke(Unknown Source)
	at sun.reflect.DelegatingMethodAccessorImpl.invoke(Unknown Source)
	at java.lang.reflect.Method.invoke(Unknown Source)
	at org.testng.internal.MethodInvocationHelper.invokeMethod(MethodInvocationHelper.java:85)
	at org.testng.internal.Invoker.invokeMethod(Invoker.java:639)
	at org.testng.internal.Invoker.invokeTestMethod(Invoker.java:816)
	at org.testng.internal.Invoker.invokeTestMethods(Invoker.java:1124)
	at org.testng.internal.TestMethodWorker.invokeTestMethods(TestMethodWorker.java:125)
	at org.testng.internal.TestMethodWorker.run(TestMethodWorker.java:108)
	at org.testng.TestRunner.privateRun(TestRunner.java:774)
	at org.testng.TestRunner.run(TestRunner.java:624)
	at org.testng.SuiteRunner.runTest(SuiteRunner.java:359)
	at org.testng.SuiteRunner.runSequentially(SuiteRunner.java:354)
	at org.testng.SuiteRunner.privateRun(SuiteRunner.java:312)
	at org.testng.SuiteRunner.run(SuiteRunner.java:261)
	at org.testng.SuiteRunnerWorker.runSuite(SuiteRunnerWorker.java:52)
	at org.testng.SuiteRunnerWorker.run(SuiteRunnerWorker.java:86)
	at org.testng.TestNG.runSuitesSequentially(TestNG.java:1215)
	at org.testng.TestNG.runSuitesLocally(TestNG.java:1140)
	at org.testng.TestNG.run(TestNG.java:1048)
	at org.testng.remote.AbstractRemoteTestNG.run(AbstractRemoteTestNG.java:115)
	at org.testng.remote.RemoteTestNG.initAndRun(RemoteTestNG.java:251)
	at org.testng.remote.RemoteTestNG.main(RemoteTestNG.java:77)
java.lang.NoSuchFieldException: edtEmailMobileField
	at java.lang.Class.getField(Unknown Source)
	at com.zelle.stepdefinition.UniversalSteps.invokeElementMethod(UniversalSteps.java:117)
	at com.zelle.stepdefinition.UniversalSteps.validate_that_element_is_present(UniversalSteps.java:268)
	at sun.reflect.NativeMethodAccessorImpl.invoke0(Native Method)
	at sun.reflect.NativeMethodAccessorImpl.invoke(Unknown Source)
	at sun.reflect.DelegatingMethodAccessorImpl.invoke(Unknown Source)
	at java.lang.reflect.Method.invoke(Unknown Source)
	at cucumber.runtime.Utils$1.call(Utils.java:37)
	at cucumber.runtime.Timeout.timeout(Timeout.java:13)
	at cucumber.runtime.Utils.invoke(Utils.java:31)
	at cucumber.runtime.java.JavaStepDefinition.execute(JavaStepDefinition.java:41)
	at cucumber.runtime.StepDefinitionMatch.runStep(StepDefinitionMatch.java:37)
	at cucumber.runtime.Runtime.runStep(Runtime.java:314)
	at cucumber.runtime.model.StepContainer.runStep(StepContainer.java:44)
	at cucumber.runtime.model.StepContainer.runSteps(StepContainer.java:39)
	at cucumber.runtime.model.CucumberScenario.run(CucumberScenario.java:44)
	at cucumber.runtime.model.CucumberFeature.run(CucumberFeature.java:165)
	at cucumber.api.testng.TestNGCucumberRunner.runCucumber(TestNGCucumberRunner.java:63)
	at cucumber.api.testng.AbstractTestNGCucumberTests.feature(AbstractTestNGCucumberTests.java:21)
	at sun.reflect.NativeMethodAccessorImpl.invoke0(Native Method)
	at sun.reflect.NativeMethodAccessorImpl.invoke(Unknown Source)
	at sun.reflect.DelegatingMethodAccessorImpl.invoke(Unknown Source)
	at java.lang.reflect.Method.invoke(Unknown Source)
	at org.testng.internal.MethodInvocationHelper.invokeMethod(MethodInvocationHelper.java:85)
	at org.testng.internal.Invoker.invokeMethod(Invoker.java:639)
	at org.testng.internal.Invoker.invokeTestMethod(Invoker.java:816)
	at org.testng.internal.Invoker.invokeTestMethods(Invoker.java:1124)
	at org.testng.internal.TestMethodWorker.invokeTestMethods(TestMethodWorker.java:125)
	at org.testng.internal.TestMethodWorker.run(TestMethodWorker.java:108)
	at org.testng.TestRunner.privateRun(TestRunner.java:774)
	at org.testng.TestRunner.run(TestRunner.java:624)
	at org.testng.SuiteRunner.runTest(SuiteRunner.java:359)
	at org.testng.SuiteRunner.runSequentially(SuiteRunner.java:354)
	at org.testng.SuiteRunner.privateRun(SuiteRunner.java:312)
	at org.testng.SuiteRunner.run(SuiteRunner.java:261)
	at org.testng.SuiteRunnerWorker.runSuite(SuiteRunnerWorker.java:52)
	at org.testng.SuiteRunnerWorker.run(SuiteRunnerWorker.java:86)
	at org.testng.TestNG.runSuitesSequentially(TestNG.java:1215)
	at org.testng.TestNG.runSuitesLocally(TestNG.java:1140)
	at org.testng.TestNG.run(TestNG.java:1048)
	at org.testng.remote.AbstractRemoteTestNG.run(AbstractRemoteTestNG.java:115)
	at org.testng.remote.RemoteTestNG.initAndRun(RemoteTestNG.java:251)
	at org.testng.remote.RemoteTestNG.main(RemoteTestNG.java:77)
java.lang.NoSuchFieldException: btnDelete
	at java.lang.Class.getField(Unknown Source)
	at com.zelle.stepdefinition.UniversalSteps.invokeElementMethod(UniversalSteps.java:117)
	at com.zelle.stepdefinition.UniversalSteps.validate_that_element_is_present(UniversalSteps.java:268)
	at sun.reflect.NativeMethodAccessorImpl.invoke0(Native Method)
	at sun.reflect.NativeMethodAccessorImpl.invoke(Unknown Source)
	at sun.reflect.DelegatingMethodAccessorImpl.invoke(Unknown Source)
	at java.lang.reflect.Method.invoke(Unknown Source)
	at cucumber.runtime.Utils$1.call(Utils.java:37)
	at cucumber.runtime.Timeout.timeout(Timeout.java:13)
	at cucumber.runtime.Utils.invoke(Utils.java:31)
	at cucumber.runtime.java.JavaStepDefinition.execute(JavaStepDefinition.java:41)
	at cucumber.runtime.StepDefinitionMatch.runStep(StepDefinitionMatch.java:37)
	at cucumber.runtime.Runtime.runStep(Runtime.java:314)
	at cucumber.runtime.model.StepContainer.runStep(StepContainer.java:44)
	at cucumber.runtime.model.StepContainer.runSteps(StepContainer.java:39)
	at cucumber.runtime.model.CucumberScenario.run(CucumberScenario.java:44)
	at cucumber.runtime.model.CucumberFeature.run(CucumberFeature.java:165)
	at cucumber.api.testng.TestNGCucumberRunner.runCucumber(TestNGCucumberRunner.java:63)
	at cucumber.api.testng.AbstractTestNGCucumberTests.feature(AbstractTestNGCucumberTests.java:21)
	at sun.reflect.NativeMethodAccessorImpl.invoke0(Native Method)
	at sun.reflect.NativeMethodAccessorImpl.invoke(Unknown Source)
	at sun.reflect.DelegatingMethodAccessorImpl.invoke(Unknown Source)
	at java.lang.reflect.Method.invoke(Unknown Source)
	at org.testng.internal.MethodInvocationHelper.invokeMethod(MethodInvocationHelper.java:85)
	at org.testng.internal.Invoker.invokeMethod(Invoker.java:639)
	at org.testng.internal.Invoker.invokeTestMethod(Invoker.java:816)
	at org.testng.internal.Invoker.invokeTestMethods(Invoker.java:1124)
	at org.testng.internal.TestMethodWorker.invokeTestMethods(TestMethodWorker.java:125)
	at org.testng.internal.TestMethodWorker.run(TestMethodWorker.java:108)
	at org.testng.TestRunner.privateRun(TestRunner.java:774)
	at org.testng.TestRunner.run(TestRunner.java:624)
	at org.testng.SuiteRunner.runTest(SuiteRunner.java:359)
	at org.testng.SuiteRunner.runSequentially(SuiteRunner.java:354)
	at org.testng.SuiteRunner.privateRun(SuiteRunner.java:312)
	at org.testng.SuiteRunner.run(SuiteRunner.java:261)
	at org.testng.SuiteRunnerWorker.runSuite(SuiteRunnerWorker.java:52)
	at org.testng.SuiteRunnerWorker.run(SuiteRunnerWorker.java:86)
	at org.testng.TestNG.runSuitesSequentially(TestNG.java:1215)
	at org.testng.TestNG.runSuitesLocally(TestNG.java:1140)
	at org.testng.TestNG.run(TestNG.java:1048)
	at org.testng.remote.AbstractRemoteTestNG.run(AbstractRemoteTestNG.java:115)
	at org.testng.remote.RemoteTestNG.initAndRun(RemoteTestNG.java:251)
	at org.testng.remote.RemoteTestNG.main(RemoteTestNG.java:77)
...
2020-07-27 17:59:34 INFO  - [class com.zelle.stepdefinition.UniversalSteps] : UniversalStep: User types Jose Gonjalez in textbox edtNameField.
2020-07-27 17:59:35 INFO  - [class com.epp.webelement.TextBox] : TextBox: Typed Jose Gonjalez on element with id --- NameField
2020-07-27 17:59:35 INFO  - [class com.zelle.stepdefinition.UniversalSteps] : UniversalStep: User clicks on element btnChange
2020-07-27 17:59:35 ERROR - [class com.zelle.stepdefinition.UniversalSteps] : UniversalStep:  btnChange Failed , java.lang.ClassNotFoundException: com.epp.zelle.pages.ModifyContactInfo
	at java.net.URLClassLoader.findClass(Unknown Source)
	at java.lang.ClassLoader.loadClass(Unknown Source)
	at sun.misc.Launcher$AppClassLoader.loadClass(Unknown Source)
	at java.lang.ClassLoader.loadClass(Unknown Source)
	at java.lang.Class.forName0(Native Method)
	at java.lang.Class.forName(Unknown Source)
	at com.zelle.stepdefinition.UniversalSteps.invokeMethod(UniversalSteps.java:99)
	at com.zelle.stepdefinition.UniversalSteps.validate_that_user_is_on_page(UniversalSteps.java:172)
	at sun.reflect.NativeMethodAccessorImpl.invoke0(Native Method)
	at sun.reflect.NativeMethodAccessorImpl.invoke(Unknown Source)
	at sun.reflect.DelegatingMethodAccessorImpl.invoke(Unknown Source)
	at java.lang.reflect.Method.invoke(Unknown Source)
	at cucumber.runtime.Utils$1.call(Utils.java:37)
	at cucumber.runtime.Timeout.timeout(Timeout.java:13)
	at cucumber.runtime.Utils.invoke(Utils.java:31)
	at cucumber.runtime.java.JavaStepDefinition.execute(JavaStepDefinition.java:41)
	at cucumber.runtime.StepDefinitionMatch.runStep(StepDefinitionMatch.java:37)
	at cucumber.runtime.Runtime.runStep(Runtime.java:314)
	at cucumber.runtime.model.StepContainer.runStep(StepContainer.java:44)
	at cucumber.runtime.model.StepContainer.runSteps(StepContainer.java:39)
	at cucumber.runtime.model.CucumberScenario.run(CucumberScenario.java:44)
	at cucumber.runtime.model.CucumberFeature.run(CucumberFeature.java:165)
	at cucumber.api.testng.TestNGCucumberRunner.runCucumber(TestNGCucumberRunner.java:63)
	at cucumber.api.testng.AbstractTestNGCucumberTests.feature(AbstractTestNGCucumberTests.java:21)
	at sun.reflect.NativeMethodAccessorImpl.invoke0(Native Method)
	at sun.reflect.NativeMethodAccessorImpl.invoke(Unknown Source)
	at sun.reflect.DelegatingMethodAccessorImpl.invoke(Unknown Source)
	at java.lang.reflect.Method.invoke(Unknown Source)
	at org.testng.internal.MethodInvocationHelper.invokeMethod(MethodInvocationHelper.java:85)
	at org.testng.internal.Invoker.invokeMethod(Invoker.java:639)
	at org.testng.internal.Invoker.invokeTestMethod(Invoker.java:816)
	at org.testng.internal.Invoker.invokeTestMethods(Invoker.java:1124)
	at org.testng.internal.TestMethodWorker.invokeTestMethods(TestMethodWorker.java:125)
	at org.testng.internal.TestMethodWorker.run(TestMethodWorker.java:108)
	at org.testng.TestRunner.privateRun(TestRunner.java:774)
	at org.testng.TestRunner.run(TestRunner.java:624)
	at org.testng.SuiteRunner.runTest(SuiteRunner.java:359)
	at org.testng.SuiteRunner.runSequentially(SuiteRunner.java:354)
	at org.testng.SuiteRunner.privateRun(SuiteRunner.java:312)
	at org.testng.SuiteRunner.run(SuiteRunner.java:261)
	at org.testng.SuiteRunnerWorker.runSuite(SuiteRunnerWorker.java:52)
	at org.testng.SuiteRunnerWorker.run(SuiteRunnerWorker.java:86)
	at org.testng.TestNG.runSuitesSequentially(TestNG.java:1215)
	at org.testng.TestNG.runSuitesLocally(TestNG.java:1140)
	at org.testng.TestNG.run(TestNG.java:1048)
	at org.testng.remote.AbstractRemoteTestNG.run(AbstractRemoteTestNG.java:115)
	at org.testng.remote.RemoteTestNG.initAndRun(RemoteTestNG.java:251)
	at org.testng.remote.RemoteTestNG.main(RemoteTestNG.java:77)
java.lang.NoSuchFieldException: lblModifyContactInfo
	at java.lang.Class.getField(Unknown Source)
	at com.zelle.stepdefinition.UniversalSteps.invokeElementMethod(UniversalSteps.java:117)
	at com.zelle.stepdefinition.UniversalSteps.validate_that_element_is_present(UniversalSteps.java:268)
	at sun.reflect.NativeMethodAccessorImpl.invoke0(Native Method)
	at sun.reflect.NativeMethodAccessorImpl.invoke(Unknown Source)
	at sun.reflect.DelegatingMethodAccessorImpl.invoke(Unknown Source)
	at java.lang.reflect.Method.invoke(Unknown Source)
	at cucumber.runtime.Utils$1.call(Utils.java:37)
	at cucumber.runtime.Timeout.timeout(Timeout.java:13)
	at cucumber.runtime.Utils.invoke(Utils.java:31)
	at cucumber.runtime.java.JavaStepDefinition.execute(JavaStepDefinition.java:41)
	at cucumber.runtime.StepDefinitionMatch.runStep(StepDefinitionMatch.java:37)
	at cucumber.runtime.Runtime.runStep(Runtime.java:314)
	at cucumber.runtime.model.StepContainer.runStep(StepContainer.java:44)
	at cucumber.runtime.model.StepContainer.runSteps(StepContainer.java:39)
	at cucumber.runtime.model.CucumberScenario.run(CucumberScenario.java:44)
	at cucumber.runtime.model.CucumberFeature.run(CucumberFeature.java:165)
	at cucumber.api.testng.TestNGCucumberRunner.runCucumber(TestNGCucumberRunner.java:63)
	at cucumber.api.testng.AbstractTestNGCucumberTests.feature(AbstractTestNGCucumberTests.java:21)
	at sun.reflect.NativeMethodAccessorImpl.invoke0(Native Method)
	at sun.reflect.NativeMethodAccessorImpl.invoke(Unknown Source)
	at sun.reflect.DelegatingMethodAccessorImpl.invoke(Unknown Source)
	at java.lang.reflect.Method.invoke(Unknown Source)
	at org.testng.internal.MethodInvocationHelper.invokeMethod(MethodInvocationHelper.java:85)
	at org.testng.internal.Invoker.invokeMethod(Invoker.java:639)
	at org.testng.internal.Invoker.invokeTestMethod(Invoker.java:816)
	at org.testng.internal.Invoker.invokeTestMethods(Invoker.java:1124)
	at org.testng.internal.TestMethodWorker.invokeTestMethods(TestMethodWorker.java:125)
	at org.testng.internal.TestMethodWorker.run(TestMethodWorker.java:108)
	at org.testng.TestRunner.privateRun(TestRunner.java:774)
	at org.testng.TestRunner.run(TestRunner.java:624)
	at org.testng.SuiteRunner.runTest(SuiteRunner.java:359)
	at org.testng.SuiteRunner.runSequentially(SuiteRunner.java:354)
	at org.testng.SuiteRunner.privateRun(SuiteRunner.java:312)
	at org.testng.SuiteRunner.run(SuiteRunner.java:261)
	at org.testng.SuiteRunnerWorker.runSuite(SuiteRunnerWorker.java:52)
	at org.testng.SuiteRunnerWorker.run(SuiteRunnerWorker.java:86)
	at org.testng.TestNG.runSuitesSequentially(TestNG.java:1215)
	at org.testng.TestNG.runSuitesLocally(TestNG.java:1140)
	at org.testng.TestNG.run(TestNG.java:1048)
	at org.testng.remote.AbstractRemoteTestNG.run(AbstractRemoteTestNG.java:115)
	at org.testng.remote.RemoteTestNG.initAndRun(RemoteTestNG.java:251)
	at org.testng.remote.RemoteTestNG.main(RemoteTestNG.java:77)
java.lang.NoSuchFieldException: edtEmailMobileField
	at java.lang.Class.getField(Unknown Source)
	at com.zelle.stepdefinition.UniversalSteps.invokeElementMethod(UniversalSteps.java:117)
	at com.zelle.stepdefinition.UniversalSteps.validate_that_element_is_present(UniversalSteps.java:268)
	at sun.reflect.NativeMethodAccessorImpl.invoke0(Native Method)
	at sun.reflect.NativeMethodAccessorImpl.invoke(Unknown Source)
	at sun.reflect.DelegatingMethodAccessorImpl.invoke(Unknown Source)
	at java.lang.reflect.Method.invoke(Unknown Source)
	at cucumber.runtime.Utils$1.call(Utils.java:37)
	at cucumber.runtime.Timeout.timeout(Timeout.java:13)
	at cucumber.runtime.Utils.invoke(Utils.java:31)
	at cucumber.runtime.java.JavaStepDefinition.execute(JavaStepDefinition.java:41)
	at cucumber.runtime.StepDefinitionMatch.runStep(StepDefinitionMatch.java:37)
	at cucumber.runtime.Runtime.runStep(Runtime.java:314)
	at cucumber.runtime.model.StepContainer.runStep(StepContainer.java:44)
	at cucumber.runtime.model.StepContainer.runSteps(StepContainer.java:39)
	at cucumber.runtime.model.CucumberScenario.run(CucumberScenario.java:44)
	at cucumber.runtime.model.CucumberFeature.run(CucumberFeature.java:165)
	at cucumber.api.testng.TestNGCucumberRunner.runCucumber(TestNGCucumberRunner.java:63)
	at cucumber.api.testng.AbstractTestNGCucumberTests.feature(AbstractTestNGCucumberTests.java:21)
	at sun.reflect.NativeMethodAccessorImpl.invoke0(Native Method)
	at sun.reflect.NativeMethodAccessorImpl.invoke(Unknown Source)
	at sun.reflect.DelegatingMethodAccessorImpl.invoke(Unknown Source)
	at java.lang.reflect.Method.invoke(Unknown Source)
	at org.testng.internal.MethodInvocationHelper.invokeMethod(MethodInvocationHelper.java:85)
	at org.testng.internal.Invoker.invokeMethod(Invoker.java:639)
	at org.testng.internal.Invoker.invokeTestMethod(Invoker.java:816)
	at org.testng.internal.Invoker.invokeTestMethods(Invoker.java:1124)
	at org.testng.internal.TestMethodWorker.invokeTestMethods(TestMethodWorker.java:125)
	at org.testng.internal.TestMethodWorker.run(TestMethodWorker.java:108)
	at org.testng.TestRunner.privateRun(TestRunner.java:774)
	at org.testng.TestRunner.run(TestRunner.java:624)
	at org.testng.SuiteRunner.runTest(SuiteRunner.java:359)
	at org.testng.SuiteRunner.runSequentially(SuiteRunner.java:354)
	at org.testng.SuiteRunner.privateRun(SuiteRunner.java:312)
	at org.testng.SuiteRunner.run(SuiteRunner.java:261)
	at org.testng.SuiteRunnerWorker.runSuite(SuiteRunnerWorker.java:52)
	at org.testng.SuiteRunnerWorker.run(SuiteRunnerWorker.java:86)
	at org.testng.TestNG.runSuitesSequentially(TestNG.java:1215)
	at org.testng.TestNG.runSuitesLocally(TestNG.java:1140)
	at org.testng.TestNG.run(TestNG.java:1048)
	at org.testng.remote.AbstractRemoteTestNG.run(AbstractRemoteTestNG.java:115)
	at org.testng.remote.RemoteTestNG.initAndRun(RemoteTestNG.java:251)
	at org.testng.remote.RemoteTestNG.main(RemoteTestNG.java:77)
java.lang.NoSuchFieldException: btnDelete
	at java.lang.Class.getField(Unknown Source)
	at com.zelle.stepdefinition.UniversalSteps.invokeElementMethod(UniversalSteps.java:117)
	at com.zelle.stepdefinition.UniversalSteps.validate_that_element_is_present(UniversalSteps.java:268)
	at sun.reflect.NativeMethodAccessorImpl.invoke0(Native Method)
	at sun.reflect.NativeMethodAccessorImpl.invoke(Unknown Source)
	at sun.reflect.DelegatingMethodAccessorImpl.invoke(Unknown Source)
	at java.lang.reflect.Method.invoke(Unknown Source)
	at cucumber.runtime.Utils$1.call(Utils.java:37)
	at cucumber.runtime.Timeout.timeout(Timeout.java:13)
	at cucumber.runtime.Utils.invoke(Utils.java:31)
	at cucumber.runtime.java.JavaStepDefinition.execute(JavaStepDefinition.java:41)
	at cucumber.runtime.StepDefinitionMatch.runStep(StepDefinitionMatch.java:37)
	at cucumber.runtime.Runtime.runStep(Runtime.java:314)
	at cucumber.runtime.model.StepContainer.runStep(StepContainer.java:44)
	at cucumber.runtime.model.StepContainer.runSteps(StepContainer.java:39)
	at cucumber.runtime.model.CucumberScenario.run(CucumberScenario.java:44)
	at cucumber.runtime.model.CucumberFeature.run(CucumberFeature.java:165)
	at cucumber.api.testng.TestNGCucumberRunner.runCucumber(TestNGCucumberRunner.java:63)
	at cucumber.api.testng.AbstractTestNGCucumberTests.feature(AbstractTestNGCucumberTests.java:21)
	at sun.reflect.NativeMethodAccessorImpl.invoke0(Native Method)
	at sun.reflect.NativeMethodAccessorImpl.invoke(Unknown Source)
	at sun.reflect.DelegatingMethodAccessorImpl.invoke(Unknown Source)
	at java.lang.reflect.Method.invoke(Unknown Source)
	at org.testng.internal.MethodInvocationHelper.invokeMethod(MethodInvocationHelper.java:85)
	at org.testng.internal.Invoker.invokeMethod(Invoker.java:639)
	at org.testng.internal.Invoker.invokeTestMethod(Invoker.java:816)
	at org.testng.internal.Invoker.invokeTestMethods(Invoker.java:1124)
	at org.testng.internal.TestMethodWorker.invokeTestMethods(TestMethodWorker.java:125)
	at org.testng.internal.TestMethodWorker.run(TestMethodWorker.java:108)
	at org.testng.TestRunner.privateRun(TestRunner.java:774)
	at org.testng.TestRunner.run(TestRunner.java:624)
	at org.testng.SuiteRunner.runTest(SuiteRunner.java:359)
	at org.testng.SuiteRunner.runSequentially(SuiteRunner.java:354)
	at org.testng.SuiteRunner.privateRun(SuiteRunner.java:312)
	at org.testng.SuiteRunner.run(SuiteRunner.java:261)
	at org.testng.SuiteRunnerWorker.runSuite(SuiteRunnerWorker.java:52)
	at org.testng.SuiteRunnerWorker.run(SuiteRunnerWorker.java:86)
	at org.testng.TestNG.runSuitesSequentially(TestNG.java:1215)
	at org.testng.TestNG.runSuitesLocally(TestNG.java:1140)
	at org.testng.TestNG.run(TestNG.java:1048)
	at org.testng.remote.AbstractRemoteTestNG.run(AbstractRemoteTestNG.java:115)
	at org.testng.remote.RemoteTestNG.initAndRun(RemoteTestNG.java:251)
	at org.testng.remote.RemoteTestNG.main(RemoteTestNG.java:77)
java.lang.NoSuchFieldException: btnChange
	at java.lang.Class.getField(Unknown Source)
	at com.zelle.stepdefinition.UniversalSteps.invokeElementMethod(UniversalSteps.java:117)
	at com.zelle.stepdefinition.UniversalSteps.user_clicks_on_element(UniversalSteps.java:202)
	at sun.reflect.NativeMethodAccessorImpl.invoke0(Native Method)
	at sun.reflect.NativeMethodAccessorImpl.invoke(Unknown Source)
	at sun.reflect.DelegatingMethodAccessorImpl.invoke(Unknown Source)
	at java.lang.reflect.Method.invoke(Unknown Source)
	at cucumber.runtime.Utils$1.call(Utils.java:37)
	at cucumber.runtime.Timeout.timeout(Timeout.java:13)
	at cucumber.runtime.Utils.invoke(Utils.java:31)
	at cucumber.runtime.java.JavaStepDefinition.execute(JavaStepDefinition.java:41)
	at cucumber.runtime.StepDefinitionMatch.runStep(StepDefinitionMatch.java:37)
	at cucumber.runtime.Runtime.runStep(Runtime.java:314)
	at cucumber.runtime.model.StepContainer.runStep(StepContainer.java:44)
	at cucumber.runtime.model.StepContainer.runSteps(StepContainer.java:39)
	at cucumber.runtime.model.CucumberScenario.run(CucumberScenario.java:44)
	at cucumber.runtime.model.CucumberFeature.run(CucumberFeature.java:165)
	at cucumber.api.testng.TestNGCucumberRunner.runCucumber(TestNGCucumberRunner.java:63)
	at cucumber.api.testng.AbstractTestNGCucumberTests.feature(AbstractTestNGCucumberTests.java:21)
	at sun.reflect.NativeMethodAccessorImpl.invoke0(Native Method)
	at sun.reflect.NativeMethodAccessorImpl.invoke(Unknown Source)
	at sun.reflect.DelegatingMethodAccessorImpl.invoke(Unknown Source)
	at java.lang.reflect.Method.invoke(Unknown Source)
	at org.testng.internal.MethodInvocationHelper.invokeMethod(MethodInvocationHelper.java:85)
	at org.testng.internal.Invoker.invokeMethod(Invoker.java:639)
	at org.testng.internal.Invoker.invokeTestMethod(Invoker.java:816)
	at org.testng.internal.Invoker.invokeTestMethods(Invoker.java:1124)
	at org.testng.internal.TestMethodWorker.invokeTestMethods(TestMethodWorker.java:125)
	at org.testng.internal.TestMethodWorker.run(TestMethodWorker.java:108)
	at org.testng.TestRunner.privateRun(TestRunner.java:774)
	at org.testng.TestRunner.run(TestRunner.java:624)
	at org.testng.SuiteRunner.runTest(SuiteRunner.java:359)
	at org.testng.SuiteRunner.runSequentially(SuiteRunner.java:354)
	at org.testng.SuiteRunner.privateRun(SuiteRunner.java:312)
	at org.testng.SuiteRunner.run(SuiteRunner.java:261)
	at org.testng.SuiteRunnerWorker.runSuite(SuiteRunnerWorker.java:52)
	at org.testng.SuiteRunnerWorker.run(SuiteRunnerWorker.java:86)
	at org.testng.TestNG.runSuitesSequentially(TestNG.java:1215)
	at org.testng.TestNG.runSuitesLocally(TestNG.java:1140)
	at org.testng.TestNG.run(TestNG.java:1048)
	at org.testng.remote.AbstractRemoteTestNG.run(AbstractRemoteTestNG.java:115)
	at org.testng.remote.RemoteTestNG.initAndRun(RemoteTestNG.java:251)
	at org.testng.remote.RemoteTestNG.main(RemoteTestNG.java:77)
...
2020-07-27 17:59:35 INFO  - [class com.zelle.stepdefinition.UniversalSteps] : UniversalStep: Validate that user is on page SelectRecipientPage
2020-07-27 18:00:05 ERROR - [class com.zelle.stepdefinition.UniversalSteps] : UniversalStep:  SelectRecipientPage Failed , java.lang.ClassNotFoundException: com.epp.zelle.pages.ModifyContactInfo
	at java.net.URLClassLoader.findClass(Unknown Source)
	at java.lang.ClassLoader.loadClass(Unknown Source)
	at sun.misc.Launcher$AppClassLoader.loadClass(Unknown Source)
	at java.lang.ClassLoader.loadClass(Unknown Source)
	at java.lang.Class.forName0(Native Method)
	at java.lang.Class.forName(Unknown Source)
	at com.zelle.stepdefinition.UniversalSteps.invokeMethod(UniversalSteps.java:99)
	at com.zelle.stepdefinition.UniversalSteps.validate_that_user_is_on_page(UniversalSteps.java:172)
	at sun.reflect.NativeMethodAccessorImpl.invoke0(Native Method)
	at sun.reflect.NativeMethodAccessorImpl.invoke(Unknown Source)
	at sun.reflect.DelegatingMethodAccessorImpl.invoke(Unknown Source)
	at java.lang.reflect.Method.invoke(Unknown Source)
	at cucumber.runtime.Utils$1.call(Utils.java:37)
	at cucumber.runtime.Timeout.timeout(Timeout.java:13)
	at cucumber.runtime.Utils.invoke(Utils.java:31)
	at cucumber.runtime.java.JavaStepDefinition.execute(JavaStepDefinition.java:41)
	at cucumber.runtime.StepDefinitionMatch.runStep(StepDefinitionMatch.java:37)
	at cucumber.runtime.Runtime.runStep(Runtime.java:314)
	at cucumber.runtime.model.StepContainer.runStep(StepContainer.java:44)
	at cucumber.runtime.model.StepContainer.runSteps(StepContainer.java:39)
	at cucumber.runtime.model.CucumberScenario.run(CucumberScenario.java:44)
	at cucumber.runtime.model.CucumberFeature.run(CucumberFeature.java:165)
	at cucumber.api.testng.TestNGCucumberRunner.runCucumber(TestNGCucumberRunner.java:63)
	at cucumber.api.testng.AbstractTestNGCucumberTests.feature(AbstractTestNGCucumberTests.java:21)
	at sun.reflect.NativeMethodAccessorImpl.invoke0(Native Method)
	at sun.reflect.NativeMethodAccessorImpl.invoke(Unknown Source)
	at sun.reflect.DelegatingMethodAccessorImpl.invoke(Unknown Source)
	at java.lang.reflect.Method.invoke(Unknown Source)
	at org.testng.internal.MethodInvocationHelper.invokeMethod(MethodInvocationHelper.java:85)
	at org.testng.internal.Invoker.invokeMethod(Invoker.java:639)
	at org.testng.internal.Invoker.invokeTestMethod(Invoker.java:816)
	at org.testng.internal.Invoker.invokeTestMethods(Invoker.java:1124)
	at org.testng.internal.TestMethodWorker.invokeTestMethods(TestMethodWorker.java:125)
	at org.testng.internal.TestMethodWorker.run(TestMethodWorker.java:108)
	at org.testng.TestRunner.privateRun(TestRunner.java:774)
	at org.testng.TestRunner.run(TestRunner.java:624)
	at org.testng.SuiteRunner.runTest(SuiteRunner.java:359)
	at org.testng.SuiteRunner.runSequentially(SuiteRunner.java:354)
	at org.testng.SuiteRunner.privateRun(SuiteRunner.java:312)
	at org.testng.SuiteRunner.run(SuiteRunner.java:261)
	at org.testng.SuiteRunnerWorker.runSuite(SuiteRunnerWorker.java:52)
	at org.testng.SuiteRunnerWorker.run(SuiteRunnerWorker.java:86)
	at org.testng.TestNG.runSuitesSequentially(TestNG.java:1215)
	at org.testng.TestNG.runSuitesLocally(TestNG.java:1140)
	at org.testng.TestNG.run(TestNG.java:1048)
	at org.testng.remote.AbstractRemoteTestNG.run(AbstractRemoteTestNG.java:115)
	at org.testng.remote.RemoteTestNG.initAndRun(RemoteTestNG.java:251)
	at org.testng.remote.RemoteTestNG.main(RemoteTestNG.java:77)
java.lang.NoSuchFieldException: lblModifyContactInfo
	at java.lang.Class.getField(Unknown Source)
	at com.zelle.stepdefinition.UniversalSteps.invokeElementMethod(UniversalSteps.java:117)
	at com.zelle.stepdefinition.UniversalSteps.validate_that_element_is_present(UniversalSteps.java:268)
	at sun.reflect.NativeMethodAccessorImpl.invoke0(Native Method)
	at sun.reflect.NativeMethodAccessorImpl.invoke(Unknown Source)
	at sun.reflect.DelegatingMethodAccessorImpl.invoke(Unknown Source)
	at java.lang.reflect.Method.invoke(Unknown Source)
	at cucumber.runtime.Utils$1.call(Utils.java:37)
	at cucumber.runtime.Timeout.timeout(Timeout.java:13)
	at cucumber.runtime.Utils.invoke(Utils.java:31)
	at cucumber.runtime.java.JavaStepDefinition.execute(JavaStepDefinition.java:41)
	at cucumber.runtime.StepDefinitionMatch.runStep(StepDefinitionMatch.java:37)
	at cucumber.runtime.Runtime.runStep(Runtime.java:314)
	at cucumber.runtime.model.StepContainer.runStep(StepContainer.java:44)
	at cucumber.runtime.model.StepContainer.runSteps(StepContainer.java:39)
	at cucumber.runtime.model.CucumberScenario.run(CucumberScenario.java:44)
	at cucumber.runtime.model.CucumberFeature.run(CucumberFeature.java:165)
	at cucumber.api.testng.TestNGCucumberRunner.runCucumber(TestNGCucumberRunner.java:63)
	at cucumber.api.testng.AbstractTestNGCucumberTests.feature(AbstractTestNGCucumberTests.java:21)
	at sun.reflect.NativeMethodAccessorImpl.invoke0(Native Method)
	at sun.reflect.NativeMethodAccessorImpl.invoke(Unknown Source)
	at sun.reflect.DelegatingMethodAccessorImpl.invoke(Unknown Source)
	at java.lang.reflect.Method.invoke(Unknown Source)
	at org.testng.internal.MethodInvocationHelper.invokeMethod(MethodInvocationHelper.java:85)
	at org.testng.internal.Invoker.invokeMethod(Invoker.java:639)
	at org.testng.internal.Invoker.invokeTestMethod(Invoker.java:816)
	at org.testng.internal.Invoker.invokeTestMethods(Invoker.java:1124)
	at org.testng.internal.TestMethodWorker.invokeTestMethods(TestMethodWorker.java:125)
	at org.testng.internal.TestMethodWorker.run(TestMethodWorker.java:108)
	at org.testng.TestRunner.privateRun(TestRunner.java:774)
	at org.testng.TestRunner.run(TestRunner.java:624)
	at org.testng.SuiteRunner.runTest(SuiteRunner.java:359)
	at org.testng.SuiteRunner.runSequentially(SuiteRunner.java:354)
	at org.testng.SuiteRunner.privateRun(SuiteRunner.java:312)
	at org.testng.SuiteRunner.run(SuiteRunner.java:261)
	at org.testng.SuiteRunnerWorker.runSuite(SuiteRunnerWorker.java:52)
	at org.testng.SuiteRunnerWorker.run(SuiteRunnerWorker.java:86)
	at org.testng.TestNG.runSuitesSequentially(TestNG.java:1215)
	at org.testng.TestNG.runSuitesLocally(TestNG.java:1140)
	at org.testng.TestNG.run(TestNG.java:1048)
	at org.testng.remote.AbstractRemoteTestNG.run(AbstractRemoteTestNG.java:115)
	at org.testng.remote.RemoteTestNG.initAndRun(RemoteTestNG.java:251)
	at org.testng.remote.RemoteTestNG.main(RemoteTestNG.java:77)
java.lang.NoSuchFieldException: edtEmailMobileField
	at java.lang.Class.getField(Unknown Source)
	at com.zelle.stepdefinition.UniversalSteps.invokeElementMethod(UniversalSteps.java:117)
	at com.zelle.stepdefinition.UniversalSteps.validate_that_element_is_present(UniversalSteps.java:268)
	at sun.reflect.NativeMethodAccessorImpl.invoke0(Native Method)
	at sun.reflect.NativeMethodAccessorImpl.invoke(Unknown Source)
	at sun.reflect.DelegatingMethodAccessorImpl.invoke(Unknown Source)
	at java.lang.reflect.Method.invoke(Unknown Source)
	at cucumber.runtime.Utils$1.call(Utils.java:37)
	at cucumber.runtime.Timeout.timeout(Timeout.java:13)
	at cucumber.runtime.Utils.invoke(Utils.java:31)
	at cucumber.runtime.java.JavaStepDefinition.execute(JavaStepDefinition.java:41)
	at cucumber.runtime.StepDefinitionMatch.runStep(StepDefinitionMatch.java:37)
	at cucumber.runtime.Runtime.runStep(Runtime.java:314)
	at cucumber.runtime.model.StepContainer.runStep(StepContainer.java:44)
	at cucumber.runtime.model.StepContainer.runSteps(StepContainer.java:39)
	at cucumber.runtime.model.CucumberScenario.run(CucumberScenario.java:44)
	at cucumber.runtime.model.CucumberFeature.run(CucumberFeature.java:165)
	at cucumber.api.testng.TestNGCucumberRunner.runCucumber(TestNGCucumberRunner.java:63)
	at cucumber.api.testng.AbstractTestNGCucumberTests.feature(AbstractTestNGCucumberTests.java:21)
	at sun.reflect.NativeMethodAccessorImpl.invoke0(Native Method)
	at sun.reflect.NativeMethodAccessorImpl.invoke(Unknown Source)
	at sun.reflect.DelegatingMethodAccessorImpl.invoke(Unknown Source)
	at java.lang.reflect.Method.invoke(Unknown Source)
	at org.testng.internal.MethodInvocationHelper.invokeMethod(MethodInvocationHelper.java:85)
	at org.testng.internal.Invoker.invokeMethod(Invoker.java:639)
	at org.testng.internal.Invoker.invokeTestMethod(Invoker.java:816)
	at org.testng.internal.Invoker.invokeTestMethods(Invoker.java:1124)
	at org.testng.internal.TestMethodWorker.invokeTestMethods(TestMethodWorker.java:125)
	at org.testng.internal.TestMethodWorker.run(TestMethodWorker.java:108)
	at org.testng.TestRunner.privateRun(TestRunner.java:774)
	at org.testng.TestRunner.run(TestRunner.java:624)
	at org.testng.SuiteRunner.runTest(SuiteRunner.java:359)
	at org.testng.SuiteRunner.runSequentially(SuiteRunner.java:354)
	at org.testng.SuiteRunner.privateRun(SuiteRunner.java:312)
	at org.testng.SuiteRunner.run(SuiteRunner.java:261)
	at org.testng.SuiteRunnerWorker.runSuite(SuiteRunnerWorker.java:52)
	at org.testng.SuiteRunnerWorker.run(SuiteRunnerWorker.java:86)
	at org.testng.TestNG.runSuitesSequentially(TestNG.java:1215)
	at org.testng.TestNG.runSuitesLocally(TestNG.java:1140)
	at org.testng.TestNG.run(TestNG.java:1048)
	at org.testng.remote.AbstractRemoteTestNG.run(AbstractRemoteTestNG.java:115)
	at org.testng.remote.RemoteTestNG.initAndRun(RemoteTestNG.java:251)
	at org.testng.remote.RemoteTestNG.main(RemoteTestNG.java:77)
java.lang.NoSuchFieldException: btnDelete
	at java.lang.Class.getField(Unknown Source)
	at com.zelle.stepdefinition.UniversalSteps.invokeElementMethod(UniversalSteps.java:117)
	at com.zelle.stepdefinition.UniversalSteps.validate_that_element_is_present(UniversalSteps.java:268)
	at sun.reflect.NativeMethodAccessorImpl.invoke0(Native Method)
	at sun.reflect.NativeMethodAccessorImpl.invoke(Unknown Source)
	at sun.reflect.DelegatingMethodAccessorImpl.invoke(Unknown Source)
	at java.lang.reflect.Method.invoke(Unknown Source)
	at cucumber.runtime.Utils$1.call(Utils.java:37)
	at cucumber.runtime.Timeout.timeout(Timeout.java:13)
	at cucumber.runtime.Utils.invoke(Utils.java:31)
	at cucumber.runtime.java.JavaStepDefinition.execute(JavaStepDefinition.java:41)
	at cucumber.runtime.StepDefinitionMatch.runStep(StepDefinitionMatch.java:37)
	at cucumber.runtime.Runtime.runStep(Runtime.java:314)
	at cucumber.runtime.model.StepContainer.runStep(StepContainer.java:44)
	at cucumber.runtime.model.StepContainer.runSteps(StepContainer.java:39)
	at cucumber.runtime.model.CucumberScenario.run(CucumberScenario.java:44)
	at cucumber.runtime.model.CucumberFeature.run(CucumberFeature.java:165)
	at cucumber.api.testng.TestNGCucumberRunner.runCucumber(TestNGCucumberRunner.java:63)
	at cucumber.api.testng.AbstractTestNGCucumberTests.feature(AbstractTestNGCucumberTests.java:21)
	at sun.reflect.NativeMethodAccessorImpl.invoke0(Native Method)
	at sun.reflect.NativeMethodAccessorImpl.invoke(Unknown Source)
	at sun.reflect.DelegatingMethodAccessorImpl.invoke(Unknown Source)
	at java.lang.reflect.Method.invoke(Unknown Source)
	at org.testng.internal.MethodInvocationHelper.invokeMethod(MethodInvocationHelper.java:85)
	at org.testng.internal.Invoker.invokeMethod(Invoker.java:639)
	at org.testng.internal.Invoker.invokeTestMethod(Invoker.java:816)
	at org.testng.internal.Invoker.invokeTestMethods(Invoker.java:1124)
	at org.testng.internal.TestMethodWorker.invokeTestMethods(TestMethodWorker.java:125)
	at org.testng.internal.TestMethodWorker.run(TestMethodWorker.java:108)
	at org.testng.TestRunner.privateRun(TestRunner.java:774)
	at org.testng.TestRunner.run(TestRunner.java:624)
	at org.testng.SuiteRunner.runTest(SuiteRunner.java:359)
	at org.testng.SuiteRunner.runSequentially(SuiteRunner.java:354)
	at org.testng.SuiteRunner.privateRun(SuiteRunner.java:312)
	at org.testng.SuiteRunner.run(SuiteRunner.java:261)
	at org.testng.SuiteRunnerWorker.runSuite(SuiteRunnerWorker.java:52)
	at org.testng.SuiteRunnerWorker.run(SuiteRunnerWorker.java:86)
	at org.testng.TestNG.runSuitesSequentially(TestNG.java:1215)
	at org.testng.TestNG.runSuitesLocally(TestNG.java:1140)
	at org.testng.TestNG.run(TestNG.java:1048)
	at org.testng.remote.AbstractRemoteTestNG.run(AbstractRemoteTestNG.java:115)
	at org.testng.remote.RemoteTestNG.initAndRun(RemoteTestNG.java:251)
	at org.testng.remote.RemoteTestNG.main(RemoteTestNG.java:77)
java.lang.NoSuchFieldException: btnChange
	at java.lang.Class.getField(Unknown Source)
	at com.zelle.stepdefinition.UniversalSteps.invokeElementMethod(UniversalSteps.java:117)
	at com.zelle.stepdefinition.UniversalSteps.user_clicks_on_element(UniversalSteps.java:202)
	at sun.reflect.NativeMethodAccessorImpl.invoke0(Native Method)
	at sun.reflect.NativeMethodAccessorImpl.invoke(Unknown Source)
	at sun.reflect.DelegatingMethodAccessorImpl.invoke(Unknown Source)
	at java.lang.reflect.Method.invoke(Unknown Source)
	at cucumber.runtime.Utils$1.call(Utils.java:37)
	at cucumber.runtime.Timeout.timeout(Timeout.java:13)
	at cucumber.runtime.Utils.invoke(Utils.java:31)
	at cucumber.runtime.java.JavaStepDefinition.execute(JavaStepDefinition.java:41)
	at cucumber.runtime.StepDefinitionMatch.runStep(StepDefinitionMatch.java:37)
	at cucumber.runtime.Runtime.runStep(Runtime.java:314)
	at cucumber.runtime.model.StepContainer.runStep(StepContainer.java:44)
	at cucumber.runtime.model.StepContainer.runSteps(StepContainer.java:39)
	at cucumber.runtime.model.CucumberScenario.run(CucumberScenario.java:44)
	at cucumber.runtime.model.CucumberFeature.run(CucumberFeature.java:165)
	at cucumber.api.testng.TestNGCucumberRunner.runCucumber(TestNGCucumberRunner.java:63)
	at cucumber.api.testng.AbstractTestNGCucumberTests.feature(AbstractTestNGCucumberTests.java:21)
	at sun.reflect.NativeMethodAccessorImpl.invoke0(Native Method)
	at sun.reflect.NativeMethodAccessorImpl.invoke(Unknown Source)
	at sun.reflect.DelegatingMethodAccessorImpl.invoke(Unknown Source)
	at java.lang.reflect.Method.invoke(Unknown Source)
	at org.testng.internal.MethodInvocationHelper.invokeMethod(MethodInvocationHelper.java:85)
	at org.testng.internal.Invoker.invokeMethod(Invoker.java:639)
	at org.testng.internal.Invoker.invokeTestMethod(Invoker.java:816)
	at org.testng.internal.Invoker.invokeTestMethods(Invoker.java:1124)
	at org.testng.internal.TestMethodWorker.invokeTestMethods(TestMethodWorker.java:125)
	at org.testng.internal.TestMethodWorker.run(TestMethodWorker.java:108)
	at org.testng.TestRunner.privateRun(TestRunner.java:774)
	at org.testng.TestRunner.run(TestRunner.java:624)
	at org.testng.SuiteRunner.runTest(SuiteRunner.java:359)
	at org.testng.SuiteRunner.runSequentially(SuiteRunner.java:354)
	at org.testng.SuiteRunner.privateRun(SuiteRunner.java:312)
	at org.testng.SuiteRunner.run(SuiteRunner.java:261)
	at org.testng.SuiteRunnerWorker.runSuite(SuiteRunnerWorker.java:52)
	at org.testng.SuiteRunnerWorker.run(SuiteRunnerWorker.java:86)
	at org.testng.TestNG.runSuitesSequentially(TestNG.java:1215)
	at org.testng.TestNG.runSuitesLocally(TestNG.java:1140)
	at org.testng.TestNG.run(TestNG.java:1048)
	at org.testng.remote.AbstractRemoteTestNG.run(AbstractRemoteTestNG.java:115)
	at org.testng.remote.RemoteTestNG.initAndRun(RemoteTestNG.java:251)
	at org.testng.remote.RemoteTestNG.main(RemoteTestNG.java:77)
java.lang.reflect.InvocationTargetException
	at sun.reflect.NativeMethodAccessorImpl.invoke0(Native Method)
	at sun.reflect.NativeMethodAccessorImpl.invoke(Unknown Source)
	at sun.reflect.DelegatingMethodAccessorImpl.invoke(Unknown Source)
	at java.lang.reflect.Method.invoke(Unknown Source)
	at com.zelle.stepdefinition.UniversalSteps.invokeMethod(UniversalSteps.java:104)
	at com.zelle.stepdefinition.UniversalSteps.validate_that_user_is_on_page(UniversalSteps.java:172)
	at sun.reflect.NativeMethodAccessorImpl.invoke0(Native Method)
	at sun.reflect.NativeMethodAccessorImpl.invoke(Unknown Source)
	at sun.reflect.DelegatingMethodAccessorImpl.invoke(Unknown Source)
	at java.lang.reflect.Method.invoke(Unknown Source)
	at cucumber.runtime.Utils$1.call(Utils.java:37)
	at cucumber.runtime.Timeout.timeout(Timeout.java:13)
	at cucumber.runtime.Utils.invoke(Utils.java:31)
	at cucumber.runtime.java.JavaStepDefinition.execute(JavaStepDefinition.java:41)
	at cucumber.runtime.StepDefinitionMatch.runStep(StepDefinitionMatch.java:37)
	at cucumber.runtime.Runtime.runStep(Runtime.java:314)
	at cucumber.runtime.model.StepContainer.runStep(StepContainer.java:44)
	at cucumber.runtime.model.StepContainer.runSteps(StepContainer.java:39)
	at cucumber.runtime.model.CucumberScenario.run(CucumberScenario.java:44)
	at cucumber.runtime.model.CucumberFeature.run(CucumberFeature.java:165)
	at cucumber.api.testng.TestNGCucumberRunner.runCucumber(TestNGCucumberRunner.java:63)
	at cucumber.api.testng.AbstractTestNGCucumberTests.feature(AbstractTestNGCucumberTests.java:21)
	at sun.reflect.NativeMethodAccessorImpl.invoke0(Native Method)
	at sun.reflect.NativeMethodAccessorImpl.invoke(Unknown Source)
	at sun.reflect.DelegatingMethodAccessorImpl.invoke(Unknown Source)
	at java.lang.reflect.Method.invoke(Unknown Source)
	at org.testng.internal.MethodInvocationHelper.invokeMethod(MethodInvocationHelper.java:85)
	at org.testng.internal.Invoker.invokeMethod(Invoker.java:639)
	at org.testng.internal.Invoker.invokeTestMethod(Invoker.java:816)
	at org.testng.internal.Invoker.invokeTestMethods(Invoker.java:1124)
	at org.testng.internal.TestMethodWorker.invokeTestMethods(TestMethodWorker.java:125)
	at org.testng.internal.TestMethodWorker.run(TestMethodWorker.java:108)
	at org.testng.TestRunner.privateRun(TestRunner.java:774)
	at org.testng.TestRunner.run(TestRunner.java:624)
	at org.testng.SuiteRunner.runTest(SuiteRunner.java:359)
	at org.testng.SuiteRunner.runSequentially(SuiteRunner.java:354)
	at org.testng.SuiteRunner.privateRun(SuiteRunner.java:312)
	at org.testng.SuiteRunner.run(SuiteRunner.java:261)
	at org.testng.SuiteRunnerWorker.runSuite(SuiteRunnerWorker.java:52)
	at org.testng.SuiteRunnerWorker.run(SuiteRunnerWorker.java:86)
	at org.testng.TestNG.runSuitesSequentially(TestNG.java:1215)
	at org.testng.TestNG.runSuitesLocally(TestNG.java:1140)
	at org.testng.TestNG.run(TestNG.java:1048)
	at org.testng.remote.AbstractRemoteTestNG.run(AbstractRemoteTestNG.java:115)
	at org.testng.remote.RemoteTestNG.initAndRun(RemoteTestNG.java:251)
	at org.testng.remote.RemoteTestNG.main(RemoteTestNG.java:77)
Caused by: org.openqa.selenium.NoSuchElementException: no such element: Unable to locate element: {"method":"xpath","selector":"//div[@class='centerNavigationSection']/span[text()='Select Recipient']"}
  (Session info: chrome=84.0.4147.89)
For documentation on this error, please visit: http://seleniumhq.org/exceptions/no_such_element.html
Build info: version: '3.141.5', revision: 'd54ebd709a', time: '2018-11-06T11:42:16'
System info: host: 'IXC1-LT3WBDWT2', ip: '100.77.62.251', os.name: 'Windows 10', os.arch: 'amd64', os.version: '10.0', java.version: '1.8.0_162'
Driver info: org.openqa.selenium.chrome.ChromeDriver
Capabilities {acceptInsecureCerts: false, browserName: chrome, browserVersion: 84.0.4147.89, chrome: {chromedriverVersion: 83.0.4103.39 (ccbf011cb2d2b..., userDataDir: C:\Users\e3019085\AppData\L...}, goog:chromeOptions: {debuggerAddress: localhost:63167}, javascriptEnabled: true, networkConnectionEnabled: false, pageLoadStrategy: normal, platform: WINDOWS, platformName: WINDOWS, proxy: Proxy(), setWindowRect: true, strictFileInteractability: false, timeouts: {implicit: 0, pageLoad: 300000, script: 30000}, unhandledPromptBehavior: dismiss and notify, webauthn:virtualAuthenticators: true}
Session ID: 4ad2d0c59943cd3ababb0f35c49a155a
*** Element info: {Using=xpath, value=//div[@class='centerNavigationSection']/span[text()='Select Recipient']}
	at sun.reflect.NativeConstructorAccessorImpl.newInstance0(Native Method)
	at sun.reflect.NativeConstructorAccessorImpl.newInstance(Unknown Source)
	at sun.reflect.DelegatingConstructorAccessorImpl.newInstance(Unknown Source)
	at java.lang.reflect.Constructor.newInstance(Unknown Source)
	at org.openqa.selenium.remote.http.W3CHttpResponseCodec.createException(W3CHttpResponseCodec.java:187)
	at org.openqa.selenium.remote.http.W3CHttpResponseCodec.decode(W3CHttpResponseCodec.java:122)
	at org.openqa.selenium.remote.http.W3CHttpResponseCodec.decode(W3CHttpResponseCodec.java:49)
	at org.openqa.selenium.remote.HttpCommandExecutor.execute(HttpCommandExecutor.java:158)
	at org.openqa.selenium.remote.service.DriverCommandExecutor.execute(DriverCommandExecutor.java:83)
	at org.openqa.selenium.remote.RemoteWebDriver.execute(RemoteWebDriver.java:552)
	at org.openqa.selenium.remote.RemoteWebDriver.findElement(RemoteWebDriver.java:323)
	at org.openqa.selenium.remote.RemoteWebDriver.findElementByXPath(RemoteWebDriver.java:428)
	at org.openqa.selenium.By$ByXPath.findElement(By.java:353)
	at org.openqa.selenium.remote.RemoteWebDriver.findElement(RemoteWebDriver.java:315)
	at com.epp.webelement.BaseElement.get(BaseElement.java:46)
	at com.epp.zelle.pages.BasePage.isOpen(BasePage.java:28)
	... 46 more
...
2021-01-10 13:34:28 INFO  - [class com.epp.executor.CukeExecutor] : Initiating drivers
2021-01-10 13:34:28 INFO  - [class com.epp.initdriver.RDPDriver] : Setup the new driver
2021-01-10 13:34:31 INFO  - [class com.epp.initdriver.RDPDriver] : Created Chrome driver instace
2021-01-10 13:34:31 INFO  - [class com.epp.initdriver.RDPDriver] : Maximize the explorer window
2021-01-10 13:34:31 INFO  - [class com.epp.executor.CukeExecutor] : Initialisation of drivers is completed successfully
2021-01-10 13:34:31 INFO  - [class com.epp.executor.CukeExecutor] : Initiating drivers
2021-01-10 13:34:31 INFO  - [class com.epp.executor.CukeExecutor] : Initialisation of drivers is completed successfully
2021-01-10 13:34:31 DEBUG - FileName set to C:\SeleniumWorkSpace\DigiPayZelleAutomation\src\main\java\com\epp\config\Logger.properties
2021-01-10 13:34:31 DEBUG - ConfigurationUtils.locate(): base is null, name is C:\SeleniumWorkSpace\DigiPayZelleAutomation\src\main\java\com\epp\config\Logger.properties
2021-01-10 13:34:31 DEBUG - Could not locate file C:\SeleniumWorkSpace\DigiPayZelleAutomation\src\main\java\com\epp\config\Logger.properties at null: unknown protocol: c
2021-01-10 13:34:31 DEBUG - Loading configuration from the absolute path C:\SeleniumWorkSpace\DigiPayZelleAutomation\src\main\java\com\epp\config\Logger.properties
2021-01-10 13:34:31 DEBUG - Base path set to file:///C:/SeleniumWorkSpace/DigiPayZelleAutomation/src/main/java/com/epp/config/Logger.properties
