2020-07-24 14:45:53 INFO  - [class com.epp.executor.CukeExecutor] : Initiating Loggers Instance with file name: ZelleLogger_07_24_2020 14_45_53
2020-07-24 14:45:53 INFO  - [class com.epp.executor.CukeExecutor] : Initiating Extent Reports Instance with file name: ZelleTestReport_07_24_2020 14_45_53
2020-07-24 14:45:53 INFO  - [class com.zelle.stepdefinition.UniversalSteps] : UniversalStep: Create user one using services and Launch URL
2020-07-24 14:45:53 INFO  - [class com.epp.api.executor.APIExecutor] : API Executor constructor, assigning all the values to variable of API 
2020-07-24 14:45:53 INFO  - [class com.epp.api.executor.APIExecutor] : Closing all the instances of Excel sheets
2020-07-24 14:45:53 INFO  - [class com.epp.api.executor.APIExecutor] : Request which need to run: AddConsumer.xml
2020-07-24 14:45:53 INFO  - [class com.epp.api.utils.APIGenerics] : Reading the file and returing the document instance
2020-07-24 14:45:53 INFO  - [class com.epp.api.executor.APIExecutor] : Reading XML file into Document instance is done
2020-07-24 14:45:54 INFO  - [class com.epp.api.utils.APIGenerics] : keyValueData generated:  {TCName=, wsse:Username=, wsse:Password=, req:MtvnSvcVer=, req:ApplID=, req:SvcID=, req:SvcVer=, req:RoutingID=, com1:addr1=, com1:city=, com1:state=, com1:postalCode=, com1:country=, com1:type=, com1:number=, com1:isPrimary=, com1:email=, com1:userId=}
2020-07-24 14:45:54 INFO  - [class com.epp.api.utils.APIGenerics] : keyValueData generated:  {TCName=Zelle_AddConsumer_TC01, wsse:Username=FISEPAY_DEV, wsse:Password=RaDrup5E4awreP, req:MtvnSvcVer=v1.6.0, req:ApplID=ZELLE, req:SvcID=AddConsumer, req:SvcVer=v1.6.0, req:RoutingID=fis-50202, com1:addr1=10610 Faulkner Point way, com1:city=Irving, com1:state=TX, com1:postalCode=75063-1234, com1:country=US, com1:type=HOME, com1:number=100001111189, com1:isPrimary=true, com1:email=gulabo@yahoo.com, com1:userId=xyxde9111117}
2020-07-24 14:45:54 INFO  - [class com.epp.api.utils.APIGenerics] : keyValueData generated:  {TCName=Zelle_AddConsumer_TC01, wsse:Username=FISEPAY_DEV, wsse:Password=RaDrup5E4awreP, req:MtvnSvcVer=v1.6.0, req:ApplID=ZELLE, req:SvcID=AddConsumer, req:SvcVer=v1.6.0, req:RoutingID=fis-50202, com1:addr1=10610 Faulkner Point way, com1:city=Irving, com1:state=TX, com1:postalCode=75063-1234, com1:country=US, com1:type=HOME, com1:number=100001111189, com1:isPrimary=true, com1:email=gulabo@yahoo.com, com1:userId=xyxde9111117}
2020-07-24 14:45:54 INFO  - [class com.epp.api.utils.APIGenerics] : Random alphaNumeric generate: acd6PT
2020-07-24 14:45:54 INFO  - [class com.epp.api.utils.APIGenerics] : Random alphabet generate: hfQS
2020-07-24 14:45:54 INFO  - [class com.epp.api.utils.APIGenerics] : Random number generate: 68016
2020-07-24 14:45:54 INFO  - [class com.epp.api.utils.APIGenerics] : Random email id generate: hfQS68016@yahoo.com
2020-07-24 14:45:54 INFO  - [class com.epp.api.utils.APIGenerics] : Random number generate: 8700734
2020-07-24 14:45:54 INFO  - [class com.epp.api.utils.APIGenerics] : Random phone generate: 2018700734
2020-07-24 14:45:54 INFO  - [class com.epp.api.utils.APIGenerics] : Parcing of xml file is done
2020-07-24 14:45:54 INFO  - [class com.epp.api.utils.APIGenerics] : Getting timestamp in yyyyMMdd_HHmmss this formats 
2020-07-24 14:45:54 INFO  - [class com.epp.api.utils.APIGenerics] : Creating the xml file at run level
2020-07-24 14:45:54 INFO  - [class com.epp.api.executor.APIExecutor] : Hitting the request using post method
2020-07-24 14:45:54 INFO  - [class com.epp.api.soaphit.GetSoapResponse] : Into Post Method
2020-07-24 14:45:54 INFO  - [class com.epp.api.soaphit.GetSoapResponse] : Base End Point URL: https://localhost:1122/services/port
2020-07-24 14:45:54 INFO  - [class com.epp.api.soaphit.GetSoapResponse] : XML request file path: C:\SeleniumWorkspace\DigiPayZelleAutomation\src\main\java\com\epp\api\temp\Request_Zelle_AddConsumer_TC01_20200724_144554.xml
2020-07-24 14:45:55 DEBUG - Get connection for route {s}->https://localhost:1122
2020-07-24 14:45:55 DEBUG - Connecting to localhost:1122
2020-07-24 14:45:57 DEBUG - CookieSpec selected: ignoreCookies
2020-07-24 14:45:57 DEBUG - Auth cache not set in the context
2020-07-24 14:45:57 DEBUG - Target auth state: UNCHALLENGED
2020-07-24 14:45:57 DEBUG - Proxy auth state: UNCHALLENGED
2020-07-24 14:45:57 DEBUG - Attempt 1 to execute request
2020-07-24 14:45:57 DEBUG - Sending request: POST /services/port/v1_6 HTTP/1.1
2020-07-24 14:45:57 DEBUG -  >> "POST /services/port/v1_6 HTTP/1.1[\r][\n]"
2020-07-24 14:45:57 DEBUG -  >> "SOAPAction: authenticate[\r][\n]"
2020-07-24 14:45:57 DEBUG -  >> "Accept: */*[\r][\n]"
2020-07-24 14:45:57 DEBUG -  >> "Content-Type: application/soap+xml; charset=UTF-8;[\r][\n]"
2020-07-24 14:45:57 DEBUG -  >> "Content-Length: 5407[\r][\n]"
2020-07-24 14:45:57 DEBUG -  >> "Host: localhost:1122[\r][\n]"
2020-07-24 14:45:57 DEBUG -  >> "Connection: Keep-Alive[\r][\n]"
2020-07-24 14:45:57 DEBUG -  >> "User-Agent: Apache-HttpClient/4.5.3 (Java/1.8.0_162)[\r][\n]"
2020-07-24 14:45:57 DEBUG -  >> "Accept-Encoding: gzip,deflate[\r][\n]"
2020-07-24 14:45:57 DEBUG -  >> "[\r][\n]"
2020-07-24 14:45:57 DEBUG - >> POST /services/port/v1_6 HTTP/1.1
2020-07-24 14:45:57 DEBUG - >> SOAPAction: authenticate
2020-07-24 14:45:57 DEBUG - >> Accept: */*
2020-07-24 14:45:57 DEBUG - >> Content-Type: application/soap+xml; charset=UTF-8;
2020-07-24 14:45:57 DEBUG - >> Content-Length: 5407
2020-07-24 14:45:57 DEBUG - >> Host: localhost:1122
2020-07-24 14:45:57 DEBUG - >> Connection: Keep-Alive
2020-07-24 14:45:57 DEBUG - >> User-Agent: Apache-HttpClient/4.5.3 (Java/1.8.0_162)
2020-07-24 14:45:57 DEBUG - >> Accept-Encoding: gzip,deflate
2020-07-24 14:45:57 DEBUG -  >> "<?xml version="1.0" encoding="UTF-8" standalone="no"?><soapenv:Envelope xmlns:soapenv="http://schemas.xmlsoap.org/soap/envelope/" xmlns:com="http://metavante.com/types/common" xmlns:com1="http://epayments.metavante.com/types/common" xmlns:req="http://epayments.metavante.com/types/request" xmlns:req1="http://epayments.metavante.com/types/consumerPayee/request" xmlns:req2="http://epayments.metavante.com/types/fi/request" xmlns:req3="http://epayments.metavante.com/types/fundingAccount/request" xmlns:req4="http://epayments.metavante.com/types/merchant/request" xmlns:req5="http://epayments.metavante.com/types/security/request" xmlns:req6="http://epayments.metavante.com/types/user/request" xmlns:req7="http://epayments.metavante.com/types/consumer/request" xmlns:req8="http://epayments.metavante.com/types/checkimage/request" xmlns:wsse="http://docs.oasis-open.org/wss/2004/01/oasis-200401-wss-wssecurity-secext-1.0.xsd">[\r][\n]"
2020-07-24 14:45:57 DEBUG -  >> "   <soapenv:Header>[\r][\n]"
2020-07-24 14:45:57 DEBUG -  >> "      <wsse:Security>[\r][\n]"
2020-07-24 14:45:57 DEBUG -  >> "         <wsse:UsernameToken>[\r][\n]"
2020-07-24 14:45:57 DEBUG -  >> "            <wsse:Username>FISEPAY_DEV</wsse:Username>[\r][\n]"
2020-07-24 14:45:57 DEBUG -  >> "            <wsse:Password>RaDrup5E4awreP</wsse:Password>[\r][\n]"
2020-07-24 14:45:57 DEBUG -  >> "         </wsse:UsernameToken>[\r][\n]"
2020-07-24 14:45:57 DEBUG -  >> "      </wsse:Security>[\r][\n]"
2020-07-24 14:45:57 DEBUG -  >> "   </soapenv:Header>[\r][\n]"
2020-07-24 14:45:57 DEBUG -  >> "   <soapenv:Body>[\r][\n]"
2020-07-24 14:45:57 DEBUG -  >> "      <req:EbMtvnSvcReq>[\r][\n]"
2020-07-24 14:45:57 DEBUG -  >> "         <req:MtvnSvcVer>v1.6.0</req:MtvnSvcVer>[\r][\n]"
2020-07-24 14:45:57 DEBUG -  >> "         <req:MsgUUID>?</req:MsgUUID>[\r][\n]"
2020-07-24 14:45:57 DEBUG -  >> "         <req:PrcsParms>[\r][\n]"
2020-07-24 14:45:57 DEBUG -  >> "            <req:SrcID>MVEPAY</req:SrcID>[\r][\n]"
2020-07-24 14:45:57 DEBUG -  >> "         </req:PrcsParms>[\r][\n]"
2020-07-24 14:45:57 DEBUG -  >> "         <req:Svc>[\r][\n]"
2020-07-24 14:45:57 DEBUG -  >> "            <req:SvcParms>[\r][\n]"
2020-07-24 14:45:57 DEBUG -  >> "               <req:ApplID>ZELLE</req:ApplID>[\r][\n]"
2020-07-24 14:45:57 DEBUG -  >> "               <req:SvcID>AddConsumer</req:SvcID>[\r][\n]"
2020-07-24 14:45:57 DEBUG -  >> "               <req:SvcVer>v1.6.0</req:SvcVer>[\r][\n]"
2020-07-24 14:45:57 DEBUG -  >> "               <req:RoutingID>fis-50202</req:RoutingID>[\r][\n]"
2020-07-24 14:45:57 DEBUG -  >> "            </req:SvcParms>[\r][\n]"
2020-07-24 14:45:57 DEBUG -  >> "            <req:MsgData>[\r][\n]"
2020-07-24 14:45:57 DEBUG -  >> "               <req:AddConsumer>[\r][\n]"
2020-07-24 14:45:57 DEBUG -  >> "                  <req1:locale>en-US</req1:locale>[\r][\n]"
2020-07-24 14:45:57 DEBUG -  >> "                  <com:channelName/>[\r][\n]"
2020-07-24 14:45:57 DEBUG -  >> "                  <req7:consumerInfo>[\r][\n]"
2020-07-24 14:45:57 DEBUG -  >> "                     <com1:individualConsumer>[\r][\n]"
2020-07-24 14:45:57 DEBUG -  >> "                        <com1:firstName>manjinder</com1:firstName>[\r][\n]"
2020-07-24 14:45:57 DEBUG -  >> "                        <com1:middleName>Y</com1:middleName>[\r][\n]"
2020-07-24 14:45:57 DEBUG -  >> "                        <com1:lastName>singh</com1:lastName>[\r][\n]"
2020-07-24 14:45:57 DEBUG -  >> "                        <com1:SSN>999-99-0000</com1:SSN>[\r][\n]"
2020-07-24 14:45:57 DEBUG -  >> "                        <com1:birthDate>1984-12-31</com1:birthDate>[\r][\n]"
2020-07-24 14:45:57 DEBUG -  >> "                     </com1:individualConsumer>[\r][\n]"
2020-07-24 14:45:57 DEBUG -  >> "                     <com1:address>[\r][\n]"
2020-07-24 14:45:57 DEBUG -  >> "                        <com1:addr1>10610 Faulkner Point way</com1:addr1>[\r][\n]"
2020-07-24 14:45:57 DEBUG -  >> "                        <com1:city>Irving</com1:city>[\r][\n]"
2020-07-24 14:45:57 DEBUG -  >> "                        <com1:state>TX</com1:state>[\r][\n]"
2020-07-24 14:45:57 DEBUG -  >> "                        <com1:postalCode>75063-1234</com1:postalCode>[\r][\n]"
2020-07-24 14:45:57 DEBUG -  >> "                        <com1:country>US</com1:country>[\r][\n]"
2020-07-24 14:45:57 DEBUG -  >> "                        <com1:phoneNumberList>[\r][\n]"
2020-07-24 14:45:57 DEBUG -  >> "                           <com1:phoneNumber>[\r][\n]"
2020-07-24 14:45:57 DEBUG -  >> "                              <com1:type>HOME</com1:type>[\r][\n]"
2020-07-24 14:45:57 DEBUG -  >> "                            <com1:number>2018700734</com1:number>[\r][\n]"
2020-07-24 14:45:57 DEBUG -  >> "                              <com1:isPrimary>true</com1:isPrimary>[\r][\n]"
2020-07-24 14:45:57 DEBUG -  >> "                           </com1:phoneNumber>[\r][\n]"
2020-07-24 14:45:57 DEBUG -  >> "                        </com1:phoneNumberList>[\r][\n]"
2020-07-24 14:45:57 DEBUG -  >> "                     </com1:address>[\r][\n]"
2020-07-24 14:45:57 DEBUG -  >> "                     <com1:email>hfQS68016@yahoo.com</com1:email>[\r][\n]"
2020-07-24 14:45:57 DEBUG -  >> "                     <!--com1:serviceId>1</com1:serviceId-->[\r][\n]"
2020-07-24 14:45:57 DEBUG -  >> "                     <com1:termsAcceptedDate>2009-05-01T12:06:12Z</com1:termsAcceptedDate>[\r][\n]"
2020-07-24 14:45:57 DEBUG -  >> "                     <com1:paymentLimits>[\r][\n]"
2020-07-24 14:45:57 DEBUG -  >> "                        <com1:transactionLimit>[\r][\n]"
2020-07-24 14:45:57 DEBUG -  >> "                           <com1:amount>1</com1:amount>[\r][\n]"
2020-07-24 14:45:57 DEBUG -  >> "                           <com1:currencyCode>USD</com1:currencyCode>[\r][\n]"
2020-07-24 14:45:57 DEBUG -  >> "                        </com1:transactionLimit>[\r][\n]"
2020-07-24 14:45:57 DEBUG -  >> "                        <com1:dailyLimit>[\r][\n]"
2020-07-24 14:45:57 DEBUG -  >> "                           <com1:amount>1</com1:amount>[\r][\n]"
2020-07-24 14:45:57 DEBUG -  >> "                           <com1:currencyCode>USD</com1:currencyCode>[\r][\n]"
2020-07-24 14:45:57 DEBUG -  >> "                        </com1:dailyLimit>[\r][\n]"
2020-07-24 14:45:57 DEBUG -  >> "                     </com1:paymentLimits>[\r][\n]"
2020-07-24 14:45:57 DEBUG -  >> "                     <com1:emailFormatPreference>HTML</com1:emailFormatPreference>[\r][\n]"
2020-07-24 14:45:57 DEBUG -  >> "                  </req7:consumerInfo>[\r][\n]"
2020-07-24 14:45:57 DEBUG -  >> "                  <req7:userInfo>[\r][\n]"
2020-07-24 14:45:57 DEBUG -  >> "                     <com1:firstName>manjinder</com1:firstName>[\r][\n]"
2020-07-24 14:45:57 DEBUG -  >> "                     <com1:middleName>Y</com1:middleName>[\r][\n]"
2020-07-24 14:45:57 DEBUG -  >> "                     <com1:lastName>singh</com1:lastName>[\r][\n]"
2020-07-24 14:45:57 DEBUG -  >> "                     <com1:address>[\r][\n]"
2020-07-24 14:45:57 DEBUG -  >> "                        <com1:addr1>10610 Faulkner Point way</com1:addr1>[\r][\n]"
2020-07-24 14:45:57 DEBUG -  >> "                        <com1:city>Irving</com1:city>[\r][\n]"
2020-07-24 14:45:57 DEBUG -  >> "                        <com1:state>TX</com1:state>[\r][\n]"
2020-07-24 14:45:57 DEBUG -  >> "                        <com1:postalCode>75063-1234</com1:postalCode>[\r][\n]"
2020-07-24 14:45:57 DEBUG -  >> "                        <com1:country>US</com1:country>[\r][\n]"
2020-07-24 14:45:57 DEBUG -  >> "                        <com1:phoneNumberList>[\r][\n]"
2020-07-24 14:45:57 DEBUG -  >> "                           <com1:phoneNumber>[\r][\n]"
2020-07-24 14:45:57 DEBUG -  >> "                              <com1:type>HOME</com1:type>[\r][\n]"
2020-07-24 14:45:57 DEBUG -  >> "                              <com1:number>2018700734</com1:number>[\r][\n]"
2020-07-24 14:45:57 DEBUG -  >> "                              <com1:isPrimary>true</com1:isPrimary>[\r][\n]"
2020-07-24 14:45:57 DEBUG -  >> "                           </com1:phoneNumber>[\r][\n]"
2020-07-24 14:45:57 DEBUG -  >> "                        </com1:phoneNumberList>[\r][\n]"
2020-07-24 14:45:57 DEBUG -  >> "                     </com1:address>[\r][\n]"
2020-07-24 14:45:57 DEBUG -  >> "                     <com1:email>hfQS68016@yahoo.com</com1:email>[\r][\n]"
2020-07-24 14:45:57 DEBUG -  >> "                     <com1:userIdentity>[\r][\n]"
2020-07-24 14:45:57 DEBUG -  >> "                        <com1:userId>acd6PT</com1:userId>[\r][\n]"
2020-07-24 14:45:57 DEBUG -  >> "                     </com1:userIdentity>[\r][\n]"
2020-07-24 14:45:57 DEBUG -  >> "                     <com1:password>abc123</com1:password>[\r][\n]"
2020-07-24 14:45:57 DEBUG -  >> "                  </req7:userInfo>[\r][\n]"
2020-07-24 14:45:57 DEBUG -  >> "               </req:AddConsumer>[\r][\n]"
2020-07-24 14:45:57 DEBUG -  >> "            </req:MsgData>[\r][\n]"
2020-07-24 14:45:57 DEBUG -  >> "         </req:Svc>[\r][\n]"
2020-07-24 14:45:57 DEBUG -  >> "      </req:EbMtvnSvcReq>[\r][\n]"
2020-07-24 14:45:57 DEBUG -  >> "   </soapenv:Body>[\r][\n]"
2020-07-24 14:45:57 DEBUG -  >> "</soapenv:Envelope>"
2020-07-24 14:46:05 DEBUG -  << "HTTP/1.1 200 OK[\r][\n]"
2020-07-24 14:46:05 DEBUG -  << "X-Powered-By: Servlet/3.0[\r][\n]"
2020-07-24 14:46:05 DEBUG -  << "Content-Type: text/xml; charset=utf-8[\r][\n]"
2020-07-24 14:46:05 DEBUG -  << "Content-Encoding: gzip[\r][\n]"
2020-07-24 14:46:05 DEBUG -  << "Content-Language: en-US[\r][\n]"
2020-07-24 14:46:05 DEBUG -  << "Transfer-Encoding: chunked[\r][\n]"
2020-07-24 14:46:05 DEBUG -  << "Date: Fri, 24 Jul 2020 09:16:04 GMT[\r][\n]"
2020-07-24 14:46:05 DEBUG -  << "[\r][\n]"
2020-07-24 14:46:05 DEBUG - Receiving response: HTTP/1.1 200 OK
2020-07-24 14:46:05 DEBUG - << HTTP/1.1 200 OK
2020-07-24 14:46:05 DEBUG - << X-Powered-By: Servlet/3.0
2020-07-24 14:46:05 DEBUG - << Content-Type: text/xml; charset=utf-8
2020-07-24 14:46:05 DEBUG - << Content-Encoding: gzip
2020-07-24 14:46:05 DEBUG - << Content-Language: en-US
2020-07-24 14:46:05 DEBUG - << Transfer-Encoding: chunked
2020-07-24 14:46:05 DEBUG - << Date: Fri, 24 Jul 2020 09:16:04 GMT
2020-07-24 14:46:05 DEBUG - Connection can be kept alive indefinitely
2020-07-24 14:46:05 DEBUG - Parsing response as: text/xml; charset=utf-8
2020-07-24 14:46:05 DEBUG -  << "a[\r][\n]"
2020-07-24 14:46:05 DEBUG -  << "[0x1f][0x8b][0x8][0x0][0x0][0x0][0x0][0x0][0x0][0x0]"
2020-07-24 14:46:05 DEBUG -  << "[\r][\n]"
2020-07-24 14:46:05 DEBUG -  << "5af[\r][\n]"
2020-07-24 14:46:05 DEBUG -  << "[0xad]Xm[0x93][0xda]6[0x10][0xfe][0xde]_[0xc1][0xd0][0xcf]`[0xc9][0xbc]{[0x88]Sr![0x93][0x9b][0x81][0xeb]M[0x80]k[0x9a]o[0x8a]-[0xe][0xb7][0xb6][0xec]Z6[0x1c][0xff]>[0xab][0x95][0xf0][0xdb][0x91][0x6]g[0xc2][0xcc][0x1d][0xd6][0xee][0xea]yV+iw[0xcd][0xfc][0xed]K[0x14]v[0x8e]<[0x95]A,[0xde]ti[0x9f]t;\x[0xb1][0x1f][0x88][0xe7]7[0xdd][0xdd][0xf6]Co[0xda]}[0xeb][0xfe]6[0x97]1K[0xb8]8:Kq[0xe4]a[0x9c][0xf0][0xe]L[0x13][0xd2]1[0xe2]7[0xdd]C[0x96]%[0x8e]eI[0xef][0xc0]#&[0xfb][0xa0]U[0xaa]~[0x9c]>[[0xea][0xc1][0xe2]f[0x9e][0xd5]53_[0xa4]_[0xcc]:[0x9d]N[0xfd][0xd3][0x0][0x8d]mB[0xa8][0xf5]y[0xbd][0xda] Pi[0x1c][0xfc][0xd8][0xb8][0x17][0x8][0x99]1[0xe1][0xf1]n[0xc5][0xdf][0x8f][0x9c][0xf9]<[0x5][0xc1]IJ[0xee]l[0xb8][0x97][0xa7]Av6[0xb0]JV[0xe0][0xfa][0xb1]'[0xfb]1[0x93][0x81][0xec][0x81][0x9f][0x2][0x9][0xc0]@[0x91][0xc]-[0xe0][0xd1]*5"[0xb4][0x7][\n]"
2020-07-24 14:46:05 DEBUG -  << "[0xf5]g[0xe0]z[0xf0][0xc0]_[0xb2][0x1e]D[0xaf][0xf][0xeb][0xea]v.[0xec]Q.[0xb3][0x9d][0x0][0x7][0x94]c[0xb0]^[0xda]u[0xc1][0x91][0xdc][0xd9][0x6][0x11][0x7]Q[0x94][0x14][0x8e][0xe4][0xbf][0xc4][0x8f]<[0xb]B[0xf5]]8[0xa2][0xc8][0xee][0x81][0xb8] [0xec]QBl:[0x19][0xce]FS[0xe3][0xcb]][0xca]Y[0xc6]}[0xd7]&6[0xe9][0x91]I[0xcf][0x1e]n[0xc9][0xcc][0xa1]c[0x87][0xc][0xfb][0xb3][0xe9][0xf0][0xcb][0xdc][0xaa]Z[0xe1][0x94][0xe5]K[0x12][0xa4]\6[0xa6][0xd8][0xb4]>[0xe5]b[0xa5]G[0x85][0x7]8[0xae][0xec][0x5][0x8c][0x1b][0x9b]Ul[0xde][0xbb][0xd8][0x7][0xf5][0xf2][0xeb]:;[0x8a][0xcd][0xd1][0xfb][0xc4][0xa5][0x8e]W[0x11]+[0x9e][0xb0]s[0xc4]E&[0xfb][0x11][0xcf][0xd8][0x91][0x89][0x8c][0xf7][0xbd]8[0xb2][0xb2]s[0xc2][0xa5][0x5][0xe4]I,$[0x9c][0x87][0xb9]Ax[0x2][0xf4]#[0xed][0x8f][0xfb]dnUD[0xf3][0xb5]|[0xde][0xed][0xee][0xdf][0xbb]oAl[0x1e][0xe7][0xa0][0xc3][0x8f],[0x8d]`[0x11][0x8b]$[0x9]A[0xfc]e[0xb9]Z-[0xe7][0x96][0x19])=|-|[0xff][0xe][0x88][0xf2][0x88][0xa7]sK[0x8b][0xe6][\r][0xb6][0xb][0x93]U"[0x2][0xd3]{[0x96]1[0x80].[0xa7][0xbb]s![0xa9][0x3][0x91][0x92][0xec][0x99][0xaf][0x2][0x99][0x99][0x3][0x2][0xd2]b[0xd1][0xd7][0x96][\n]"
2020-07-24 14:46:05 DEBUG -  << "OQ,`[0xa1]Vc[0xbe][0x2][0xb4][0x1d][0xc1]O[0x17][0x86][0x2][0xd0][0xbe]1[0x8a][0x9e][0x99]X[\r][0xa7][0x90][0x3][0xe7]"[0xbf][0xf7]ajy[0xa7]@u3[0xb0][0xf1][0xb9][0x8e][0xe6][0xda][0x93][0x19][0xb5][0xa7][0xa3][0x99]ZKM[0xd1][0x14]h^5[0xe8][0x4][0xc2][0xf][0x8e][0x81][0x9f][0xb3][0xf0][0xd5]B[0x87][0xed][0xfd][0x19]:[0xfb][0x0][0xee][0xec][0x3][0x8b][0xb8][0x1b]1[0xf1]O[0xa0][0xee][0xb0][0xa2][0xaf]*[0xd0].[\n]"
2020-07-24 14:46:05 DEBUG -  << "|?[0xe4]8[0xfe][[0x1b]T$h[0x11]2c/![0xa5][0x1e][0xb4]M!C[0x8b][0xcd][0xe6][0xc1][0x9d][0xa9][0xf][0x81][0x8f]6P"[0xd4]}[\r][0xd2][0xec][0x0][0xc7][0x84][0xbb][0x14]nV[0x8f][0xda][0xbd][0x1][0xd5]&[0xa5]F[0x8f]_G@![0x8c][0x1c][0xe6][0xfb][0xb0]s[0xb2][0x8][0xc7][0xa8]}84[0x8]u)[0x19]S[0xd2][0xf9][0xc0][0xf2][0xf0]_[0x1][0x1]~[0x8c][0x3][0x91]uN[0xec][0xac][0x1c][0xb8][0xd8][0xa0][0xb9][0xa7][0xf6][0xe5]>=[0xc2][0x8a][0xb5][0xce]3[0x1b]5r [0x7][0x80][0xcb][0xdb][0xcf]Z[0xae]G[0xa8]Hb[0x18][0x80][0xef]>w'#2[0x1e]P{0[0xd4]F[0x15][0x8d]F[0x8f]s[0x91][0xa5]gw[0xb7]1[0xe0]f[0xac]a[0xe][0xb1][0xe0][0xf]y[0xf4][0x95][0xa7][0x97][0xf3]_[0x13]j[0x81]Z[0xa2][0xfb][0xf1][0xcf][0xf5]R#[0xe0][0x10][0x15]B[0x1b][0xd9][0x84]N'[0x84]L..[0x18][0xb1][0xf1][0xa7][0x8a][0xd6][0x94]hR[0xab][0x12]y[0x5]<v[0xa0]@[0x5]a[0xb1][0x9][0xe3][0x96][0x9b]p[0xd8][0xff]'[0xc7]SB[0xc7][0x9c][0xd9]![0x8e][0x95][0x85][0xe2]0[0xb0][0x8a]a[0xe2]H[0xe][0x1][0xf7][0xf8][0xbd]_[0xb0]LZ[0xb2][0x8c][0x8][0x9e][0xad][\n]"
2020-07-24 14:46:05 DEBUG -  << "[0x94]B[0x9e][0x16]W[0xee]][0x10][0x86][0xb0][0xa5][0x8f]![0x13][0x5][0xc7][0xb4]%[0xc7][0xe3]j[0xf1][0xd0][0xf9][0x1d]y[0xae][0x2]+[0xc6][0x99]c[0xa0]VA[0x14]d[0xe5][0xd1][0x9d][0xb5]?[0xba]3'K[0x99][0x90][0xcc][0xcb][0xa0][0xbf]A8-e[0x91]:4.[0x14]J[0xbc]q[0x85][0x0][0x95]P[0x98]Rh[0x82][0xce]x[0xe4]v[0x9b][0xf7][0xda][0xa2]&[0xd5][0xa2][0xeb][0xd8]>l[0xc9][0xf9][0x97]sUQ[0xad]W1[0xc2][0xc2]A[0x9c][0x8c]CiYx[0x1e]O[0xa0]X[0xab][0xe4]P[0xd6][0xf][0xd2]2x[0xd0]a[0xcc]zd[0xd4]#tKm[0x87][0x8c][0x1d]j[0xc3][0x2][0xc8][0x17],1W[0x98][0xd0][0x3][0xaa][0xf][0xe4][0x87]8[0x8d]X[0xf6][0x98][0xf2]=W[0xcb][0xa8]xA[z[0xf1]q[0xbb]^![0xe3]w[0x90][0x91][0xd5][0xc6]<[0x92][0x97][0x7][0x85][0xde]^[0xdc]4[0xcd][0xe2]n{[0xff][0x84][0xc9][0xa0][0x0]C[0xe4][0x1]D9[0xd1][0xe7][0x93][0xa7][0x8b]F&[0xa5]?Q[0xe9][0x0]Q[0xe7][0xc9][0xf5][0xc5][0xae][0xf3][0x17];w[0x6]D[0xd7][0xbc][0x9][0xba]0(s[0xa9]y[0xb6][0xdd]NEc[0x1b][\r]f[0xd5]M[0x10][0xe7]/[0x90][0x94][0xc3]P[0x1a][0x93]K[0xb2][0x85]G[0x9d]_[0xf5][0xa9]*[0x86]faeV[0x1d]M[0xe8]tlL[0xea][0xc9]V[0xa1][0xd5][0xb2]mEp[0x99][0xf0]*@8q[0xe8][0xb0][0xdc][0xf][0xb2]{[0xb1][0xc7][0x1d][0x83][0x1b]R[0xc6][0xed]'*2[0xe0]y[0xd8][0x82][0xe2]Qk[0xf4][0xaa]#g4+[0xcf]f[0xcd][0xb2]25n6[0x17]5[0x85]6[0x8c][0xe0][0xc5]g[0x1f][0x98][0x3][0xfd][0x3][0x96][0x9a]mm[0xfa][0x15][0xa2][0x8a][0xc6]H[0x9a][0xe1]Ay[0xad]UC[0xd0][0x91][0x92][0xec]d[0xa5][0x9f][0xa1][0xb7]W[0xf0]k[0x9d][0x1b]t[0xf6][0xb9][0xbc][0xd2][0xb6][0xd1][0xb6]5[0xa9][0x8a][0xe5]2[0xcf][0x1f]?nqi[0x85][0xac]6*[0x9b]5:)[0x9b][0xa8][0x92][0xbd]m[0xad][0xaa][0xb5]eUH[0xa4][0x98]V[0xda][0xb0][0x92][0xa3]m[0xad][0xc2][0x8e][0xae][0x86][0x85][0xe0][0xb3][0xa2]+[0xa1][0xdb][0x96][0xa6][0xa2][0x19][0xac][0xa0]a[0xaf]N0^[0xdb]sR[0x82][0xdb]mS[0xf7]n[0xb3][0xfc][0x84][0xa7][0xa9][0x4]Cl[0xda][0xcc][0x93]v[0xdb]t\[0xe6][0xc9][0x2][0xc][0x91][0xed][0xef][0xdf]v[0xbb]m.[0xd6]x7[0xde][0xf6][0xba]ee[0xea][0xab][0xdb]^Sh[0xc3][0x9b]o{[0xd3][0xb6]6[0xfd][\n]"
2020-07-24 14:46:05 DEBUG -  << "Q[0xe3][0xb6]_[0x9][0xf]B[0xa8][0x84][0x9c][0xc6][0xe2]y[0x91]g[0x87]Mcg[0xda][0xd6][0x96]=[0xb]%G[0xb2][0xd7][0xa8]H[0xa6][0xdf]:V[0xf1]s j[0x8d][0x81][0xdd]6[0x1b][0xff]o[0xa0][0x1a],[0xc8]<r[0xf6]P[0xb9][0xb9][0x8f][0xd2];U=J[0xf2][0xb6]o#[0xd8]A]A[0xd4][0xc9][0xa6]H[0x96]0[0xac][0xbd]U[[0xc5][0xcb][0xf6]2M[0xef][0xa0][0xb6]m[0x9e][0xee][0xf0]e[0xcb][0xc][0x95][0x18]L[0xdc]M[0xe][0x1d][0x8d][0x94](Wc|_/&[0xad][0x9f][0x96][0xb7]M[0xaa][0xfe]dQ[0xf9]}C[0xff][0x9e]a5Ks[0xbf][0x1][0x9f][0xd2][0x82]Y[0x85][0x13][0x0][0x0]"
2020-07-24 14:46:05 DEBUG -  << "[\r][\n]"
2020-07-24 14:46:05 DEBUG -  << "0[\r][\n]"
2020-07-24 14:46:05 DEBUG -  << "[\r][\n]"
2020-07-24 14:46:05 DEBUG - Parsed data to instance of: class org.apache.http.conn.EofSensorInputStream
2020-07-24 14:46:05 DEBUG - Releasing connection org.apache.http.impl.conn.ManagedClientConnectionImpl@6ec63f8
2020-07-24 14:46:05 DEBUG - Connection can be kept alive indefinitely
2020-07-24 14:46:05 INFO  - [class com.epp.api.soaphit.GetSoapResponse] : Got the response
2020-07-24 14:46:05 INFO  - [class com.epp.api.utils.APIGenerics] : Getting timestamp in yyyyMMdd_HHmmss this formats 
2020-07-24 14:46:05 INFO  - [class com.epp.api.utils.APIGenerics] : writting the xml file into XML format
2020-07-24 14:46:05 INFO  - [class com.epp.api.utils.APIGenerics] : Creating the xlsx sheet
2020-07-24 14:46:06 INFO  - [class com.epp.api.utils.APIGenerics] : All the services data is set to Excelsheet
2020-07-24 14:46:06 INFO  - [class com.epp.api.utils.APIGenerics] : Reading the file and returing the document instance
2020-07-24 14:46:06 INFO  - [class com.epp.api.utils.APIGenerics] : Getting the parsed data from response:  {userId=acd6PT, consumerId=27912859, email=hfqs68016@yahoo.com, number=2018700734}
2020-07-24 14:46:06 DEBUG - FileName set to C:\SeleniumWorkspace\DigiPayZelleAutomation\src\main\resources\com\epp\properties\PropertyCache.properties
2020-07-24 14:46:06 DEBUG - ConfigurationUtils.locate(): base is null, name is C:\SeleniumWorkspace\DigiPayZelleAutomation\src\main\resources\com\epp\properties\PropertyCache.properties
2020-07-24 14:46:06 DEBUG - Could not locate file C:\SeleniumWorkspace\DigiPayZelleAutomation\src\main\resources\com\epp\properties\PropertyCache.properties at null: unknown protocol: c
2020-07-24 14:46:06 DEBUG - Loading configuration from the absolute path C:\SeleniumWorkspace\DigiPayZelleAutomation\src\main\resources\com\epp\properties\PropertyCache.properties
2020-07-24 14:46:06 DEBUG - Base path set to file:///C:/SeleniumWorkspace/DigiPayZelleAutomation/src/main/resources/com/epp/properties/PropertyCache.properties
2020-07-24 14:46:06 INFO  - [class com.epp.config.PropertiesCache] : Created Properties Configuration Object for IO operation of Property Cache File: PropertyCache.properties
2020-07-24 14:46:06 INFO  - [class com.epp.config.PropertiesCache] : New Properties Cache Log file is created: PropertyCache.properties
2020-07-24 14:46:06 INFO  - [class com.epp.config.PropertiesCache] : New Properties Cache Log file is created: PropertyCache.properties
2020-07-24 14:46:06 INFO  - [class com.epp.libraries.GenericLib] : Fetching the Respones output Nodes
2020-07-24 14:46:06 INFO  - [class com.epp.config.PropertiesCache] : New Properties Cache Log file is created: PropertyCache.properties
2020-07-24 14:46:06 INFO  - [class com.epp.config.PropertiesCache] : New Properties Cache Log file is created: PropertyCache.properties
2020-07-24 14:46:06 INFO  - [class com.epp.api.executor.APIExecutor] : Closing all the instances of Excel sheets
2020-07-24 14:46:06 INFO  - [class com.epp.api.executor.APIExecutor] : Request which need to run: AddFundingProfile.xml
2020-07-24 14:46:06 INFO  - [class com.epp.api.utils.APIGenerics] : Reading the file and returing the document instance
2020-07-24 14:46:06 INFO  - [class com.epp.api.executor.APIExecutor] : Reading XML file into Document instance is done
2020-07-24 14:46:06 INFO  - [class com.epp.api.utils.APIGenerics] : keyValueData generated:  {TCName=, wsse:Username=, wsse:Password=, req:MtvnSvcVer=, req:ApplID=, req:SvcID=, req:SvcVer=, req:RoutingID=, q1:type=, q1:nickname=, q1:primary=, q1:bankName=, q1:accountNumber=, q1:routingNumber=, userID=}
2020-07-24 14:46:06 INFO  - [class com.epp.api.utils.APIGenerics] : keyValueData generated:  {TCName=, wsse:Username=, wsse:Password=, req:MtvnSvcVer=, req:ApplID=, req:SvcID=, req:SvcVer=, req:RoutingID=, q1:type=, q1:nickname=, q1:primary=, q1:bankName=, q1:accountNumber=, q1:routingNumber=, userID=}
2020-07-24 14:46:06 INFO  - [class com.epp.api.utils.APIGenerics] : keyValueData generated:  {TCName=Zelle_AddFundingProfile_TC02, wsse:Username=FISEPAY_DEV, wsse:Password=RaDrup5E4awreP, req:MtvnSvcVer=v1.6.0, req:ApplID=ZELLE, req:SvcID=AddFundingProfile, req:SvcVer=v1.6.0, req:RoutingID=fis-50202, q1:type=BANK_ACCOUNT, q1:nickname=Demo user, q1:primary=true, q1:bankName=HDFC, q1:accountNumber=100001111189, q1:routingNumber=959009990, userID=ccc}
2020-07-24 14:46:06 INFO  - [class com.epp.api.utils.APIGenerics] : Parcing of xml file is done
2020-07-24 14:46:06 INFO  - [class com.epp.api.utils.APIGenerics] : Getting timestamp in yyyyMMdd_HHmmss this formats 
2020-07-24 14:46:06 INFO  - [class com.epp.api.utils.APIGenerics] : Creating the xml file at run level
2020-07-24 14:46:06 INFO  - [class com.epp.api.executor.APIExecutor] : Hitting the request using post method
2020-07-24 14:46:06 INFO  - [class com.epp.api.soaphit.GetSoapResponse] : Into Post Method
2020-07-24 14:46:06 INFO  - [class com.epp.api.soaphit.GetSoapResponse] : Base End Point URL: https://localhost:1122/services/port
2020-07-24 14:46:06 INFO  - [class com.epp.api.soaphit.GetSoapResponse] : XML request file path: C:\SeleniumWorkspace\DigiPayZelleAutomation\src\main\java\com\epp\api\temp\Request_Zelle_AddFundingProfile_TC02_20200724_144606.xml
2020-07-24 14:46:06 DEBUG - Get connection for route {s}->https://localhost:1122
2020-07-24 14:46:06 DEBUG - Connecting to localhost:1122
2020-07-24 14:46:08 DEBUG - CookieSpec selected: ignoreCookies
2020-07-24 14:46:08 DEBUG - Auth cache not set in the context
2020-07-24 14:46:08 DEBUG - Target auth state: UNCHALLENGED
2020-07-24 14:46:08 DEBUG - Proxy auth state: UNCHALLENGED
2020-07-24 14:46:08 DEBUG - Attempt 1 to execute request
2020-07-24 14:46:08 DEBUG - Sending request: POST /services/port/v1_6 HTTP/1.1
2020-07-24 14:46:08 DEBUG -  >> "POST /services/port/v1_6 HTTP/1.1[\r][\n]"
2020-07-24 14:46:08 DEBUG -  >> "SOAPAction: authenticate[\r][\n]"
2020-07-24 14:46:08 DEBUG -  >> "Accept: */*[\r][\n]"
2020-07-24 14:46:08 DEBUG -  >> "Content-Type: application/soap+xml; charset=UTF-8;[\r][\n]"
2020-07-24 14:46:08 DEBUG -  >> "Content-Length: 2867[\r][\n]"
2020-07-24 14:46:08 DEBUG -  >> "Host: localhost:1122[\r][\n]"
2020-07-24 14:46:08 DEBUG -  >> "Connection: Keep-Alive[\r][\n]"
2020-07-24 14:46:08 DEBUG -  >> "User-Agent: Apache-HttpClient/4.5.3 (Java/1.8.0_162)[\r][\n]"
2020-07-24 14:46:08 DEBUG -  >> "Accept-Encoding: gzip,deflate[\r][\n]"
2020-07-24 14:46:08 DEBUG -  >> "[\r][\n]"
2020-07-24 14:46:08 DEBUG - >> POST /services/port/v1_6 HTTP/1.1
2020-07-24 14:46:08 DEBUG - >> SOAPAction: authenticate
2020-07-24 14:46:08 DEBUG - >> Accept: */*
2020-07-24 14:46:08 DEBUG - >> Content-Type: application/soap+xml; charset=UTF-8;
2020-07-24 14:46:08 DEBUG - >> Content-Length: 2867
2020-07-24 14:46:08 DEBUG - >> Host: localhost:1122
2020-07-24 14:46:08 DEBUG - >> Connection: Keep-Alive
2020-07-24 14:46:08 DEBUG - >> User-Agent: Apache-HttpClient/4.5.3 (Java/1.8.0_162)
2020-07-24 14:46:08 DEBUG - >> Accept-Encoding: gzip,deflate
2020-07-24 14:46:08 DEBUG -  >> "<?xml version="1.0" encoding="UTF-8" standalone="no"?><soapenv:Envelope xmlns:soapenv="http://schemas.xmlsoap.org/soap/envelope/" xmlns:com="http://metavante.com/types/common" xmlns:com1="http://epayments.metavante.com/types/common" xmlns:req="http://epayments.metavante.com/types/request" xmlns:req1="http://epayments.metavante.com/types/consumerPayee/request" xmlns:req2="http://epayments.metavante.com/types/fi/request" xmlns:req3="http://epayments.metavante.com/types/fundingAccount/request" xmlns:req4="http://epayments.metavante.com/types/merchant/request" xmlns:req5="http://epayments.metavante.com/types/security/request" xmlns:req6="http://epayments.metavante.com/types/user/request" xmlns:req7="http://epayments.metavante.com/types/consumer/request" xmlns:req8="http://epayments.metavante.com/types/checkimage/request" xmlns:wsse="http://docs.oasis-open.org/wss/2004/01/oasis-200401-wss-wssecurity-secext-1.0.xsd" xmlns:xsi="http://www.w3.org/2001/XMLSchema-instance">[\r][\n]"
2020-07-24 14:46:08 DEBUG -  >> "   <soapenv:Header>[\r][\n]"
2020-07-24 14:46:08 DEBUG -  >> "      <wsse:Security>[\r][\n]"
2020-07-24 14:46:08 DEBUG -  >> "         <wsse:UsernameToken>[\r][\n]"
2020-07-24 14:46:08 DEBUG -  >> "             <wsse:Username>FISEPAY_DEV</wsse:Username>[\r][\n]"
2020-07-24 14:46:08 DEBUG -  >> "            <wsse:Password>RaDrup5E4awreP</wsse:Password>[\r][\n]"
2020-07-24 14:46:08 DEBUG -  >> "         </wsse:UsernameToken>[\r][\n]"
2020-07-24 14:46:08 DEBUG -  >> "      </wsse:Security>[\r][\n]"
2020-07-24 14:46:08 DEBUG -  >> "   </soapenv:Header>[\r][\n]"
2020-07-24 14:46:08 DEBUG -  >> "   <soapenv:Body>[\r][\n]"
2020-07-24 14:46:08 DEBUG -  >> "      <EbMtvnSvcReq xmlns="http://epayments.metavante.com/types/request">[\r][\n]"
2020-07-24 14:46:08 DEBUG -  >> "        <req:MtvnSvcVer>v1.6.0</req:MtvnSvcVer>[\r][\n]"
2020-07-24 14:46:08 DEBUG -  >> "         <MsgUUID>bc1ae59a-d0f3-4d80-9bf3-e83e1cb9c87a</MsgUUID>[\r][\n]"
2020-07-24 14:46:08 DEBUG -  >> "         <PrcsParms>[\r][\n]"
2020-07-24 14:46:08 DEBUG -  >> "            <SrcID>MVEPAY</SrcID>[\r][\n]"
2020-07-24 14:46:08 DEBUG -  >> "         </PrcsParms>[\r][\n]"
2020-07-24 14:46:08 DEBUG -  >> "         <Svc>[\r][\n]"
2020-07-24 14:46:08 DEBUG -  >> "            <SvcParms>[\r][\n]"
2020-07-24 14:46:08 DEBUG -  >> "               <req:ApplID>ZELLE</req:ApplID>[\r][\n]"
2020-07-24 14:46:08 DEBUG -  >> "               <req:SvcID>AddFundingProfile</req:SvcID>[\r][\n]"
2020-07-24 14:46:08 DEBUG -  >> "               <req:SvcVer>v1.6.0</req:SvcVer>[\r][\n]"
2020-07-24 14:46:08 DEBUG -  >> "               <RqstUUID>82f0d972-4c5b-4b5f-a0da-be4a9f3dc410</RqstUUID>[\r][\n]"
2020-07-24 14:46:08 DEBUG -  >> "               <req:RoutingID>fis-50202</req:RoutingID>[\r][\n]"
2020-07-24 14:46:08 DEBUG -  >> "            </SvcParms>[\r][\n]"
2020-07-24 14:46:08 DEBUG -  >> "            <MsgData>[\r][\n]"
2020-07-24 14:46:08 DEBUG -  >> "               <AddFundingProfile>[\r][\n]"
2020-07-24 14:46:08 DEBUG -  >> "                  <userId>acd6PT</userId>[\r][\n]"
2020-07-24 14:46:08 DEBUG -  >> "                  <fundingProfileInfo xmlns="http://epayments.metavante.com/types/fundingProfile/request" xmlns:q1="http://epayments.metavante.com/types/common" xsi:type="q1:BankFundingProfileInfoType">[\r][\n]"
2020-07-24 14:46:08 DEBUG -  >> "                     <q1:type>BANK_ACCOUNT</q1:type>[\r][\n]"
2020-07-24 14:46:08 DEBUG -  >> "                     <q1:nickname>Demo user</q1:nickname>[\r][\n]"
2020-07-24 14:46:08 DEBUG -  >> "                     <q1:primary>true</q1:primary>[\r][\n]"
2020-07-24 14:46:08 DEBUG -  >> "                     <q1:bankName>HDFC</q1:bankName>[\r][\n]"
2020-07-24 14:46:08 DEBUG -  >> "                     <q1:accountNumber>100001111189</q1:accountNumber>[\r][\n]"
2020-07-24 14:46:08 DEBUG -  >> "                     <q1:routingNumber>959009990</q1:routingNumber>[\r][\n]"
2020-07-24 14:46:08 DEBUG -  >> "                     <q1:checkNumber>123461</q1:checkNumber>[\r][\n]"
2020-07-24 14:46:08 DEBUG -  >> "                     <q1:bankAccountType>CHECKING</q1:bankAccountType>[\r][\n]"
2020-07-24 14:46:08 DEBUG -  >> "                  </fundingProfileInfo>[\r][\n]"
2020-07-24 14:46:08 DEBUG -  >> "               </AddFundingProfile>[\r][\n]"
2020-07-24 14:46:08 DEBUG -  >> "            </MsgData>[\r][\n]"
2020-07-24 14:46:08 DEBUG -  >> "         </Svc>[\r][\n]"
2020-07-24 14:46:08 DEBUG -  >> "      </EbMtvnSvcReq>[\r][\n]"
2020-07-24 14:46:08 DEBUG -  >> "   </soapenv:Body>[\r][\n]"
2020-07-24 14:46:08 DEBUG -  >> "</soapenv:Envelope>"
2020-07-24 14:46:13 DEBUG -  << "HTTP/1.1 200 OK[\r][\n]"
2020-07-24 14:46:13 DEBUG -  << "X-Powered-By: Servlet/3.0[\r][\n]"
2020-07-24 14:46:13 DEBUG -  << "Content-Type: text/xml; charset=utf-8[\r][\n]"
2020-07-24 14:46:13 DEBUG -  << "Content-Encoding: gzip[\r][\n]"
2020-07-24 14:46:13 DEBUG -  << "Content-Language: en-US[\r][\n]"
2020-07-24 14:46:13 DEBUG -  << "Transfer-Encoding: chunked[\r][\n]"
2020-07-24 14:46:13 DEBUG -  << "Date: Fri, 24 Jul 2020 09:16:12 GMT[\r][\n]"
2020-07-24 14:46:13 DEBUG -  << "[\r][\n]"
2020-07-24 14:46:13 DEBUG - Receiving response: HTTP/1.1 200 OK
2020-07-24 14:46:13 DEBUG - << HTTP/1.1 200 OK
2020-07-24 14:46:13 DEBUG - << X-Powered-By: Servlet/3.0
2020-07-24 14:46:13 DEBUG - << Content-Type: text/xml; charset=utf-8
2020-07-24 14:46:13 DEBUG - << Content-Encoding: gzip
2020-07-24 14:46:13 DEBUG - << Content-Language: en-US
2020-07-24 14:46:13 DEBUG - << Transfer-Encoding: chunked
2020-07-24 14:46:13 DEBUG - << Date: Fri, 24 Jul 2020 09:16:12 GMT
2020-07-24 14:46:13 DEBUG - Connection can be kept alive indefinitely
2020-07-24 14:46:13 DEBUG - Parsing response as: text/xml; charset=utf-8
2020-07-24 14:46:13 DEBUG -  << "a[\r][\n]"
2020-07-24 14:46:13 DEBUG -  << "[0x1f][0x8b][0x8][0x0][0x0][0x0][0x0][0x0][0x0][0x0]"
2020-07-24 14:46:13 DEBUG -  << "[\r][\n]"
2020-07-24 14:46:13 DEBUG -  << "439[\r][\n]"
2020-07-24 14:46:13 DEBUG -  << "[0xd5]W]o[0xa3]8[0x14]}[0xdf]_[0x11][0xf1][0xe][0xd8]@>@[0x94]QJ[0xd3]m4mZ5i[0xb5][0xdb][0x97][0x95][0x3]N[0xcb]N0,6i[0xfb][0xef][0xf7][0x9a][0xf][0x97]PF[0xdb]J}[0xd8][0x89][0xd4][0x6][0x9f]{[0xee][0xb9][0xc7][0xd7][0x6][0x1c][0xff][0xdb]K[0xba][0x1f][0x1d]h[0xc1][0x93][0x8c][0x9d]h[0xd8]@[0xda][0x88][0xb2]([0x8b][0x13][0xf6]x[0xa2][0xdd]m[0xce][0xf5][0x99][0xf6]-[0xf8][0xcd][0xe7][0x19][0xc9]);x[0xb]v[0xa0][0xfb],[0xa7]#Hc[0xdc]k[0xe0][0x13][0xed]I[0x88][0xdc]3M[0x1e]=[0xd1][0x94]p[0x3][0xa2]2dd[0xc5][0xa3])/L[0xda][0xe4][0x99]Z[0x93][0xf9][0xc2]c[0x95][0xf5][0xfc][0xfc]l<[0xdb][0x15][0xd9]B[0x8][0x9b]\][0xae]+[0xa1]7r[0xf2][0xdf]d=a\[0x10][0x16]Q[0xad][0xe3][0xf7][0x82][0x92][0x98][0x16][0x0]<sN[0xbd]5[0x8d][0xca]"[0x11][0xaf][0x8d][0xac][0xc4][0x94]n[0x9c]E[0xdc][0xc8][0x8]O[0xb8][0xe]>YU[0x0][0x8][0xb2][0x88]cB[0x9d]:$G[0x8][0xeb][0x10][0x90][0x8d][0x9c][0xe][0x17][0xf4]E[0xe8][0xd0]=[0x3][0xe6][0xa5][0x8d][0xda][0xea]i[0xc9][0xc5][0x1d][0x3][0x3][0xd2][0x18][0xcc][0x17]k[0x1][0x18])[0xbd]M[0x92]R[0x80][0xd2]\[0x19])[0xbf][0xc4]G)[0x92][0xbd][0xfc]VFd[0xb1]%[0x14]V[0x5]u[0x1d][0xbb]3[0xc7]E3lM[0x1b]3aA[0x89][0xa0]q`![0xb][0xe9]h[0xaa][[0xce][0x6][0xb9][0x1e][0x9e]x[0xd8]6[0xb0]3~[0xf0][0xcd].[0xab]JY[0xbc][0xe4]IAy/[0xc5][0xc2][0xc7])-[0xab][0x1e])[0xb][0xd5][0xb8][0xb3][0x18]0[0xee][0xad][0x96]Z[0xbd][0xd3],[0x86][0xf0]b{%[0xe]l}[0x88]n)[0xaf][0x1b][0xa6][0x9a]Es[0xf2][0x9a]R&[0xb8][0x91]RA[0xe][0x84][0x9]jDYj[0x8a][0xd7][0x9c]r[0x13][0x8a][0xe7][0x19][0xe3][0xb0]![0xfc]F[0xe1][0x1e][0xd4][0xf][0xd8][0x98][0x18][0xc8]7;[0x90][0xc5][0x1f][0xef][0xee][0x96]g[0xc1]6[0xc2][0x84][0x8e]][0xa2][0xc7]hg[0xeb]N<C[0xba][0xbb][0x85]+:[0xb3])[0x8e][0xb6]n4[0x9b][0x12][0xc8]l[0xd8]>[0xa4]W[0xff]nH[0x91][0xc2]<[0xe7]y[0xbe][0x7][0xf8]aqy[0xb9][0xf0][0xcd]f$[0xe3][0xf0]5[0x8f][0xe3][0xf3][0x92][0xc9][0xdb][0xea][0xa6][0xc8]v[0xc9][0x9e][0xfa]f[0x1d][0xf0]{[0xb6]ZK[0xb7][0xff][0xc0][0xde][0x91]Uf[0xd6][0xe][0xc5][0xee][0xd4][0xd2][0x9d]h[0xbc][0xd5][0x9d][0xed]x[0xa7][0x13][0x14][0x13]}K[0x1d][0xe2][0xee][0xec]8r0[0xa4])z[0xa5][0xd0][0x18][0x2][0xa3]gD[0x10]p[0xd6][0xaf][0x1e][0xf8][0x8c]c[0xf]V[0x84][0x93]Gz[0x99]p[0xd1][0xec]D@Us[0x87]Z[\n]"
2020-07-24 14:46:13 DEBUG -  << "Wi[0xc6][0xa0][0xa1]f/_[\n]"
2020-07-24 14:46:13 DEBUG -  << "Z[0xde][0xee][0xa8][0x88][0xd2][0xb4]>[0xb8]`[0xc7][0xe9][0xdd][0xf5]c[0xdc][0xee][0x89]/c[0x90]y[0xbb][0x97][0x81][0xf0][0xc1]"j[\n]"
2020-07-24 14:46:13 DEBUG -  << "C[0x9a][0x81]=[0xb6][0xdd][0x89][0x8d]'r[0x82][0x3][0xe1]a[0xb8]v"[0x15][0x1d][0xf][0xf6][0xb8]([0xb9]r[0xe5]|[0xd2][0xd5][0xfc][0xe6][0xe6][0xf6][0xfa]~q&[0xb][0xb5]bRx[0xec]%l[0x97])[0xd9][0xf1][0xe7]dG[0xf0][0x4][0xf5]$r[0xa2]I[0xa9]S[0xc2]~[0x1c][0xef][0x87]%[0x88]o [0xae][0xd5][0xb5]$58[0x9d][0xaf][0xbe][0xff]5[0xf][0xc3][0xeb][0xbb][0xd5]F[0xda]i[0xe0][0x8a][0xc0][0x92][0xe8][0x7]#)[\r][0xce]h[0x9a][0x8d]JN[0x8b][0x9a][0xa1][0xf0][0x8a][0x95][0x17]IJ[0x8a][0xd7]@[0x14]%[0xad][0xe3]-R[0x85][0xb7]`c%[0xc9][0x17]g[0xe7]a[0x1d]WPE Q[0x94][0x95]L[0xac][0xca]t[0xb][0xb7][0x4]F[0xf0][0xc1][0xf2]3sk[0xf6]q[0xbc]J)2x[0x8][0xb2][0xc7][0x6]r[0xc7].B[0xae][0xeb][0xa2][0x9a][0x1c][0xac][0xf8][0xf0][0xea][0x88]~[0xb4][0x5],[0xdb][0x99][0xe0][0x9a][0xda][0xc5][0x95][0xd9]y]O6*[0x8]/[0x16][0xe1][0xf7][0xe5][0xea][0xf7]7[0xdf][0xdd]h[0xdd]$[0x98][0xc8]5[0xb][0xa5]R[0x90][0x12][0xf6]w"_[0x5][0xa3]?G[0x1c]<<5[0xfd][0xea]PjD.[0xb3]L[0x9f][0xb4][0xbb][0xec][0x8a][0x8a][0xa7],n[0xd6][0xe9][0xe8]V[0x9d]|~[0xc7][0xf][0xab][0xe]DZ(f[\n]"
2020-07-24 14:46:13 DEBUG -  << "[0xea][0xee][0xf3][0x1e][0x1b][0xee][0xc][0x8c],K[0xce][0xe0]}[0xa4]E?&[0xb5][0x19][0xda]zC[0x9c][0xc1][0xd9][0x1c][0x12][0xf9][0x2]9_[0xae][0x7][0xb2]T[0xb8][0x9b][0x19]>[0x11][0xc6][0xe8]>X[0xae][0xd6][0x9b]y[0xaf]X[0x1b][0x1b][0xd0][0x1a][0xc2]~[0xde][0xcc]/m3r[0xe1]6[0xcf][0xc3][0x8b][0xff]}[0x8b]m[0x84]~[0xe5][0x9d][0xfc]U-[0xfe]i[0xa8]}[0xdd]O=R[0xc6][0x89][0x90][0xaf][0x8e]"%[0x2]~@[0xa8]'[0xd3][0xf4][0xf3]O[0xa6][0xa9][0x17]UGL8[0xb0][0xd0][0xf7]gQ[0xe4][0x1a][0xf0][0xf0][0x90][0xa6][0x8e][0x88]o[0x89]Y[0x1][0xb]dM]l[0xcd][0xc6]n[0x87]W[0xe1][0x15]-[0x85]_5[0xbb][0x84][0xc6][0xc3][0x15]0[0xee]T8[0xa2]v[0x93][0xdf][0x17][0xe9][0x4]j[0xa0][0xdf][0x94][\n]"
2020-07-24 14:46:13 DEBUG -  << "[0xee][0x1f][0x8d][0x0][0x1c]8[0x93][0x99][0xea][0xc0][0xb6]([0x8a]0[0xa6][0xc1][0xfa]>[0x4]S[0xbe][0xd9][0xc]%[0xc][0x94]`]F[0x11][0x1c][0xbd]*\[0x8e][0xab]3[0x9f]J[0xba][0xba]_|,[0xa9]{[0xb0][0xee][0x9c][0xc2][0xeb]S[0xb7][0xd9][0xff][0xc9][0x17][0xfc][0xb]/[0xbf]h[0xd6],[0xe][0x0][0x0]"
2020-07-24 14:46:13 DEBUG -  << "[\r][\n]"
2020-07-24 14:46:13 DEBUG -  << "0[\r][\n]"
2020-07-24 14:46:13 DEBUG -  << "[\r][\n]"
2020-07-24 14:46:13 DEBUG - Parsed data to instance of: class org.apache.http.conn.EofSensorInputStream
2020-07-24 14:46:13 DEBUG - Releasing connection org.apache.http.impl.conn.ManagedClientConnectionImpl@36790bec
2020-07-24 14:46:13 DEBUG - Connection can be kept alive indefinitely
2020-07-24 14:46:13 INFO  - [class com.epp.api.soaphit.GetSoapResponse] : Got the response
2020-07-24 14:46:13 INFO  - [class com.epp.api.utils.APIGenerics] : Getting timestamp in yyyyMMdd_HHmmss this formats 
2020-07-24 14:46:13 INFO  - [class com.epp.api.utils.APIGenerics] : writting the xml file into XML format
2020-07-24 14:46:13 INFO  - [class com.epp.api.utils.APIGenerics] : Creating the xlsx sheet
2020-07-24 14:46:14 INFO  - [class com.epp.api.utils.APIGenerics] : All the services data is set to Excelsheet
2020-07-24 14:46:14 INFO  - [class com.epp.api.utils.APIGenerics] : Reading the file and returing the document instance
2020-07-24 14:46:14 INFO  - [class com.epp.api.utils.APIGenerics] : Getting the parsed data from response:  {fundingProfileId=35396316}
2020-07-24 14:46:14 INFO  - [class com.epp.config.PropertiesCache] : New Properties Cache Log file is created: PropertyCache.properties
2020-07-24 14:46:14 INFO  - [class com.epp.config.PropertiesCache] : New Properties Cache Log file is created: PropertyCache.properties
2020-07-24 14:46:14 INFO  - [class com.epp.config.PropertiesCache] : New Properties Cache Log file is created: PropertyCache.properties
2020-07-24 14:46:48 INFO  - [class com.epp.libraries.GenericLib] : userIDOne: acd6PT
2020-07-24 14:46:48 INFO  - [class com.epp.libraries.GenericLib] : consumerIDOne: 27912859
2020-07-24 14:46:48 INFO  - [class com.epp.libraries.GenericLib] : emailIDOne: hfqs68016@yahoo.com
2020-07-24 14:46:48 INFO  - [class com.epp.libraries.GenericLib] : mobileNumberOne: 2018700734
2020-07-24 14:46:48 INFO  - [class com.epp.libraries.GenericLib] : fundingProfileIDOne: 35396316
2020-07-24 14:46:48 INFO  - [class com.epp.libraries.GenericLib] : URL launchedhttps://epayments-epayui-fnc-1.money-movement.com/TestPeoplePay50202X/DebugAccess?userName=acd6PT&productCode=Zelle&destination=Home
2020-07-24 14:46:48 INFO  - [class com.zelle.stepdefinition.UniversalSteps] : UniversalStep: User is on page LandingPage
2020-07-24 14:46:48 INFO  - [class com.zelle.stepdefinition.UniversalSteps] : UniversalStep: User clicks on element btnGetStarted
2020-07-24 14:46:50 INFO  - [class com.epp.webelement.Button] : Button: Clicked Button with id --- ContinueButton
2020-07-24 14:46:50 INFO  - [class com.zelle.stepdefinition.UniversalSteps] : UniversalStep: Validate that user is on page SendMoneyWithZellePagePage
2020-07-24 14:46:50 ERROR - [class com.zelle.stepdefinition.UniversalSteps] : UniversalStep:  SendMoneyWithZellePagePage Failed , java.lang.ClassNotFoundException: com.epp.zelle.pages.SendMoneyWithZellePagePage
	at java.net.URLClassLoader.findClass(Unknown Source)
	at java.lang.ClassLoader.loadClass(Unknown Source)
	at sun.misc.Launcher$AppClassLoader.loadClass(Unknown Source)
	at java.lang.ClassLoader.loadClass(Unknown Source)
	at java.lang.Class.forName0(Native Method)
	at java.lang.Class.forName(Unknown Source)
	at com.zelle.stepdefinition.UniversalSteps.invokeMethod(UniversalSteps.java:99)
	at com.zelle.stepdefinition.UniversalSteps.validate_that_user_is_on_page(UniversalSteps.java:172)
	at sun.reflect.NativeMethodAccessorImpl.invoke0(Native Method)
	at sun.reflect.NativeMethodAccessorImpl.invoke(Unknown Source)
	at sun.reflect.DelegatingMethodAccessorImpl.invoke(Unknown Source)
	at java.lang.reflect.Method.invoke(Unknown Source)
	at cucumber.runtime.Utils$1.call(Utils.java:37)
	at cucumber.runtime.Timeout.timeout(Timeout.java:13)
	at cucumber.runtime.Utils.invoke(Utils.java:31)
	at cucumber.runtime.java.JavaStepDefinition.execute(JavaStepDefinition.java:41)
	at cucumber.runtime.StepDefinitionMatch.runStep(StepDefinitionMatch.java:37)
	at cucumber.runtime.Runtime.runStep(Runtime.java:314)
	at cucumber.runtime.model.StepContainer.runStep(StepContainer.java:44)
	at cucumber.runtime.model.StepContainer.runSteps(StepContainer.java:39)
	at cucumber.runtime.model.CucumberScenario.run(CucumberScenario.java:44)
	at cucumber.runtime.model.CucumberFeature.run(CucumberFeature.java:165)
	at cucumber.api.testng.TestNGCucumberRunner.runCucumber(TestNGCucumberRunner.java:63)
	at cucumber.api.testng.AbstractTestNGCucumberTests.feature(AbstractTestNGCucumberTests.java:21)
	at sun.reflect.NativeMethodAccessorImpl.invoke0(Native Method)
	at sun.reflect.NativeMethodAccessorImpl.invoke(Unknown Source)
	at sun.reflect.DelegatingMethodAccessorImpl.invoke(Unknown Source)
	at java.lang.reflect.Method.invoke(Unknown Source)
	at org.testng.internal.MethodInvocationHelper.invokeMethod(MethodInvocationHelper.java:85)
	at org.testng.internal.Invoker.invokeMethod(Invoker.java:639)
	at org.testng.internal.Invoker.invokeTestMethod(Invoker.java:816)
	at org.testng.internal.Invoker.invokeTestMethods(Invoker.java:1124)
	at org.testng.internal.TestMethodWorker.invokeTestMethods(TestMethodWorker.java:125)
	at org.testng.internal.TestMethodWorker.run(TestMethodWorker.java:108)
	at org.testng.TestRunner.privateRun(TestRunner.java:774)
	at org.testng.TestRunner.run(TestRunner.java:624)
	at org.testng.SuiteRunner.runTest(SuiteRunner.java:359)
	at org.testng.SuiteRunner.runSequentially(SuiteRunner.java:354)
	at org.testng.SuiteRunner.privateRun(SuiteRunner.java:312)
	at org.testng.SuiteRunner.run(SuiteRunner.java:261)
	at org.testng.SuiteRunnerWorker.runSuite(SuiteRunnerWorker.java:52)
	at org.testng.SuiteRunnerWorker.run(SuiteRunnerWorker.java:86)
	at org.testng.TestNG.runSuitesSequentially(TestNG.java:1215)
	at org.testng.TestNG.runSuitesLocally(TestNG.java:1140)
	at org.testng.TestNG.run(TestNG.java:1048)
	at org.testng.remote.AbstractRemoteTestNG.run(AbstractRemoteTestNG.java:115)
	at org.testng.remote.RemoteTestNG.initAndRun(RemoteTestNG.java:251)
	at org.testng.remote.RemoteTestNG.main(RemoteTestNG.java:77)
...
2020-07-24 14:46:50 INFO  - [class com.zelle.stepdefinition.UniversalSteps] : UniversalStep: User clicks on element btnContinue
2020-07-24 14:46:50 ERROR - [class com.zelle.stepdefinition.UniversalSteps] : UniversalStep:  btnContinue Failed , java.lang.ClassNotFoundException: com.epp.zelle.pages.SendMoneyWithZellePagePage
	at java.net.URLClassLoader.findClass(Unknown Source)
	at java.lang.ClassLoader.loadClass(Unknown Source)
	at sun.misc.Launcher$AppClassLoader.loadClass(Unknown Source)
	at java.lang.ClassLoader.loadClass(Unknown Source)
	at java.lang.Class.forName0(Native Method)
	at java.lang.Class.forName(Unknown Source)
	at com.zelle.stepdefinition.UniversalSteps.invokeMethod(UniversalSteps.java:99)
	at com.zelle.stepdefinition.UniversalSteps.validate_that_user_is_on_page(UniversalSteps.java:172)
	at sun.reflect.NativeMethodAccessorImpl.invoke0(Native Method)
	at sun.reflect.NativeMethodAccessorImpl.invoke(Unknown Source)
	at sun.reflect.DelegatingMethodAccessorImpl.invoke(Unknown Source)
	at java.lang.reflect.Method.invoke(Unknown Source)
	at cucumber.runtime.Utils$1.call(Utils.java:37)
	at cucumber.runtime.Timeout.timeout(Timeout.java:13)
	at cucumber.runtime.Utils.invoke(Utils.java:31)
	at cucumber.runtime.java.JavaStepDefinition.execute(JavaStepDefinition.java:41)
	at cucumber.runtime.StepDefinitionMatch.runStep(StepDefinitionMatch.java:37)
	at cucumber.runtime.Runtime.runStep(Runtime.java:314)
	at cucumber.runtime.model.StepContainer.runStep(StepContainer.java:44)
	at cucumber.runtime.model.StepContainer.runSteps(StepContainer.java:39)
	at cucumber.runtime.model.CucumberScenario.run(CucumberScenario.java:44)
	at cucumber.runtime.model.CucumberFeature.run(CucumberFeature.java:165)
	at cucumber.api.testng.TestNGCucumberRunner.runCucumber(TestNGCucumberRunner.java:63)
	at cucumber.api.testng.AbstractTestNGCucumberTests.feature(AbstractTestNGCucumberTests.java:21)
	at sun.reflect.NativeMethodAccessorImpl.invoke0(Native Method)
	at sun.reflect.NativeMethodAccessorImpl.invoke(Unknown Source)
	at sun.reflect.DelegatingMethodAccessorImpl.invoke(Unknown Source)
	at java.lang.reflect.Method.invoke(Unknown Source)
	at org.testng.internal.MethodInvocationHelper.invokeMethod(MethodInvocationHelper.java:85)
	at org.testng.internal.Invoker.invokeMethod(Invoker.java:639)
	at org.testng.internal.Invoker.invokeTestMethod(Invoker.java:816)
	at org.testng.internal.Invoker.invokeTestMethods(Invoker.java:1124)
	at org.testng.internal.TestMethodWorker.invokeTestMethods(TestMethodWorker.java:125)
	at org.testng.internal.TestMethodWorker.run(TestMethodWorker.java:108)
	at org.testng.TestRunner.privateRun(TestRunner.java:774)
	at org.testng.TestRunner.run(TestRunner.java:624)
	at org.testng.SuiteRunner.runTest(SuiteRunner.java:359)
	at org.testng.SuiteRunner.runSequentially(SuiteRunner.java:354)
	at org.testng.SuiteRunner.privateRun(SuiteRunner.java:312)
	at org.testng.SuiteRunner.run(SuiteRunner.java:261)
	at org.testng.SuiteRunnerWorker.runSuite(SuiteRunnerWorker.java:52)
	at org.testng.SuiteRunnerWorker.run(SuiteRunnerWorker.java:86)
	at org.testng.TestNG.runSuitesSequentially(TestNG.java:1215)
	at org.testng.TestNG.runSuitesLocally(TestNG.java:1140)
	at org.testng.TestNG.run(TestNG.java:1048)
	at org.testng.remote.AbstractRemoteTestNG.run(AbstractRemoteTestNG.java:115)
	at org.testng.remote.RemoteTestNG.initAndRun(RemoteTestNG.java:251)
	at org.testng.remote.RemoteTestNG.main(RemoteTestNG.java:77)
java.lang.NoSuchFieldException: btnContinue
	at java.lang.Class.getField(Unknown Source)
	at com.zelle.stepdefinition.UniversalSteps.invokeElementMethod(UniversalSteps.java:117)
	at com.zelle.stepdefinition.UniversalSteps.user_clicks_on_element(UniversalSteps.java:202)
	at sun.reflect.NativeMethodAccessorImpl.invoke0(Native Method)
	at sun.reflect.NativeMethodAccessorImpl.invoke(Unknown Source)
	at sun.reflect.DelegatingMethodAccessorImpl.invoke(Unknown Source)
	at java.lang.reflect.Method.invoke(Unknown Source)
	at cucumber.runtime.Utils$1.call(Utils.java:37)
	at cucumber.runtime.Timeout.timeout(Timeout.java:13)
	at cucumber.runtime.Utils.invoke(Utils.java:31)
	at cucumber.runtime.java.JavaStepDefinition.execute(JavaStepDefinition.java:41)
	at cucumber.runtime.StepDefinitionMatch.runStep(StepDefinitionMatch.java:37)
	at cucumber.runtime.Runtime.runStep(Runtime.java:314)
	at cucumber.runtime.model.StepContainer.runStep(StepContainer.java:44)
	at cucumber.runtime.model.StepContainer.runSteps(StepContainer.java:39)
	at cucumber.runtime.model.CucumberScenario.run(CucumberScenario.java:44)
	at cucumber.runtime.model.CucumberFeature.run(CucumberFeature.java:165)
	at cucumber.api.testng.TestNGCucumberRunner.runCucumber(TestNGCucumberRunner.java:63)
	at cucumber.api.testng.AbstractTestNGCucumberTests.feature(AbstractTestNGCucumberTests.java:21)
	at sun.reflect.NativeMethodAccessorImpl.invoke0(Native Method)
	at sun.reflect.NativeMethodAccessorImpl.invoke(Unknown Source)
	at sun.reflect.DelegatingMethodAccessorImpl.invoke(Unknown Source)
	at java.lang.reflect.Method.invoke(Unknown Source)
	at org.testng.internal.MethodInvocationHelper.invokeMethod(MethodInvocationHelper.java:85)
	at org.testng.internal.Invoker.invokeMethod(Invoker.java:639)
	at org.testng.internal.Invoker.invokeTestMethod(Invoker.java:816)
	at org.testng.internal.Invoker.invokeTestMethods(Invoker.java:1124)
	at org.testng.internal.TestMethodWorker.invokeTestMethods(TestMethodWorker.java:125)
	at org.testng.internal.TestMethodWorker.run(TestMethodWorker.java:108)
	at org.testng.TestRunner.privateRun(TestRunner.java:774)
	at org.testng.TestRunner.run(TestRunner.java:624)
	at org.testng.SuiteRunner.runTest(SuiteRunner.java:359)
	at org.testng.SuiteRunner.runSequentially(SuiteRunner.java:354)
	at org.testng.SuiteRunner.privateRun(SuiteRunner.java:312)
	at org.testng.SuiteRunner.run(SuiteRunner.java:261)
	at org.testng.SuiteRunnerWorker.runSuite(SuiteRunnerWorker.java:52)
	at org.testng.SuiteRunnerWorker.run(SuiteRunnerWorker.java:86)
	at org.testng.TestNG.runSuitesSequentially(TestNG.java:1215)
	at org.testng.TestNG.runSuitesLocally(TestNG.java:1140)
	at org.testng.TestNG.run(TestNG.java:1048)
	at org.testng.remote.AbstractRemoteTestNG.run(AbstractRemoteTestNG.java:115)
	at org.testng.remote.RemoteTestNG.initAndRun(RemoteTestNG.java:251)
	at org.testng.remote.RemoteTestNG.main(RemoteTestNG.java:77)
...
2020-07-24 14:46:50 INFO  - [class com.zelle.stepdefinition.UniversalSteps] : UniversalStep: User types 444444 in textbox edtVerificationCode.
2020-07-24 14:46:50 ERROR - [class com.zelle.stepdefinition.UniversalSteps] : UniversalStep:  edtVerificationCode Failed , java.lang.ClassNotFoundException: com.epp.zelle.pages.SendMoneyWithZellePagePage
	at java.net.URLClassLoader.findClass(Unknown Source)
	at java.lang.ClassLoader.loadClass(Unknown Source)
	at sun.misc.Launcher$AppClassLoader.loadClass(Unknown Source)
	at java.lang.ClassLoader.loadClass(Unknown Source)
	at java.lang.Class.forName0(Native Method)
	at java.lang.Class.forName(Unknown Source)
	at com.zelle.stepdefinition.UniversalSteps.invokeMethod(UniversalSteps.java:99)
	at com.zelle.stepdefinition.UniversalSteps.validate_that_user_is_on_page(UniversalSteps.java:172)
	at sun.reflect.NativeMethodAccessorImpl.invoke0(Native Method)
	at sun.reflect.NativeMethodAccessorImpl.invoke(Unknown Source)
	at sun.reflect.DelegatingMethodAccessorImpl.invoke(Unknown Source)
	at java.lang.reflect.Method.invoke(Unknown Source)
	at cucumber.runtime.Utils$1.call(Utils.java:37)
	at cucumber.runtime.Timeout.timeout(Timeout.java:13)
	at cucumber.runtime.Utils.invoke(Utils.java:31)
	at cucumber.runtime.java.JavaStepDefinition.execute(JavaStepDefinition.java:41)
	at cucumber.runtime.StepDefinitionMatch.runStep(StepDefinitionMatch.java:37)
	at cucumber.runtime.Runtime.runStep(Runtime.java:314)
	at cucumber.runtime.model.StepContainer.runStep(StepContainer.java:44)
	at cucumber.runtime.model.StepContainer.runSteps(StepContainer.java:39)
	at cucumber.runtime.model.CucumberScenario.run(CucumberScenario.java:44)
	at cucumber.runtime.model.CucumberFeature.run(CucumberFeature.java:165)
	at cucumber.api.testng.TestNGCucumberRunner.runCucumber(TestNGCucumberRunner.java:63)
	at cucumber.api.testng.AbstractTestNGCucumberTests.feature(AbstractTestNGCucumberTests.java:21)
	at sun.reflect.NativeMethodAccessorImpl.invoke0(Native Method)
	at sun.reflect.NativeMethodAccessorImpl.invoke(Unknown Source)
	at sun.reflect.DelegatingMethodAccessorImpl.invoke(Unknown Source)
	at java.lang.reflect.Method.invoke(Unknown Source)
	at org.testng.internal.MethodInvocationHelper.invokeMethod(MethodInvocationHelper.java:85)
	at org.testng.internal.Invoker.invokeMethod(Invoker.java:639)
	at org.testng.internal.Invoker.invokeTestMethod(Invoker.java:816)
	at org.testng.internal.Invoker.invokeTestMethods(Invoker.java:1124)
	at org.testng.internal.TestMethodWorker.invokeTestMethods(TestMethodWorker.java:125)
	at org.testng.internal.TestMethodWorker.run(TestMethodWorker.java:108)
	at org.testng.TestRunner.privateRun(TestRunner.java:774)
	at org.testng.TestRunner.run(TestRunner.java:624)
	at org.testng.SuiteRunner.runTest(SuiteRunner.java:359)
	at org.testng.SuiteRunner.runSequentially(SuiteRunner.java:354)
	at org.testng.SuiteRunner.privateRun(SuiteRunner.java:312)
	at org.testng.SuiteRunner.run(SuiteRunner.java:261)
	at org.testng.SuiteRunnerWorker.runSuite(SuiteRunnerWorker.java:52)
	at org.testng.SuiteRunnerWorker.run(SuiteRunnerWorker.java:86)
	at org.testng.TestNG.runSuitesSequentially(TestNG.java:1215)
	at org.testng.TestNG.runSuitesLocally(TestNG.java:1140)
	at org.testng.TestNG.run(TestNG.java:1048)
	at org.testng.remote.AbstractRemoteTestNG.run(AbstractRemoteTestNG.java:115)
	at org.testng.remote.RemoteTestNG.initAndRun(RemoteTestNG.java:251)
	at org.testng.remote.RemoteTestNG.main(RemoteTestNG.java:77)
java.lang.NoSuchFieldException: btnContinue
	at java.lang.Class.getField(Unknown Source)
	at com.zelle.stepdefinition.UniversalSteps.invokeElementMethod(UniversalSteps.java:117)
	at com.zelle.stepdefinition.UniversalSteps.user_clicks_on_element(UniversalSteps.java:202)
	at sun.reflect.NativeMethodAccessorImpl.invoke0(Native Method)
	at sun.reflect.NativeMethodAccessorImpl.invoke(Unknown Source)
	at sun.reflect.DelegatingMethodAccessorImpl.invoke(Unknown Source)
	at java.lang.reflect.Method.invoke(Unknown Source)
	at cucumber.runtime.Utils$1.call(Utils.java:37)
	at cucumber.runtime.Timeout.timeout(Timeout.java:13)
	at cucumber.runtime.Utils.invoke(Utils.java:31)
	at cucumber.runtime.java.JavaStepDefinition.execute(JavaStepDefinition.java:41)
	at cucumber.runtime.StepDefinitionMatch.runStep(StepDefinitionMatch.java:37)
	at cucumber.runtime.Runtime.runStep(Runtime.java:314)
	at cucumber.runtime.model.StepContainer.runStep(StepContainer.java:44)
	at cucumber.runtime.model.StepContainer.runSteps(StepContainer.java:39)
	at cucumber.runtime.model.CucumberScenario.run(CucumberScenario.java:44)
	at cucumber.runtime.model.CucumberFeature.run(CucumberFeature.java:165)
	at cucumber.api.testng.TestNGCucumberRunner.runCucumber(TestNGCucumberRunner.java:63)
	at cucumber.api.testng.AbstractTestNGCucumberTests.feature(AbstractTestNGCucumberTests.java:21)
	at sun.reflect.NativeMethodAccessorImpl.invoke0(Native Method)
	at sun.reflect.NativeMethodAccessorImpl.invoke(Unknown Source)
	at sun.reflect.DelegatingMethodAccessorImpl.invoke(Unknown Source)
	at java.lang.reflect.Method.invoke(Unknown Source)
	at org.testng.internal.MethodInvocationHelper.invokeMethod(MethodInvocationHelper.java:85)
	at org.testng.internal.Invoker.invokeMethod(Invoker.java:639)
	at org.testng.internal.Invoker.invokeTestMethod(Invoker.java:816)
	at org.testng.internal.Invoker.invokeTestMethods(Invoker.java:1124)
	at org.testng.internal.TestMethodWorker.invokeTestMethods(TestMethodWorker.java:125)
	at org.testng.internal.TestMethodWorker.run(TestMethodWorker.java:108)
	at org.testng.TestRunner.privateRun(TestRunner.java:774)
	at org.testng.TestRunner.run(TestRunner.java:624)
	at org.testng.SuiteRunner.runTest(SuiteRunner.java:359)
	at org.testng.SuiteRunner.runSequentially(SuiteRunner.java:354)
	at org.testng.SuiteRunner.privateRun(SuiteRunner.java:312)
	at org.testng.SuiteRunner.run(SuiteRunner.java:261)
	at org.testng.SuiteRunnerWorker.runSuite(SuiteRunnerWorker.java:52)
	at org.testng.SuiteRunnerWorker.run(SuiteRunnerWorker.java:86)
	at org.testng.TestNG.runSuitesSequentially(TestNG.java:1215)
	at org.testng.TestNG.runSuitesLocally(TestNG.java:1140)
	at org.testng.TestNG.run(TestNG.java:1048)
	at org.testng.remote.AbstractRemoteTestNG.run(AbstractRemoteTestNG.java:115)
	at org.testng.remote.RemoteTestNG.initAndRun(RemoteTestNG.java:251)
	at org.testng.remote.RemoteTestNG.main(RemoteTestNG.java:77)
java.lang.NoSuchFieldException: edtVerificationCode
	at java.lang.Class.getField(Unknown Source)
	at com.zelle.stepdefinition.UniversalSteps.invokeElementMethod(UniversalSteps.java:117)
	at com.zelle.stepdefinition.UniversalSteps.user_types_in_textbox(UniversalSteps.java:225)
	at sun.reflect.NativeMethodAccessorImpl.invoke0(Native Method)
	at sun.reflect.NativeMethodAccessorImpl.invoke(Unknown Source)
	at sun.reflect.DelegatingMethodAccessorImpl.invoke(Unknown Source)
	at java.lang.reflect.Method.invoke(Unknown Source)
	at cucumber.runtime.Utils$1.call(Utils.java:37)
	at cucumber.runtime.Timeout.timeout(Timeout.java:13)
	at cucumber.runtime.Utils.invoke(Utils.java:31)
	at cucumber.runtime.java.JavaStepDefinition.execute(JavaStepDefinition.java:41)
	at cucumber.runtime.StepDefinitionMatch.runStep(StepDefinitionMatch.java:37)
	at cucumber.runtime.Runtime.runStep(Runtime.java:314)
	at cucumber.runtime.model.StepContainer.runStep(StepContainer.java:44)
	at cucumber.runtime.model.StepContainer.runSteps(StepContainer.java:39)
	at cucumber.runtime.model.CucumberScenario.run(CucumberScenario.java:44)
	at cucumber.runtime.model.CucumberFeature.run(CucumberFeature.java:165)
	at cucumber.api.testng.TestNGCucumberRunner.runCucumber(TestNGCucumberRunner.java:63)
	at cucumber.api.testng.AbstractTestNGCucumberTests.feature(AbstractTestNGCucumberTests.java:21)
	at sun.reflect.NativeMethodAccessorImpl.invoke0(Native Method)
	at sun.reflect.NativeMethodAccessorImpl.invoke(Unknown Source)
	at sun.reflect.DelegatingMethodAccessorImpl.invoke(Unknown Source)
	at java.lang.reflect.Method.invoke(Unknown Source)
	at org.testng.internal.MethodInvocationHelper.invokeMethod(MethodInvocationHelper.java:85)
	at org.testng.internal.Invoker.invokeMethod(Invoker.java:639)
	at org.testng.internal.Invoker.invokeTestMethod(Invoker.java:816)
	at org.testng.internal.Invoker.invokeTestMethods(Invoker.java:1124)
	at org.testng.internal.TestMethodWorker.invokeTestMethods(TestMethodWorker.java:125)
	at org.testng.internal.TestMethodWorker.run(TestMethodWorker.java:108)
	at org.testng.TestRunner.privateRun(TestRunner.java:774)
	at org.testng.TestRunner.run(TestRunner.java:624)
	at org.testng.SuiteRunner.runTest(SuiteRunner.java:359)
	at org.testng.SuiteRunner.runSequentially(SuiteRunner.java:354)
	at org.testng.SuiteRunner.privateRun(SuiteRunner.java:312)
	at org.testng.SuiteRunner.run(SuiteRunner.java:261)
	at org.testng.SuiteRunnerWorker.runSuite(SuiteRunnerWorker.java:52)
	at org.testng.SuiteRunnerWorker.run(SuiteRunnerWorker.java:86)
	at org.testng.TestNG.runSuitesSequentially(TestNG.java:1215)
	at org.testng.TestNG.runSuitesLocally(TestNG.java:1140)
	at org.testng.TestNG.run(TestNG.java:1048)
	at org.testng.remote.AbstractRemoteTestNG.run(AbstractRemoteTestNG.java:115)
	at org.testng.remote.RemoteTestNG.initAndRun(RemoteTestNG.java:251)
	at org.testng.remote.RemoteTestNG.main(RemoteTestNG.java:77)
...
2020-07-24 14:46:50 INFO  - [class com.zelle.stepdefinition.UniversalSteps] : UniversalStep: User clicks on element btnVerify
2020-07-24 14:46:50 ERROR - [class com.zelle.stepdefinition.UniversalSteps] : UniversalStep:  btnVerify Failed , java.lang.ClassNotFoundException: com.epp.zelle.pages.SendMoneyWithZellePagePage
	at java.net.URLClassLoader.findClass(Unknown Source)
	at java.lang.ClassLoader.loadClass(Unknown Source)
	at sun.misc.Launcher$AppClassLoader.loadClass(Unknown Source)
	at java.lang.ClassLoader.loadClass(Unknown Source)
	at java.lang.Class.forName0(Native Method)
	at java.lang.Class.forName(Unknown Source)
	at com.zelle.stepdefinition.UniversalSteps.invokeMethod(UniversalSteps.java:99)
	at com.zelle.stepdefinition.UniversalSteps.validate_that_user_is_on_page(UniversalSteps.java:172)
	at sun.reflect.NativeMethodAccessorImpl.invoke0(Native Method)
	at sun.reflect.NativeMethodAccessorImpl.invoke(Unknown Source)
	at sun.reflect.DelegatingMethodAccessorImpl.invoke(Unknown Source)
	at java.lang.reflect.Method.invoke(Unknown Source)
	at cucumber.runtime.Utils$1.call(Utils.java:37)
	at cucumber.runtime.Timeout.timeout(Timeout.java:13)
	at cucumber.runtime.Utils.invoke(Utils.java:31)
	at cucumber.runtime.java.JavaStepDefinition.execute(JavaStepDefinition.java:41)
	at cucumber.runtime.StepDefinitionMatch.runStep(StepDefinitionMatch.java:37)
	at cucumber.runtime.Runtime.runStep(Runtime.java:314)
	at cucumber.runtime.model.StepContainer.runStep(StepContainer.java:44)
	at cucumber.runtime.model.StepContainer.runSteps(StepContainer.java:39)
	at cucumber.runtime.model.CucumberScenario.run(CucumberScenario.java:44)
	at cucumber.runtime.model.CucumberFeature.run(CucumberFeature.java:165)
	at cucumber.api.testng.TestNGCucumberRunner.runCucumber(TestNGCucumberRunner.java:63)
	at cucumber.api.testng.AbstractTestNGCucumberTests.feature(AbstractTestNGCucumberTests.java:21)
	at sun.reflect.NativeMethodAccessorImpl.invoke0(Native Method)
	at sun.reflect.NativeMethodAccessorImpl.invoke(Unknown Source)
	at sun.reflect.DelegatingMethodAccessorImpl.invoke(Unknown Source)
	at java.lang.reflect.Method.invoke(Unknown Source)
	at org.testng.internal.MethodInvocationHelper.invokeMethod(MethodInvocationHelper.java:85)
	at org.testng.internal.Invoker.invokeMethod(Invoker.java:639)
	at org.testng.internal.Invoker.invokeTestMethod(Invoker.java:816)
	at org.testng.internal.Invoker.invokeTestMethods(Invoker.java:1124)
	at org.testng.internal.TestMethodWorker.invokeTestMethods(TestMethodWorker.java:125)
	at org.testng.internal.TestMethodWorker.run(TestMethodWorker.java:108)
	at org.testng.TestRunner.privateRun(TestRunner.java:774)
	at org.testng.TestRunner.run(TestRunner.java:624)
	at org.testng.SuiteRunner.runTest(SuiteRunner.java:359)
	at org.testng.SuiteRunner.runSequentially(SuiteRunner.java:354)
	at org.testng.SuiteRunner.privateRun(SuiteRunner.java:312)
	at org.testng.SuiteRunner.run(SuiteRunner.java:261)
	at org.testng.SuiteRunnerWorker.runSuite(SuiteRunnerWorker.java:52)
	at org.testng.SuiteRunnerWorker.run(SuiteRunnerWorker.java:86)
	at org.testng.TestNG.runSuitesSequentially(TestNG.java:1215)
	at org.testng.TestNG.runSuitesLocally(TestNG.java:1140)
	at org.testng.TestNG.run(TestNG.java:1048)
	at org.testng.remote.AbstractRemoteTestNG.run(AbstractRemoteTestNG.java:115)
	at org.testng.remote.RemoteTestNG.initAndRun(RemoteTestNG.java:251)
	at org.testng.remote.RemoteTestNG.main(RemoteTestNG.java:77)
java.lang.NoSuchFieldException: btnContinue
	at java.lang.Class.getField(Unknown Source)
	at com.zelle.stepdefinition.UniversalSteps.invokeElementMethod(UniversalSteps.java:117)
	at com.zelle.stepdefinition.UniversalSteps.user_clicks_on_element(UniversalSteps.java:202)
	at sun.reflect.NativeMethodAccessorImpl.invoke0(Native Method)
	at sun.reflect.NativeMethodAccessorImpl.invoke(Unknown Source)
	at sun.reflect.DelegatingMethodAccessorImpl.invoke(Unknown Source)
	at java.lang.reflect.Method.invoke(Unknown Source)
	at cucumber.runtime.Utils$1.call(Utils.java:37)
	at cucumber.runtime.Timeout.timeout(Timeout.java:13)
	at cucumber.runtime.Utils.invoke(Utils.java:31)
	at cucumber.runtime.java.JavaStepDefinition.execute(JavaStepDefinition.java:41)
	at cucumber.runtime.StepDefinitionMatch.runStep(StepDefinitionMatch.java:37)
	at cucumber.runtime.Runtime.runStep(Runtime.java:314)
	at cucumber.runtime.model.StepContainer.runStep(StepContainer.java:44)
	at cucumber.runtime.model.StepContainer.runSteps(StepContainer.java:39)
	at cucumber.runtime.model.CucumberScenario.run(CucumberScenario.java:44)
	at cucumber.runtime.model.CucumberFeature.run(CucumberFeature.java:165)
	at cucumber.api.testng.TestNGCucumberRunner.runCucumber(TestNGCucumberRunner.java:63)
	at cucumber.api.testng.AbstractTestNGCucumberTests.feature(AbstractTestNGCucumberTests.java:21)
	at sun.reflect.NativeMethodAccessorImpl.invoke0(Native Method)
	at sun.reflect.NativeMethodAccessorImpl.invoke(Unknown Source)
	at sun.reflect.DelegatingMethodAccessorImpl.invoke(Unknown Source)
	at java.lang.reflect.Method.invoke(Unknown Source)
	at org.testng.internal.MethodInvocationHelper.invokeMethod(MethodInvocationHelper.java:85)
	at org.testng.internal.Invoker.invokeMethod(Invoker.java:639)
	at org.testng.internal.Invoker.invokeTestMethod(Invoker.java:816)
	at org.testng.internal.Invoker.invokeTestMethods(Invoker.java:1124)
	at org.testng.internal.TestMethodWorker.invokeTestMethods(TestMethodWorker.java:125)
	at org.testng.internal.TestMethodWorker.run(TestMethodWorker.java:108)
	at org.testng.TestRunner.privateRun(TestRunner.java:774)
	at org.testng.TestRunner.run(TestRunner.java:624)
	at org.testng.SuiteRunner.runTest(SuiteRunner.java:359)
	at org.testng.SuiteRunner.runSequentially(SuiteRunner.java:354)
	at org.testng.SuiteRunner.privateRun(SuiteRunner.java:312)
	at org.testng.SuiteRunner.run(SuiteRunner.java:261)
	at org.testng.SuiteRunnerWorker.runSuite(SuiteRunnerWorker.java:52)
	at org.testng.SuiteRunnerWorker.run(SuiteRunnerWorker.java:86)
	at org.testng.TestNG.runSuitesSequentially(TestNG.java:1215)
	at org.testng.TestNG.runSuitesLocally(TestNG.java:1140)
	at org.testng.TestNG.run(TestNG.java:1048)
	at org.testng.remote.AbstractRemoteTestNG.run(AbstractRemoteTestNG.java:115)
	at org.testng.remote.RemoteTestNG.initAndRun(RemoteTestNG.java:251)
	at org.testng.remote.RemoteTestNG.main(RemoteTestNG.java:77)
java.lang.NoSuchFieldException: edtVerificationCode
	at java.lang.Class.getField(Unknown Source)
	at com.zelle.stepdefinition.UniversalSteps.invokeElementMethod(UniversalSteps.java:117)
	at com.zelle.stepdefinition.UniversalSteps.user_types_in_textbox(UniversalSteps.java:225)
	at sun.reflect.NativeMethodAccessorImpl.invoke0(Native Method)
	at sun.reflect.NativeMethodAccessorImpl.invoke(Unknown Source)
	at sun.reflect.DelegatingMethodAccessorImpl.invoke(Unknown Source)
	at java.lang.reflect.Method.invoke(Unknown Source)
	at cucumber.runtime.Utils$1.call(Utils.java:37)
	at cucumber.runtime.Timeout.timeout(Timeout.java:13)
	at cucumber.runtime.Utils.invoke(Utils.java:31)
	at cucumber.runtime.java.JavaStepDefinition.execute(JavaStepDefinition.java:41)
	at cucumber.runtime.StepDefinitionMatch.runStep(StepDefinitionMatch.java:37)
	at cucumber.runtime.Runtime.runStep(Runtime.java:314)
	at cucumber.runtime.model.StepContainer.runStep(StepContainer.java:44)
	at cucumber.runtime.model.StepContainer.runSteps(StepContainer.java:39)
	at cucumber.runtime.model.CucumberScenario.run(CucumberScenario.java:44)
	at cucumber.runtime.model.CucumberFeature.run(CucumberFeature.java:165)
	at cucumber.api.testng.TestNGCucumberRunner.runCucumber(TestNGCucumberRunner.java:63)
	at cucumber.api.testng.AbstractTestNGCucumberTests.feature(AbstractTestNGCucumberTests.java:21)
	at sun.reflect.NativeMethodAccessorImpl.invoke0(Native Method)
	at sun.reflect.NativeMethodAccessorImpl.invoke(Unknown Source)
	at sun.reflect.DelegatingMethodAccessorImpl.invoke(Unknown Source)
	at java.lang.reflect.Method.invoke(Unknown Source)
	at org.testng.internal.MethodInvocationHelper.invokeMethod(MethodInvocationHelper.java:85)
	at org.testng.internal.Invoker.invokeMethod(Invoker.java:639)
	at org.testng.internal.Invoker.invokeTestMethod(Invoker.java:816)
	at org.testng.internal.Invoker.invokeTestMethods(Invoker.java:1124)
	at org.testng.internal.TestMethodWorker.invokeTestMethods(TestMethodWorker.java:125)
	at org.testng.internal.TestMethodWorker.run(TestMethodWorker.java:108)
	at org.testng.TestRunner.privateRun(TestRunner.java:774)
	at org.testng.TestRunner.run(TestRunner.java:624)
	at org.testng.SuiteRunner.runTest(SuiteRunner.java:359)
	at org.testng.SuiteRunner.runSequentially(SuiteRunner.java:354)
	at org.testng.SuiteRunner.privateRun(SuiteRunner.java:312)
	at org.testng.SuiteRunner.run(SuiteRunner.java:261)
	at org.testng.SuiteRunnerWorker.runSuite(SuiteRunnerWorker.java:52)
	at org.testng.SuiteRunnerWorker.run(SuiteRunnerWorker.java:86)
	at org.testng.TestNG.runSuitesSequentially(TestNG.java:1215)
	at org.testng.TestNG.runSuitesLocally(TestNG.java:1140)
	at org.testng.TestNG.run(TestNG.java:1048)
	at org.testng.remote.AbstractRemoteTestNG.run(AbstractRemoteTestNG.java:115)
	at org.testng.remote.RemoteTestNG.initAndRun(RemoteTestNG.java:251)
	at org.testng.remote.RemoteTestNG.main(RemoteTestNG.java:77)
java.lang.NoSuchFieldException: btnVerify
	at java.lang.Class.getField(Unknown Source)
	at com.zelle.stepdefinition.UniversalSteps.invokeElementMethod(UniversalSteps.java:117)
	at com.zelle.stepdefinition.UniversalSteps.user_clicks_on_element(UniversalSteps.java:202)
	at sun.reflect.NativeMethodAccessorImpl.invoke0(Native Method)
	at sun.reflect.NativeMethodAccessorImpl.invoke(Unknown Source)
	at sun.reflect.DelegatingMethodAccessorImpl.invoke(Unknown Source)
	at java.lang.reflect.Method.invoke(Unknown Source)
	at cucumber.runtime.Utils$1.call(Utils.java:37)
	at cucumber.runtime.Timeout.timeout(Timeout.java:13)
	at cucumber.runtime.Utils.invoke(Utils.java:31)
	at cucumber.runtime.java.JavaStepDefinition.execute(JavaStepDefinition.java:41)
	at cucumber.runtime.StepDefinitionMatch.runStep(StepDefinitionMatch.java:37)
	at cucumber.runtime.Runtime.runStep(Runtime.java:314)
	at cucumber.runtime.model.StepContainer.runStep(StepContainer.java:44)
	at cucumber.runtime.model.StepContainer.runSteps(StepContainer.java:39)
	at cucumber.runtime.model.CucumberScenario.run(CucumberScenario.java:44)
	at cucumber.runtime.model.CucumberFeature.run(CucumberFeature.java:165)
	at cucumber.api.testng.TestNGCucumberRunner.runCucumber(TestNGCucumberRunner.java:63)
	at cucumber.api.testng.AbstractTestNGCucumberTests.feature(AbstractTestNGCucumberTests.java:21)
	at sun.reflect.NativeMethodAccessorImpl.invoke0(Native Method)
	at sun.reflect.NativeMethodAccessorImpl.invoke(Unknown Source)
	at sun.reflect.DelegatingMethodAccessorImpl.invoke(Unknown Source)
	at java.lang.reflect.Method.invoke(Unknown Source)
	at org.testng.internal.MethodInvocationHelper.invokeMethod(MethodInvocationHelper.java:85)
	at org.testng.internal.Invoker.invokeMethod(Invoker.java:639)
	at org.testng.internal.Invoker.invokeTestMethod(Invoker.java:816)
	at org.testng.internal.Invoker.invokeTestMethods(Invoker.java:1124)
	at org.testng.internal.TestMethodWorker.invokeTestMethods(TestMethodWorker.java:125)
	at org.testng.internal.TestMethodWorker.run(TestMethodWorker.java:108)
	at org.testng.TestRunner.privateRun(TestRunner.java:774)
	at org.testng.TestRunner.run(TestRunner.java:624)
	at org.testng.SuiteRunner.runTest(SuiteRunner.java:359)
	at org.testng.SuiteRunner.runSequentially(SuiteRunner.java:354)
	at org.testng.SuiteRunner.privateRun(SuiteRunner.java:312)
	at org.testng.SuiteRunner.run(SuiteRunner.java:261)
	at org.testng.SuiteRunnerWorker.runSuite(SuiteRunnerWorker.java:52)
	at org.testng.SuiteRunnerWorker.run(SuiteRunnerWorker.java:86)
	at org.testng.TestNG.runSuitesSequentially(TestNG.java:1215)
	at org.testng.TestNG.runSuitesLocally(TestNG.java:1140)
	at org.testng.TestNG.run(TestNG.java:1048)
	at org.testng.remote.AbstractRemoteTestNG.run(AbstractRemoteTestNG.java:115)
	at org.testng.remote.RemoteTestNG.initAndRun(RemoteTestNG.java:251)
	at org.testng.remote.RemoteTestNG.main(RemoteTestNG.java:77)
...
2020-07-24 14:46:50 INFO  - [class com.zelle.stepdefinition.UniversalSteps] : UniversalStep: User clicks on element btnSendOrRequestMoney
2020-07-24 14:46:50 ERROR - [class com.zelle.stepdefinition.UniversalSteps] : UniversalStep:  btnSendOrRequestMoney Failed , java.lang.ClassNotFoundException: com.epp.zelle.pages.SendMoneyWithZellePagePage
	at java.net.URLClassLoader.findClass(Unknown Source)
	at java.lang.ClassLoader.loadClass(Unknown Source)
	at sun.misc.Launcher$AppClassLoader.loadClass(Unknown Source)
	at java.lang.ClassLoader.loadClass(Unknown Source)
	at java.lang.Class.forName0(Native Method)
	at java.lang.Class.forName(Unknown Source)
	at com.zelle.stepdefinition.UniversalSteps.invokeMethod(UniversalSteps.java:99)
	at com.zelle.stepdefinition.UniversalSteps.validate_that_user_is_on_page(UniversalSteps.java:172)
	at sun.reflect.NativeMethodAccessorImpl.invoke0(Native Method)
	at sun.reflect.NativeMethodAccessorImpl.invoke(Unknown Source)
	at sun.reflect.DelegatingMethodAccessorImpl.invoke(Unknown Source)
	at java.lang.reflect.Method.invoke(Unknown Source)
	at cucumber.runtime.Utils$1.call(Utils.java:37)
	at cucumber.runtime.Timeout.timeout(Timeout.java:13)
	at cucumber.runtime.Utils.invoke(Utils.java:31)
	at cucumber.runtime.java.JavaStepDefinition.execute(JavaStepDefinition.java:41)
	at cucumber.runtime.StepDefinitionMatch.runStep(StepDefinitionMatch.java:37)
	at cucumber.runtime.Runtime.runStep(Runtime.java:314)
	at cucumber.runtime.model.StepContainer.runStep(StepContainer.java:44)
	at cucumber.runtime.model.StepContainer.runSteps(StepContainer.java:39)
	at cucumber.runtime.model.CucumberScenario.run(CucumberScenario.java:44)
	at cucumber.runtime.model.CucumberFeature.run(CucumberFeature.java:165)
	at cucumber.api.testng.TestNGCucumberRunner.runCucumber(TestNGCucumberRunner.java:63)
	at cucumber.api.testng.AbstractTestNGCucumberTests.feature(AbstractTestNGCucumberTests.java:21)
	at sun.reflect.NativeMethodAccessorImpl.invoke0(Native Method)
	at sun.reflect.NativeMethodAccessorImpl.invoke(Unknown Source)
	at sun.reflect.DelegatingMethodAccessorImpl.invoke(Unknown Source)
	at java.lang.reflect.Method.invoke(Unknown Source)
	at org.testng.internal.MethodInvocationHelper.invokeMethod(MethodInvocationHelper.java:85)
	at org.testng.internal.Invoker.invokeMethod(Invoker.java:639)
	at org.testng.internal.Invoker.invokeTestMethod(Invoker.java:816)
	at org.testng.internal.Invoker.invokeTestMethods(Invoker.java:1124)
	at org.testng.internal.TestMethodWorker.invokeTestMethods(TestMethodWorker.java:125)
	at org.testng.internal.TestMethodWorker.run(TestMethodWorker.java:108)
	at org.testng.TestRunner.privateRun(TestRunner.java:774)
	at org.testng.TestRunner.run(TestRunner.java:624)
	at org.testng.SuiteRunner.runTest(SuiteRunner.java:359)
	at org.testng.SuiteRunner.runSequentially(SuiteRunner.java:354)
	at org.testng.SuiteRunner.privateRun(SuiteRunner.java:312)
	at org.testng.SuiteRunner.run(SuiteRunner.java:261)
	at org.testng.SuiteRunnerWorker.runSuite(SuiteRunnerWorker.java:52)
	at org.testng.SuiteRunnerWorker.run(SuiteRunnerWorker.java:86)
	at org.testng.TestNG.runSuitesSequentially(TestNG.java:1215)
	at org.testng.TestNG.runSuitesLocally(TestNG.java:1140)
	at org.testng.TestNG.run(TestNG.java:1048)
	at org.testng.remote.AbstractRemoteTestNG.run(AbstractRemoteTestNG.java:115)
	at org.testng.remote.RemoteTestNG.initAndRun(RemoteTestNG.java:251)
	at org.testng.remote.RemoteTestNG.main(RemoteTestNG.java:77)
java.lang.NoSuchFieldException: btnContinue
	at java.lang.Class.getField(Unknown Source)
	at com.zelle.stepdefinition.UniversalSteps.invokeElementMethod(UniversalSteps.java:117)
	at com.zelle.stepdefinition.UniversalSteps.user_clicks_on_element(UniversalSteps.java:202)
	at sun.reflect.NativeMethodAccessorImpl.invoke0(Native Method)
	at sun.reflect.NativeMethodAccessorImpl.invoke(Unknown Source)
	at sun.reflect.DelegatingMethodAccessorImpl.invoke(Unknown Source)
	at java.lang.reflect.Method.invoke(Unknown Source)
	at cucumber.runtime.Utils$1.call(Utils.java:37)
	at cucumber.runtime.Timeout.timeout(Timeout.java:13)
	at cucumber.runtime.Utils.invoke(Utils.java:31)
	at cucumber.runtime.java.JavaStepDefinition.execute(JavaStepDefinition.java:41)
	at cucumber.runtime.StepDefinitionMatch.runStep(StepDefinitionMatch.java:37)
	at cucumber.runtime.Runtime.runStep(Runtime.java:314)
	at cucumber.runtime.model.StepContainer.runStep(StepContainer.java:44)
	at cucumber.runtime.model.StepContainer.runSteps(StepContainer.java:39)
	at cucumber.runtime.model.CucumberScenario.run(CucumberScenario.java:44)
	at cucumber.runtime.model.CucumberFeature.run(CucumberFeature.java:165)
	at cucumber.api.testng.TestNGCucumberRunner.runCucumber(TestNGCucumberRunner.java:63)
	at cucumber.api.testng.AbstractTestNGCucumberTests.feature(AbstractTestNGCucumberTests.java:21)
	at sun.reflect.NativeMethodAccessorImpl.invoke0(Native Method)
	at sun.reflect.NativeMethodAccessorImpl.invoke(Unknown Source)
	at sun.reflect.DelegatingMethodAccessorImpl.invoke(Unknown Source)
	at java.lang.reflect.Method.invoke(Unknown Source)
	at org.testng.internal.MethodInvocationHelper.invokeMethod(MethodInvocationHelper.java:85)
	at org.testng.internal.Invoker.invokeMethod(Invoker.java:639)
	at org.testng.internal.Invoker.invokeTestMethod(Invoker.java:816)
	at org.testng.internal.Invoker.invokeTestMethods(Invoker.java:1124)
	at org.testng.internal.TestMethodWorker.invokeTestMethods(TestMethodWorker.java:125)
	at org.testng.internal.TestMethodWorker.run(TestMethodWorker.java:108)
	at org.testng.TestRunner.privateRun(TestRunner.java:774)
	at org.testng.TestRunner.run(TestRunner.java:624)
	at org.testng.SuiteRunner.runTest(SuiteRunner.java:359)
	at org.testng.SuiteRunner.runSequentially(SuiteRunner.java:354)
	at org.testng.SuiteRunner.privateRun(SuiteRunner.java:312)
	at org.testng.SuiteRunner.run(SuiteRunner.java:261)
	at org.testng.SuiteRunnerWorker.runSuite(SuiteRunnerWorker.java:52)
	at org.testng.SuiteRunnerWorker.run(SuiteRunnerWorker.java:86)
	at org.testng.TestNG.runSuitesSequentially(TestNG.java:1215)
	at org.testng.TestNG.runSuitesLocally(TestNG.java:1140)
	at org.testng.TestNG.run(TestNG.java:1048)
	at org.testng.remote.AbstractRemoteTestNG.run(AbstractRemoteTestNG.java:115)
	at org.testng.remote.RemoteTestNG.initAndRun(RemoteTestNG.java:251)
	at org.testng.remote.RemoteTestNG.main(RemoteTestNG.java:77)
java.lang.NoSuchFieldException: edtVerificationCode
	at java.lang.Class.getField(Unknown Source)
	at com.zelle.stepdefinition.UniversalSteps.invokeElementMethod(UniversalSteps.java:117)
	at com.zelle.stepdefinition.UniversalSteps.user_types_in_textbox(UniversalSteps.java:225)
	at sun.reflect.NativeMethodAccessorImpl.invoke0(Native Method)
	at sun.reflect.NativeMethodAccessorImpl.invoke(Unknown Source)
	at sun.reflect.DelegatingMethodAccessorImpl.invoke(Unknown Source)
	at java.lang.reflect.Method.invoke(Unknown Source)
	at cucumber.runtime.Utils$1.call(Utils.java:37)
	at cucumber.runtime.Timeout.timeout(Timeout.java:13)
	at cucumber.runtime.Utils.invoke(Utils.java:31)
	at cucumber.runtime.java.JavaStepDefinition.execute(JavaStepDefinition.java:41)
	at cucumber.runtime.StepDefinitionMatch.runStep(StepDefinitionMatch.java:37)
	at cucumber.runtime.Runtime.runStep(Runtime.java:314)
	at cucumber.runtime.model.StepContainer.runStep(StepContainer.java:44)
	at cucumber.runtime.model.StepContainer.runSteps(StepContainer.java:39)
	at cucumber.runtime.model.CucumberScenario.run(CucumberScenario.java:44)
	at cucumber.runtime.model.CucumberFeature.run(CucumberFeature.java:165)
	at cucumber.api.testng.TestNGCucumberRunner.runCucumber(TestNGCucumberRunner.java:63)
	at cucumber.api.testng.AbstractTestNGCucumberTests.feature(AbstractTestNGCucumberTests.java:21)
	at sun.reflect.NativeMethodAccessorImpl.invoke0(Native Method)
	at sun.reflect.NativeMethodAccessorImpl.invoke(Unknown Source)
	at sun.reflect.DelegatingMethodAccessorImpl.invoke(Unknown Source)
	at java.lang.reflect.Method.invoke(Unknown Source)
	at org.testng.internal.MethodInvocationHelper.invokeMethod(MethodInvocationHelper.java:85)
	at org.testng.internal.Invoker.invokeMethod(Invoker.java:639)
	at org.testng.internal.Invoker.invokeTestMethod(Invoker.java:816)
	at org.testng.internal.Invoker.invokeTestMethods(Invoker.java:1124)
	at org.testng.internal.TestMethodWorker.invokeTestMethods(TestMethodWorker.java:125)
	at org.testng.internal.TestMethodWorker.run(TestMethodWorker.java:108)
	at org.testng.TestRunner.privateRun(TestRunner.java:774)
	at org.testng.TestRunner.run(TestRunner.java:624)
	at org.testng.SuiteRunner.runTest(SuiteRunner.java:359)
	at org.testng.SuiteRunner.runSequentially(SuiteRunner.java:354)
	at org.testng.SuiteRunner.privateRun(SuiteRunner.java:312)
	at org.testng.SuiteRunner.run(SuiteRunner.java:261)
	at org.testng.SuiteRunnerWorker.runSuite(SuiteRunnerWorker.java:52)
	at org.testng.SuiteRunnerWorker.run(SuiteRunnerWorker.java:86)
	at org.testng.TestNG.runSuitesSequentially(TestNG.java:1215)
	at org.testng.TestNG.runSuitesLocally(TestNG.java:1140)
	at org.testng.TestNG.run(TestNG.java:1048)
	at org.testng.remote.AbstractRemoteTestNG.run(AbstractRemoteTestNG.java:115)
	at org.testng.remote.RemoteTestNG.initAndRun(RemoteTestNG.java:251)
	at org.testng.remote.RemoteTestNG.main(RemoteTestNG.java:77)
java.lang.NoSuchFieldException: btnVerify
	at java.lang.Class.getField(Unknown Source)
	at com.zelle.stepdefinition.UniversalSteps.invokeElementMethod(UniversalSteps.java:117)
	at com.zelle.stepdefinition.UniversalSteps.user_clicks_on_element(UniversalSteps.java:202)
	at sun.reflect.NativeMethodAccessorImpl.invoke0(Native Method)
	at sun.reflect.NativeMethodAccessorImpl.invoke(Unknown Source)
	at sun.reflect.DelegatingMethodAccessorImpl.invoke(Unknown Source)
	at java.lang.reflect.Method.invoke(Unknown Source)
	at cucumber.runtime.Utils$1.call(Utils.java:37)
	at cucumber.runtime.Timeout.timeout(Timeout.java:13)
	at cucumber.runtime.Utils.invoke(Utils.java:31)
	at cucumber.runtime.java.JavaStepDefinition.execute(JavaStepDefinition.java:41)
	at cucumber.runtime.StepDefinitionMatch.runStep(StepDefinitionMatch.java:37)
	at cucumber.runtime.Runtime.runStep(Runtime.java:314)
	at cucumber.runtime.model.StepContainer.runStep(StepContainer.java:44)
	at cucumber.runtime.model.StepContainer.runSteps(StepContainer.java:39)
	at cucumber.runtime.model.CucumberScenario.run(CucumberScenario.java:44)
	at cucumber.runtime.model.CucumberFeature.run(CucumberFeature.java:165)
	at cucumber.api.testng.TestNGCucumberRunner.runCucumber(TestNGCucumberRunner.java:63)
	at cucumber.api.testng.AbstractTestNGCucumberTests.feature(AbstractTestNGCucumberTests.java:21)
	at sun.reflect.NativeMethodAccessorImpl.invoke0(Native Method)
	at sun.reflect.NativeMethodAccessorImpl.invoke(Unknown Source)
	at sun.reflect.DelegatingMethodAccessorImpl.invoke(Unknown Source)
	at java.lang.reflect.Method.invoke(Unknown Source)
	at org.testng.internal.MethodInvocationHelper.invokeMethod(MethodInvocationHelper.java:85)
	at org.testng.internal.Invoker.invokeMethod(Invoker.java:639)
	at org.testng.internal.Invoker.invokeTestMethod(Invoker.java:816)
	at org.testng.internal.Invoker.invokeTestMethods(Invoker.java:1124)
	at org.testng.internal.TestMethodWorker.invokeTestMethods(TestMethodWorker.java:125)
	at org.testng.internal.TestMethodWorker.run(TestMethodWorker.java:108)
	at org.testng.TestRunner.privateRun(TestRunner.java:774)
	at org.testng.TestRunner.run(TestRunner.java:624)
	at org.testng.SuiteRunner.runTest(SuiteRunner.java:359)
	at org.testng.SuiteRunner.runSequentially(SuiteRunner.java:354)
	at org.testng.SuiteRunner.privateRun(SuiteRunner.java:312)
	at org.testng.SuiteRunner.run(SuiteRunner.java:261)
	at org.testng.SuiteRunnerWorker.runSuite(SuiteRunnerWorker.java:52)
	at org.testng.SuiteRunnerWorker.run(SuiteRunnerWorker.java:86)
	at org.testng.TestNG.runSuitesSequentially(TestNG.java:1215)
	at org.testng.TestNG.runSuitesLocally(TestNG.java:1140)
	at org.testng.TestNG.run(TestNG.java:1048)
	at org.testng.remote.AbstractRemoteTestNG.run(AbstractRemoteTestNG.java:115)
	at org.testng.remote.RemoteTestNG.initAndRun(RemoteTestNG.java:251)
	at org.testng.remote.RemoteTestNG.main(RemoteTestNG.java:77)
java.lang.NoSuchFieldException: btnSendOrRequestMoney
	at java.lang.Class.getField(Unknown Source)
	at com.zelle.stepdefinition.UniversalSteps.invokeElementMethod(UniversalSteps.java:117)
	at com.zelle.stepdefinition.UniversalSteps.user_clicks_on_element(UniversalSteps.java:202)
	at sun.reflect.NativeMethodAccessorImpl.invoke0(Native Method)
	at sun.reflect.NativeMethodAccessorImpl.invoke(Unknown Source)
	at sun.reflect.DelegatingMethodAccessorImpl.invoke(Unknown Source)
	at java.lang.reflect.Method.invoke(Unknown Source)
	at cucumber.runtime.Utils$1.call(Utils.java:37)
	at cucumber.runtime.Timeout.timeout(Timeout.java:13)
	at cucumber.runtime.Utils.invoke(Utils.java:31)
	at cucumber.runtime.java.JavaStepDefinition.execute(JavaStepDefinition.java:41)
	at cucumber.runtime.StepDefinitionMatch.runStep(StepDefinitionMatch.java:37)
	at cucumber.runtime.Runtime.runStep(Runtime.java:314)
	at cucumber.runtime.model.StepContainer.runStep(StepContainer.java:44)
	at cucumber.runtime.model.StepContainer.runSteps(StepContainer.java:39)
	at cucumber.runtime.model.CucumberScenario.run(CucumberScenario.java:44)
	at cucumber.runtime.model.CucumberFeature.run(CucumberFeature.java:165)
	at cucumber.api.testng.TestNGCucumberRunner.runCucumber(TestNGCucumberRunner.java:63)
	at cucumber.api.testng.AbstractTestNGCucumberTests.feature(AbstractTestNGCucumberTests.java:21)
	at sun.reflect.NativeMethodAccessorImpl.invoke0(Native Method)
	at sun.reflect.NativeMethodAccessorImpl.invoke(Unknown Source)
	at sun.reflect.DelegatingMethodAccessorImpl.invoke(Unknown Source)
	at java.lang.reflect.Method.invoke(Unknown Source)
	at org.testng.internal.MethodInvocationHelper.invokeMethod(MethodInvocationHelper.java:85)
	at org.testng.internal.Invoker.invokeMethod(Invoker.java:639)
	at org.testng.internal.Invoker.invokeTestMethod(Invoker.java:816)
	at org.testng.internal.Invoker.invokeTestMethods(Invoker.java:1124)
	at org.testng.internal.TestMethodWorker.invokeTestMethods(TestMethodWorker.java:125)
	at org.testng.internal.TestMethodWorker.run(TestMethodWorker.java:108)
	at org.testng.TestRunner.privateRun(TestRunner.java:774)
	at org.testng.TestRunner.run(TestRunner.java:624)
	at org.testng.SuiteRunner.runTest(SuiteRunner.java:359)
	at org.testng.SuiteRunner.runSequentially(SuiteRunner.java:354)
	at org.testng.SuiteRunner.privateRun(SuiteRunner.java:312)
	at org.testng.SuiteRunner.run(SuiteRunner.java:261)
	at org.testng.SuiteRunnerWorker.runSuite(SuiteRunnerWorker.java:52)
	at org.testng.SuiteRunnerWorker.run(SuiteRunnerWorker.java:86)
	at org.testng.TestNG.runSuitesSequentially(TestNG.java:1215)
	at org.testng.TestNG.runSuitesLocally(TestNG.java:1140)
	at org.testng.TestNG.run(TestNG.java:1048)
	at org.testng.remote.AbstractRemoteTestNG.run(AbstractRemoteTestNG.java:115)
	at org.testng.remote.RemoteTestNG.initAndRun(RemoteTestNG.java:251)
	at org.testng.remote.RemoteTestNG.main(RemoteTestNG.java:77)
...
2020-07-24 14:46:50 INFO  - [class com.zelle.stepdefinition.UniversalSteps] : UniversalStep: User is on page CommonPage
2020-07-24 14:46:50 INFO  - [class com.zelle.stepdefinition.UniversalSteps] : UniversalStep: User clicks on element lnkRequest
2020-07-24 14:49:22 INFO  - [class com.epp.executor.CukeExecutor] : Initiating drivers
2020-07-24 14:49:22 INFO  - [class com.epp.initdriver.RDPDriver] : Setup the new driver
2020-07-24 14:49:25 INFO  - [class com.epp.initdriver.RDPDriver] : Created Chrome driver instace
2020-07-24 14:49:25 INFO  - [class com.epp.initdriver.RDPDriver] : Maximize the explorer window
2020-07-24 14:49:25 INFO  - [class com.epp.executor.CukeExecutor] : Initialisation of drivers is completed successfully
2020-07-24 14:49:26 DEBUG - FileName set to C:\SeleniumWorkspace\DigiPayZelleAutomation\src\main\java\com\epp\config\Logger.properties
2020-07-24 14:49:26 DEBUG - ConfigurationUtils.locate(): base is null, name is C:\SeleniumWorkspace\DigiPayZelleAutomation\src\main\java\com\epp\config\Logger.properties
2020-07-24 14:49:26 DEBUG - Could not locate file C:\SeleniumWorkspace\DigiPayZelleAutomation\src\main\java\com\epp\config\Logger.properties at null: unknown protocol: c
2020-07-24 14:49:26 DEBUG - Loading configuration from the absolute path C:\SeleniumWorkspace\DigiPayZelleAutomation\src\main\java\com\epp\config\Logger.properties
2020-07-24 14:49:26 DEBUG - Base path set to file:///C:/SeleniumWorkspace/DigiPayZelleAutomation/src/main/java/com/epp/config/Logger.properties
