2020-07-24 14:49:26 INFO  - [class com.epp.executor.CukeExecutor] : Initiating Loggers Instance with file name: ZelleLogger_07_24_2020 14_49_26
2020-07-24 14:49:26 INFO  - [class com.epp.executor.CukeExecutor] : Initiating Extent Reports Instance with file name: ZelleTestReport_07_24_2020 14_49_26
2020-07-24 14:49:26 INFO  - [class com.zelle.stepdefinition.UniversalSteps] : UniversalStep: Create user one using services and Launch URL
2020-07-24 14:49:26 INFO  - [class com.epp.api.executor.APIExecutor] : API Executor constructor, assigning all the values to variable of API 
2020-07-24 14:49:26 INFO  - [class com.epp.api.executor.APIExecutor] : Closing all the instances of Excel sheets
2020-07-24 14:49:26 INFO  - [class com.epp.api.executor.APIExecutor] : Request which need to run: AddConsumer.xml
2020-07-24 14:49:26 INFO  - [class com.epp.api.utils.APIGenerics] : Reading the file and returing the document instance
2020-07-24 14:49:26 INFO  - [class com.epp.api.executor.APIExecutor] : Reading XML file into Document instance is done
2020-07-24 14:49:27 INFO  - [class com.epp.api.utils.APIGenerics] : keyValueData generated:  {TCName=, wsse:Username=, wsse:Password=, req:MtvnSvcVer=, req:ApplID=, req:SvcID=, req:SvcVer=, req:RoutingID=, com1:addr1=, com1:city=, com1:state=, com1:postalCode=, com1:country=, com1:type=, com1:number=, com1:isPrimary=, com1:email=, com1:userId=}
2020-07-24 14:49:27 INFO  - [class com.epp.api.utils.APIGenerics] : keyValueData generated:  {TCName=Zelle_AddConsumer_TC01, wsse:Username=FISEPAY_DEV, wsse:Password=RaDrup5E4awreP, req:MtvnSvcVer=v1.6.0, req:ApplID=ZELLE, req:SvcID=AddConsumer, req:SvcVer=v1.6.0, req:RoutingID=fis-50202, com1:addr1=10610 Faulkner Point way, com1:city=Irving, com1:state=TX, com1:postalCode=75063-1234, com1:country=US, com1:type=HOME, com1:number=100001111189, com1:isPrimary=true, com1:email=gulabo@yahoo.com, com1:userId=xyxde9111117}
2020-07-24 14:49:27 INFO  - [class com.epp.api.utils.APIGenerics] : keyValueData generated:  {TCName=Zelle_AddConsumer_TC01, wsse:Username=FISEPAY_DEV, wsse:Password=RaDrup5E4awreP, req:MtvnSvcVer=v1.6.0, req:ApplID=ZELLE, req:SvcID=AddConsumer, req:SvcVer=v1.6.0, req:RoutingID=fis-50202, com1:addr1=10610 Faulkner Point way, com1:city=Irving, com1:state=TX, com1:postalCode=75063-1234, com1:country=US, com1:type=HOME, com1:number=100001111189, com1:isPrimary=true, com1:email=gulabo@yahoo.com, com1:userId=xyxde9111117}
2020-07-24 14:49:27 INFO  - [class com.epp.api.utils.APIGenerics] : Random alphaNumeric generate: unM2PN
2020-07-24 14:49:27 INFO  - [class com.epp.api.utils.APIGenerics] : Random alphabet generate: SEun
2020-07-24 14:49:27 INFO  - [class com.epp.api.utils.APIGenerics] : Random number generate: 33301
2020-07-24 14:49:27 INFO  - [class com.epp.api.utils.APIGenerics] : Random email id generate: SEun33301@yahoo.com
2020-07-24 14:49:27 INFO  - [class com.epp.api.utils.APIGenerics] : Random number generate: 9149038
2020-07-24 14:49:27 INFO  - [class com.epp.api.utils.APIGenerics] : Random phone generate: 2019149038
2020-07-24 14:49:27 INFO  - [class com.epp.api.utils.APIGenerics] : Parcing of xml file is done
2020-07-24 14:49:27 INFO  - [class com.epp.api.utils.APIGenerics] : Getting timestamp in yyyyMMdd_HHmmss this formats 
2020-07-24 14:49:27 INFO  - [class com.epp.api.utils.APIGenerics] : Creating the xml file at run level
2020-07-24 14:49:27 INFO  - [class com.epp.api.executor.APIExecutor] : Hitting the request using post method
2020-07-24 14:49:27 INFO  - [class com.epp.api.soaphit.GetSoapResponse] : Into Post Method
2020-07-24 14:49:27 INFO  - [class com.epp.api.soaphit.GetSoapResponse] : Base End Point URL: https://localhost:1122/services/port
2020-07-24 14:49:27 INFO  - [class com.epp.api.soaphit.GetSoapResponse] : XML request file path: C:\SeleniumWorkspace\DigiPayZelleAutomation\src\main\java\com\epp\api\temp\Request_Zelle_AddConsumer_TC01_20200724_144927.xml
2020-07-24 14:49:28 DEBUG - Get connection for route {s}->https://localhost:1122
2020-07-24 14:49:28 DEBUG - Connecting to localhost:1122
2020-07-24 14:49:29 DEBUG - CookieSpec selected: ignoreCookies
2020-07-24 14:49:29 DEBUG - Auth cache not set in the context
2020-07-24 14:49:29 DEBUG - Target auth state: UNCHALLENGED
2020-07-24 14:49:29 DEBUG - Proxy auth state: UNCHALLENGED
2020-07-24 14:49:29 DEBUG - Attempt 1 to execute request
2020-07-24 14:49:29 DEBUG - Sending request: POST /services/port/v1_6 HTTP/1.1
2020-07-24 14:49:29 DEBUG -  >> "POST /services/port/v1_6 HTTP/1.1[\r][\n]"
2020-07-24 14:49:29 DEBUG -  >> "SOAPAction: authenticate[\r][\n]"
2020-07-24 14:49:29 DEBUG -  >> "Accept: */*[\r][\n]"
2020-07-24 14:49:29 DEBUG -  >> "Content-Type: application/soap+xml; charset=UTF-8;[\r][\n]"
2020-07-24 14:49:29 DEBUG -  >> "Content-Length: 5407[\r][\n]"
2020-07-24 14:49:29 DEBUG -  >> "Host: localhost:1122[\r][\n]"
2020-07-24 14:49:29 DEBUG -  >> "Connection: Keep-Alive[\r][\n]"
2020-07-24 14:49:29 DEBUG -  >> "User-Agent: Apache-HttpClient/4.5.3 (Java/1.8.0_162)[\r][\n]"
2020-07-24 14:49:29 DEBUG -  >> "Accept-Encoding: gzip,deflate[\r][\n]"
2020-07-24 14:49:29 DEBUG -  >> "[\r][\n]"
2020-07-24 14:49:29 DEBUG - >> POST /services/port/v1_6 HTTP/1.1
2020-07-24 14:49:29 DEBUG - >> SOAPAction: authenticate
2020-07-24 14:49:29 DEBUG - >> Accept: */*
2020-07-24 14:49:29 DEBUG - >> Content-Type: application/soap+xml; charset=UTF-8;
2020-07-24 14:49:29 DEBUG - >> Content-Length: 5407
2020-07-24 14:49:29 DEBUG - >> Host: localhost:1122
2020-07-24 14:49:29 DEBUG - >> Connection: Keep-Alive
2020-07-24 14:49:29 DEBUG - >> User-Agent: Apache-HttpClient/4.5.3 (Java/1.8.0_162)
2020-07-24 14:49:29 DEBUG - >> Accept-Encoding: gzip,deflate
2020-07-24 14:49:29 DEBUG -  >> "<?xml version="1.0" encoding="UTF-8" standalone="no"?><soapenv:Envelope xmlns:soapenv="http://schemas.xmlsoap.org/soap/envelope/" xmlns:com="http://metavante.com/types/common" xmlns:com1="http://epayments.metavante.com/types/common" xmlns:req="http://epayments.metavante.com/types/request" xmlns:req1="http://epayments.metavante.com/types/consumerPayee/request" xmlns:req2="http://epayments.metavante.com/types/fi/request" xmlns:req3="http://epayments.metavante.com/types/fundingAccount/request" xmlns:req4="http://epayments.metavante.com/types/merchant/request" xmlns:req5="http://epayments.metavante.com/types/security/request" xmlns:req6="http://epayments.metavante.com/types/user/request" xmlns:req7="http://epayments.metavante.com/types/consumer/request" xmlns:req8="http://epayments.metavante.com/types/checkimage/request" xmlns:wsse="http://docs.oasis-open.org/wss/2004/01/oasis-200401-wss-wssecurity-secext-1.0.xsd">[\r][\n]"
2020-07-24 14:49:29 DEBUG -  >> "   <soapenv:Header>[\r][\n]"
2020-07-24 14:49:29 DEBUG -  >> "      <wsse:Security>[\r][\n]"
2020-07-24 14:49:29 DEBUG -  >> "         <wsse:UsernameToken>[\r][\n]"
2020-07-24 14:49:29 DEBUG -  >> "            <wsse:Username>FISEPAY_DEV</wsse:Username>[\r][\n]"
2020-07-24 14:49:29 DEBUG -  >> "            <wsse:Password>RaDrup5E4awreP</wsse:Password>[\r][\n]"
2020-07-24 14:49:29 DEBUG -  >> "         </wsse:UsernameToken>[\r][\n]"
2020-07-24 14:49:29 DEBUG -  >> "      </wsse:Security>[\r][\n]"
2020-07-24 14:49:29 DEBUG -  >> "   </soapenv:Header>[\r][\n]"
2020-07-24 14:49:29 DEBUG -  >> "   <soapenv:Body>[\r][\n]"
2020-07-24 14:49:29 DEBUG -  >> "      <req:EbMtvnSvcReq>[\r][\n]"
2020-07-24 14:49:29 DEBUG -  >> "         <req:MtvnSvcVer>v1.6.0</req:MtvnSvcVer>[\r][\n]"
2020-07-24 14:49:29 DEBUG -  >> "         <req:MsgUUID>?</req:MsgUUID>[\r][\n]"
2020-07-24 14:49:29 DEBUG -  >> "         <req:PrcsParms>[\r][\n]"
2020-07-24 14:49:29 DEBUG -  >> "            <req:SrcID>MVEPAY</req:SrcID>[\r][\n]"
2020-07-24 14:49:29 DEBUG -  >> "         </req:PrcsParms>[\r][\n]"
2020-07-24 14:49:29 DEBUG -  >> "         <req:Svc>[\r][\n]"
2020-07-24 14:49:29 DEBUG -  >> "            <req:SvcParms>[\r][\n]"
2020-07-24 14:49:29 DEBUG -  >> "               <req:ApplID>ZELLE</req:ApplID>[\r][\n]"
2020-07-24 14:49:29 DEBUG -  >> "               <req:SvcID>AddConsumer</req:SvcID>[\r][\n]"
2020-07-24 14:49:29 DEBUG -  >> "               <req:SvcVer>v1.6.0</req:SvcVer>[\r][\n]"
2020-07-24 14:49:29 DEBUG -  >> "               <req:RoutingID>fis-50202</req:RoutingID>[\r][\n]"
2020-07-24 14:49:29 DEBUG -  >> "            </req:SvcParms>[\r][\n]"
2020-07-24 14:49:29 DEBUG -  >> "            <req:MsgData>[\r][\n]"
2020-07-24 14:49:29 DEBUG -  >> "               <req:AddConsumer>[\r][\n]"
2020-07-24 14:49:29 DEBUG -  >> "                  <req1:locale>en-US</req1:locale>[\r][\n]"
2020-07-24 14:49:29 DEBUG -  >> "                  <com:channelName/>[\r][\n]"
2020-07-24 14:49:29 DEBUG -  >> "                  <req7:consumerInfo>[\r][\n]"
2020-07-24 14:49:29 DEBUG -  >> "                     <com1:individualConsumer>[\r][\n]"
2020-07-24 14:49:29 DEBUG -  >> "                        <com1:firstName>manjinder</com1:firstName>[\r][\n]"
2020-07-24 14:49:29 DEBUG -  >> "                        <com1:middleName>Y</com1:middleName>[\r][\n]"
2020-07-24 14:49:29 DEBUG -  >> "                        <com1:lastName>singh</com1:lastName>[\r][\n]"
2020-07-24 14:49:29 DEBUG -  >> "                        <com1:SSN>999-99-0000</com1:SSN>[\r][\n]"
2020-07-24 14:49:29 DEBUG -  >> "                        <com1:birthDate>1984-12-31</com1:birthDate>[\r][\n]"
2020-07-24 14:49:29 DEBUG -  >> "                     </com1:individualConsumer>[\r][\n]"
2020-07-24 14:49:29 DEBUG -  >> "                     <com1:address>[\r][\n]"
2020-07-24 14:49:29 DEBUG -  >> "                        <com1:addr1>10610 Faulkner Point way</com1:addr1>[\r][\n]"
2020-07-24 14:49:29 DEBUG -  >> "                        <com1:city>Irving</com1:city>[\r][\n]"
2020-07-24 14:49:29 DEBUG -  >> "                        <com1:state>TX</com1:state>[\r][\n]"
2020-07-24 14:49:29 DEBUG -  >> "                        <com1:postalCode>75063-1234</com1:postalCode>[\r][\n]"
2020-07-24 14:49:29 DEBUG -  >> "                        <com1:country>US</com1:country>[\r][\n]"
2020-07-24 14:49:29 DEBUG -  >> "                        <com1:phoneNumberList>[\r][\n]"
2020-07-24 14:49:29 DEBUG -  >> "                           <com1:phoneNumber>[\r][\n]"
2020-07-24 14:49:29 DEBUG -  >> "                              <com1:type>HOME</com1:type>[\r][\n]"
2020-07-24 14:49:29 DEBUG -  >> "                            <com1:number>2019149038</com1:number>[\r][\n]"
2020-07-24 14:49:29 DEBUG -  >> "                              <com1:isPrimary>true</com1:isPrimary>[\r][\n]"
2020-07-24 14:49:29 DEBUG -  >> "                           </com1:phoneNumber>[\r][\n]"
2020-07-24 14:49:29 DEBUG -  >> "                        </com1:phoneNumberList>[\r][\n]"
2020-07-24 14:49:29 DEBUG -  >> "                     </com1:address>[\r][\n]"
2020-07-24 14:49:29 DEBUG -  >> "                     <com1:email>SEun33301@yahoo.com</com1:email>[\r][\n]"
2020-07-24 14:49:29 DEBUG -  >> "                     <!--com1:serviceId>1</com1:serviceId-->[\r][\n]"
2020-07-24 14:49:29 DEBUG -  >> "                     <com1:termsAcceptedDate>2009-05-01T12:06:12Z</com1:termsAcceptedDate>[\r][\n]"
2020-07-24 14:49:29 DEBUG -  >> "                     <com1:paymentLimits>[\r][\n]"
2020-07-24 14:49:29 DEBUG -  >> "                        <com1:transactionLimit>[\r][\n]"
2020-07-24 14:49:29 DEBUG -  >> "                           <com1:amount>1</com1:amount>[\r][\n]"
2020-07-24 14:49:29 DEBUG -  >> "                           <com1:currencyCode>USD</com1:currencyCode>[\r][\n]"
2020-07-24 14:49:29 DEBUG -  >> "                        </com1:transactionLimit>[\r][\n]"
2020-07-24 14:49:29 DEBUG -  >> "                        <com1:dailyLimit>[\r][\n]"
2020-07-24 14:49:29 DEBUG -  >> "                           <com1:amount>1</com1:amount>[\r][\n]"
2020-07-24 14:49:29 DEBUG -  >> "                           <com1:currencyCode>USD</com1:currencyCode>[\r][\n]"
2020-07-24 14:49:29 DEBUG -  >> "                        </com1:dailyLimit>[\r][\n]"
2020-07-24 14:49:29 DEBUG -  >> "                     </com1:paymentLimits>[\r][\n]"
2020-07-24 14:49:29 DEBUG -  >> "                     <com1:emailFormatPreference>HTML</com1:emailFormatPreference>[\r][\n]"
2020-07-24 14:49:29 DEBUG -  >> "                  </req7:consumerInfo>[\r][\n]"
2020-07-24 14:49:29 DEBUG -  >> "                  <req7:userInfo>[\r][\n]"
2020-07-24 14:49:29 DEBUG -  >> "                     <com1:firstName>manjinder</com1:firstName>[\r][\n]"
2020-07-24 14:49:29 DEBUG -  >> "                     <com1:middleName>Y</com1:middleName>[\r][\n]"
2020-07-24 14:49:29 DEBUG -  >> "                     <com1:lastName>singh</com1:lastName>[\r][\n]"
2020-07-24 14:49:29 DEBUG -  >> "                     <com1:address>[\r][\n]"
2020-07-24 14:49:29 DEBUG -  >> "                        <com1:addr1>10610 Faulkner Point way</com1:addr1>[\r][\n]"
2020-07-24 14:49:29 DEBUG -  >> "                        <com1:city>Irving</com1:city>[\r][\n]"
2020-07-24 14:49:29 DEBUG -  >> "                        <com1:state>TX</com1:state>[\r][\n]"
2020-07-24 14:49:29 DEBUG -  >> "                        <com1:postalCode>75063-1234</com1:postalCode>[\r][\n]"
2020-07-24 14:49:29 DEBUG -  >> "                        <com1:country>US</com1:country>[\r][\n]"
2020-07-24 14:49:29 DEBUG -  >> "                        <com1:phoneNumberList>[\r][\n]"
2020-07-24 14:49:29 DEBUG -  >> "                           <com1:phoneNumber>[\r][\n]"
2020-07-24 14:49:29 DEBUG -  >> "                              <com1:type>HOME</com1:type>[\r][\n]"
2020-07-24 14:49:29 DEBUG -  >> "                              <com1:number>2019149038</com1:number>[\r][\n]"
2020-07-24 14:49:29 DEBUG -  >> "                              <com1:isPrimary>true</com1:isPrimary>[\r][\n]"
2020-07-24 14:49:29 DEBUG -  >> "                           </com1:phoneNumber>[\r][\n]"
2020-07-24 14:49:29 DEBUG -  >> "                        </com1:phoneNumberList>[\r][\n]"
2020-07-24 14:49:29 DEBUG -  >> "                     </com1:address>[\r][\n]"
2020-07-24 14:49:29 DEBUG -  >> "                     <com1:email>SEun33301@yahoo.com</com1:email>[\r][\n]"
2020-07-24 14:49:29 DEBUG -  >> "                     <com1:userIdentity>[\r][\n]"
2020-07-24 14:49:29 DEBUG -  >> "                        <com1:userId>unM2PN</com1:userId>[\r][\n]"
2020-07-24 14:49:29 DEBUG -  >> "                     </com1:userIdentity>[\r][\n]"
2020-07-24 14:49:29 DEBUG -  >> "                     <com1:password>abc123</com1:password>[\r][\n]"
2020-07-24 14:49:29 DEBUG -  >> "                  </req7:userInfo>[\r][\n]"
2020-07-24 14:49:29 DEBUG -  >> "               </req:AddConsumer>[\r][\n]"
2020-07-24 14:49:29 DEBUG -  >> "            </req:MsgData>[\r][\n]"
2020-07-24 14:49:29 DEBUG -  >> "         </req:Svc>[\r][\n]"
2020-07-24 14:49:29 DEBUG -  >> "      </req:EbMtvnSvcReq>[\r][\n]"
2020-07-24 14:49:29 DEBUG -  >> "   </soapenv:Body>[\r][\n]"
2020-07-24 14:49:29 DEBUG -  >> "</soapenv:Envelope>"
2020-07-24 14:49:38 DEBUG -  << "HTTP/1.1 200 OK[\r][\n]"
2020-07-24 14:49:38 DEBUG -  << "X-Powered-By: Servlet/3.0[\r][\n]"
2020-07-24 14:49:38 DEBUG -  << "Content-Type: text/xml; charset=utf-8[\r][\n]"
2020-07-24 14:49:38 DEBUG -  << "Content-Encoding: gzip[\r][\n]"
2020-07-24 14:49:38 DEBUG -  << "Content-Language: en-US[\r][\n]"
2020-07-24 14:49:38 DEBUG -  << "Transfer-Encoding: chunked[\r][\n]"
2020-07-24 14:49:38 DEBUG -  << "Date: Fri, 24 Jul 2020 09:19:37 GMT[\r][\n]"
2020-07-24 14:49:38 DEBUG -  << "[\r][\n]"
2020-07-24 14:49:38 DEBUG - Receiving response: HTTP/1.1 200 OK
2020-07-24 14:49:38 DEBUG - << HTTP/1.1 200 OK
2020-07-24 14:49:38 DEBUG - << X-Powered-By: Servlet/3.0
2020-07-24 14:49:38 DEBUG - << Content-Type: text/xml; charset=utf-8
2020-07-24 14:49:38 DEBUG - << Content-Encoding: gzip
2020-07-24 14:49:38 DEBUG - << Content-Language: en-US
2020-07-24 14:49:38 DEBUG - << Transfer-Encoding: chunked
2020-07-24 14:49:38 DEBUG - << Date: Fri, 24 Jul 2020 09:19:37 GMT
2020-07-24 14:49:38 DEBUG - Connection can be kept alive indefinitely
2020-07-24 14:49:38 DEBUG - Parsing response as: text/xml; charset=utf-8
2020-07-24 14:49:38 DEBUG -  << "a[\r][\n]"
2020-07-24 14:49:38 DEBUG -  << "[0x1f][0x8b][0x8][0x0][0x0][0x0][0x0][0x0][0x0][0x0]"
2020-07-24 14:49:38 DEBUG -  << "[\r][\n]"
2020-07-24 14:49:38 DEBUG -  << "5b1[\r][\n]"
2020-07-24 14:49:38 DEBUG -  << "[0xad]Xm[0x93][0xda]8[0xc][0xfe]~[0xbf][0x82][0xe1]>C[0xe2][0x84][0xb7]dhztK[0xa7][0xcc][0xc0][0xde]N[0x81][0xbd]^[0xbf][0xb9][0x89]w[0xc9]][0xe2]d[0xe2][0x4][0x96]_Y6y[0x83][0xb6][0x9b]N[0x99][0xd9]%[0x96][0xe4][0xe7][0x91]e[R[0x98][0xbf]}[0x89][0xa3][0xde][0x91]e"L[0xf8][0x9b]>[0x19][0x9a][0xfd][0x1e][0xe3]~[0x12][0x84][0xfc][0xf9]M[0xbf][0xfb]0[0x98][0xf5][0xdf]z[0xcc]EBS[0xc6][0x8f][0xee][0x92][0x1f]Y[0x94][0xa4][0xac][0x7][0xd3][0xb8]p[0xb5][0xf8]M[0xff][0x90][0xe7][0xa9]k[0x18][0xc2]?[0xb0][0x98][0x8a]!h[0xa5]j[0x98]d[0xcf][0x86]|0[0x98][0x9e]g[0xf4][0xf5][0xcc][0x17][0x11][0x94][0xb3]N[0xa7][0xd3][0xf0]d[0xa3][0xb1]e[0x9a][0xc4][0xf8][0xbc]Yo[0x11][0xa8]2[0xe]n<[0x8][0xb9][0xc8])[0xf7]Y[0xbf][0xe6][0xef]GF[0x3][0x96][0x81][0xe0]$[0x4]s[0xb7][0xcc]/[0xb2]0?kX)+q[0x83][0xc4][0x17][0xc3][0x84][0x8a]P[0xc][0xc0]O[0x8e][0x4]` IF[0x6][0xf0]([0x95][0x1c][0x99]d[0x0][\n]"
2020-07-24 14:49:38 DEBUG -  << "[0xf9][0xa7][0xe1][0x6][0xf0][0xc0]^[0xf2][0x1]Do[0x8][0xeb][0xea][0xf7].[0xec]q![0xf2]=[0x7][0x7][0xa4]c[0xb0]^[0xd2][0xf7][0xc0][0x91][0xc2][0xdd][0x85]1[0x3]Q[0x9c][0x96][0x8e][0x14][0xbf][0xc5][0x8f]"[0xf]#[0xf9]]:"[0xc9]V@\[0x12][0xe][0xc8]l2[0xb5][0x89]9![0x13][0xed][0xcb]][0xc6]h[0xce][0x2][0xcf]2-s`N[0x7][0xd6]hg:.q\{:t[0xc8][0xe4][0xcb][0xdc][0xa8][[0xe1][0x94][0xe5]K[0x1a]fL[0xb4][0xa6]X[0xa3][0xe6][0x94][0x8b][0x95][0x1a][0x95][0x1e][0xe0][0xb8][0xb6][0x17]0nmV[0xb9]y[0xef][0x92][0x0][0xd4][0xcb][0xaf][0x9b][0xfc][0xc8][0xb7]G[0xff][0x13][0x13]*^e[0xac]XJ[0xcf]1[0xe3][0xb9][0x18][0xc6],[0xa7]G[0xca]s6[0xf4][0x93][0xd8][0xc8][0xcf])[0x13][0x6][0x90][0xa7][0x9][0x17]p[0x1e][0xe6][0x1a][0xe1][0x11][0xd0][0x8f]d8[0x19][0x9a]s[0xa3]&[0x9a]o[0xc4][0xf3]~[0xbf]z[0xef][0xbd][0x5][0xb1]~[0x9c][0x83][0xe][0xff]=[0xd0],[0x86]E,[0xd2]4[0x2][0xf1][0x97][0xe5]z[0xbd][0x9c][0x1b]z$[0xf5][0xf0][0xb5][0x8][0x82]; *b[0x96][0xcd][\r]%[0x9a][0xb7][0xd8].LF[0x85][0x8]L[0xef]iN[0x1][0xba][0x9a][0xee][0xcd][0xb9] .DJ[0xd0]g[0xb6][0xe]E[0xae][0xf][0x8]H[0xcb]E[0xdf]Z*<[0xc5][0x9][0x87][0x85][0x1a][0xad][0xf9][0x12][0xd0]r9;][0x18]J@[0xeb][0x95]Q[0xf4][0xf5][0xc4]z8[0xb9][0xb0][0xdd][0x8b]|[0x15][0xc0][0xd4][0xea]N[0x81][0xea][0xd5][0xc0][0xda][0xe7]&[0x9a]gM[0x1d]b[0xcd]&[0xb6]\KC[0xd1][0x16](^9[0xe4][0x86]<[0x8][0x8f]aP[0xd0][0xe8]j[0xa1][0xa3][0xee][0xfe][0x8c][0xdc][0xa7][0x10][0xee][0xec]=[0x8d][0x99][0x17]S[0xfe]_([0xef][0xb0][0xa4][0xaf]+[0xd0].[0xe][0x83] b8[0xfe]W[0x19][0xd4]$h[0x11]Qm/ [0xa5][0x1e][0x94]M)C[0x8b][0xed][0xf6][0xde]s[0xe4][0xc7][0x84][0x8f]2[0x90]"[0xd4]}[\r][0xb3][0xfc][0x0][0xc7][0x84]y[0xc4][0x99][0x8d][0x6][0xc4][0x1a][0xd8]D[0x99]T[0x1a]5[0xbe][0x8e][0x80]D[0x18][0xbb]4[0x8]`[0xe7]D[0x19][0x8e]q[0xf7]p([0x10][0xe2][0xc9][0xb4]a[0xf6]>[0xd0]"[0xfa][0x9f]C[0x80][0x1f][0x92][0x90][0xe7][0xbd][0x13]=K[0x7].6h[0xee][0xcb]}YeGX[0xb1][0xd2][0xf9]z[0xa3][0xc6].[0xe4][0x0]py[0xf7]Y[0xc9][0xd5][0x8][0x15]i[0x2][0x3][0xf0]=`[0xde]tlNlb[0xd9]#eT[0xd3]([0xf4][0xa4][0xe0]yv[0xf6][0xf6][[\r][0xae][0xc7][\n]"
2020-07-24 14:49:38 DEBUG -  << "[0xe6][0x90]pv_[0xc4]_Yv9[0xff][\r][0xa1][0x12][0xc8]%z[0x1f][0xff][0xde],[0x15][0x2][0xe]Q[0xc1][0x95][0x91]e[0x12][0x87][0x8c][0x1c][0xd3][0x9e])[0x3]-[0xd6][0xfe][0xd4][0xd1][0xda][0x12]Ej[0xd4]"/[0x81]'.[0x14][0xa8]0*7a[0xd2]q[0x13][0x4]+[0xb8]m[0xdb]&[0xf9][0xeb]L[0xf]I"-$[0x87][0x86][0x95][0xc]SW0[0x8][0xb8][0xcf]VA[0xc9]2[0xed][0xc8]26[0xf1]l[0xd5][0xa0]$[0xf2][0xac][0xbc]r[0xef][0xc2]([0x82]-}[0x88](/9f[0x1d]9[0x1e][0xd6][0x8b][0xfb][0xde][0x9f][0xc8]s[0x13]X2:[0xae][0x86]Z[0x87]q[0x98]WG[0xd7][0xe9]~t[0x1d]7[0xcf]([0x17][0xd4][0xcf][0xa1][0xbf]A8%[0xa5][0xb1]<4[0x1e][0x14]J[0xbc]q[0xa5][0x0][0x95]P[0x98]2h[0x82][0xce]x[0xe4][0xf6][0xdb][0xf7][0xca][0xa2]!U[0xa2][0xdb][0xd8][0x1]l[0xc9][0xf9][0xb7]s[0xd5]Q[0x8d][0xab][0x18]a[0xe1]0[0xdd][0x9c]AiY[0xf8]>K[0xa1]X[0xcb][0xe4]P[0xd5][0xf][0xb3]c[0xf0][0xa0][0xc3]p[0x6][0xe6]x`[0x92][0x1d][0xb1]\s[0xe2][0x12][0xb][0x16]`~[0xc1][0x12]s[0x83][0x9]= [0xea]@~H[0xb2][0x98][0xe6][0xf][0x19]{br[0x19]5/HG/>[0xee]6kd[0xfc][0xe]2[0xb2]Z[0x98]G[0x8a][0xea][0xa0][0x90][0xd7][0x17]7E[0xb3][0xb8][0xdb][0xad][0x1e]1[0x19][0x94]`[0x88]lC[0x94]Su>Y[0xb6]heR[0xf2][0xb][0x95][0xe][0x10]U[0x9e][0xdc]\[0xec]z[0xff][0xd0]s[0xcf]6U[0xcd][0xb3][0xd0][0x5][0xbb][0xca][0xa5][0xfa][0xd9][0xf2]z5[0x8d][0xa5]5[0x98]U[0xb7]aR[0xbc]@R[0x8e]"[0xa1]M.[0xc9][0x16][0x1e]U~U[0xa7][0xaa][0x1c][0xea][0x85]UYu<[0x85][0xae]P[0x9b]4[0x93][0xad]Dkd[0xdb][0x9a][0xe0]2[0xe1]*@8q[0xe4][0xd2]"[0x8][0xf3][0x15][0xc2][0x1d][0x83][0x1b]R[0xc5][0xed][0x17]*2[0xe0][0xf9][0xd8][0x82][0xe2]Q[0xbb][0xee]UIu6[0x1b][0x96][0xb5][0xa9]I[0xbb][0xb9]h([0x94]a[0xc]/>O[0xa1]>[0xd0]?ai[0xd8]6[0xa6][0xdf] [0xaa]i[0xb4][0xa4][0x1d][0x1e][0x94]7Z5[0x4][0x1d]K[0xc9]^[0xd4][0xfa][0x19][0xf2][0xfa][\n]"
2020-07-24 14:49:38 DEBUG -  << "~[0xab]s#[0x13][0xb7][0x10]7[0xda]6[0xd2][0xb5]&[0xd5][0xb1][0xbc][0x82]o[0xac][0x87]{\Z)k[0x8c][0xaa]f[0x8d]L[0xab]&[0xaa]b[0xef]Z[0xab][0x1a]mY[0x1d][0x12])f[0xb5]6[0xac][0xe2][0xe8]Z[0xab][0xb0][0xa3]k`![0xb8]S[0xf6]o[0x15]t[0xd7][0xd2]T6[0x83]54[0xec][0xd5]M[0x8c][0xd7][0xee][0x9c]V[0xe0]V[0xd7][0xd4][0xbd][0xdf].?[0xe1]i[0xaa][0xc0][0x10][0x9b][0xb4][0xf3][0xa4][0xd5]5[0x1d]Wy[0xb2][0x4]Cd[0xeb][0xfb][0xb7][0xdd][0xea][0x9a][0x8b][0x15][0xde][0xf]o{U[0x89][0x9a][0x96][0xb5][0xa9]W[0xb7][0xbd][0xa1]P[0x86]?[0xb9][0xed][\r][0x96][0xf6]m[0xaf]D7[0x88]Z[0xb7][0xfd]Fx[0x10]B&[0xe4],[0xe1][0xcf][0x8b]"?l[;[0xd3][0xb5][0xb6]<[0xd1]H0$[0xbb]FE2[0xf5][0xd6][0xb1]N[0x9e]C[0xde]h[0xc][0xac][0xae][0xd9][0xf8][0x87][0x81]j[0xb1] [0xf3][0xd8]}[0x82][0xca][0xcd][0x2][0x94][0xde][0xc9][0xea]Q[0x91]w}[0x1b][0xc1][0xe][0xea][0x6][0xa2]J6e[0xb2][0x84]a[0xe3][0xad][0xda](_[0xb6][0x97]Yv[0x7][0xb5]m[0xfb]x[0x87]/[z([0xc5]`[0xe2]m[0xb][0xe8]h[0x84]@[0xb9][0x1c][0xe3][0xfb]z9i[0xf3][0xb8]|[0xdd][0xa4][0xfa]O[0x16][0xb5][0xdf]7[0xd4][0xef][0x19]F[0xfb][0xb7]4[0xef][0x1b] M[0xd3]-[0x85][0x13][0x0][0x0]"
2020-07-24 14:49:38 DEBUG -  << "[\r][\n]"
2020-07-24 14:49:38 DEBUG -  << "0[\r][\n]"
2020-07-24 14:49:38 DEBUG -  << "[\r][\n]"
2020-07-24 14:49:38 DEBUG - Parsed data to instance of: class org.apache.http.conn.EofSensorInputStream
2020-07-24 14:49:38 DEBUG - Releasing connection org.apache.http.impl.conn.ManagedClientConnectionImpl@20999517
2020-07-24 14:49:38 DEBUG - Connection can be kept alive indefinitely
2020-07-24 14:49:38 INFO  - [class com.epp.api.soaphit.GetSoapResponse] : Got the response
2020-07-24 14:49:38 INFO  - [class com.epp.api.utils.APIGenerics] : Getting timestamp in yyyyMMdd_HHmmss this formats 
2020-07-24 14:49:38 INFO  - [class com.epp.api.utils.APIGenerics] : writting the xml file into XML format
2020-07-24 14:49:38 INFO  - [class com.epp.api.utils.APIGenerics] : Creating the xlsx sheet
2020-07-24 14:49:39 INFO  - [class com.epp.api.utils.APIGenerics] : All the services data is set to Excelsheet
2020-07-24 14:49:39 INFO  - [class com.epp.api.utils.APIGenerics] : Reading the file and returing the document instance
2020-07-24 14:49:39 INFO  - [class com.epp.api.utils.APIGenerics] : Getting the parsed data from response:  {userId=unM2PN, consumerId=27912863, email=seun33301@yahoo.com, number=2019149038}
2020-07-24 14:49:39 DEBUG - FileName set to C:\SeleniumWorkspace\DigiPayZelleAutomation\src\main\resources\com\epp\properties\PropertyCache.properties
2020-07-24 14:49:39 DEBUG - ConfigurationUtils.locate(): base is null, name is C:\SeleniumWorkspace\DigiPayZelleAutomation\src\main\resources\com\epp\properties\PropertyCache.properties
2020-07-24 14:49:39 DEBUG - Could not locate file C:\SeleniumWorkspace\DigiPayZelleAutomation\src\main\resources\com\epp\properties\PropertyCache.properties at null: unknown protocol: c
2020-07-24 14:49:39 DEBUG - Loading configuration from the absolute path C:\SeleniumWorkspace\DigiPayZelleAutomation\src\main\resources\com\epp\properties\PropertyCache.properties
2020-07-24 14:49:39 DEBUG - Base path set to file:///C:/SeleniumWorkspace/DigiPayZelleAutomation/src/main/resources/com/epp/properties/PropertyCache.properties
2020-07-24 14:49:39 INFO  - [class com.epp.config.PropertiesCache] : Created Properties Configuration Object for IO operation of Property Cache File: PropertyCache.properties
2020-07-24 14:49:39 INFO  - [class com.epp.config.PropertiesCache] : New Properties Cache Log file is created: PropertyCache.properties
2020-07-24 14:49:39 INFO  - [class com.epp.config.PropertiesCache] : New Properties Cache Log file is created: PropertyCache.properties
2020-07-24 14:49:39 INFO  - [class com.epp.libraries.GenericLib] : Fetching the Respones output Nodes
2020-07-24 14:49:39 INFO  - [class com.epp.config.PropertiesCache] : New Properties Cache Log file is created: PropertyCache.properties
2020-07-24 14:49:39 INFO  - [class com.epp.config.PropertiesCache] : New Properties Cache Log file is created: PropertyCache.properties
2020-07-24 14:49:39 INFO  - [class com.epp.config.PropertiesCache] : New Properties Cache Log file is created: PropertyCache.properties
2020-07-24 14:49:39 INFO  - [class com.epp.api.executor.APIExecutor] : Closing all the instances of Excel sheets
2020-07-24 14:49:39 INFO  - [class com.epp.api.executor.APIExecutor] : Request which need to run: AddFundingProfile.xml
2020-07-24 14:49:39 INFO  - [class com.epp.api.utils.APIGenerics] : Reading the file and returing the document instance
2020-07-24 14:49:39 INFO  - [class com.epp.api.executor.APIExecutor] : Reading XML file into Document instance is done
2020-07-24 14:49:39 INFO  - [class com.epp.api.utils.APIGenerics] : keyValueData generated:  {TCName=, wsse:Username=, wsse:Password=, req:MtvnSvcVer=, req:ApplID=, req:SvcID=, req:SvcVer=, req:RoutingID=, q1:type=, q1:nickname=, q1:primary=, q1:bankName=, q1:accountNumber=, q1:routingNumber=, userID=}
2020-07-24 14:49:39 INFO  - [class com.epp.api.utils.APIGenerics] : keyValueData generated:  {TCName=Zelle_AddFundingProfile_TC01, wsse:Username=FISEPAY_DEV, wsse:Password=RaDrup5E4awreP, req:MtvnSvcVer=v1.6.0, req:ApplID=ZELLE, req:SvcID=AddFundingProfile, req:SvcVer=v1.6.0, req:RoutingID=fis-50202, q1:type=BANK_ACCOUNT, q1:nickname=Demo user, q1:primary=true, q1:bankName=HDFC, q1:accountNumber=100001111189, q1:routingNumber=959009990, userID=ccc}
2020-07-24 14:49:39 INFO  - [class com.epp.api.utils.APIGenerics] : keyValueData generated:  {TCName=Zelle_AddFundingProfile_TC01, wsse:Username=FISEPAY_DEV, wsse:Password=RaDrup5E4awreP, req:MtvnSvcVer=v1.6.0, req:ApplID=ZELLE, req:SvcID=AddFundingProfile, req:SvcVer=v1.6.0, req:RoutingID=fis-50202, q1:type=BANK_ACCOUNT, q1:nickname=Demo user, q1:primary=true, q1:bankName=HDFC, q1:accountNumber=100001111189, q1:routingNumber=959009990, userID=ccc}
2020-07-24 14:49:39 INFO  - [class com.epp.api.utils.APIGenerics] : Parcing of xml file is done
2020-07-24 14:49:39 INFO  - [class com.epp.api.utils.APIGenerics] : Getting timestamp in yyyyMMdd_HHmmss this formats 
2020-07-24 14:49:39 INFO  - [class com.epp.api.utils.APIGenerics] : Creating the xml file at run level
2020-07-24 14:49:39 INFO  - [class com.epp.api.executor.APIExecutor] : Hitting the request using post method
2020-07-24 14:49:39 INFO  - [class com.epp.api.soaphit.GetSoapResponse] : Into Post Method
2020-07-24 14:49:39 INFO  - [class com.epp.api.soaphit.GetSoapResponse] : Base End Point URL: https://localhost:1122/services/port
2020-07-24 14:49:39 INFO  - [class com.epp.api.soaphit.GetSoapResponse] : XML request file path: C:\SeleniumWorkspace\DigiPayZelleAutomation\src\main\java\com\epp\api\temp\Request_Zelle_AddFundingProfile_TC01_20200724_144939.xml
2020-07-24 14:49:39 DEBUG - Get connection for route {s}->https://localhost:1122
2020-07-24 14:49:39 DEBUG - Connecting to localhost:1122
2020-07-24 14:49:41 DEBUG - CookieSpec selected: ignoreCookies
2020-07-24 14:49:41 DEBUG - Auth cache not set in the context
2020-07-24 14:49:41 DEBUG - Target auth state: UNCHALLENGED
2020-07-24 14:49:41 DEBUG - Proxy auth state: UNCHALLENGED
2020-07-24 14:49:41 DEBUG - Attempt 1 to execute request
2020-07-24 14:49:41 DEBUG - Sending request: POST /services/port/v1_6 HTTP/1.1
2020-07-24 14:49:41 DEBUG -  >> "POST /services/port/v1_6 HTTP/1.1[\r][\n]"
2020-07-24 14:49:41 DEBUG -  >> "SOAPAction: authenticate[\r][\n]"
2020-07-24 14:49:41 DEBUG -  >> "Accept: */*[\r][\n]"
2020-07-24 14:49:41 DEBUG -  >> "Content-Type: application/soap+xml; charset=UTF-8;[\r][\n]"
2020-07-24 14:49:41 DEBUG -  >> "Content-Length: 2867[\r][\n]"
2020-07-24 14:49:41 DEBUG -  >> "Host: localhost:1122[\r][\n]"
2020-07-24 14:49:41 DEBUG -  >> "Connection: Keep-Alive[\r][\n]"
2020-07-24 14:49:41 DEBUG -  >> "User-Agent: Apache-HttpClient/4.5.3 (Java/1.8.0_162)[\r][\n]"
2020-07-24 14:49:41 DEBUG -  >> "Accept-Encoding: gzip,deflate[\r][\n]"
2020-07-24 14:49:41 DEBUG -  >> "[\r][\n]"
2020-07-24 14:49:41 DEBUG - >> POST /services/port/v1_6 HTTP/1.1
2020-07-24 14:49:41 DEBUG - >> SOAPAction: authenticate
2020-07-24 14:49:41 DEBUG - >> Accept: */*
2020-07-24 14:49:41 DEBUG - >> Content-Type: application/soap+xml; charset=UTF-8;
2020-07-24 14:49:41 DEBUG - >> Content-Length: 2867
2020-07-24 14:49:41 DEBUG - >> Host: localhost:1122
2020-07-24 14:49:41 DEBUG - >> Connection: Keep-Alive
2020-07-24 14:49:41 DEBUG - >> User-Agent: Apache-HttpClient/4.5.3 (Java/1.8.0_162)
2020-07-24 14:49:41 DEBUG - >> Accept-Encoding: gzip,deflate
2020-07-24 14:49:41 DEBUG -  >> "<?xml version="1.0" encoding="UTF-8" standalone="no"?><soapenv:Envelope xmlns:soapenv="http://schemas.xmlsoap.org/soap/envelope/" xmlns:com="http://metavante.com/types/common" xmlns:com1="http://epayments.metavante.com/types/common" xmlns:req="http://epayments.metavante.com/types/request" xmlns:req1="http://epayments.metavante.com/types/consumerPayee/request" xmlns:req2="http://epayments.metavante.com/types/fi/request" xmlns:req3="http://epayments.metavante.com/types/fundingAccount/request" xmlns:req4="http://epayments.metavante.com/types/merchant/request" xmlns:req5="http://epayments.metavante.com/types/security/request" xmlns:req6="http://epayments.metavante.com/types/user/request" xmlns:req7="http://epayments.metavante.com/types/consumer/request" xmlns:req8="http://epayments.metavante.com/types/checkimage/request" xmlns:wsse="http://docs.oasis-open.org/wss/2004/01/oasis-200401-wss-wssecurity-secext-1.0.xsd" xmlns:xsi="http://www.w3.org/2001/XMLSchema-instance">[\r][\n]"
2020-07-24 14:49:41 DEBUG -  >> "   <soapenv:Header>[\r][\n]"
2020-07-24 14:49:41 DEBUG -  >> "      <wsse:Security>[\r][\n]"
2020-07-24 14:49:41 DEBUG -  >> "         <wsse:UsernameToken>[\r][\n]"
2020-07-24 14:49:41 DEBUG -  >> "             <wsse:Username>FISEPAY_DEV</wsse:Username>[\r][\n]"
2020-07-24 14:49:41 DEBUG -  >> "            <wsse:Password>RaDrup5E4awreP</wsse:Password>[\r][\n]"
2020-07-24 14:49:41 DEBUG -  >> "         </wsse:UsernameToken>[\r][\n]"
2020-07-24 14:49:41 DEBUG -  >> "      </wsse:Security>[\r][\n]"
2020-07-24 14:49:41 DEBUG -  >> "   </soapenv:Header>[\r][\n]"
2020-07-24 14:49:41 DEBUG -  >> "   <soapenv:Body>[\r][\n]"
2020-07-24 14:49:41 DEBUG -  >> "      <EbMtvnSvcReq xmlns="http://epayments.metavante.com/types/request">[\r][\n]"
2020-07-24 14:49:41 DEBUG -  >> "        <req:MtvnSvcVer>v1.6.0</req:MtvnSvcVer>[\r][\n]"
2020-07-24 14:49:41 DEBUG -  >> "         <MsgUUID>bc1ae59a-d0f3-4d80-9bf3-e83e1cb9c87a</MsgUUID>[\r][\n]"
2020-07-24 14:49:41 DEBUG -  >> "         <PrcsParms>[\r][\n]"
2020-07-24 14:49:41 DEBUG -  >> "            <SrcID>MVEPAY</SrcID>[\r][\n]"
2020-07-24 14:49:41 DEBUG -  >> "         </PrcsParms>[\r][\n]"
2020-07-24 14:49:41 DEBUG -  >> "         <Svc>[\r][\n]"
2020-07-24 14:49:41 DEBUG -  >> "            <SvcParms>[\r][\n]"
2020-07-24 14:49:41 DEBUG -  >> "               <req:ApplID>ZELLE</req:ApplID>[\r][\n]"
2020-07-24 14:49:41 DEBUG -  >> "               <req:SvcID>AddFundingProfile</req:SvcID>[\r][\n]"
2020-07-24 14:49:41 DEBUG -  >> "               <req:SvcVer>v1.6.0</req:SvcVer>[\r][\n]"
2020-07-24 14:49:41 DEBUG -  >> "               <RqstUUID>82f0d972-4c5b-4b5f-a0da-be4a9f3dc410</RqstUUID>[\r][\n]"
2020-07-24 14:49:41 DEBUG -  >> "               <req:RoutingID>fis-50202</req:RoutingID>[\r][\n]"
2020-07-24 14:49:41 DEBUG -  >> "            </SvcParms>[\r][\n]"
2020-07-24 14:49:41 DEBUG -  >> "            <MsgData>[\r][\n]"
2020-07-24 14:49:41 DEBUG -  >> "               <AddFundingProfile>[\r][\n]"
2020-07-24 14:49:41 DEBUG -  >> "                  <userId>unM2PN</userId>[\r][\n]"
2020-07-24 14:49:41 DEBUG -  >> "                  <fundingProfileInfo xmlns="http://epayments.metavante.com/types/fundingProfile/request" xmlns:q1="http://epayments.metavante.com/types/common" xsi:type="q1:BankFundingProfileInfoType">[\r][\n]"
2020-07-24 14:49:41 DEBUG -  >> "                     <q1:type>BANK_ACCOUNT</q1:type>[\r][\n]"
2020-07-24 14:49:41 DEBUG -  >> "                     <q1:nickname>Demo user</q1:nickname>[\r][\n]"
2020-07-24 14:49:41 DEBUG -  >> "                     <q1:primary>true</q1:primary>[\r][\n]"
2020-07-24 14:49:41 DEBUG -  >> "                     <q1:bankName>HDFC</q1:bankName>[\r][\n]"
2020-07-24 14:49:41 DEBUG -  >> "                     <q1:accountNumber>100001111189</q1:accountNumber>[\r][\n]"
2020-07-24 14:49:41 DEBUG -  >> "                     <q1:routingNumber>959009990</q1:routingNumber>[\r][\n]"
2020-07-24 14:49:41 DEBUG -  >> "                     <q1:checkNumber>123461</q1:checkNumber>[\r][\n]"
2020-07-24 14:49:41 DEBUG -  >> "                     <q1:bankAccountType>CHECKING</q1:bankAccountType>[\r][\n]"
2020-07-24 14:49:41 DEBUG -  >> "                  </fundingProfileInfo>[\r][\n]"
2020-07-24 14:49:41 DEBUG -  >> "               </AddFundingProfile>[\r][\n]"
2020-07-24 14:49:41 DEBUG -  >> "            </MsgData>[\r][\n]"
2020-07-24 14:49:41 DEBUG -  >> "         </Svc>[\r][\n]"
2020-07-24 14:49:41 DEBUG -  >> "      </EbMtvnSvcReq>[\r][\n]"
2020-07-24 14:49:41 DEBUG -  >> "   </soapenv:Body>[\r][\n]"
2020-07-24 14:49:41 DEBUG -  >> "</soapenv:Envelope>"
2020-07-24 14:49:46 DEBUG -  << "HTTP/1.1 200 OK[\r][\n]"
2020-07-24 14:49:46 DEBUG -  << "X-Powered-By: Servlet/3.0[\r][\n]"
2020-07-24 14:49:46 DEBUG -  << "Content-Type: text/xml; charset=utf-8[\r][\n]"
2020-07-24 14:49:46 DEBUG -  << "Content-Encoding: gzip[\r][\n]"
2020-07-24 14:49:46 DEBUG -  << "Content-Language: en-US[\r][\n]"
2020-07-24 14:49:46 DEBUG -  << "Transfer-Encoding: chunked[\r][\n]"
2020-07-24 14:49:46 DEBUG -  << "Date: Fri, 24 Jul 2020 09:19:45 GMT[\r][\n]"
2020-07-24 14:49:46 DEBUG -  << "[\r][\n]"
2020-07-24 14:49:46 DEBUG - Receiving response: HTTP/1.1 200 OK
2020-07-24 14:49:46 DEBUG - << HTTP/1.1 200 OK
2020-07-24 14:49:46 DEBUG - << X-Powered-By: Servlet/3.0
2020-07-24 14:49:46 DEBUG - << Content-Type: text/xml; charset=utf-8
2020-07-24 14:49:46 DEBUG - << Content-Encoding: gzip
2020-07-24 14:49:46 DEBUG - << Content-Language: en-US
2020-07-24 14:49:46 DEBUG - << Transfer-Encoding: chunked
2020-07-24 14:49:46 DEBUG - << Date: Fri, 24 Jul 2020 09:19:45 GMT
2020-07-24 14:49:46 DEBUG - Connection can be kept alive indefinitely
2020-07-24 14:49:46 DEBUG - Parsing response as: text/xml; charset=utf-8
2020-07-24 14:49:46 DEBUG -  << "a[\r][\n]"
2020-07-24 14:49:46 DEBUG -  << "[0x1f][0x8b][0x8][0x0][0x0][0x0][0x0][0x0][0x0][0x0]"
2020-07-24 14:49:46 DEBUG -  << "[\r][\n]"
2020-07-24 14:49:46 DEBUG -  << "437[\r][\n]"
2020-07-24 14:49:46 DEBUG -  << "[0xd5]W]o[0xa3]8[0x14]}[0xdf]_[0x11][0xf1][0xe][0x98][0x8f]|[0x80]([0xa3][0x94][0xa4][0xdb]h[0x9a][0xb4]j[0xd2]j[0xa7]/+[0x7][0x9c][0x94]m0,6i[0xfb][0xef][0xf7][0x9a][0xf][0x97]0T[0xd3]J}[0xd8][0x89][0xd4][0x6][0x9f]{[0xee][0xb9][0xc7][0xd7][0x6][0x1c][0xef][0xdb]Kr[0x18][0x1c]I[0xce][0xe2][0x94][0x9e])[0x86][0x86][0x94][0x1][0xa1]a[0x1a][0xc5]t[0xa6][0xdc]m.[0xd4][0x89][0xf2][0xcd][0xff][0xc3]c)[0xce][0x8]=[0xba]sz$[0x87]4#[0x3]H[0xa3][0xcc][0xad][0xe1]3[0xe5][0x91][0xf3][0xcc][0xd5]u[0x16]>[0x92][0x4]3[\r][0xa2]"[0xa4][0xa5][0xf9]^[0x17][0x17]:[0xa9][0xf3]t[0xa5][0xce]|a[0x91][0xcc]z~~[0xd6][0x9e][0xad][0x92]l"d[0xe8]-[0xaf][0xd6][0xa5][0xd0][0x1b]9[0xfe]5Y[0x8d])[0xe3][0x98][0x86]Di[0xf9][0xbd]$8"9[0x0][0xcf][0x8c][0x11]wM[0xc2]"[0x8f][0xf9]k-+0[0xa9][0x1b][0xa5]![0xd3]R[0xcc]b[0xa6][0x82]OZ[0x16][0x0][0x82](b[0xeb]P[0xa7][\n]"
2020-07-24 14:49:46 DEBUG -  << "[0x89][0x11]2T[0x8][0x88][0xbf]ZN[0x85][0xb][0xf2][0xc2]U[0xe8][0x9e][0x6][0xf3]R[0x6]M[0xf5][0xa4]`[0xfc][0x8e][0x82][0x1]a[0xc][0xe6]k(>[0x18])[0xdc]M[0x9c][0x10][0x80][0x92]L[0x1a])[0xbe][0xc4]G[0xc1][0xe3][0x83][0xf8][0x96]FD[0xb1][0x5][0x14][0x96][0x5]U[0xc3]v[0x9c][0xc9][0xc8][0xb1]l[0xab][0xf6][0x12][0xe4][0x4]s[0x12][0xf9]&2[0x91][0x8a][0xc6][0xaa]io[0x90][0xe3][0x1a][0x8e]k[0x8f]4[0xc3][0x19]?xz[0x9b]U[0xa6][0xcc]_[0xb2]8'[0xac][0x93]b[0xda][0xa7])[\r][0xab][0x1a]I[0x7][0xe5][0xb8][0xb5][0x16]0[0xee],[0x96]\[0xbc][0xf3]4[0x82][0xf0]|[0xbb][0xe4]G[0xba]>[0x86][0xb7][0x84]U[0xfd][0x92][0xbd]"[0x19]~M[0x8][0xe5]LK[0x8][0xc7]GL9[0xd1][0xc2]4[0xd1][0xf9]kF[0x98][0xe][0xc5][0xb3][0x94]2[0xd8][0xf]^[0xad]p[0xf][0xea]GC[0x1b]i[0xc8][0xd3][[0x90][0xb7]d[0xfb][0xbb][0xbb][0xc5][0xcc][0xdf][0x86][0x6]&C[0x7][0xab][0x11][0xda]Y[0xaa][0x1d]M[0x90][0xea]l[0xe1][0x8a]L,b[0x84]['[0x9c][0x8c]1d[0xd6]l[0xf][0xd2][0xcb]78O`[0x9e][0xd3],;[0x0][0xfc]0[0xbf][0xba][0x9a]{z=[0x12]q[0xf8][0x9a]F[0xd1]EA[0xc5]]u[0x93][0xa7][0xbb][0xf8]@<[0xbd][\n]"
2020-07-24 14:49:46 DEBUG -  << "x[0x1d][[0x8d][0xa5][0xdb]a[0xeb][0x88]*[0x13]s[0x87]"gl[0xaa]v8[0xdc][0xaa][0xf6]v[0xb8]S1[0x8a][0xb0][0xba]%6vvV[0x14][0xda][0x6][0xa4]Iz[0xa9]P[0x1b][0x2][0xa3]3[0xcc]18[0xeb]V[0xf7]=[0xca][0xc][0x17]V[0x84][0xe1]=[0xb9][0x8a][0x19][0xaf]7"[0xa0][0xb2][0xb9]}-[0x85][0xab]$[0xa5][0xd0]P[0xbd][0x93]/[0x4]MwwRDj[0x9a][0x1f]\[0xb0][0xd3][0xf4][0xf6][0xfa]Qfu[0xc4][0x17][0x11][0xc8][0xbc][0xdd][0xca]@[0xf8]`[0x11]9[0x85]>M[0xdf][0x1a]Z[0xce][0xc8]2&b[0x82]=[0xe1]~[0xb8]r"[0x14]m[0x17][0xf6]8/[0x98]te[0xd2][0xd5][0xf4][0xe6][0xe6][0xf6][0xfa]~>[0x13][0x85][0x1a]1!<tc[0xba]K[0xa5][0xec][0xf0]s[0xb2][0x3]x[0x80][0xba][0x2]9S[0x84][0xd4]9[0xa6]O[0xa7][0xfb]a[0x1][0xe2][0x1b][0x88]+U-A[0xf5][0xcf][0xa7][0xab][0xef]O[0x83][0xe0][0xfa]n[0xb5][0x11]vj[0xb8]$[0xd0]8|[0xa2]8![0xfe][0x8c]$[0xe9][0xa0]`$[0xaf][0x18][0x12]/YY[0x1e]'8[0xf5]y^[0x90]*[0xde] ex[0xb]6V[0x82]|9[0xbb][0x8][0xaa][0xb8][0x84]J[0x2][0xe][0xc3][0xb4][0xa0]|U$[[0xb8]%[0xc][0x4][0x1f]C|&N[0xc5]>[0x8d][0x97])y[\n]"
2020-07-24 14:49:46 DEBUG -  << "[0xcf]@[0xba][0xaf]!g[0xe8] [0xe4]8[0xe][0xaa][0xf8][0xa7][0xc1][0x92][0xf]o[0x8e][0xf0][0xa9])`Z[0xf6][0xc8][0xa8][0xa8]m\[0x9a][0x9d]V[0xf5]D[0xa3][0xfc][0xe0]r[0x1e]|_[0xac][0xfe]|[0xf3][0xdd][0x8e]VM[0x82][0x89]\[0xd3]@([0xf9][0x9][0xa6][0xff][0xc4][0xe2]M0[0xf8]1`[0xe0][0xe1][0xb1][0xee]W[0x8b]R!b[0x99]E[0xfa][0xa8][0xd9]eK[0xc2][0x1f][0xd3][0xa8]^[0xa7][0x93][u[0xf4][0xf9][0x1d][0xdf][0xaf][0xda][0x13]i[0xa0][0x88]J[0xa8][0xbd][0xcf];l[0xb8]3[0xc]d[0x9a]b[0x6]?G[0x1a][0xf4]cR[0x9b][0xbe][0xad][0xd7][0xc7][0xe9][0x9d][0xcd]1[0x16]/[0x90][0x8b][0xc5][0xba]'K[0x86][0xdb][0x99][0xc1]#[0xa6][0x94][0x1c][0xfc][0xc5]j[0xbd][0x99]v[0x8a]5[0xb1][0x1e][0xad]>[0xec][0xfd]f~i[0x9b][0x91][0xf3][0x1b][0xb7]y[0x1a]\[0xfe][0xef][l![0xf4];[0xef][0xe4][0xaf]j[0xf1][0xbb][0xa1][0xe6]u?vq[0x11][0xc5]\[0xbc]:[0xf2][0x4]s[0xf8][0xfd] [0x9f]L[0xe3][0xcf]?[0x99][0xc6]nX[0x1e]1[0xe1][0xc0]Bz[0xce][0xa2][0xa6][0x6][0xf][0xff][0x7]a[0xea][0x84][0xf8][0x96][0x98][0xe6][0xb0]@[0xe6][0xd8]1[0xcc][0xc9][0xc8]j[0xf1]J[0xbc][0xa4]%[0xf0][0xa3]f[0x17][0x93][0xe8][0x9d][\n]"
2020-07-24 14:49:46 DEBUG -  << "v[0xab][0xc2][0x9][0xb5][0x9d][0xfc]s[0x91]V[0xa0][0x2][0xba]M)[0xe1][0xee][0xd1][0x8][0xc0][0x9e]3[0x99].[0xf]l[0xf3]<[0xf]"[0xe2][0xaf][0xef][0x3]0[0xe5][0xe9][0xf5]P[0xc0]@[0xf1][0xd7]E[0x18][0xc2][0xd1][0xab][0xc4][0xc5][0xb8]<[0xf3][0xc9][0xa4][0xe5][0xfd][0xfc]cI[0xed][0x83]u[0xeb][0x14]^[0x9d][0xba][0xf5][0xee]/>[0xff]?[0xab] h0+[0xe][0x0][0x0]"
2020-07-24 14:49:46 DEBUG -  << "[\r][\n]"
2020-07-24 14:49:46 DEBUG -  << "0[\r][\n]"
2020-07-24 14:49:46 DEBUG -  << "[\r][\n]"
2020-07-24 14:49:46 DEBUG - Parsed data to instance of: class org.apache.http.conn.EofSensorInputStream
2020-07-24 14:49:46 DEBUG - Releasing connection org.apache.http.impl.conn.ManagedClientConnectionImpl@40ef0af8
2020-07-24 14:49:46 DEBUG - Connection can be kept alive indefinitely
2020-07-24 14:49:46 INFO  - [class com.epp.api.soaphit.GetSoapResponse] : Got the response
2020-07-24 14:49:46 INFO  - [class com.epp.api.utils.APIGenerics] : Getting timestamp in yyyyMMdd_HHmmss this formats 
2020-07-24 14:49:46 INFO  - [class com.epp.api.utils.APIGenerics] : writting the xml file into XML format
2020-07-24 14:49:46 INFO  - [class com.epp.api.utils.APIGenerics] : Creating the xlsx sheet
2020-07-24 14:49:47 INFO  - [class com.epp.api.utils.APIGenerics] : All the services data is set to Excelsheet
2020-07-24 14:49:47 INFO  - [class com.epp.api.utils.APIGenerics] : Reading the file and returing the document instance
2020-07-24 14:49:47 INFO  - [class com.epp.api.utils.APIGenerics] : Getting the parsed data from response:  {fundingProfileId=35396318}
2020-07-24 14:49:47 INFO  - [class com.epp.config.PropertiesCache] : New Properties Cache Log file is created: PropertyCache.properties
2020-07-24 14:49:47 INFO  - [class com.epp.config.PropertiesCache] : New Properties Cache Log file is created: PropertyCache.properties
2020-07-24 14:49:47 INFO  - [class com.epp.config.PropertiesCache] : New Properties Cache Log file is created: PropertyCache.properties
2020-07-24 14:49:47 INFO  - [class com.epp.api.utils.APIGenerics] : Random alphabet generate: xFRp
2020-07-24 14:49:47 INFO  - [class com.epp.api.utils.APIGenerics] : Random number generate: 12763
2020-07-24 14:49:47 INFO  - [class com.epp.api.utils.APIGenerics] : Random email id generate: xFRp12763@yahoo.com
2020-07-24 14:49:47 INFO  - [class com.epp.config.PropertiesCache] : New Properties Cache Log file is created: PropertyCache.properties
2020-07-24 14:49:47 INFO  - [class com.epp.api.utils.APIGenerics] : Random number generate: 9396742
2020-07-24 14:49:47 INFO  - [class com.epp.api.utils.APIGenerics] : Random phone generate: 2019396742
2020-07-24 14:49:47 INFO  - [class com.epp.config.PropertiesCache] : New Properties Cache Log file is created: PropertyCache.properties
2020-07-24 14:50:10 INFO  - [class com.epp.libraries.GenericLib] : userIDOne: unM2PN
2020-07-24 14:50:10 INFO  - [class com.epp.libraries.GenericLib] : consumerIDOne: 27912863
2020-07-24 14:50:10 INFO  - [class com.epp.libraries.GenericLib] : emailIDOne: seun33301@yahoo.com
2020-07-24 14:50:10 INFO  - [class com.epp.libraries.GenericLib] : mobileNumberOne: 2019149038
2020-07-24 14:50:10 INFO  - [class com.epp.libraries.GenericLib] : fundingProfileIDOne: 35396318
2020-07-24 14:50:10 INFO  - [class com.epp.libraries.GenericLib] : URL launchedhttps://epayments-epayui-fnc-1.money-movement.com/TestPeoplePay50202X/DebugAccess?userName=unM2PN&productCode=Zelle&destination=Home
2020-07-24 14:50:10 INFO  - [class com.zelle.stepdefinition.UniversalSteps] : UniversalStep: User is on page LandingPage
2020-07-24 14:50:10 INFO  - [class com.zelle.stepdefinition.UniversalSteps] : UniversalStep: User clicks on element btnGetStarted
2020-07-24 14:50:11 INFO  - [class com.epp.webelement.Button] : Button: Clicked Button with id --- ContinueButton
2020-07-24 14:50:11 INFO  - [class com.zelle.stepdefinition.UniversalSteps] : UniversalStep: Validate that user is on page SendMoneyWithZellePage
2020-07-24 14:50:16 INFO  - [class com.zelle.stepdefinition.UniversalSteps] : UniversalStep: Validate that user is on page SendMoneyWithZellePage
2020-07-24 14:50:16 INFO  - [class com.zelle.stepdefinition.UniversalSteps] : UniversalStep: Changed the current page to SendMoneyWithZellePage
2020-07-24 14:50:16 INFO  - [class com.zelle.stepdefinition.UniversalSteps] : UniversalStep: User clicks on element btnContinue
2020-07-24 14:50:16 INFO  - [class com.epp.webelement.Button] : Button: Clicked Button with id --- AllDoneButton
2020-07-24 14:50:16 INFO  - [class com.zelle.stepdefinition.UniversalSteps] : UniversalStep: User types 444444 in textbox edtVerificationCode.
2020-07-24 14:50:22 INFO  - [class com.epp.webelement.TextBox] : TextBox: Typed 444444 on element with xpath --- //input[@id='verificationCode']
2020-07-24 14:50:22 INFO  - [class com.zelle.stepdefinition.UniversalSteps] : UniversalStep: User clicks on element btnVerify
2020-07-24 14:50:22 INFO  - [class com.epp.webelement.Button] : Button: Clicked Button with xpath --- //button[@class='button primary verifyButton ui-btn ui-shadow ui-corner-all']
2020-07-24 14:50:22 INFO  - [class com.zelle.stepdefinition.UniversalSteps] : UniversalStep: User clicks on element btnSendOrRequestMoney
2020-07-24 14:50:27 INFO  - [class com.epp.webelement.Button] : Button: Clicked Button with id --- YesCancel
2020-07-24 14:50:27 INFO  - [class com.zelle.stepdefinition.UniversalSteps] : UniversalStep: Create user one using services and Launch URL
2020-07-24 14:50:27 INFO  - [class com.epp.api.executor.APIExecutor] : API Executor constructor, assigning all the values to variable of API 
2020-07-24 14:50:27 INFO  - [class com.epp.api.executor.APIExecutor] : Closing all the instances of Excel sheets
2020-07-24 14:50:27 INFO  - [class com.epp.api.executor.APIExecutor] : Request which need to run: AddConsumer.xml
2020-07-24 14:50:27 INFO  - [class com.epp.api.utils.APIGenerics] : Reading the file and returing the document instance
2020-07-24 14:50:27 INFO  - [class com.epp.api.executor.APIExecutor] : Reading XML file into Document instance is done
2020-07-24 14:50:27 INFO  - [class com.epp.api.utils.APIGenerics] : keyValueData generated:  {TCName=, wsse:Username=, wsse:Password=, req:MtvnSvcVer=, req:ApplID=, req:SvcID=, req:SvcVer=, req:RoutingID=, com1:addr1=, com1:city=, com1:state=, com1:postalCode=, com1:country=, com1:type=, com1:number=, com1:isPrimary=, com1:email=, com1:userId=}
2020-07-24 14:50:27 INFO  - [class com.epp.api.utils.APIGenerics] : keyValueData generated:  {TCName=Zelle_AddConsumer_TC01, wsse:Username=FISEPAY_DEV, wsse:Password=RaDrup5E4awreP, req:MtvnSvcVer=v1.6.0, req:ApplID=ZELLE, req:SvcID=AddConsumer, req:SvcVer=v1.6.0, req:RoutingID=fis-50202, com1:addr1=10610 Faulkner Point way, com1:city=Irving, com1:state=TX, com1:postalCode=75063-1234, com1:country=US, com1:type=HOME, com1:number=100001111189, com1:isPrimary=true, com1:email=gulabo@yahoo.com, com1:userId=xyxde9111117}
2020-07-24 14:50:27 INFO  - [class com.epp.api.utils.APIGenerics] : keyValueData generated:  {TCName=Zelle_AddConsumer_TC01, wsse:Username=FISEPAY_DEV, wsse:Password=RaDrup5E4awreP, req:MtvnSvcVer=v1.6.0, req:ApplID=ZELLE, req:SvcID=AddConsumer, req:SvcVer=v1.6.0, req:RoutingID=fis-50202, com1:addr1=10610 Faulkner Point way, com1:city=Irving, com1:state=TX, com1:postalCode=75063-1234, com1:country=US, com1:type=HOME, com1:number=100001111189, com1:isPrimary=true, com1:email=gulabo@yahoo.com, com1:userId=xyxde9111117}
2020-07-24 14:50:27 INFO  - [class com.epp.api.utils.APIGenerics] : Random alphaNumeric generate: teetK1
2020-07-24 14:50:27 INFO  - [class com.epp.api.utils.APIGenerics] : Random alphabet generate: AppT
2020-07-24 14:50:27 INFO  - [class com.epp.api.utils.APIGenerics] : Random number generate: 76462
2020-07-24 14:50:27 INFO  - [class com.epp.api.utils.APIGenerics] : Random email id generate: AppT76462@yahoo.com
2020-07-24 14:50:27 INFO  - [class com.epp.api.utils.APIGenerics] : Random number generate: 7370400
2020-07-24 14:50:27 INFO  - [class com.epp.api.utils.APIGenerics] : Random phone generate: 2017370400
2020-07-24 14:50:27 INFO  - [class com.epp.api.utils.APIGenerics] : Parcing of xml file is done
2020-07-24 14:50:27 INFO  - [class com.epp.api.utils.APIGenerics] : Getting timestamp in yyyyMMdd_HHmmss this formats 
2020-07-24 14:50:27 INFO  - [class com.epp.api.utils.APIGenerics] : Creating the xml file at run level
2020-07-24 14:50:27 INFO  - [class com.epp.api.executor.APIExecutor] : Hitting the request using post method
2020-07-24 14:50:27 INFO  - [class com.epp.api.soaphit.GetSoapResponse] : Into Post Method
2020-07-24 14:50:27 INFO  - [class com.epp.api.soaphit.GetSoapResponse] : Base End Point URL: https://localhost:1122/services/port
2020-07-24 14:50:27 INFO  - [class com.epp.api.soaphit.GetSoapResponse] : XML request file path: C:\SeleniumWorkspace\DigiPayZelleAutomation\src\main\java\com\epp\api\temp\Request_Zelle_AddConsumer_TC01_20200724_145027.xml
2020-07-24 14:50:27 DEBUG - Get connection for route {s}->https://localhost:1122
2020-07-24 14:50:27 DEBUG - Connecting to localhost:1122
2020-07-24 14:50:28 DEBUG - CookieSpec selected: ignoreCookies
2020-07-24 14:50:28 DEBUG - Auth cache not set in the context
2020-07-24 14:50:28 DEBUG - Target auth state: UNCHALLENGED
2020-07-24 14:50:28 DEBUG - Proxy auth state: UNCHALLENGED
2020-07-24 14:50:28 DEBUG - Attempt 1 to execute request
2020-07-24 14:50:28 DEBUG - Sending request: POST /services/port/v1_6 HTTP/1.1
2020-07-24 14:50:28 DEBUG -  >> "POST /services/port/v1_6 HTTP/1.1[\r][\n]"
2020-07-24 14:50:28 DEBUG -  >> "SOAPAction: authenticate[\r][\n]"
2020-07-24 14:50:28 DEBUG -  >> "Accept: */*[\r][\n]"
2020-07-24 14:50:28 DEBUG -  >> "Content-Type: application/soap+xml; charset=UTF-8;[\r][\n]"
2020-07-24 14:50:28 DEBUG -  >> "Content-Length: 5407[\r][\n]"
2020-07-24 14:50:28 DEBUG -  >> "Host: localhost:1122[\r][\n]"
2020-07-24 14:50:28 DEBUG -  >> "Connection: Keep-Alive[\r][\n]"
2020-07-24 14:50:28 DEBUG -  >> "User-Agent: Apache-HttpClient/4.5.3 (Java/1.8.0_162)[\r][\n]"
2020-07-24 14:50:28 DEBUG -  >> "Accept-Encoding: gzip,deflate[\r][\n]"
2020-07-24 14:50:28 DEBUG -  >> "[\r][\n]"
2020-07-24 14:50:28 DEBUG - >> POST /services/port/v1_6 HTTP/1.1
2020-07-24 14:50:28 DEBUG - >> SOAPAction: authenticate
2020-07-24 14:50:28 DEBUG - >> Accept: */*
2020-07-24 14:50:28 DEBUG - >> Content-Type: application/soap+xml; charset=UTF-8;
2020-07-24 14:50:28 DEBUG - >> Content-Length: 5407
2020-07-24 14:50:28 DEBUG - >> Host: localhost:1122
2020-07-24 14:50:28 DEBUG - >> Connection: Keep-Alive
2020-07-24 14:50:28 DEBUG - >> User-Agent: Apache-HttpClient/4.5.3 (Java/1.8.0_162)
2020-07-24 14:50:28 DEBUG - >> Accept-Encoding: gzip,deflate
2020-07-24 14:50:28 DEBUG -  >> "<?xml version="1.0" encoding="UTF-8" standalone="no"?><soapenv:Envelope xmlns:soapenv="http://schemas.xmlsoap.org/soap/envelope/" xmlns:com="http://metavante.com/types/common" xmlns:com1="http://epayments.metavante.com/types/common" xmlns:req="http://epayments.metavante.com/types/request" xmlns:req1="http://epayments.metavante.com/types/consumerPayee/request" xmlns:req2="http://epayments.metavante.com/types/fi/request" xmlns:req3="http://epayments.metavante.com/types/fundingAccount/request" xmlns:req4="http://epayments.metavante.com/types/merchant/request" xmlns:req5="http://epayments.metavante.com/types/security/request" xmlns:req6="http://epayments.metavante.com/types/user/request" xmlns:req7="http://epayments.metavante.com/types/consumer/request" xmlns:req8="http://epayments.metavante.com/types/checkimage/request" xmlns:wsse="http://docs.oasis-open.org/wss/2004/01/oasis-200401-wss-wssecurity-secext-1.0.xsd">[\r][\n]"
2020-07-24 14:50:28 DEBUG -  >> "   <soapenv:Header>[\r][\n]"
2020-07-24 14:50:28 DEBUG -  >> "      <wsse:Security>[\r][\n]"
2020-07-24 14:50:28 DEBUG -  >> "         <wsse:UsernameToken>[\r][\n]"
2020-07-24 14:50:28 DEBUG -  >> "            <wsse:Username>FISEPAY_DEV</wsse:Username>[\r][\n]"
2020-07-24 14:50:28 DEBUG -  >> "            <wsse:Password>RaDrup5E4awreP</wsse:Password>[\r][\n]"
2020-07-24 14:50:28 DEBUG -  >> "         </wsse:UsernameToken>[\r][\n]"
2020-07-24 14:50:28 DEBUG -  >> "      </wsse:Security>[\r][\n]"
2020-07-24 14:50:28 DEBUG -  >> "   </soapenv:Header>[\r][\n]"
2020-07-24 14:50:28 DEBUG -  >> "   <soapenv:Body>[\r][\n]"
2020-07-24 14:50:28 DEBUG -  >> "      <req:EbMtvnSvcReq>[\r][\n]"
2020-07-24 14:50:28 DEBUG -  >> "         <req:MtvnSvcVer>v1.6.0</req:MtvnSvcVer>[\r][\n]"
2020-07-24 14:50:28 DEBUG -  >> "         <req:MsgUUID>?</req:MsgUUID>[\r][\n]"
2020-07-24 14:50:28 DEBUG -  >> "         <req:PrcsParms>[\r][\n]"
2020-07-24 14:50:28 DEBUG -  >> "            <req:SrcID>MVEPAY</req:SrcID>[\r][\n]"
2020-07-24 14:50:28 DEBUG -  >> "         </req:PrcsParms>[\r][\n]"
2020-07-24 14:50:28 DEBUG -  >> "         <req:Svc>[\r][\n]"
2020-07-24 14:50:28 DEBUG -  >> "            <req:SvcParms>[\r][\n]"
2020-07-24 14:50:28 DEBUG -  >> "               <req:ApplID>ZELLE</req:ApplID>[\r][\n]"
2020-07-24 14:50:28 DEBUG -  >> "               <req:SvcID>AddConsumer</req:SvcID>[\r][\n]"
2020-07-24 14:50:28 DEBUG -  >> "               <req:SvcVer>v1.6.0</req:SvcVer>[\r][\n]"
2020-07-24 14:50:28 DEBUG -  >> "               <req:RoutingID>fis-50202</req:RoutingID>[\r][\n]"
2020-07-24 14:50:28 DEBUG -  >> "            </req:SvcParms>[\r][\n]"
2020-07-24 14:50:28 DEBUG -  >> "            <req:MsgData>[\r][\n]"
2020-07-24 14:50:28 DEBUG -  >> "               <req:AddConsumer>[\r][\n]"
2020-07-24 14:50:28 DEBUG -  >> "                  <req1:locale>en-US</req1:locale>[\r][\n]"
2020-07-24 14:50:28 DEBUG -  >> "                  <com:channelName/>[\r][\n]"
2020-07-24 14:50:28 DEBUG -  >> "                  <req7:consumerInfo>[\r][\n]"
2020-07-24 14:50:28 DEBUG -  >> "                     <com1:individualConsumer>[\r][\n]"
2020-07-24 14:50:28 DEBUG -  >> "                        <com1:firstName>manjinder</com1:firstName>[\r][\n]"
2020-07-24 14:50:28 DEBUG -  >> "                        <com1:middleName>Y</com1:middleName>[\r][\n]"
2020-07-24 14:50:28 DEBUG -  >> "                        <com1:lastName>singh</com1:lastName>[\r][\n]"
2020-07-24 14:50:28 DEBUG -  >> "                        <com1:SSN>999-99-0000</com1:SSN>[\r][\n]"
2020-07-24 14:50:28 DEBUG -  >> "                        <com1:birthDate>1984-12-31</com1:birthDate>[\r][\n]"
2020-07-24 14:50:28 DEBUG -  >> "                     </com1:individualConsumer>[\r][\n]"
2020-07-24 14:50:28 DEBUG -  >> "                     <com1:address>[\r][\n]"
2020-07-24 14:50:28 DEBUG -  >> "                        <com1:addr1>10610 Faulkner Point way</com1:addr1>[\r][\n]"
2020-07-24 14:50:28 DEBUG -  >> "                        <com1:city>Irving</com1:city>[\r][\n]"
2020-07-24 14:50:28 DEBUG -  >> "                        <com1:state>TX</com1:state>[\r][\n]"
2020-07-24 14:50:28 DEBUG -  >> "                        <com1:postalCode>75063-1234</com1:postalCode>[\r][\n]"
2020-07-24 14:50:28 DEBUG -  >> "                        <com1:country>US</com1:country>[\r][\n]"
2020-07-24 14:50:28 DEBUG -  >> "                        <com1:phoneNumberList>[\r][\n]"
2020-07-24 14:50:28 DEBUG -  >> "                           <com1:phoneNumber>[\r][\n]"
2020-07-24 14:50:28 DEBUG -  >> "                              <com1:type>HOME</com1:type>[\r][\n]"
2020-07-24 14:50:28 DEBUG -  >> "                            <com1:number>2017370400</com1:number>[\r][\n]"
2020-07-24 14:50:28 DEBUG -  >> "                              <com1:isPrimary>true</com1:isPrimary>[\r][\n]"
2020-07-24 14:50:28 DEBUG -  >> "                           </com1:phoneNumber>[\r][\n]"
2020-07-24 14:50:28 DEBUG -  >> "                        </com1:phoneNumberList>[\r][\n]"
2020-07-24 14:50:28 DEBUG -  >> "                     </com1:address>[\r][\n]"
2020-07-24 14:50:28 DEBUG -  >> "                     <com1:email>AppT76462@yahoo.com</com1:email>[\r][\n]"
2020-07-24 14:50:28 DEBUG -  >> "                     <!--com1:serviceId>1</com1:serviceId-->[\r][\n]"
2020-07-24 14:50:28 DEBUG -  >> "                     <com1:termsAcceptedDate>2009-05-01T12:06:12Z</com1:termsAcceptedDate>[\r][\n]"
2020-07-24 14:50:28 DEBUG -  >> "                     <com1:paymentLimits>[\r][\n]"
2020-07-24 14:50:28 DEBUG -  >> "                        <com1:transactionLimit>[\r][\n]"
2020-07-24 14:50:28 DEBUG -  >> "                           <com1:amount>1</com1:amount>[\r][\n]"
2020-07-24 14:50:28 DEBUG -  >> "                           <com1:currencyCode>USD</com1:currencyCode>[\r][\n]"
2020-07-24 14:50:28 DEBUG -  >> "                        </com1:transactionLimit>[\r][\n]"
2020-07-24 14:50:28 DEBUG -  >> "                        <com1:dailyLimit>[\r][\n]"
2020-07-24 14:50:28 DEBUG -  >> "                           <com1:amount>1</com1:amount>[\r][\n]"
2020-07-24 14:50:28 DEBUG -  >> "                           <com1:currencyCode>USD</com1:currencyCode>[\r][\n]"
2020-07-24 14:50:28 DEBUG -  >> "                        </com1:dailyLimit>[\r][\n]"
2020-07-24 14:50:28 DEBUG -  >> "                     </com1:paymentLimits>[\r][\n]"
2020-07-24 14:50:28 DEBUG -  >> "                     <com1:emailFormatPreference>HTML</com1:emailFormatPreference>[\r][\n]"
2020-07-24 14:50:28 DEBUG -  >> "                  </req7:consumerInfo>[\r][\n]"
2020-07-24 14:50:28 DEBUG -  >> "                  <req7:userInfo>[\r][\n]"
2020-07-24 14:50:28 DEBUG -  >> "                     <com1:firstName>manjinder</com1:firstName>[\r][\n]"
2020-07-24 14:50:28 DEBUG -  >> "                     <com1:middleName>Y</com1:middleName>[\r][\n]"
2020-07-24 14:50:28 DEBUG -  >> "                     <com1:lastName>singh</com1:lastName>[\r][\n]"
2020-07-24 14:50:28 DEBUG -  >> "                     <com1:address>[\r][\n]"
2020-07-24 14:50:28 DEBUG -  >> "                        <com1:addr1>10610 Faulkner Point way</com1:addr1>[\r][\n]"
2020-07-24 14:50:28 DEBUG -  >> "                        <com1:city>Irving</com1:city>[\r][\n]"
2020-07-24 14:50:28 DEBUG -  >> "                        <com1:state>TX</com1:state>[\r][\n]"
2020-07-24 14:50:28 DEBUG -  >> "                        <com1:postalCode>75063-1234</com1:postalCode>[\r][\n]"
2020-07-24 14:50:28 DEBUG -  >> "                        <com1:country>US</com1:country>[\r][\n]"
2020-07-24 14:50:28 DEBUG -  >> "                        <com1:phoneNumberList>[\r][\n]"
2020-07-24 14:50:28 DEBUG -  >> "                           <com1:phoneNumber>[\r][\n]"
2020-07-24 14:50:28 DEBUG -  >> "                              <com1:type>HOME</com1:type>[\r][\n]"
2020-07-24 14:50:28 DEBUG -  >> "                              <com1:number>2017370400</com1:number>[\r][\n]"
2020-07-24 14:50:28 DEBUG -  >> "                              <com1:isPrimary>true</com1:isPrimary>[\r][\n]"
2020-07-24 14:50:28 DEBUG -  >> "                           </com1:phoneNumber>[\r][\n]"
2020-07-24 14:50:28 DEBUG -  >> "                        </com1:phoneNumberList>[\r][\n]"
2020-07-24 14:50:28 DEBUG -  >> "                     </com1:address>[\r][\n]"
2020-07-24 14:50:28 DEBUG -  >> "                     <com1:email>AppT76462@yahoo.com</com1:email>[\r][\n]"
2020-07-24 14:50:28 DEBUG -  >> "                     <com1:userIdentity>[\r][\n]"
2020-07-24 14:50:28 DEBUG -  >> "                        <com1:userId>teetK1</com1:userId>[\r][\n]"
2020-07-24 14:50:28 DEBUG -  >> "                     </com1:userIdentity>[\r][\n]"
2020-07-24 14:50:28 DEBUG -  >> "                     <com1:password>abc123</com1:password>[\r][\n]"
2020-07-24 14:50:28 DEBUG -  >> "                  </req7:userInfo>[\r][\n]"
2020-07-24 14:50:28 DEBUG -  >> "               </req:AddConsumer>[\r][\n]"
2020-07-24 14:50:28 DEBUG -  >> "            </req:MsgData>[\r][\n]"
2020-07-24 14:50:28 DEBUG -  >> "         </req:Svc>[\r][\n]"
2020-07-24 14:50:28 DEBUG -  >> "      </req:EbMtvnSvcReq>[\r][\n]"
2020-07-24 14:50:28 DEBUG -  >> "   </soapenv:Body>[\r][\n]"
2020-07-24 14:50:28 DEBUG -  >> "</soapenv:Envelope>"
2020-07-24 14:50:36 DEBUG -  << "HTTP/1.1 200 OK[\r][\n]"
2020-07-24 14:50:36 DEBUG -  << "X-Powered-By: Servlet/3.0[\r][\n]"
2020-07-24 14:50:36 DEBUG -  << "Content-Type: text/xml; charset=utf-8[\r][\n]"
2020-07-24 14:50:36 DEBUG -  << "Content-Encoding: gzip[\r][\n]"
2020-07-24 14:50:36 DEBUG -  << "Content-Language: en-US[\r][\n]"
2020-07-24 14:50:36 DEBUG -  << "Transfer-Encoding: chunked[\r][\n]"
2020-07-24 14:50:36 DEBUG -  << "Date: Fri, 24 Jul 2020 09:20:35 GMT[\r][\n]"
2020-07-24 14:50:36 DEBUG -  << "[\r][\n]"
2020-07-24 14:50:36 DEBUG - Receiving response: HTTP/1.1 200 OK
2020-07-24 14:50:36 DEBUG - << HTTP/1.1 200 OK
2020-07-24 14:50:36 DEBUG - << X-Powered-By: Servlet/3.0
2020-07-24 14:50:36 DEBUG - << Content-Type: text/xml; charset=utf-8
2020-07-24 14:50:36 DEBUG - << Content-Encoding: gzip
2020-07-24 14:50:36 DEBUG - << Content-Language: en-US
2020-07-24 14:50:36 DEBUG - << Transfer-Encoding: chunked
2020-07-24 14:50:36 DEBUG - << Date: Fri, 24 Jul 2020 09:20:35 GMT
2020-07-24 14:50:36 DEBUG - Connection can be kept alive indefinitely
2020-07-24 14:50:36 DEBUG - Parsing response as: text/xml; charset=utf-8
2020-07-24 14:50:36 DEBUG -  << "a[\r][\n]"
2020-07-24 14:50:36 DEBUG -  << "[0x1f][0x8b][0x8][0x0][0x0][0x0][0x0][0x0][0x0][0x0]"
2020-07-24 14:50:36 DEBUG -  << "[\r][\n]"
2020-07-24 14:50:36 DEBUG -  << "5ac[\r][\n]"
2020-07-24 14:50:36 DEBUG -  << "[0xad]Xm[0x93][0xda]6[0x10][0xfe][0xde]_[0xc1][0xd0][0xcf][0xc6][0x96][0x1][0x3][0x1e][0xe2][0x94]\[0xc8][0xe4]&p[0xbd][0x9]pM[0xf3]M[0xb1]u[0x87][[[0xf6]X2[0x1c][0xff][0xbe][0xab][0x95][0xf1][0x1b][0xa4][0xc1][0x99]0s[0x87][0xb5]/[0xcf]#[0xad][0xa4][0xdd]5[0xf3][0xb7][0xaf]q[0xd4];[0xb0]L[0x84][0x9][0xd3]'[0x3][0xab][0xdf]c[0xdc]O[0x82][0x90][0xbf][0xbc][0xe9][0xef][0xb6][0x1f][0x8c]i[0xff][0xad][0xf7][0xdb]\$4e[0xfc][0xe0].[0xf9][0x81]EI[0xca]z[0xe0][0xc6][0x85][[0x88][0xdf][0xf4][0xf7]R[0xa6][0xae]i[\n]"
2020-07-24 14:50:36 DEBUG -  << "[0xcf]b*[0x6][0xa0]U[0xaa]A[0x92][0xbd][0x98][0xea][0xc1]d[0x85][0x9f][0xd9]/<_EPz[0x1d][0x8f][0xc7][0xc1]q[0x88][0xc6][0xb6]e[0x11][0xf3][0xcb]z[0xb5]A[0xa0][0xca]8[0xfc][0xb1][0xb1][0x11]r!)[0xf7]Y[0xbf]6[0xdf][0x8f][0x8c][0x6],[0x3][0xc1]Q[0x8][0xe6]n[0x98][0x9f]g[0xa1]<[0x15][0xb0]JV[0xe2][0x6][0x89]/[0x6][0x9][0x15][0xa1]0`[0x9e][0x1c][0x9][0xc0]@[0x91][0x8c]L[0xe0][0xd1]*5[0xb2][0x88][0x1][\n]"
2020-07-24 14:50:36 DEBUG -  << "[0xf5]W[0xc0][0x19][0xf0][0xc0]^[0xa5][0x1][0xd1][0x1b][0xc0][0xba][0xfa][0xbd]3{[0x9c][0xb][0xb9][0xe3]0[0x1]51X/[0xe9]{0[0x91][0xdc][0xdd][0x86]1[0x3]Q[0x9c][0x96][0x13][0xc9][0xc9]<r[0x19]F[0xea][0xbb][0x9c][0x88]"[0xbb][0x7][0xe2][0x92][0xd0]0f[0xb6]3[0x1b][[0xe3][0x99]][0xcc][0xe5].cT[0xb2][0xc0][0xb3]-[0xdb]2[0xac][0x89]a[0x8f][0xb6][0xd6][0xcc][0xb5]-w[0xe8][0xc]&#[0xe7][0xeb][0xdc][0xac][[0xa1][0xcb][0xf2]5[\r]3&[0xda].[0xe3][0xa6][0xcb][0xd9]J[0x8f][0xca][0x19][0xe0][0xb8][0xb6][0x17]0nmV[0xb9]y[0xef][0x92][0x0][0xd4][0xcb]oky[0xe0][0x9b][0x83][0xff][0x99][0x9][0x1d][0xaf]2V,[0xa5][0xa7][0x98]q)[0x6]1[0x93][0xf4]@[0xb9]d[0x3]?[0x89]MyJ[0x99]0[0x81]<M[0xb8][0x80][0xf3]0/[0x10][0x9e][0x0][0xfd]@[0x6][0xce][0xc0][0x9a][0x9b]5[0xd1]|-^v[0xbb][0xfb][0xf7][0xde][[0x10][0x17][0x8f]s[0xd0][0xe1][0xbf]G[0x9a][0xc5][0xb0][0x88]E[0x9a]F [0xfe][0xba]\[0xad][0x96]s[0xb3][0x18])=|-[0x82][0xe0][0xe][0x88][0xf2][0x98]esS[0x8b][0xe6]-[0xb6]3[0x93]Y![0x2][0xd3]{*)@W[0xee][0xde][0x9c][0xb][0xe2]B[0xa4][0x4]}a[0xab]P[0xc8][0xe2][0x80][0x80][0xb4]\[0xf4][0xb5][0xa5][0xc2]S[0x9c]pX[0xa8][0xd9][0xf2]W[0x80][0xb6][0xcb][0xd9][0xf1][0xcc]P[0x2][0xda]7F[0xd1]/[0x1c][0xeb][0xe1][0xe4]b[0xe8][0x9e][0xe5][0xf7][0x1][0xb8]Vw[\n]"
2020-07-24 14:50:36 DEBUG -  << "T7[0x3][0x17]sn[0xa2]y[0xf6]dF[0xec][0xa9]3Qki([0xda][0x2][0xcd][0xab][0xfc]Gn[0xc8][0x83][0xf0][0x10][0x6]9[0x8d].[0x16]:[0xea]>[0x9f][0x91][0xfb][0x1c][0xc2][0x9d]}[0xa0]1[0xf3]b[0xca][0xff][0x9][0xd5][0x1d]V[0xf4]u[0x5][0xda][0xc5]a[0x10]D[0xc][0xc7]k[0x83][0x9a][0x4]-"Z[0xd8][0xb]H[0xa9]{mS[0xca][0xd0]b[0xb3]y[0xf0]f[0xea]c[0xc1]G[0x1b]([0x11][0xea][0xbe][0x85][0x99][0xdc][0xc3]1a[0x1e][0x99]MG[0x6][0xb1][0x8d]![0xd1]&[0x95]F[0x8f]/#[0xa0][0x10][0xc6].[\r][0x2][0xd8]9Q[0x86]c[0xdc]=[0x1c][0x1a][0x84]x[0xc4]r[0x88][0xd5][0xfb]@[0xf3][0xe8]_[0xe][0x1]~LB.{GzR[0x13]8[0xdb][0xa0][0xb9][0xaf][0xf6][0xe5]>;[0xc0][0x8a][0xb5][0xce]/6j[0xec]B[0xe][0x80])o[0xbf]h[0xb9][0x1e][0xa1]"M`[0x0]s[0xf][0x98]7[0x19][[0xce][0x90][0xd8][0xc3][0x91]6[0xaa]i4z[0x92]s[0x99][0x9d][0xbc][0xdd][0xa6][0x0]/[0xc6][0x1a]f[0x9f]p[0xf6][0x90][0xc7][0xdf]Xv>[0xff][\r][0xa1][0x16][0xa8]%z[0x1f][0xff]\/5[0x2][0xe]Q[0xc1][0xb5][0x91]m[0x91][0xc9]p[0x2])[0xd6][0xd2][0x6][0x85][0xb8][0x98]O[0x1d][0xad]-[0xd1][0xa4]f-[0xf2][\n]"
2020-07-24 14:50:36 DEBUG -  << "[0xd8]q[0xa1]@[0x85]Q[0xb9][0x9]N[0xc7]M[0xa0]i*'[0xce][0xc8][0xb1][0xff]8[0xd1]}[0x92]([0xb][0xc5]Q[0xc0]*[0x86][0x89]+[0x18][0x4][0xdc]g[0xf7]A[0xc9]2[0xe9][0xc8]2[0xb6][0xf0]l[0xd5][0xa0][0x14][0xf2][0xb4][0xbc]r[0xef][0xc2]([0x82]-}[0x8c](/9[0xa6][0x1d]9[0x1e]W[0x8b][0x87][0xde][0xef][0xc8]s[0x15]X1[0xce][0xdc][0x2]j[0x15][0xc6][0xa1][0xac][0x8e][0xee][0xac][0xfb][0xd1][0x9d][0xb9]2[0xa3]\P_B[0x83]pZJcuh<([0x94][0xb8][0xc3][0xa5][0x0][0x95]P[0x98]2h[0x82]Nx[0xe4]v[0x9b][0xf7][0xda][0xa2]![0xd5][0xa2][0xeb][0xd8][0x1]l[0xc9][0xe9][0x97]s[0xd5]Q[0xcd][0x8b][0x18]a[0xe1][0xb0]\[0xc9][0xa0][0xb4],|[0x9f][0xa5]P[0xac]Ur[0xa8][0xea][0x87][0xd5]1x[0xd0]a[0xcc][0xc]klXdKl[0xd7]r\b[0xc3][0x2][0xac][0xaf]Xb[0xae]0[0xe1][0xc][0x88]>[0x90][0x1f][0x92],[0xa6][0xf2]1c[0xcf]L-[0xa3]6[0xb][0xd2]q[0x16][0x1f][0xb7][0xeb][0x15]2~[0x7][0x19]Ym[0xcc]#yuP[0xc8][0xed][0xc5]M[0xd3],[0xee][0xb6][0xf7]O[0x98][0xc]J0D[0x1e]B[0x94]S}>Y[0xb6]heR[0xf2][0x13][0x95][0xe][0x10]u[0x9e]\[0x9f][0xed]z[0xd1]Soh[0xe9][0x9a][0xe7][0xe0][0x14][0x86]U.-[0x9e]m[0xaf]W[0xd3][0xd8][0x85][0x6][0xb3][0xea]&L[0xf2]WH[0xca]Q$[\n]"
2020-07-24 14:50:36 DEBUG -  << "[0x93]s[0xb2][0x85]G[0x9d]_[0xf5][0xa9]*[0x87][0xc5][0xc2][0xaa][0xac]:[0x9e][0x90][0xe9][0x99][0xb9][0x99]l[0x15]Z#[0xdb][0xd6][0x4]g[0x87][0x8b][0x0][0xa1][0xe3][0xc8][0xa5]y[0x10][0xca]{[0xfe][0x8c];[0x6]7[0xa4][0x8a][0xdb]OTd[0xc0][0xf3][0xb1][0x5][0xc5][0xa3]v[0xd9][0xab][0x92][0xea]l6,k[0xae]I[0xbb][0xb9]h([0xb4]a[0xc]/>[0xcf]aq[0xa0][0xc0][0xd2][0xb0]m[0xb8]_![0xaa]i[\n]"
2020-07-24 14:50:36 DEBUG -  << "I;<(o[0xb4]j[0x8]:V[0x92][0x9d][0xa8][0xf5]3[0xe4][0xf6][\n]"
2020-07-24 14:50:36 DEBUG -  << "~[0xad]s#[0x8e][0x9b][0x8b]+m[0x1b][0xe9]Z[0x93][0xea]X[0x9e]dL~[0xc2][0xac]^[0xc9][0x1a][0xa3][0xaa]Y#[0x93][0xaa][0x89][0xaa][0xd8][0xbb][0xd6][0xaa]F[V[0x87]D[0x8a]i[0xad][\r][0xab]8[0xba][0xd6]*[0xec][0xe8][0x1a]X[0x8]>+[0xfb][0xb7][\n]"
2020-07-24 14:50:36 DEBUG -  << "[0xba]ki*[0x9b][0xc1][0x1a][0x1a][0xf6][0xea][0x16][0xc6]k{J+p[0xbb]k[0xea][0xde]m[0x96][0x9f][0xf1]4U`[0x88]M[0xda]y[0xd2][0xee][0x9a][0x8e][0xab]<Y[0x82]![0xb2][0xfd][0xfd][0xdb]nw[0xcd][0xc5][0x1a][0xef][0xc6][0xdb][0xde][0xb4][0xac][0xb9]^[0xdc][0xf6][0x86]B[0x1b][0xde]|[0xdb][0xdb][0xb6][\r][0xf7]+D[0xad][0xdb]~%<[0x8][0xa1][0x12]r[0x96][0xf0][0x97]E.[0xf7][0x9b][0xd6][0xce]t[0xad]-[0xcf]4[0x12][0xc][0xc9].Q[0x91]L[0xbf]u[0xac][0x92][0x97][0x90]7[0x1a][0x3][0xbb]k6[0xfe][0xdf]@[0xb5]X[0x90]y[0xec]>C[0xe5]f[0x1]J[0xef]T[0xf5][0xa8][0xc8][0xbb][0xbe][0x8d]`[0x7]u[0x5]Q'[0x9b]2Y[0xc2][0xb0][0xf1]Vm[0x96]/[0xdb][0xcb],[0xbb][0x83][0xda][0xb6]y[0xba][0xc3][0x97][0xad]b[0xa8][0xc4]`[0xe2]mr[0xe8]h[0x84]@[0xb9][0x1a][0xe3][0xfb]z[0xe9][0xb4]~Z[0xde][0xe6]T[0xff][0xc9][0xa2][0xf6][0xfb][0x86][0xfe]=[0xc3]l[0xff][0x96][0xe6][0xfd][0x7]H[0x1d][0xf0][0xc4][0x85][0x13][0x0][0x0]"
2020-07-24 14:50:36 DEBUG -  << "[\r][\n]"
2020-07-24 14:50:36 DEBUG -  << "0[\r][\n]"
2020-07-24 14:50:36 DEBUG -  << "[\r][\n]"
2020-07-24 14:50:36 DEBUG - Parsed data to instance of: class org.apache.http.conn.EofSensorInputStream
2020-07-24 14:50:36 DEBUG - Releasing connection org.apache.http.impl.conn.ManagedClientConnectionImpl@778a1250
2020-07-24 14:50:36 DEBUG - Connection can be kept alive indefinitely
2020-07-24 14:50:36 INFO  - [class com.epp.api.soaphit.GetSoapResponse] : Got the response
2020-07-24 14:50:36 INFO  - [class com.epp.api.utils.APIGenerics] : Getting timestamp in yyyyMMdd_HHmmss this formats 
2020-07-24 14:50:36 INFO  - [class com.epp.api.utils.APIGenerics] : writting the xml file into XML format
2020-07-24 14:50:36 INFO  - [class com.epp.api.utils.APIGenerics] : Creating the xlsx sheet
2020-07-24 14:50:37 DEBUG - Connection 0.0.0.0:59077<->127.0.0.1:1122 closed
2020-07-24 14:50:37 INFO  - [class com.epp.api.utils.APIGenerics] : All the services data is set to Excelsheet
2020-07-24 14:50:37 INFO  - [class com.epp.api.utils.APIGenerics] : Reading the file and returing the document instance
2020-07-24 14:50:37 INFO  - [class com.epp.api.utils.APIGenerics] : Getting the parsed data from response:  {userId=teetK1, consumerId=27912867, email=appt76462@yahoo.com, number=2017370400}
2020-07-24 14:50:37 INFO  - [class com.epp.config.PropertiesCache] : New Properties Cache Log file is created: PropertyCache.properties
2020-07-24 14:50:37 INFO  - [class com.epp.config.PropertiesCache] : New Properties Cache Log file is created: PropertyCache.properties
2020-07-24 14:50:37 INFO  - [class com.epp.libraries.GenericLib] : Fetching the Respones output Nodes
2020-07-24 14:50:37 INFO  - [class com.epp.config.PropertiesCache] : New Properties Cache Log file is created: PropertyCache.properties
2020-07-24 14:50:37 INFO  - [class com.epp.config.PropertiesCache] : New Properties Cache Log file is created: PropertyCache.properties
2020-07-24 14:50:37 INFO  - [class com.epp.api.executor.APIExecutor] : Closing all the instances of Excel sheets
2020-07-24 14:50:37 INFO  - [class com.epp.api.executor.APIExecutor] : Request which need to run: AddFundingProfile.xml
2020-07-24 14:50:37 INFO  - [class com.epp.api.utils.APIGenerics] : Reading the file and returing the document instance
2020-07-24 14:50:37 INFO  - [class com.epp.api.executor.APIExecutor] : Reading XML file into Document instance is done
2020-07-24 14:50:37 INFO  - [class com.epp.api.utils.APIGenerics] : keyValueData generated:  {TCName=, wsse:Username=, wsse:Password=, req:MtvnSvcVer=, req:ApplID=, req:SvcID=, req:SvcVer=, req:RoutingID=, q1:type=, q1:nickname=, q1:primary=, q1:bankName=, q1:accountNumber=, q1:routingNumber=, userID=}
2020-07-24 14:50:37 INFO  - [class com.epp.api.utils.APIGenerics] : keyValueData generated:  {TCName=, wsse:Username=, wsse:Password=, req:MtvnSvcVer=, req:ApplID=, req:SvcID=, req:SvcVer=, req:RoutingID=, q1:type=, q1:nickname=, q1:primary=, q1:bankName=, q1:accountNumber=, q1:routingNumber=, userID=}
2020-07-24 14:50:37 INFO  - [class com.epp.api.utils.APIGenerics] : keyValueData generated:  {TCName=Zelle_AddFundingProfile_TC02, wsse:Username=FISEPAY_DEV, wsse:Password=RaDrup5E4awreP, req:MtvnSvcVer=v1.6.0, req:ApplID=ZELLE, req:SvcID=AddFundingProfile, req:SvcVer=v1.6.0, req:RoutingID=fis-50202, q1:type=BANK_ACCOUNT, q1:nickname=Demo user, q1:primary=true, q1:bankName=HDFC, q1:accountNumber=100001111189, q1:routingNumber=959009990, userID=ccc}
2020-07-24 14:50:37 INFO  - [class com.epp.api.utils.APIGenerics] : Parcing of xml file is done
2020-07-24 14:50:37 INFO  - [class com.epp.api.utils.APIGenerics] : Getting timestamp in yyyyMMdd_HHmmss this formats 
2020-07-24 14:50:37 INFO  - [class com.epp.api.utils.APIGenerics] : Creating the xml file at run level
2020-07-24 14:50:37 INFO  - [class com.epp.api.executor.APIExecutor] : Hitting the request using post method
2020-07-24 14:50:37 INFO  - [class com.epp.api.soaphit.GetSoapResponse] : Into Post Method
2020-07-24 14:50:37 INFO  - [class com.epp.api.soaphit.GetSoapResponse] : Base End Point URL: https://localhost:1122/services/port
2020-07-24 14:50:37 INFO  - [class com.epp.api.soaphit.GetSoapResponse] : XML request file path: C:\SeleniumWorkspace\DigiPayZelleAutomation\src\main\java\com\epp\api\temp\Request_Zelle_AddFundingProfile_TC02_20200724_145037.xml
2020-07-24 14:50:37 DEBUG - Get connection for route {s}->https://localhost:1122
2020-07-24 14:50:37 DEBUG - Connecting to localhost:1122
2020-07-24 14:50:38 DEBUG - CookieSpec selected: ignoreCookies
2020-07-24 14:50:38 DEBUG - Auth cache not set in the context
2020-07-24 14:50:38 DEBUG - Target auth state: UNCHALLENGED
2020-07-24 14:50:38 DEBUG - Proxy auth state: UNCHALLENGED
2020-07-24 14:50:38 DEBUG - Attempt 1 to execute request
2020-07-24 14:50:38 DEBUG - Sending request: POST /services/port/v1_6 HTTP/1.1
2020-07-24 14:50:38 DEBUG -  >> "POST /services/port/v1_6 HTTP/1.1[\r][\n]"
2020-07-24 14:50:38 DEBUG -  >> "SOAPAction: authenticate[\r][\n]"
2020-07-24 14:50:38 DEBUG -  >> "Accept: */*[\r][\n]"
2020-07-24 14:50:38 DEBUG -  >> "Content-Type: application/soap+xml; charset=UTF-8;[\r][\n]"
2020-07-24 14:50:38 DEBUG -  >> "Content-Length: 2867[\r][\n]"
2020-07-24 14:50:38 DEBUG -  >> "Host: localhost:1122[\r][\n]"
2020-07-24 14:50:38 DEBUG -  >> "Connection: Keep-Alive[\r][\n]"
2020-07-24 14:50:38 DEBUG -  >> "User-Agent: Apache-HttpClient/4.5.3 (Java/1.8.0_162)[\r][\n]"
2020-07-24 14:50:38 DEBUG -  >> "Accept-Encoding: gzip,deflate[\r][\n]"
2020-07-24 14:50:38 DEBUG -  >> "[\r][\n]"
2020-07-24 14:50:38 DEBUG - >> POST /services/port/v1_6 HTTP/1.1
2020-07-24 14:50:38 DEBUG - >> SOAPAction: authenticate
2020-07-24 14:50:38 DEBUG - >> Accept: */*
2020-07-24 14:50:38 DEBUG - >> Content-Type: application/soap+xml; charset=UTF-8;
2020-07-24 14:50:38 DEBUG - >> Content-Length: 2867
2020-07-24 14:50:38 DEBUG - >> Host: localhost:1122
2020-07-24 14:50:38 DEBUG - >> Connection: Keep-Alive
2020-07-24 14:50:38 DEBUG - >> User-Agent: Apache-HttpClient/4.5.3 (Java/1.8.0_162)
2020-07-24 14:50:38 DEBUG - >> Accept-Encoding: gzip,deflate
2020-07-24 14:50:38 DEBUG -  >> "<?xml version="1.0" encoding="UTF-8" standalone="no"?><soapenv:Envelope xmlns:soapenv="http://schemas.xmlsoap.org/soap/envelope/" xmlns:com="http://metavante.com/types/common" xmlns:com1="http://epayments.metavante.com/types/common" xmlns:req="http://epayments.metavante.com/types/request" xmlns:req1="http://epayments.metavante.com/types/consumerPayee/request" xmlns:req2="http://epayments.metavante.com/types/fi/request" xmlns:req3="http://epayments.metavante.com/types/fundingAccount/request" xmlns:req4="http://epayments.metavante.com/types/merchant/request" xmlns:req5="http://epayments.metavante.com/types/security/request" xmlns:req6="http://epayments.metavante.com/types/user/request" xmlns:req7="http://epayments.metavante.com/types/consumer/request" xmlns:req8="http://epayments.metavante.com/types/checkimage/request" xmlns:wsse="http://docs.oasis-open.org/wss/2004/01/oasis-200401-wss-wssecurity-secext-1.0.xsd" xmlns:xsi="http://www.w3.org/2001/XMLSchema-instance">[\r][\n]"
2020-07-24 14:50:38 DEBUG -  >> "   <soapenv:Header>[\r][\n]"
2020-07-24 14:50:38 DEBUG -  >> "      <wsse:Security>[\r][\n]"
2020-07-24 14:50:38 DEBUG -  >> "         <wsse:UsernameToken>[\r][\n]"
2020-07-24 14:50:38 DEBUG -  >> "             <wsse:Username>FISEPAY_DEV</wsse:Username>[\r][\n]"
2020-07-24 14:50:38 DEBUG -  >> "            <wsse:Password>RaDrup5E4awreP</wsse:Password>[\r][\n]"
2020-07-24 14:50:38 DEBUG -  >> "         </wsse:UsernameToken>[\r][\n]"
2020-07-24 14:50:38 DEBUG -  >> "      </wsse:Security>[\r][\n]"
2020-07-24 14:50:38 DEBUG -  >> "   </soapenv:Header>[\r][\n]"
2020-07-24 14:50:38 DEBUG -  >> "   <soapenv:Body>[\r][\n]"
2020-07-24 14:50:38 DEBUG -  >> "      <EbMtvnSvcReq xmlns="http://epayments.metavante.com/types/request">[\r][\n]"
2020-07-24 14:50:38 DEBUG -  >> "        <req:MtvnSvcVer>v1.6.0</req:MtvnSvcVer>[\r][\n]"
2020-07-24 14:50:38 DEBUG -  >> "         <MsgUUID>bc1ae59a-d0f3-4d80-9bf3-e83e1cb9c87a</MsgUUID>[\r][\n]"
2020-07-24 14:50:38 DEBUG -  >> "         <PrcsParms>[\r][\n]"
2020-07-24 14:50:38 DEBUG -  >> "            <SrcID>MVEPAY</SrcID>[\r][\n]"
2020-07-24 14:50:38 DEBUG -  >> "         </PrcsParms>[\r][\n]"
2020-07-24 14:50:38 DEBUG -  >> "         <Svc>[\r][\n]"
2020-07-24 14:50:38 DEBUG -  >> "            <SvcParms>[\r][\n]"
2020-07-24 14:50:38 DEBUG -  >> "               <req:ApplID>ZELLE</req:ApplID>[\r][\n]"
2020-07-24 14:50:38 DEBUG -  >> "               <req:SvcID>AddFundingProfile</req:SvcID>[\r][\n]"
2020-07-24 14:50:38 DEBUG -  >> "               <req:SvcVer>v1.6.0</req:SvcVer>[\r][\n]"
2020-07-24 14:50:38 DEBUG -  >> "               <RqstUUID>82f0d972-4c5b-4b5f-a0da-be4a9f3dc410</RqstUUID>[\r][\n]"
2020-07-24 14:50:38 DEBUG -  >> "               <req:RoutingID>fis-50202</req:RoutingID>[\r][\n]"
2020-07-24 14:50:38 DEBUG -  >> "            </SvcParms>[\r][\n]"
2020-07-24 14:50:38 DEBUG -  >> "            <MsgData>[\r][\n]"
2020-07-24 14:50:38 DEBUG -  >> "               <AddFundingProfile>[\r][\n]"
2020-07-24 14:50:38 DEBUG -  >> "                  <userId>teetK1</userId>[\r][\n]"
2020-07-24 14:50:38 DEBUG -  >> "                  <fundingProfileInfo xmlns="http://epayments.metavante.com/types/fundingProfile/request" xmlns:q1="http://epayments.metavante.com/types/common" xsi:type="q1:BankFundingProfileInfoType">[\r][\n]"
2020-07-24 14:50:38 DEBUG -  >> "                     <q1:type>BANK_ACCOUNT</q1:type>[\r][\n]"
2020-07-24 14:50:38 DEBUG -  >> "                     <q1:nickname>Demo user</q1:nickname>[\r][\n]"
2020-07-24 14:50:38 DEBUG -  >> "                     <q1:primary>true</q1:primary>[\r][\n]"
2020-07-24 14:50:38 DEBUG -  >> "                     <q1:bankName>HDFC</q1:bankName>[\r][\n]"
2020-07-24 14:50:38 DEBUG -  >> "                     <q1:accountNumber>100001111189</q1:accountNumber>[\r][\n]"
2020-07-24 14:50:38 DEBUG -  >> "                     <q1:routingNumber>959009990</q1:routingNumber>[\r][\n]"
2020-07-24 14:50:38 DEBUG -  >> "                     <q1:checkNumber>123461</q1:checkNumber>[\r][\n]"
2020-07-24 14:50:38 DEBUG -  >> "                     <q1:bankAccountType>CHECKING</q1:bankAccountType>[\r][\n]"
2020-07-24 14:50:38 DEBUG -  >> "                  </fundingProfileInfo>[\r][\n]"
2020-07-24 14:50:38 DEBUG -  >> "               </AddFundingProfile>[\r][\n]"
2020-07-24 14:50:38 DEBUG -  >> "            </MsgData>[\r][\n]"
2020-07-24 14:50:38 DEBUG -  >> "         </Svc>[\r][\n]"
2020-07-24 14:50:38 DEBUG -  >> "      </EbMtvnSvcReq>[\r][\n]"
2020-07-24 14:50:38 DEBUG -  >> "   </soapenv:Body>[\r][\n]"
2020-07-24 14:50:38 DEBUG -  >> "</soapenv:Envelope>"
2020-07-24 14:50:44 DEBUG -  << "HTTP/1.1 200 OK[\r][\n]"
2020-07-24 14:50:44 DEBUG -  << "X-Powered-By: Servlet/3.0[\r][\n]"
2020-07-24 14:50:44 DEBUG -  << "Content-Type: text/xml; charset=utf-8[\r][\n]"
2020-07-24 14:50:44 DEBUG -  << "Content-Encoding: gzip[\r][\n]"
2020-07-24 14:50:44 DEBUG -  << "Content-Language: en-US[\r][\n]"
2020-07-24 14:50:44 DEBUG -  << "Transfer-Encoding: chunked[\r][\n]"
2020-07-24 14:50:44 DEBUG -  << "Date: Fri, 24 Jul 2020 09:20:43 GMT[\r][\n]"
2020-07-24 14:50:44 DEBUG -  << "[\r][\n]"
2020-07-24 14:50:44 DEBUG - Receiving response: HTTP/1.1 200 OK
2020-07-24 14:50:44 DEBUG - << HTTP/1.1 200 OK
2020-07-24 14:50:44 DEBUG - << X-Powered-By: Servlet/3.0
2020-07-24 14:50:44 DEBUG - << Content-Type: text/xml; charset=utf-8
2020-07-24 14:50:44 DEBUG - << Content-Encoding: gzip
2020-07-24 14:50:44 DEBUG - << Content-Language: en-US
2020-07-24 14:50:44 DEBUG - << Transfer-Encoding: chunked
2020-07-24 14:50:44 DEBUG - << Date: Fri, 24 Jul 2020 09:20:43 GMT
2020-07-24 14:50:44 DEBUG - Connection can be kept alive indefinitely
2020-07-24 14:50:44 DEBUG - Parsing response as: text/xml; charset=utf-8
2020-07-24 14:50:44 DEBUG -  << "a[\r][\n]"
2020-07-24 14:50:44 DEBUG -  << "[0x1f][0x8b][0x8][0x0][0x0][0x0][0x0][0x0][0x0][0x0]"
2020-07-24 14:50:44 DEBUG -  << "[\r][\n]"
2020-07-24 14:50:44 DEBUG -  << "437[\r][\n]"
2020-07-24 14:50:44 DEBUG -  << "[0xd5]W]o[0xa3]8[0x14]}[0xdf]_[0x11][0xf1][0xe][0x98][0x8f][0x84][0x80]([0xa3][0x94][0xa6][0xdb]h[0x9a][0xb4]j[0xd2]j[0xa7]/+[0x7][0x9c][0x96]m0,6i[0xfb][0xef][0xf7][0x9a][0xf][0x97]0T[0xd3]J}[0xd8][0x89][0xd4][0x6][0x9f]{[0xee][0xb9][0xc7][0xd7][0x6][0x1c][0xff][0xdb]K[0xba][0x1f][0x1d]H[0xc1][0x92][0x8c][0x9e]([0x86][0x86][0x94][0x11][0xa1]Q[0x16]'[0xf4][0xe1]D[0xb9][0xdd][0x9c][0xab]S[0xe5][[0xf0][0x87][0xcf]2[0x9c][0x13]z[0xf0][0xe6][0xf4]@[0xf6]YNF[0x90]F[0x99][0xd7][0xc0]'[0xca]#[0xe7][0xb9][0xa7][0xeb],z$)f[0x1a]DEH[0xcb][0x8a][0x7]]\[0xe8][0xa4][0xc9][0xd3][0x95]&[0xf3][0x85][0xc5]2[0xeb][0xf9][0xf9]Y{[0xb6]*[0xb2][0x89][0x90][0xa1][0xff][0xb5][0xbc]\WBo[0xe4][0xe4][0xd7]d5[0xa1][0x8c]c[0x1a][0x11][0xa5][0xe3][0xf7][0x82][0xe0][0x98][0x14][0x0]<3F[0xbc]5[0x89][0xca]"[0xe1][0xaf][0x8d][0xac][0xc0][0xa4]n[0x9c]EL[0xcb]0K[0x98][\n]"
2020-07-24 14:50:44 DEBUG -  << ">iU[0x0][0x8][0xa2][0x88][0xad]C[0x9d]:$F[0xc8]P! [0xfe][0x1a]9[0x15].[0xc8][0xb]W[0xa1]{[0x1a][0xcc]K[0x19][0xb5][0xd5][0xd3][0x92][0xf1][[\n]"
2020-07-24 14:50:44 DEBUG -  << "[0x6][0x84]1[0x98][0xaf][0xa1][0x4]`[0xa4][0xf4]6IJ[0x0]Jsi[0xa4][0xfc][0x12][0x1f]%O[0xf6][0xe2][[0x1a][0x11][0xc5][0x16]PX[0x16]TU[0xc3][0x99][0xb8][0x96]36[0x1c][0xd4][0x98][0x9][0xb][0x82]9[0x89][0x3][0x13][0x99]HE[0x8e]j[0xda][0x1b][0xe4]z&[0xf2]l[C[0xe][0xba][0xf7][0xf5].[0xab]J[0x99][0xbf][0xe4]IAX?e|[0x9c][0xd2][0xb2][0xea][0x91][0xb4]P[0x8d];[0x8b][0x1][0xe3][0xde]j[0xc9][0xd5];[0xcd]b[0x8][0xcf][0xb7]K~[0xa0][0xeb]CtCX[0xdd]0[0xd9],[0x92][0xe3][0xd7][0x94]P[0xce][0xb4][0x94]p|[0xc0][0x94][0x13]-[0xca]R[0x9d][0xbf][0xe6][0x84][0xe9]P<[0xcf]([0x83][\r][0xe1]7[\n]"
2020-07-24 14:50:44 DEBUG -  << "w[0xa0]~0[0xb4][0x89][0x86]|[0xbd][0x3][0xf9]K[0xf6]p{[0xbb]8[0xb][0xb6][0x91][0x81][0xc9][0xd8][0xc5]j[0x8c]v[0x96]j[0xc7]S[0xa4][0xba][[0xb8]"S[0x8b][0x18][0xd1][0xd6][0x8d][0xa6][0xe][0x86][0xcc][0x86][0xed]Cz[0xf5][0xef][0x1a][0x17])[0xcc]s[0x96][0xe7]{[0x80][0xef][0xe7][0x97][0x97]s_oF"[0xe]_[0xb3]8>/[0xa9][0xb8][0xad][0xae][0x8b]l[0x97][0xec][0x89][0xaf][0xd7][0x1][0xbf]g[0xab][0xb5]t[0xf3]/[0xec][0x1d]Qej[0xee]P[0xec]:[0xa6]jG[0xe3][0xad]jo[0xc7];[0x15][0xa3][0x18][0xab][bcwg[0xc5][0x91]m@[0x9a][0xa4]W[\n]"
2020-07-24 14:50:44 DEBUG -  << "[0x8d]!0z[0x86]9[0x6]g[0xfd][0xea][0x81]O[0x99][0xe1][0xc1][0x8a]0[0xfc]@.[0x13][0xc6][0x9b][0x9d][0x8][0xa8]l[0xee]PK[0xe1]*[0xcd](4T[0xef][0xe5][0xb]A[0xd3][0xdb][0x1d][0x15][0x91][0x9a][0xe6][0x7][0x17][0xec]8[0xbd][0xbb]~[0x94]Y=[0xf1]E[0xc]2o[0xf7]2[0x10]>XDNaH3[0xb0][0xc6][0x96];[0xb1][0xc]WLp <[0xc][0xd7]N[0x84][0xa2][0xed][0xc1][0x1e][0xe7]%[0x93][0xae][0xec]O[0xba][0x9a]]_[0xdf]\[0xdd][0xcd][0xcf]D[0xa1]VL[0x8][0x8f][0xbd][0x84][0xee]2);[0xfe][0x9c][0xec][0x8][0x9e][0xa0][0x9e]@N[0x14]!u[0x8a][0xe9][0xd3][0xf1]~X[0x80][0xf8][0x6][0xe2]J]KP[0x83][0xd3][0xd9][0xea][0xfb][0xdf][0xb3]0[0xbc][0xba]]m[0x84][0x9d][0x6][0xae][0x8]4[0x89][0x9e](NIpF[0xd2]lT2R[0xd4][0xc][0x89]W[0xac][0xbc]HR\[0xbc][0x6][0xbc](I[0x1d]o[0x91]*[0xbc][0x5][0x1b]+A[0xbe]8;[0xf][0xeb][0xb8][0x84]*[0x2][0x8e][0xa2][0xac][0xa4]|U[0xa6][[0xb8]%[0xc][0x4][0x1f]C|[0xa6]n[0xcd]>[0x8e]W)E[0x6][0xf]A[0xfa][0xd0]@[0xee][0xd8]E[0xc8]u]T[0xf3][0x8f][0x83][0x15][0x1f]^[0x1d][0xd1]S[[0xc0][0xb4][0xec][0x89]QS[0xbb][0xb8]4;[0xab][0xeb][0x89]F[0x5][0xe1][0xc5]<[0xfc][0xbe]X[0xfd][0xf9][0xe6][0xbb][0x1b][0xad][0x9b][0x4][0x13][0xb9][0xa2][0xa1]P[\n]"
2020-07-24 14:50:44 DEBUG -  << "RL[0xff]I[0xc4][0xab]`[0xf4]c[0xc4][0xc0][0xc3]c[0xd3][0xaf][0xe][0xa5]F[0xc4]2[0x8b][0xf4]I[0xbb][0xcb][0x96][0x84]?fq[0xb3]NG[0xb7][0xea][0xe4][0xf3];~Xu [0xd2]B1[0x95]Pw[0x9f][0xf7][0xd8]pg[0x18][0xc8]4[0xc5][0xc]~[0x8e][0xb4][0xe8][0xc7][0xa4]6C[o[0x88]38[0x9b]C"^ [0xe7][0x8b][0xf5]@[0x96][0xc]w3[0xc3]GL)[0xd9][0x7][0x8b][0xd5]z3[0xeb][0x15]kc[0x3]ZC[0xd8][0xfb][0xcd][0xfc][0xd2]6#[0xf7]7n[0xf3],[0xbc][0xf8][0xdf][0xb7][0xd8]B[0xe8]w[0xde][0xc9]_[0xd5][0xe2]wC[0xed][0xeb][0xde][0xf1]p[0x19]'\[0xbc]:[0x8a][0x14]s[0xf8][0x1]![0x9f]L[0xce][0xe7][0x9f]L[0x8e][0x17]UGL8[0xb0][0x90][0x81][0xb3]([0xd2][0xe0][0xe1]/L[0x1d][0x11][0xdf][0x12][0xb3][0x2][0x16][0xc8]t\[0xc3][0x9c]N[0x9c][0xe][0xaf][0xc2]+Z[\n]"
2020-07-24 14:50:44 DEBUG -  << "[0xbf]jv[0x9][0x89][0xdf][0xa9]`v*[0x1c]Q[0xbb][0xc9]?[0x17][0xe9][0x4]j[0xa0][0xdf][0x94][\n]"
2020-07-24 14:50:44 DEBUG -  << "[0xee][0x1f][0x8d][0x0][0x1c]8[0x93][0xe9][0xf2][0xc0]6/[0x8a]0&[0xc1][0xfa].[0x4]S[0xbe][0xde][0xc][0x5][0xc][0x94]`]F[0x11][0x1c][0xbd]*\[0x8c][0xab]3[0x9f]LZ[0xde][0xcd]?[0x96][0xd4]=XwN[0xe1][0xf5][0xa9][[0xef][0xff][0xe4][0xb][0xfe][0x3][0x8b]4x[0x0],[0xe][0x0][0x0]"
2020-07-24 14:50:44 DEBUG -  << "[\r][\n]"
2020-07-24 14:50:44 DEBUG -  << "0[\r][\n]"
2020-07-24 14:50:44 DEBUG -  << "[\r][\n]"
2020-07-24 14:50:44 DEBUG - Parsed data to instance of: class org.apache.http.conn.EofSensorInputStream
2020-07-24 14:50:44 DEBUG - Releasing connection org.apache.http.impl.conn.ManagedClientConnectionImpl@1e3f0aea
2020-07-24 14:50:44 DEBUG - Connection can be kept alive indefinitely
2020-07-24 14:50:44 INFO  - [class com.epp.api.soaphit.GetSoapResponse] : Got the response
2020-07-24 14:50:44 INFO  - [class com.epp.api.utils.APIGenerics] : Getting timestamp in yyyyMMdd_HHmmss this formats 
2020-07-24 14:50:44 INFO  - [class com.epp.api.utils.APIGenerics] : writting the xml file into XML format
2020-07-24 14:50:44 INFO  - [class com.epp.api.utils.APIGenerics] : Creating the xlsx sheet
2020-07-24 14:50:44 DEBUG - Connection 0.0.0.0:59118<->127.0.0.1:1122 closed
2020-07-24 14:50:45 INFO  - [class com.epp.api.utils.APIGenerics] : All the services data is set to Excelsheet
2020-07-24 14:50:45 INFO  - [class com.epp.api.utils.APIGenerics] : Reading the file and returing the document instance
2020-07-24 14:50:45 INFO  - [class com.epp.api.utils.APIGenerics] : Getting the parsed data from response:  {fundingProfileId=35396319}
2020-07-24 14:50:45 INFO  - [class com.epp.config.PropertiesCache] : New Properties Cache Log file is created: PropertyCache.properties
2020-07-24 14:50:45 INFO  - [class com.epp.config.PropertiesCache] : New Properties Cache Log file is created: PropertyCache.properties
2020-07-24 14:50:45 INFO  - [class com.epp.config.PropertiesCache] : New Properties Cache Log file is created: PropertyCache.properties
2020-07-24 14:50:47 INFO  - [class com.epp.libraries.GenericLib] : userIDOne: teetK1
2020-07-24 14:50:47 INFO  - [class com.epp.libraries.GenericLib] : consumerIDOne: 27912867
2020-07-24 14:50:47 INFO  - [class com.epp.libraries.GenericLib] : emailIDOne: appt76462@yahoo.com
2020-07-24 14:50:47 INFO  - [class com.epp.libraries.GenericLib] : mobileNumberOne: 2017370400
2020-07-24 14:50:47 INFO  - [class com.epp.libraries.GenericLib] : fundingProfileIDOne: 35396319
2020-07-24 14:50:47 INFO  - [class com.epp.libraries.GenericLib] : URL launchedhttps://epayments-epayui-fnc-1.money-movement.com/TestPeoplePay50202X/DebugAccess?userName=teetK1&productCode=Zelle&destination=Home
2020-07-24 14:50:47 INFO  - [class com.zelle.stepdefinition.UniversalSteps] : UniversalStep: User is on page LandingPage
2020-07-24 14:50:47 INFO  - [class com.zelle.stepdefinition.UniversalSteps] : UniversalStep: User clicks on element btnGetStarted
2020-07-24 14:50:48 INFO  - [class com.epp.webelement.Button] : Button: Clicked Button with id --- ContinueButton
2020-07-24 14:50:48 INFO  - [class com.zelle.stepdefinition.UniversalSteps] : UniversalStep: User waited for 5 seconds 
2020-07-24 14:50:53 INFO  - [class com.zelle.stepdefinition.UniversalSteps] : UniversalStep: Validate that user is on page SendMoneyWithZellePagePage
2020-07-24 14:50:53 ERROR - [class com.zelle.stepdefinition.UniversalSteps] : UniversalStep:  SendMoneyWithZellePagePage Failed , java.lang.ClassNotFoundException: com.epp.zelle.pages.SendMoneyWithZellePagePage
	at java.net.URLClassLoader.findClass(Unknown Source)
	at java.lang.ClassLoader.loadClass(Unknown Source)
	at sun.misc.Launcher$AppClassLoader.loadClass(Unknown Source)
	at java.lang.ClassLoader.loadClass(Unknown Source)
	at java.lang.Class.forName0(Native Method)
	at java.lang.Class.forName(Unknown Source)
	at com.zelle.stepdefinition.UniversalSteps.invokeMethod(UniversalSteps.java:99)
	at com.zelle.stepdefinition.UniversalSteps.validate_that_user_is_on_page(UniversalSteps.java:172)
	at sun.reflect.NativeMethodAccessorImpl.invoke0(Native Method)
	at sun.reflect.NativeMethodAccessorImpl.invoke(Unknown Source)
	at sun.reflect.DelegatingMethodAccessorImpl.invoke(Unknown Source)
	at java.lang.reflect.Method.invoke(Unknown Source)
	at cucumber.runtime.Utils$1.call(Utils.java:37)
	at cucumber.runtime.Timeout.timeout(Timeout.java:13)
	at cucumber.runtime.Utils.invoke(Utils.java:31)
	at cucumber.runtime.java.JavaStepDefinition.execute(JavaStepDefinition.java:41)
	at cucumber.runtime.StepDefinitionMatch.runStep(StepDefinitionMatch.java:37)
	at cucumber.runtime.Runtime.runStep(Runtime.java:314)
	at cucumber.runtime.model.StepContainer.runStep(StepContainer.java:44)
	at cucumber.runtime.model.StepContainer.runSteps(StepContainer.java:39)
	at cucumber.runtime.model.CucumberScenario.run(CucumberScenario.java:44)
	at cucumber.runtime.model.CucumberFeature.run(CucumberFeature.java:165)
	at cucumber.api.testng.TestNGCucumberRunner.runCucumber(TestNGCucumberRunner.java:63)
	at cucumber.api.testng.AbstractTestNGCucumberTests.feature(AbstractTestNGCucumberTests.java:21)
	at sun.reflect.NativeMethodAccessorImpl.invoke0(Native Method)
	at sun.reflect.NativeMethodAccessorImpl.invoke(Unknown Source)
	at sun.reflect.DelegatingMethodAccessorImpl.invoke(Unknown Source)
	at java.lang.reflect.Method.invoke(Unknown Source)
	at org.testng.internal.MethodInvocationHelper.invokeMethod(MethodInvocationHelper.java:85)
	at org.testng.internal.Invoker.invokeMethod(Invoker.java:639)
	at org.testng.internal.Invoker.invokeTestMethod(Invoker.java:816)
	at org.testng.internal.Invoker.invokeTestMethods(Invoker.java:1124)
	at org.testng.internal.TestMethodWorker.invokeTestMethods(TestMethodWorker.java:125)
	at org.testng.internal.TestMethodWorker.run(TestMethodWorker.java:108)
	at org.testng.TestRunner.privateRun(TestRunner.java:774)
	at org.testng.TestRunner.run(TestRunner.java:624)
	at org.testng.SuiteRunner.runTest(SuiteRunner.java:359)
	at org.testng.SuiteRunner.runSequentially(SuiteRunner.java:354)
	at org.testng.SuiteRunner.privateRun(SuiteRunner.java:312)
	at org.testng.SuiteRunner.run(SuiteRunner.java:261)
	at org.testng.SuiteRunnerWorker.runSuite(SuiteRunnerWorker.java:52)
	at org.testng.SuiteRunnerWorker.run(SuiteRunnerWorker.java:86)
	at org.testng.TestNG.runSuitesSequentially(TestNG.java:1215)
	at org.testng.TestNG.runSuitesLocally(TestNG.java:1140)
	at org.testng.TestNG.run(TestNG.java:1048)
	at org.testng.remote.AbstractRemoteTestNG.run(AbstractRemoteTestNG.java:115)
	at org.testng.remote.RemoteTestNG.initAndRun(RemoteTestNG.java:251)
	at org.testng.remote.RemoteTestNG.main(RemoteTestNG.java:77)
...
2020-07-24 14:50:53 INFO  - [class com.zelle.stepdefinition.UniversalSteps] : UniversalStep: User clicks on element btnContinue
2020-07-24 14:50:53 ERROR - [class com.zelle.stepdefinition.UniversalSteps] : UniversalStep:  btnContinue Failed , java.lang.ClassNotFoundException: com.epp.zelle.pages.SendMoneyWithZellePagePage
	at java.net.URLClassLoader.findClass(Unknown Source)
	at java.lang.ClassLoader.loadClass(Unknown Source)
	at sun.misc.Launcher$AppClassLoader.loadClass(Unknown Source)
	at java.lang.ClassLoader.loadClass(Unknown Source)
	at java.lang.Class.forName0(Native Method)
	at java.lang.Class.forName(Unknown Source)
	at com.zelle.stepdefinition.UniversalSteps.invokeMethod(UniversalSteps.java:99)
	at com.zelle.stepdefinition.UniversalSteps.validate_that_user_is_on_page(UniversalSteps.java:172)
	at sun.reflect.NativeMethodAccessorImpl.invoke0(Native Method)
	at sun.reflect.NativeMethodAccessorImpl.invoke(Unknown Source)
	at sun.reflect.DelegatingMethodAccessorImpl.invoke(Unknown Source)
	at java.lang.reflect.Method.invoke(Unknown Source)
	at cucumber.runtime.Utils$1.call(Utils.java:37)
	at cucumber.runtime.Timeout.timeout(Timeout.java:13)
	at cucumber.runtime.Utils.invoke(Utils.java:31)
	at cucumber.runtime.java.JavaStepDefinition.execute(JavaStepDefinition.java:41)
	at cucumber.runtime.StepDefinitionMatch.runStep(StepDefinitionMatch.java:37)
	at cucumber.runtime.Runtime.runStep(Runtime.java:314)
	at cucumber.runtime.model.StepContainer.runStep(StepContainer.java:44)
	at cucumber.runtime.model.StepContainer.runSteps(StepContainer.java:39)
	at cucumber.runtime.model.CucumberScenario.run(CucumberScenario.java:44)
	at cucumber.runtime.model.CucumberFeature.run(CucumberFeature.java:165)
	at cucumber.api.testng.TestNGCucumberRunner.runCucumber(TestNGCucumberRunner.java:63)
	at cucumber.api.testng.AbstractTestNGCucumberTests.feature(AbstractTestNGCucumberTests.java:21)
	at sun.reflect.NativeMethodAccessorImpl.invoke0(Native Method)
	at sun.reflect.NativeMethodAccessorImpl.invoke(Unknown Source)
	at sun.reflect.DelegatingMethodAccessorImpl.invoke(Unknown Source)
	at java.lang.reflect.Method.invoke(Unknown Source)
	at org.testng.internal.MethodInvocationHelper.invokeMethod(MethodInvocationHelper.java:85)
	at org.testng.internal.Invoker.invokeMethod(Invoker.java:639)
	at org.testng.internal.Invoker.invokeTestMethod(Invoker.java:816)
	at org.testng.internal.Invoker.invokeTestMethods(Invoker.java:1124)
	at org.testng.internal.TestMethodWorker.invokeTestMethods(TestMethodWorker.java:125)
	at org.testng.internal.TestMethodWorker.run(TestMethodWorker.java:108)
	at org.testng.TestRunner.privateRun(TestRunner.java:774)
	at org.testng.TestRunner.run(TestRunner.java:624)
	at org.testng.SuiteRunner.runTest(SuiteRunner.java:359)
	at org.testng.SuiteRunner.runSequentially(SuiteRunner.java:354)
	at org.testng.SuiteRunner.privateRun(SuiteRunner.java:312)
	at org.testng.SuiteRunner.run(SuiteRunner.java:261)
	at org.testng.SuiteRunnerWorker.runSuite(SuiteRunnerWorker.java:52)
	at org.testng.SuiteRunnerWorker.run(SuiteRunnerWorker.java:86)
	at org.testng.TestNG.runSuitesSequentially(TestNG.java:1215)
	at org.testng.TestNG.runSuitesLocally(TestNG.java:1140)
	at org.testng.TestNG.run(TestNG.java:1048)
	at org.testng.remote.AbstractRemoteTestNG.run(AbstractRemoteTestNG.java:115)
	at org.testng.remote.RemoteTestNG.initAndRun(RemoteTestNG.java:251)
	at org.testng.remote.RemoteTestNG.main(RemoteTestNG.java:77)
java.lang.NoSuchFieldException: btnContinue
	at java.lang.Class.getField(Unknown Source)
	at com.zelle.stepdefinition.UniversalSteps.invokeElementMethod(UniversalSteps.java:117)
	at com.zelle.stepdefinition.UniversalSteps.user_clicks_on_element(UniversalSteps.java:202)
	at sun.reflect.NativeMethodAccessorImpl.invoke0(Native Method)
	at sun.reflect.NativeMethodAccessorImpl.invoke(Unknown Source)
	at sun.reflect.DelegatingMethodAccessorImpl.invoke(Unknown Source)
	at java.lang.reflect.Method.invoke(Unknown Source)
	at cucumber.runtime.Utils$1.call(Utils.java:37)
	at cucumber.runtime.Timeout.timeout(Timeout.java:13)
	at cucumber.runtime.Utils.invoke(Utils.java:31)
	at cucumber.runtime.java.JavaStepDefinition.execute(JavaStepDefinition.java:41)
	at cucumber.runtime.StepDefinitionMatch.runStep(StepDefinitionMatch.java:37)
	at cucumber.runtime.Runtime.runStep(Runtime.java:314)
	at cucumber.runtime.model.StepContainer.runStep(StepContainer.java:44)
	at cucumber.runtime.model.StepContainer.runSteps(StepContainer.java:39)
	at cucumber.runtime.model.CucumberScenario.run(CucumberScenario.java:44)
	at cucumber.runtime.model.CucumberFeature.run(CucumberFeature.java:165)
	at cucumber.api.testng.TestNGCucumberRunner.runCucumber(TestNGCucumberRunner.java:63)
	at cucumber.api.testng.AbstractTestNGCucumberTests.feature(AbstractTestNGCucumberTests.java:21)
	at sun.reflect.NativeMethodAccessorImpl.invoke0(Native Method)
	at sun.reflect.NativeMethodAccessorImpl.invoke(Unknown Source)
	at sun.reflect.DelegatingMethodAccessorImpl.invoke(Unknown Source)
	at java.lang.reflect.Method.invoke(Unknown Source)
	at org.testng.internal.MethodInvocationHelper.invokeMethod(MethodInvocationHelper.java:85)
	at org.testng.internal.Invoker.invokeMethod(Invoker.java:639)
	at org.testng.internal.Invoker.invokeTestMethod(Invoker.java:816)
	at org.testng.internal.Invoker.invokeTestMethods(Invoker.java:1124)
	at org.testng.internal.TestMethodWorker.invokeTestMethods(TestMethodWorker.java:125)
	at org.testng.internal.TestMethodWorker.run(TestMethodWorker.java:108)
	at org.testng.TestRunner.privateRun(TestRunner.java:774)
	at org.testng.TestRunner.run(TestRunner.java:624)
	at org.testng.SuiteRunner.runTest(SuiteRunner.java:359)
	at org.testng.SuiteRunner.runSequentially(SuiteRunner.java:354)
	at org.testng.SuiteRunner.privateRun(SuiteRunner.java:312)
	at org.testng.SuiteRunner.run(SuiteRunner.java:261)
	at org.testng.SuiteRunnerWorker.runSuite(SuiteRunnerWorker.java:52)
	at org.testng.SuiteRunnerWorker.run(SuiteRunnerWorker.java:86)
	at org.testng.TestNG.runSuitesSequentially(TestNG.java:1215)
	at org.testng.TestNG.runSuitesLocally(TestNG.java:1140)
	at org.testng.TestNG.run(TestNG.java:1048)
	at org.testng.remote.AbstractRemoteTestNG.run(AbstractRemoteTestNG.java:115)
	at org.testng.remote.RemoteTestNG.initAndRun(RemoteTestNG.java:251)
	at org.testng.remote.RemoteTestNG.main(RemoteTestNG.java:77)
...
2020-07-24 14:50:53 INFO  - [class com.zelle.stepdefinition.UniversalSteps] : UniversalStep: User types 444444 in textbox edtVerificationCode.
2020-07-24 14:50:53 ERROR - [class com.zelle.stepdefinition.UniversalSteps] : UniversalStep:  edtVerificationCode Failed , java.lang.ClassNotFoundException: com.epp.zelle.pages.SendMoneyWithZellePagePage
	at java.net.URLClassLoader.findClass(Unknown Source)
	at java.lang.ClassLoader.loadClass(Unknown Source)
	at sun.misc.Launcher$AppClassLoader.loadClass(Unknown Source)
	at java.lang.ClassLoader.loadClass(Unknown Source)
	at java.lang.Class.forName0(Native Method)
	at java.lang.Class.forName(Unknown Source)
	at com.zelle.stepdefinition.UniversalSteps.invokeMethod(UniversalSteps.java:99)
	at com.zelle.stepdefinition.UniversalSteps.validate_that_user_is_on_page(UniversalSteps.java:172)
	at sun.reflect.NativeMethodAccessorImpl.invoke0(Native Method)
	at sun.reflect.NativeMethodAccessorImpl.invoke(Unknown Source)
	at sun.reflect.DelegatingMethodAccessorImpl.invoke(Unknown Source)
	at java.lang.reflect.Method.invoke(Unknown Source)
	at cucumber.runtime.Utils$1.call(Utils.java:37)
	at cucumber.runtime.Timeout.timeout(Timeout.java:13)
	at cucumber.runtime.Utils.invoke(Utils.java:31)
	at cucumber.runtime.java.JavaStepDefinition.execute(JavaStepDefinition.java:41)
	at cucumber.runtime.StepDefinitionMatch.runStep(StepDefinitionMatch.java:37)
	at cucumber.runtime.Runtime.runStep(Runtime.java:314)
	at cucumber.runtime.model.StepContainer.runStep(StepContainer.java:44)
	at cucumber.runtime.model.StepContainer.runSteps(StepContainer.java:39)
	at cucumber.runtime.model.CucumberScenario.run(CucumberScenario.java:44)
	at cucumber.runtime.model.CucumberFeature.run(CucumberFeature.java:165)
	at cucumber.api.testng.TestNGCucumberRunner.runCucumber(TestNGCucumberRunner.java:63)
	at cucumber.api.testng.AbstractTestNGCucumberTests.feature(AbstractTestNGCucumberTests.java:21)
	at sun.reflect.NativeMethodAccessorImpl.invoke0(Native Method)
	at sun.reflect.NativeMethodAccessorImpl.invoke(Unknown Source)
	at sun.reflect.DelegatingMethodAccessorImpl.invoke(Unknown Source)
	at java.lang.reflect.Method.invoke(Unknown Source)
	at org.testng.internal.MethodInvocationHelper.invokeMethod(MethodInvocationHelper.java:85)
	at org.testng.internal.Invoker.invokeMethod(Invoker.java:639)
	at org.testng.internal.Invoker.invokeTestMethod(Invoker.java:816)
	at org.testng.internal.Invoker.invokeTestMethods(Invoker.java:1124)
	at org.testng.internal.TestMethodWorker.invokeTestMethods(TestMethodWorker.java:125)
	at org.testng.internal.TestMethodWorker.run(TestMethodWorker.java:108)
	at org.testng.TestRunner.privateRun(TestRunner.java:774)
	at org.testng.TestRunner.run(TestRunner.java:624)
	at org.testng.SuiteRunner.runTest(SuiteRunner.java:359)
	at org.testng.SuiteRunner.runSequentially(SuiteRunner.java:354)
	at org.testng.SuiteRunner.privateRun(SuiteRunner.java:312)
	at org.testng.SuiteRunner.run(SuiteRunner.java:261)
	at org.testng.SuiteRunnerWorker.runSuite(SuiteRunnerWorker.java:52)
	at org.testng.SuiteRunnerWorker.run(SuiteRunnerWorker.java:86)
	at org.testng.TestNG.runSuitesSequentially(TestNG.java:1215)
	at org.testng.TestNG.runSuitesLocally(TestNG.java:1140)
	at org.testng.TestNG.run(TestNG.java:1048)
	at org.testng.remote.AbstractRemoteTestNG.run(AbstractRemoteTestNG.java:115)
	at org.testng.remote.RemoteTestNG.initAndRun(RemoteTestNG.java:251)
	at org.testng.remote.RemoteTestNG.main(RemoteTestNG.java:77)
java.lang.NoSuchFieldException: btnContinue
	at java.lang.Class.getField(Unknown Source)
	at com.zelle.stepdefinition.UniversalSteps.invokeElementMethod(UniversalSteps.java:117)
	at com.zelle.stepdefinition.UniversalSteps.user_clicks_on_element(UniversalSteps.java:202)
	at sun.reflect.NativeMethodAccessorImpl.invoke0(Native Method)
	at sun.reflect.NativeMethodAccessorImpl.invoke(Unknown Source)
	at sun.reflect.DelegatingMethodAccessorImpl.invoke(Unknown Source)
	at java.lang.reflect.Method.invoke(Unknown Source)
	at cucumber.runtime.Utils$1.call(Utils.java:37)
	at cucumber.runtime.Timeout.timeout(Timeout.java:13)
	at cucumber.runtime.Utils.invoke(Utils.java:31)
	at cucumber.runtime.java.JavaStepDefinition.execute(JavaStepDefinition.java:41)
	at cucumber.runtime.StepDefinitionMatch.runStep(StepDefinitionMatch.java:37)
	at cucumber.runtime.Runtime.runStep(Runtime.java:314)
	at cucumber.runtime.model.StepContainer.runStep(StepContainer.java:44)
	at cucumber.runtime.model.StepContainer.runSteps(StepContainer.java:39)
	at cucumber.runtime.model.CucumberScenario.run(CucumberScenario.java:44)
	at cucumber.runtime.model.CucumberFeature.run(CucumberFeature.java:165)
	at cucumber.api.testng.TestNGCucumberRunner.runCucumber(TestNGCucumberRunner.java:63)
	at cucumber.api.testng.AbstractTestNGCucumberTests.feature(AbstractTestNGCucumberTests.java:21)
	at sun.reflect.NativeMethodAccessorImpl.invoke0(Native Method)
	at sun.reflect.NativeMethodAccessorImpl.invoke(Unknown Source)
	at sun.reflect.DelegatingMethodAccessorImpl.invoke(Unknown Source)
	at java.lang.reflect.Method.invoke(Unknown Source)
	at org.testng.internal.MethodInvocationHelper.invokeMethod(MethodInvocationHelper.java:85)
	at org.testng.internal.Invoker.invokeMethod(Invoker.java:639)
	at org.testng.internal.Invoker.invokeTestMethod(Invoker.java:816)
	at org.testng.internal.Invoker.invokeTestMethods(Invoker.java:1124)
	at org.testng.internal.TestMethodWorker.invokeTestMethods(TestMethodWorker.java:125)
	at org.testng.internal.TestMethodWorker.run(TestMethodWorker.java:108)
	at org.testng.TestRunner.privateRun(TestRunner.java:774)
	at org.testng.TestRunner.run(TestRunner.java:624)
	at org.testng.SuiteRunner.runTest(SuiteRunner.java:359)
	at org.testng.SuiteRunner.runSequentially(SuiteRunner.java:354)
	at org.testng.SuiteRunner.privateRun(SuiteRunner.java:312)
	at org.testng.SuiteRunner.run(SuiteRunner.java:261)
	at org.testng.SuiteRunnerWorker.runSuite(SuiteRunnerWorker.java:52)
	at org.testng.SuiteRunnerWorker.run(SuiteRunnerWorker.java:86)
	at org.testng.TestNG.runSuitesSequentially(TestNG.java:1215)
	at org.testng.TestNG.runSuitesLocally(TestNG.java:1140)
	at org.testng.TestNG.run(TestNG.java:1048)
	at org.testng.remote.AbstractRemoteTestNG.run(AbstractRemoteTestNG.java:115)
	at org.testng.remote.RemoteTestNG.initAndRun(RemoteTestNG.java:251)
	at org.testng.remote.RemoteTestNG.main(RemoteTestNG.java:77)
java.lang.NoSuchFieldException: edtVerificationCode
	at java.lang.Class.getField(Unknown Source)
	at com.zelle.stepdefinition.UniversalSteps.invokeElementMethod(UniversalSteps.java:117)
	at com.zelle.stepdefinition.UniversalSteps.user_types_in_textbox(UniversalSteps.java:225)
	at sun.reflect.NativeMethodAccessorImpl.invoke0(Native Method)
	at sun.reflect.NativeMethodAccessorImpl.invoke(Unknown Source)
	at sun.reflect.DelegatingMethodAccessorImpl.invoke(Unknown Source)
	at java.lang.reflect.Method.invoke(Unknown Source)
	at cucumber.runtime.Utils$1.call(Utils.java:37)
	at cucumber.runtime.Timeout.timeout(Timeout.java:13)
	at cucumber.runtime.Utils.invoke(Utils.java:31)
	at cucumber.runtime.java.JavaStepDefinition.execute(JavaStepDefinition.java:41)
	at cucumber.runtime.StepDefinitionMatch.runStep(StepDefinitionMatch.java:37)
	at cucumber.runtime.Runtime.runStep(Runtime.java:314)
	at cucumber.runtime.model.StepContainer.runStep(StepContainer.java:44)
	at cucumber.runtime.model.StepContainer.runSteps(StepContainer.java:39)
	at cucumber.runtime.model.CucumberScenario.run(CucumberScenario.java:44)
	at cucumber.runtime.model.CucumberFeature.run(CucumberFeature.java:165)
	at cucumber.api.testng.TestNGCucumberRunner.runCucumber(TestNGCucumberRunner.java:63)
	at cucumber.api.testng.AbstractTestNGCucumberTests.feature(AbstractTestNGCucumberTests.java:21)
	at sun.reflect.NativeMethodAccessorImpl.invoke0(Native Method)
	at sun.reflect.NativeMethodAccessorImpl.invoke(Unknown Source)
	at sun.reflect.DelegatingMethodAccessorImpl.invoke(Unknown Source)
	at java.lang.reflect.Method.invoke(Unknown Source)
	at org.testng.internal.MethodInvocationHelper.invokeMethod(MethodInvocationHelper.java:85)
	at org.testng.internal.Invoker.invokeMethod(Invoker.java:639)
	at org.testng.internal.Invoker.invokeTestMethod(Invoker.java:816)
	at org.testng.internal.Invoker.invokeTestMethods(Invoker.java:1124)
	at org.testng.internal.TestMethodWorker.invokeTestMethods(TestMethodWorker.java:125)
	at org.testng.internal.TestMethodWorker.run(TestMethodWorker.java:108)
	at org.testng.TestRunner.privateRun(TestRunner.java:774)
	at org.testng.TestRunner.run(TestRunner.java:624)
	at org.testng.SuiteRunner.runTest(SuiteRunner.java:359)
	at org.testng.SuiteRunner.runSequentially(SuiteRunner.java:354)
	at org.testng.SuiteRunner.privateRun(SuiteRunner.java:312)
	at org.testng.SuiteRunner.run(SuiteRunner.java:261)
	at org.testng.SuiteRunnerWorker.runSuite(SuiteRunnerWorker.java:52)
	at org.testng.SuiteRunnerWorker.run(SuiteRunnerWorker.java:86)
	at org.testng.TestNG.runSuitesSequentially(TestNG.java:1215)
	at org.testng.TestNG.runSuitesLocally(TestNG.java:1140)
	at org.testng.TestNG.run(TestNG.java:1048)
	at org.testng.remote.AbstractRemoteTestNG.run(AbstractRemoteTestNG.java:115)
	at org.testng.remote.RemoteTestNG.initAndRun(RemoteTestNG.java:251)
	at org.testng.remote.RemoteTestNG.main(RemoteTestNG.java:77)
...
2020-07-24 14:50:53 INFO  - [class com.zelle.stepdefinition.UniversalSteps] : UniversalStep: User clicks on element btnVerify
2020-07-24 14:50:53 ERROR - [class com.zelle.stepdefinition.UniversalSteps] : UniversalStep:  btnVerify Failed , java.lang.ClassNotFoundException: com.epp.zelle.pages.SendMoneyWithZellePagePage
	at java.net.URLClassLoader.findClass(Unknown Source)
	at java.lang.ClassLoader.loadClass(Unknown Source)
	at sun.misc.Launcher$AppClassLoader.loadClass(Unknown Source)
	at java.lang.ClassLoader.loadClass(Unknown Source)
	at java.lang.Class.forName0(Native Method)
	at java.lang.Class.forName(Unknown Source)
	at com.zelle.stepdefinition.UniversalSteps.invokeMethod(UniversalSteps.java:99)
	at com.zelle.stepdefinition.UniversalSteps.validate_that_user_is_on_page(UniversalSteps.java:172)
	at sun.reflect.NativeMethodAccessorImpl.invoke0(Native Method)
	at sun.reflect.NativeMethodAccessorImpl.invoke(Unknown Source)
	at sun.reflect.DelegatingMethodAccessorImpl.invoke(Unknown Source)
	at java.lang.reflect.Method.invoke(Unknown Source)
	at cucumber.runtime.Utils$1.call(Utils.java:37)
	at cucumber.runtime.Timeout.timeout(Timeout.java:13)
	at cucumber.runtime.Utils.invoke(Utils.java:31)
	at cucumber.runtime.java.JavaStepDefinition.execute(JavaStepDefinition.java:41)
	at cucumber.runtime.StepDefinitionMatch.runStep(StepDefinitionMatch.java:37)
	at cucumber.runtime.Runtime.runStep(Runtime.java:314)
	at cucumber.runtime.model.StepContainer.runStep(StepContainer.java:44)
	at cucumber.runtime.model.StepContainer.runSteps(StepContainer.java:39)
	at cucumber.runtime.model.CucumberScenario.run(CucumberScenario.java:44)
	at cucumber.runtime.model.CucumberFeature.run(CucumberFeature.java:165)
	at cucumber.api.testng.TestNGCucumberRunner.runCucumber(TestNGCucumberRunner.java:63)
	at cucumber.api.testng.AbstractTestNGCucumberTests.feature(AbstractTestNGCucumberTests.java:21)
	at sun.reflect.NativeMethodAccessorImpl.invoke0(Native Method)
	at sun.reflect.NativeMethodAccessorImpl.invoke(Unknown Source)
	at sun.reflect.DelegatingMethodAccessorImpl.invoke(Unknown Source)
	at java.lang.reflect.Method.invoke(Unknown Source)
	at org.testng.internal.MethodInvocationHelper.invokeMethod(MethodInvocationHelper.java:85)
	at org.testng.internal.Invoker.invokeMethod(Invoker.java:639)
	at org.testng.internal.Invoker.invokeTestMethod(Invoker.java:816)
	at org.testng.internal.Invoker.invokeTestMethods(Invoker.java:1124)
	at org.testng.internal.TestMethodWorker.invokeTestMethods(TestMethodWorker.java:125)
	at org.testng.internal.TestMethodWorker.run(TestMethodWorker.java:108)
	at org.testng.TestRunner.privateRun(TestRunner.java:774)
	at org.testng.TestRunner.run(TestRunner.java:624)
	at org.testng.SuiteRunner.runTest(SuiteRunner.java:359)
	at org.testng.SuiteRunner.runSequentially(SuiteRunner.java:354)
	at org.testng.SuiteRunner.privateRun(SuiteRunner.java:312)
	at org.testng.SuiteRunner.run(SuiteRunner.java:261)
	at org.testng.SuiteRunnerWorker.runSuite(SuiteRunnerWorker.java:52)
	at org.testng.SuiteRunnerWorker.run(SuiteRunnerWorker.java:86)
	at org.testng.TestNG.runSuitesSequentially(TestNG.java:1215)
	at org.testng.TestNG.runSuitesLocally(TestNG.java:1140)
	at org.testng.TestNG.run(TestNG.java:1048)
	at org.testng.remote.AbstractRemoteTestNG.run(AbstractRemoteTestNG.java:115)
	at org.testng.remote.RemoteTestNG.initAndRun(RemoteTestNG.java:251)
	at org.testng.remote.RemoteTestNG.main(RemoteTestNG.java:77)
java.lang.NoSuchFieldException: btnContinue
	at java.lang.Class.getField(Unknown Source)
	at com.zelle.stepdefinition.UniversalSteps.invokeElementMethod(UniversalSteps.java:117)
	at com.zelle.stepdefinition.UniversalSteps.user_clicks_on_element(UniversalSteps.java:202)
	at sun.reflect.NativeMethodAccessorImpl.invoke0(Native Method)
	at sun.reflect.NativeMethodAccessorImpl.invoke(Unknown Source)
	at sun.reflect.DelegatingMethodAccessorImpl.invoke(Unknown Source)
	at java.lang.reflect.Method.invoke(Unknown Source)
	at cucumber.runtime.Utils$1.call(Utils.java:37)
	at cucumber.runtime.Timeout.timeout(Timeout.java:13)
	at cucumber.runtime.Utils.invoke(Utils.java:31)
	at cucumber.runtime.java.JavaStepDefinition.execute(JavaStepDefinition.java:41)
	at cucumber.runtime.StepDefinitionMatch.runStep(StepDefinitionMatch.java:37)
	at cucumber.runtime.Runtime.runStep(Runtime.java:314)
	at cucumber.runtime.model.StepContainer.runStep(StepContainer.java:44)
	at cucumber.runtime.model.StepContainer.runSteps(StepContainer.java:39)
	at cucumber.runtime.model.CucumberScenario.run(CucumberScenario.java:44)
	at cucumber.runtime.model.CucumberFeature.run(CucumberFeature.java:165)
	at cucumber.api.testng.TestNGCucumberRunner.runCucumber(TestNGCucumberRunner.java:63)
	at cucumber.api.testng.AbstractTestNGCucumberTests.feature(AbstractTestNGCucumberTests.java:21)
	at sun.reflect.NativeMethodAccessorImpl.invoke0(Native Method)
	at sun.reflect.NativeMethodAccessorImpl.invoke(Unknown Source)
	at sun.reflect.DelegatingMethodAccessorImpl.invoke(Unknown Source)
	at java.lang.reflect.Method.invoke(Unknown Source)
	at org.testng.internal.MethodInvocationHelper.invokeMethod(MethodInvocationHelper.java:85)
	at org.testng.internal.Invoker.invokeMethod(Invoker.java:639)
	at org.testng.internal.Invoker.invokeTestMethod(Invoker.java:816)
	at org.testng.internal.Invoker.invokeTestMethods(Invoker.java:1124)
	at org.testng.internal.TestMethodWorker.invokeTestMethods(TestMethodWorker.java:125)
	at org.testng.internal.TestMethodWorker.run(TestMethodWorker.java:108)
	at org.testng.TestRunner.privateRun(TestRunner.java:774)
	at org.testng.TestRunner.run(TestRunner.java:624)
	at org.testng.SuiteRunner.runTest(SuiteRunner.java:359)
	at org.testng.SuiteRunner.runSequentially(SuiteRunner.java:354)
	at org.testng.SuiteRunner.privateRun(SuiteRunner.java:312)
	at org.testng.SuiteRunner.run(SuiteRunner.java:261)
	at org.testng.SuiteRunnerWorker.runSuite(SuiteRunnerWorker.java:52)
	at org.testng.SuiteRunnerWorker.run(SuiteRunnerWorker.java:86)
	at org.testng.TestNG.runSuitesSequentially(TestNG.java:1215)
	at org.testng.TestNG.runSuitesLocally(TestNG.java:1140)
	at org.testng.TestNG.run(TestNG.java:1048)
	at org.testng.remote.AbstractRemoteTestNG.run(AbstractRemoteTestNG.java:115)
	at org.testng.remote.RemoteTestNG.initAndRun(RemoteTestNG.java:251)
	at org.testng.remote.RemoteTestNG.main(RemoteTestNG.java:77)
java.lang.NoSuchFieldException: edtVerificationCode
	at java.lang.Class.getField(Unknown Source)
	at com.zelle.stepdefinition.UniversalSteps.invokeElementMethod(UniversalSteps.java:117)
	at com.zelle.stepdefinition.UniversalSteps.user_types_in_textbox(UniversalSteps.java:225)
	at sun.reflect.NativeMethodAccessorImpl.invoke0(Native Method)
	at sun.reflect.NativeMethodAccessorImpl.invoke(Unknown Source)
	at sun.reflect.DelegatingMethodAccessorImpl.invoke(Unknown Source)
	at java.lang.reflect.Method.invoke(Unknown Source)
	at cucumber.runtime.Utils$1.call(Utils.java:37)
	at cucumber.runtime.Timeout.timeout(Timeout.java:13)
	at cucumber.runtime.Utils.invoke(Utils.java:31)
	at cucumber.runtime.java.JavaStepDefinition.execute(JavaStepDefinition.java:41)
	at cucumber.runtime.StepDefinitionMatch.runStep(StepDefinitionMatch.java:37)
	at cucumber.runtime.Runtime.runStep(Runtime.java:314)
	at cucumber.runtime.model.StepContainer.runStep(StepContainer.java:44)
	at cucumber.runtime.model.StepContainer.runSteps(StepContainer.java:39)
	at cucumber.runtime.model.CucumberScenario.run(CucumberScenario.java:44)
	at cucumber.runtime.model.CucumberFeature.run(CucumberFeature.java:165)
	at cucumber.api.testng.TestNGCucumberRunner.runCucumber(TestNGCucumberRunner.java:63)
	at cucumber.api.testng.AbstractTestNGCucumberTests.feature(AbstractTestNGCucumberTests.java:21)
	at sun.reflect.NativeMethodAccessorImpl.invoke0(Native Method)
	at sun.reflect.NativeMethodAccessorImpl.invoke(Unknown Source)
	at sun.reflect.DelegatingMethodAccessorImpl.invoke(Unknown Source)
	at java.lang.reflect.Method.invoke(Unknown Source)
	at org.testng.internal.MethodInvocationHelper.invokeMethod(MethodInvocationHelper.java:85)
	at org.testng.internal.Invoker.invokeMethod(Invoker.java:639)
	at org.testng.internal.Invoker.invokeTestMethod(Invoker.java:816)
	at org.testng.internal.Invoker.invokeTestMethods(Invoker.java:1124)
	at org.testng.internal.TestMethodWorker.invokeTestMethods(TestMethodWorker.java:125)
	at org.testng.internal.TestMethodWorker.run(TestMethodWorker.java:108)
	at org.testng.TestRunner.privateRun(TestRunner.java:774)
	at org.testng.TestRunner.run(TestRunner.java:624)
	at org.testng.SuiteRunner.runTest(SuiteRunner.java:359)
	at org.testng.SuiteRunner.runSequentially(SuiteRunner.java:354)
	at org.testng.SuiteRunner.privateRun(SuiteRunner.java:312)
	at org.testng.SuiteRunner.run(SuiteRunner.java:261)
	at org.testng.SuiteRunnerWorker.runSuite(SuiteRunnerWorker.java:52)
	at org.testng.SuiteRunnerWorker.run(SuiteRunnerWorker.java:86)
	at org.testng.TestNG.runSuitesSequentially(TestNG.java:1215)
	at org.testng.TestNG.runSuitesLocally(TestNG.java:1140)
	at org.testng.TestNG.run(TestNG.java:1048)
	at org.testng.remote.AbstractRemoteTestNG.run(AbstractRemoteTestNG.java:115)
	at org.testng.remote.RemoteTestNG.initAndRun(RemoteTestNG.java:251)
	at org.testng.remote.RemoteTestNG.main(RemoteTestNG.java:77)
java.lang.NoSuchFieldException: btnVerify
	at java.lang.Class.getField(Unknown Source)
	at com.zelle.stepdefinition.UniversalSteps.invokeElementMethod(UniversalSteps.java:117)
	at com.zelle.stepdefinition.UniversalSteps.user_clicks_on_element(UniversalSteps.java:202)
	at sun.reflect.NativeMethodAccessorImpl.invoke0(Native Method)
	at sun.reflect.NativeMethodAccessorImpl.invoke(Unknown Source)
	at sun.reflect.DelegatingMethodAccessorImpl.invoke(Unknown Source)
	at java.lang.reflect.Method.invoke(Unknown Source)
	at cucumber.runtime.Utils$1.call(Utils.java:37)
	at cucumber.runtime.Timeout.timeout(Timeout.java:13)
	at cucumber.runtime.Utils.invoke(Utils.java:31)
	at cucumber.runtime.java.JavaStepDefinition.execute(JavaStepDefinition.java:41)
	at cucumber.runtime.StepDefinitionMatch.runStep(StepDefinitionMatch.java:37)
	at cucumber.runtime.Runtime.runStep(Runtime.java:314)
	at cucumber.runtime.model.StepContainer.runStep(StepContainer.java:44)
	at cucumber.runtime.model.StepContainer.runSteps(StepContainer.java:39)
	at cucumber.runtime.model.CucumberScenario.run(CucumberScenario.java:44)
	at cucumber.runtime.model.CucumberFeature.run(CucumberFeature.java:165)
	at cucumber.api.testng.TestNGCucumberRunner.runCucumber(TestNGCucumberRunner.java:63)
	at cucumber.api.testng.AbstractTestNGCucumberTests.feature(AbstractTestNGCucumberTests.java:21)
	at sun.reflect.NativeMethodAccessorImpl.invoke0(Native Method)
	at sun.reflect.NativeMethodAccessorImpl.invoke(Unknown Source)
	at sun.reflect.DelegatingMethodAccessorImpl.invoke(Unknown Source)
	at java.lang.reflect.Method.invoke(Unknown Source)
	at org.testng.internal.MethodInvocationHelper.invokeMethod(MethodInvocationHelper.java:85)
	at org.testng.internal.Invoker.invokeMethod(Invoker.java:639)
	at org.testng.internal.Invoker.invokeTestMethod(Invoker.java:816)
	at org.testng.internal.Invoker.invokeTestMethods(Invoker.java:1124)
	at org.testng.internal.TestMethodWorker.invokeTestMethods(TestMethodWorker.java:125)
	at org.testng.internal.TestMethodWorker.run(TestMethodWorker.java:108)
	at org.testng.TestRunner.privateRun(TestRunner.java:774)
	at org.testng.TestRunner.run(TestRunner.java:624)
	at org.testng.SuiteRunner.runTest(SuiteRunner.java:359)
	at org.testng.SuiteRunner.runSequentially(SuiteRunner.java:354)
	at org.testng.SuiteRunner.privateRun(SuiteRunner.java:312)
	at org.testng.SuiteRunner.run(SuiteRunner.java:261)
	at org.testng.SuiteRunnerWorker.runSuite(SuiteRunnerWorker.java:52)
	at org.testng.SuiteRunnerWorker.run(SuiteRunnerWorker.java:86)
	at org.testng.TestNG.runSuitesSequentially(TestNG.java:1215)
	at org.testng.TestNG.runSuitesLocally(TestNG.java:1140)
	at org.testng.TestNG.run(TestNG.java:1048)
	at org.testng.remote.AbstractRemoteTestNG.run(AbstractRemoteTestNG.java:115)
	at org.testng.remote.RemoteTestNG.initAndRun(RemoteTestNG.java:251)
	at org.testng.remote.RemoteTestNG.main(RemoteTestNG.java:77)
...
2020-07-24 14:50:53 INFO  - [class com.zelle.stepdefinition.UniversalSteps] : UniversalStep: User clicks on element btnSendOrRequestMoney
2020-07-24 14:50:53 ERROR - [class com.zelle.stepdefinition.UniversalSteps] : UniversalStep:  btnSendOrRequestMoney Failed , java.lang.ClassNotFoundException: com.epp.zelle.pages.SendMoneyWithZellePagePage
	at java.net.URLClassLoader.findClass(Unknown Source)
	at java.lang.ClassLoader.loadClass(Unknown Source)
	at sun.misc.Launcher$AppClassLoader.loadClass(Unknown Source)
	at java.lang.ClassLoader.loadClass(Unknown Source)
	at java.lang.Class.forName0(Native Method)
	at java.lang.Class.forName(Unknown Source)
	at com.zelle.stepdefinition.UniversalSteps.invokeMethod(UniversalSteps.java:99)
	at com.zelle.stepdefinition.UniversalSteps.validate_that_user_is_on_page(UniversalSteps.java:172)
	at sun.reflect.NativeMethodAccessorImpl.invoke0(Native Method)
	at sun.reflect.NativeMethodAccessorImpl.invoke(Unknown Source)
	at sun.reflect.DelegatingMethodAccessorImpl.invoke(Unknown Source)
	at java.lang.reflect.Method.invoke(Unknown Source)
	at cucumber.runtime.Utils$1.call(Utils.java:37)
	at cucumber.runtime.Timeout.timeout(Timeout.java:13)
	at cucumber.runtime.Utils.invoke(Utils.java:31)
	at cucumber.runtime.java.JavaStepDefinition.execute(JavaStepDefinition.java:41)
	at cucumber.runtime.StepDefinitionMatch.runStep(StepDefinitionMatch.java:37)
	at cucumber.runtime.Runtime.runStep(Runtime.java:314)
	at cucumber.runtime.model.StepContainer.runStep(StepContainer.java:44)
	at cucumber.runtime.model.StepContainer.runSteps(StepContainer.java:39)
	at cucumber.runtime.model.CucumberScenario.run(CucumberScenario.java:44)
	at cucumber.runtime.model.CucumberFeature.run(CucumberFeature.java:165)
	at cucumber.api.testng.TestNGCucumberRunner.runCucumber(TestNGCucumberRunner.java:63)
	at cucumber.api.testng.AbstractTestNGCucumberTests.feature(AbstractTestNGCucumberTests.java:21)
	at sun.reflect.NativeMethodAccessorImpl.invoke0(Native Method)
	at sun.reflect.NativeMethodAccessorImpl.invoke(Unknown Source)
	at sun.reflect.DelegatingMethodAccessorImpl.invoke(Unknown Source)
	at java.lang.reflect.Method.invoke(Unknown Source)
	at org.testng.internal.MethodInvocationHelper.invokeMethod(MethodInvocationHelper.java:85)
	at org.testng.internal.Invoker.invokeMethod(Invoker.java:639)
	at org.testng.internal.Invoker.invokeTestMethod(Invoker.java:816)
	at org.testng.internal.Invoker.invokeTestMethods(Invoker.java:1124)
	at org.testng.internal.TestMethodWorker.invokeTestMethods(TestMethodWorker.java:125)
	at org.testng.internal.TestMethodWorker.run(TestMethodWorker.java:108)
	at org.testng.TestRunner.privateRun(TestRunner.java:774)
	at org.testng.TestRunner.run(TestRunner.java:624)
	at org.testng.SuiteRunner.runTest(SuiteRunner.java:359)
	at org.testng.SuiteRunner.runSequentially(SuiteRunner.java:354)
	at org.testng.SuiteRunner.privateRun(SuiteRunner.java:312)
	at org.testng.SuiteRunner.run(SuiteRunner.java:261)
	at org.testng.SuiteRunnerWorker.runSuite(SuiteRunnerWorker.java:52)
	at org.testng.SuiteRunnerWorker.run(SuiteRunnerWorker.java:86)
	at org.testng.TestNG.runSuitesSequentially(TestNG.java:1215)
	at org.testng.TestNG.runSuitesLocally(TestNG.java:1140)
	at org.testng.TestNG.run(TestNG.java:1048)
	at org.testng.remote.AbstractRemoteTestNG.run(AbstractRemoteTestNG.java:115)
	at org.testng.remote.RemoteTestNG.initAndRun(RemoteTestNG.java:251)
	at org.testng.remote.RemoteTestNG.main(RemoteTestNG.java:77)
java.lang.NoSuchFieldException: btnContinue
	at java.lang.Class.getField(Unknown Source)
	at com.zelle.stepdefinition.UniversalSteps.invokeElementMethod(UniversalSteps.java:117)
	at com.zelle.stepdefinition.UniversalSteps.user_clicks_on_element(UniversalSteps.java:202)
	at sun.reflect.NativeMethodAccessorImpl.invoke0(Native Method)
	at sun.reflect.NativeMethodAccessorImpl.invoke(Unknown Source)
	at sun.reflect.DelegatingMethodAccessorImpl.invoke(Unknown Source)
	at java.lang.reflect.Method.invoke(Unknown Source)
	at cucumber.runtime.Utils$1.call(Utils.java:37)
	at cucumber.runtime.Timeout.timeout(Timeout.java:13)
	at cucumber.runtime.Utils.invoke(Utils.java:31)
	at cucumber.runtime.java.JavaStepDefinition.execute(JavaStepDefinition.java:41)
	at cucumber.runtime.StepDefinitionMatch.runStep(StepDefinitionMatch.java:37)
	at cucumber.runtime.Runtime.runStep(Runtime.java:314)
	at cucumber.runtime.model.StepContainer.runStep(StepContainer.java:44)
	at cucumber.runtime.model.StepContainer.runSteps(StepContainer.java:39)
	at cucumber.runtime.model.CucumberScenario.run(CucumberScenario.java:44)
	at cucumber.runtime.model.CucumberFeature.run(CucumberFeature.java:165)
	at cucumber.api.testng.TestNGCucumberRunner.runCucumber(TestNGCucumberRunner.java:63)
	at cucumber.api.testng.AbstractTestNGCucumberTests.feature(AbstractTestNGCucumberTests.java:21)
	at sun.reflect.NativeMethodAccessorImpl.invoke0(Native Method)
	at sun.reflect.NativeMethodAccessorImpl.invoke(Unknown Source)
	at sun.reflect.DelegatingMethodAccessorImpl.invoke(Unknown Source)
	at java.lang.reflect.Method.invoke(Unknown Source)
	at org.testng.internal.MethodInvocationHelper.invokeMethod(MethodInvocationHelper.java:85)
	at org.testng.internal.Invoker.invokeMethod(Invoker.java:639)
	at org.testng.internal.Invoker.invokeTestMethod(Invoker.java:816)
	at org.testng.internal.Invoker.invokeTestMethods(Invoker.java:1124)
	at org.testng.internal.TestMethodWorker.invokeTestMethods(TestMethodWorker.java:125)
	at org.testng.internal.TestMethodWorker.run(TestMethodWorker.java:108)
	at org.testng.TestRunner.privateRun(TestRunner.java:774)
	at org.testng.TestRunner.run(TestRunner.java:624)
	at org.testng.SuiteRunner.runTest(SuiteRunner.java:359)
	at org.testng.SuiteRunner.runSequentially(SuiteRunner.java:354)
	at org.testng.SuiteRunner.privateRun(SuiteRunner.java:312)
	at org.testng.SuiteRunner.run(SuiteRunner.java:261)
	at org.testng.SuiteRunnerWorker.runSuite(SuiteRunnerWorker.java:52)
	at org.testng.SuiteRunnerWorker.run(SuiteRunnerWorker.java:86)
	at org.testng.TestNG.runSuitesSequentially(TestNG.java:1215)
	at org.testng.TestNG.runSuitesLocally(TestNG.java:1140)
	at org.testng.TestNG.run(TestNG.java:1048)
	at org.testng.remote.AbstractRemoteTestNG.run(AbstractRemoteTestNG.java:115)
	at org.testng.remote.RemoteTestNG.initAndRun(RemoteTestNG.java:251)
	at org.testng.remote.RemoteTestNG.main(RemoteTestNG.java:77)
java.lang.NoSuchFieldException: edtVerificationCode
	at java.lang.Class.getField(Unknown Source)
	at com.zelle.stepdefinition.UniversalSteps.invokeElementMethod(UniversalSteps.java:117)
	at com.zelle.stepdefinition.UniversalSteps.user_types_in_textbox(UniversalSteps.java:225)
	at sun.reflect.NativeMethodAccessorImpl.invoke0(Native Method)
	at sun.reflect.NativeMethodAccessorImpl.invoke(Unknown Source)
	at sun.reflect.DelegatingMethodAccessorImpl.invoke(Unknown Source)
	at java.lang.reflect.Method.invoke(Unknown Source)
	at cucumber.runtime.Utils$1.call(Utils.java:37)
	at cucumber.runtime.Timeout.timeout(Timeout.java:13)
	at cucumber.runtime.Utils.invoke(Utils.java:31)
	at cucumber.runtime.java.JavaStepDefinition.execute(JavaStepDefinition.java:41)
	at cucumber.runtime.StepDefinitionMatch.runStep(StepDefinitionMatch.java:37)
	at cucumber.runtime.Runtime.runStep(Runtime.java:314)
	at cucumber.runtime.model.StepContainer.runStep(StepContainer.java:44)
	at cucumber.runtime.model.StepContainer.runSteps(StepContainer.java:39)
	at cucumber.runtime.model.CucumberScenario.run(CucumberScenario.java:44)
	at cucumber.runtime.model.CucumberFeature.run(CucumberFeature.java:165)
	at cucumber.api.testng.TestNGCucumberRunner.runCucumber(TestNGCucumberRunner.java:63)
	at cucumber.api.testng.AbstractTestNGCucumberTests.feature(AbstractTestNGCucumberTests.java:21)
	at sun.reflect.NativeMethodAccessorImpl.invoke0(Native Method)
	at sun.reflect.NativeMethodAccessorImpl.invoke(Unknown Source)
	at sun.reflect.DelegatingMethodAccessorImpl.invoke(Unknown Source)
	at java.lang.reflect.Method.invoke(Unknown Source)
	at org.testng.internal.MethodInvocationHelper.invokeMethod(MethodInvocationHelper.java:85)
	at org.testng.internal.Invoker.invokeMethod(Invoker.java:639)
	at org.testng.internal.Invoker.invokeTestMethod(Invoker.java:816)
	at org.testng.internal.Invoker.invokeTestMethods(Invoker.java:1124)
	at org.testng.internal.TestMethodWorker.invokeTestMethods(TestMethodWorker.java:125)
	at org.testng.internal.TestMethodWorker.run(TestMethodWorker.java:108)
	at org.testng.TestRunner.privateRun(TestRunner.java:774)
	at org.testng.TestRunner.run(TestRunner.java:624)
	at org.testng.SuiteRunner.runTest(SuiteRunner.java:359)
	at org.testng.SuiteRunner.runSequentially(SuiteRunner.java:354)
	at org.testng.SuiteRunner.privateRun(SuiteRunner.java:312)
	at org.testng.SuiteRunner.run(SuiteRunner.java:261)
	at org.testng.SuiteRunnerWorker.runSuite(SuiteRunnerWorker.java:52)
	at org.testng.SuiteRunnerWorker.run(SuiteRunnerWorker.java:86)
	at org.testng.TestNG.runSuitesSequentially(TestNG.java:1215)
	at org.testng.TestNG.runSuitesLocally(TestNG.java:1140)
	at org.testng.TestNG.run(TestNG.java:1048)
	at org.testng.remote.AbstractRemoteTestNG.run(AbstractRemoteTestNG.java:115)
	at org.testng.remote.RemoteTestNG.initAndRun(RemoteTestNG.java:251)
	at org.testng.remote.RemoteTestNG.main(RemoteTestNG.java:77)
java.lang.NoSuchFieldException: btnVerify
	at java.lang.Class.getField(Unknown Source)
	at com.zelle.stepdefinition.UniversalSteps.invokeElementMethod(UniversalSteps.java:117)
	at com.zelle.stepdefinition.UniversalSteps.user_clicks_on_element(UniversalSteps.java:202)
	at sun.reflect.NativeMethodAccessorImpl.invoke0(Native Method)
	at sun.reflect.NativeMethodAccessorImpl.invoke(Unknown Source)
	at sun.reflect.DelegatingMethodAccessorImpl.invoke(Unknown Source)
	at java.lang.reflect.Method.invoke(Unknown Source)
	at cucumber.runtime.Utils$1.call(Utils.java:37)
	at cucumber.runtime.Timeout.timeout(Timeout.java:13)
	at cucumber.runtime.Utils.invoke(Utils.java:31)
	at cucumber.runtime.java.JavaStepDefinition.execute(JavaStepDefinition.java:41)
	at cucumber.runtime.StepDefinitionMatch.runStep(StepDefinitionMatch.java:37)
	at cucumber.runtime.Runtime.runStep(Runtime.java:314)
	at cucumber.runtime.model.StepContainer.runStep(StepContainer.java:44)
	at cucumber.runtime.model.StepContainer.runSteps(StepContainer.java:39)
	at cucumber.runtime.model.CucumberScenario.run(CucumberScenario.java:44)
	at cucumber.runtime.model.CucumberFeature.run(CucumberFeature.java:165)
	at cucumber.api.testng.TestNGCucumberRunner.runCucumber(TestNGCucumberRunner.java:63)
	at cucumber.api.testng.AbstractTestNGCucumberTests.feature(AbstractTestNGCucumberTests.java:21)
	at sun.reflect.NativeMethodAccessorImpl.invoke0(Native Method)
	at sun.reflect.NativeMethodAccessorImpl.invoke(Unknown Source)
	at sun.reflect.DelegatingMethodAccessorImpl.invoke(Unknown Source)
	at java.lang.reflect.Method.invoke(Unknown Source)
	at org.testng.internal.MethodInvocationHelper.invokeMethod(MethodInvocationHelper.java:85)
	at org.testng.internal.Invoker.invokeMethod(Invoker.java:639)
	at org.testng.internal.Invoker.invokeTestMethod(Invoker.java:816)
	at org.testng.internal.Invoker.invokeTestMethods(Invoker.java:1124)
	at org.testng.internal.TestMethodWorker.invokeTestMethods(TestMethodWorker.java:125)
	at org.testng.internal.TestMethodWorker.run(TestMethodWorker.java:108)
	at org.testng.TestRunner.privateRun(TestRunner.java:774)
	at org.testng.TestRunner.run(TestRunner.java:624)
	at org.testng.SuiteRunner.runTest(SuiteRunner.java:359)
	at org.testng.SuiteRunner.runSequentially(SuiteRunner.java:354)
	at org.testng.SuiteRunner.privateRun(SuiteRunner.java:312)
	at org.testng.SuiteRunner.run(SuiteRunner.java:261)
	at org.testng.SuiteRunnerWorker.runSuite(SuiteRunnerWorker.java:52)
	at org.testng.SuiteRunnerWorker.run(SuiteRunnerWorker.java:86)
	at org.testng.TestNG.runSuitesSequentially(TestNG.java:1215)
	at org.testng.TestNG.runSuitesLocally(TestNG.java:1140)
	at org.testng.TestNG.run(TestNG.java:1048)
	at org.testng.remote.AbstractRemoteTestNG.run(AbstractRemoteTestNG.java:115)
	at org.testng.remote.RemoteTestNG.initAndRun(RemoteTestNG.java:251)
	at org.testng.remote.RemoteTestNG.main(RemoteTestNG.java:77)
java.lang.NoSuchFieldException: btnSendOrRequestMoney
	at java.lang.Class.getField(Unknown Source)
	at com.zelle.stepdefinition.UniversalSteps.invokeElementMethod(UniversalSteps.java:117)
	at com.zelle.stepdefinition.UniversalSteps.user_clicks_on_element(UniversalSteps.java:202)
	at sun.reflect.NativeMethodAccessorImpl.invoke0(Native Method)
	at sun.reflect.NativeMethodAccessorImpl.invoke(Unknown Source)
	at sun.reflect.DelegatingMethodAccessorImpl.invoke(Unknown Source)
	at java.lang.reflect.Method.invoke(Unknown Source)
	at cucumber.runtime.Utils$1.call(Utils.java:37)
	at cucumber.runtime.Timeout.timeout(Timeout.java:13)
	at cucumber.runtime.Utils.invoke(Utils.java:31)
	at cucumber.runtime.java.JavaStepDefinition.execute(JavaStepDefinition.java:41)
	at cucumber.runtime.StepDefinitionMatch.runStep(StepDefinitionMatch.java:37)
	at cucumber.runtime.Runtime.runStep(Runtime.java:314)
	at cucumber.runtime.model.StepContainer.runStep(StepContainer.java:44)
	at cucumber.runtime.model.StepContainer.runSteps(StepContainer.java:39)
	at cucumber.runtime.model.CucumberScenario.run(CucumberScenario.java:44)
	at cucumber.runtime.model.CucumberFeature.run(CucumberFeature.java:165)
	at cucumber.api.testng.TestNGCucumberRunner.runCucumber(TestNGCucumberRunner.java:63)
	at cucumber.api.testng.AbstractTestNGCucumberTests.feature(AbstractTestNGCucumberTests.java:21)
	at sun.reflect.NativeMethodAccessorImpl.invoke0(Native Method)
	at sun.reflect.NativeMethodAccessorImpl.invoke(Unknown Source)
	at sun.reflect.DelegatingMethodAccessorImpl.invoke(Unknown Source)
	at java.lang.reflect.Method.invoke(Unknown Source)
	at org.testng.internal.MethodInvocationHelper.invokeMethod(MethodInvocationHelper.java:85)
	at org.testng.internal.Invoker.invokeMethod(Invoker.java:639)
	at org.testng.internal.Invoker.invokeTestMethod(Invoker.java:816)
	at org.testng.internal.Invoker.invokeTestMethods(Invoker.java:1124)
	at org.testng.internal.TestMethodWorker.invokeTestMethods(TestMethodWorker.java:125)
	at org.testng.internal.TestMethodWorker.run(TestMethodWorker.java:108)
	at org.testng.TestRunner.privateRun(TestRunner.java:774)
	at org.testng.TestRunner.run(TestRunner.java:624)
	at org.testng.SuiteRunner.runTest(SuiteRunner.java:359)
	at org.testng.SuiteRunner.runSequentially(SuiteRunner.java:354)
	at org.testng.SuiteRunner.privateRun(SuiteRunner.java:312)
	at org.testng.SuiteRunner.run(SuiteRunner.java:261)
	at org.testng.SuiteRunnerWorker.runSuite(SuiteRunnerWorker.java:52)
	at org.testng.SuiteRunnerWorker.run(SuiteRunnerWorker.java:86)
	at org.testng.TestNG.runSuitesSequentially(TestNG.java:1215)
	at org.testng.TestNG.runSuitesLocally(TestNG.java:1140)
	at org.testng.TestNG.run(TestNG.java:1048)
	at org.testng.remote.AbstractRemoteTestNG.run(AbstractRemoteTestNG.java:115)
	at org.testng.remote.RemoteTestNG.initAndRun(RemoteTestNG.java:251)
	at org.testng.remote.RemoteTestNG.main(RemoteTestNG.java:77)
...
2020-07-24 14:50:53 INFO  - [class com.zelle.stepdefinition.UniversalSteps] : UniversalStep: User is on page CommonPage
2020-07-24 14:50:53 INFO  - [class com.zelle.stepdefinition.UniversalSteps] : UniversalStep: User clicks on element lnkRequest
2020-07-24 14:50:54 INFO  - [class com.epp.webelement.Label] : Label: Clicked label with xpath --- //a[@id='RequestMoneyButtonLink']
2020-07-24 14:50:54 INFO  - [class com.zelle.stepdefinition.UniversalSteps] : UniversalStep: Validate that user is on page SelectRecipientPage
2020-07-24 14:50:55 INFO  - [class com.zelle.stepdefinition.UniversalSteps] : UniversalStep: Validate that user is on page SelectRecipientPage
2020-07-24 14:50:55 INFO  - [class com.zelle.stepdefinition.UniversalSteps] : UniversalStep: Changed the current page to SelectRecipientPage
2020-07-24 14:50:55 INFO  - [class com.zelle.stepdefinition.UniversalSteps] : UniversalStep: User types RandomEmailID@gd.com in textbox edtSearchfield.
2020-07-24 14:50:56 INFO  - [class com.epp.webelement.TextBox] : TextBox: Typed RandomEmailID@gd.com on element with id --- autocomplete-input
2020-07-24 14:50:56 INFO  - [class com.zelle.stepdefinition.UniversalSteps] : UniversalStep: User clicks on element btnContinue
2020-07-24 14:50:57 ERROR - [class com.zelle.stepdefinition.UniversalSteps] : UniversalStep:  btnContinue Failed , java.lang.ClassNotFoundException: com.epp.zelle.pages.SendMoneyWithZellePagePage
	at java.net.URLClassLoader.findClass(Unknown Source)
	at java.lang.ClassLoader.loadClass(Unknown Source)
	at sun.misc.Launcher$AppClassLoader.loadClass(Unknown Source)
	at java.lang.ClassLoader.loadClass(Unknown Source)
	at java.lang.Class.forName0(Native Method)
	at java.lang.Class.forName(Unknown Source)
	at com.zelle.stepdefinition.UniversalSteps.invokeMethod(UniversalSteps.java:99)
	at com.zelle.stepdefinition.UniversalSteps.validate_that_user_is_on_page(UniversalSteps.java:172)
	at sun.reflect.NativeMethodAccessorImpl.invoke0(Native Method)
	at sun.reflect.NativeMethodAccessorImpl.invoke(Unknown Source)
	at sun.reflect.DelegatingMethodAccessorImpl.invoke(Unknown Source)
	at java.lang.reflect.Method.invoke(Unknown Source)
	at cucumber.runtime.Utils$1.call(Utils.java:37)
	at cucumber.runtime.Timeout.timeout(Timeout.java:13)
	at cucumber.runtime.Utils.invoke(Utils.java:31)
	at cucumber.runtime.java.JavaStepDefinition.execute(JavaStepDefinition.java:41)
	at cucumber.runtime.StepDefinitionMatch.runStep(StepDefinitionMatch.java:37)
	at cucumber.runtime.Runtime.runStep(Runtime.java:314)
	at cucumber.runtime.model.StepContainer.runStep(StepContainer.java:44)
	at cucumber.runtime.model.StepContainer.runSteps(StepContainer.java:39)
	at cucumber.runtime.model.CucumberScenario.run(CucumberScenario.java:44)
	at cucumber.runtime.model.CucumberFeature.run(CucumberFeature.java:165)
	at cucumber.api.testng.TestNGCucumberRunner.runCucumber(TestNGCucumberRunner.java:63)
	at cucumber.api.testng.AbstractTestNGCucumberTests.feature(AbstractTestNGCucumberTests.java:21)
	at sun.reflect.NativeMethodAccessorImpl.invoke0(Native Method)
	at sun.reflect.NativeMethodAccessorImpl.invoke(Unknown Source)
	at sun.reflect.DelegatingMethodAccessorImpl.invoke(Unknown Source)
	at java.lang.reflect.Method.invoke(Unknown Source)
	at org.testng.internal.MethodInvocationHelper.invokeMethod(MethodInvocationHelper.java:85)
	at org.testng.internal.Invoker.invokeMethod(Invoker.java:639)
	at org.testng.internal.Invoker.invokeTestMethod(Invoker.java:816)
	at org.testng.internal.Invoker.invokeTestMethods(Invoker.java:1124)
	at org.testng.internal.TestMethodWorker.invokeTestMethods(TestMethodWorker.java:125)
	at org.testng.internal.TestMethodWorker.run(TestMethodWorker.java:108)
	at org.testng.TestRunner.privateRun(TestRunner.java:774)
	at org.testng.TestRunner.run(TestRunner.java:624)
	at org.testng.SuiteRunner.runTest(SuiteRunner.java:359)
	at org.testng.SuiteRunner.runSequentially(SuiteRunner.java:354)
	at org.testng.SuiteRunner.privateRun(SuiteRunner.java:312)
	at org.testng.SuiteRunner.run(SuiteRunner.java:261)
	at org.testng.SuiteRunnerWorker.runSuite(SuiteRunnerWorker.java:52)
	at org.testng.SuiteRunnerWorker.run(SuiteRunnerWorker.java:86)
	at org.testng.TestNG.runSuitesSequentially(TestNG.java:1215)
	at org.testng.TestNG.runSuitesLocally(TestNG.java:1140)
	at org.testng.TestNG.run(TestNG.java:1048)
	at org.testng.remote.AbstractRemoteTestNG.run(AbstractRemoteTestNG.java:115)
	at org.testng.remote.RemoteTestNG.initAndRun(RemoteTestNG.java:251)
	at org.testng.remote.RemoteTestNG.main(RemoteTestNG.java:77)
java.lang.NoSuchFieldException: btnContinue
	at java.lang.Class.getField(Unknown Source)
	at com.zelle.stepdefinition.UniversalSteps.invokeElementMethod(UniversalSteps.java:117)
	at com.zelle.stepdefinition.UniversalSteps.user_clicks_on_element(UniversalSteps.java:202)
	at sun.reflect.NativeMethodAccessorImpl.invoke0(Native Method)
	at sun.reflect.NativeMethodAccessorImpl.invoke(Unknown Source)
	at sun.reflect.DelegatingMethodAccessorImpl.invoke(Unknown Source)
	at java.lang.reflect.Method.invoke(Unknown Source)
	at cucumber.runtime.Utils$1.call(Utils.java:37)
	at cucumber.runtime.Timeout.timeout(Timeout.java:13)
	at cucumber.runtime.Utils.invoke(Utils.java:31)
	at cucumber.runtime.java.JavaStepDefinition.execute(JavaStepDefinition.java:41)
	at cucumber.runtime.StepDefinitionMatch.runStep(StepDefinitionMatch.java:37)
	at cucumber.runtime.Runtime.runStep(Runtime.java:314)
	at cucumber.runtime.model.StepContainer.runStep(StepContainer.java:44)
	at cucumber.runtime.model.StepContainer.runSteps(StepContainer.java:39)
	at cucumber.runtime.model.CucumberScenario.run(CucumberScenario.java:44)
	at cucumber.runtime.model.CucumberFeature.run(CucumberFeature.java:165)
	at cucumber.api.testng.TestNGCucumberRunner.runCucumber(TestNGCucumberRunner.java:63)
	at cucumber.api.testng.AbstractTestNGCucumberTests.feature(AbstractTestNGCucumberTests.java:21)
	at sun.reflect.NativeMethodAccessorImpl.invoke0(Native Method)
	at sun.reflect.NativeMethodAccessorImpl.invoke(Unknown Source)
	at sun.reflect.DelegatingMethodAccessorImpl.invoke(Unknown Source)
	at java.lang.reflect.Method.invoke(Unknown Source)
	at org.testng.internal.MethodInvocationHelper.invokeMethod(MethodInvocationHelper.java:85)
	at org.testng.internal.Invoker.invokeMethod(Invoker.java:639)
	at org.testng.internal.Invoker.invokeTestMethod(Invoker.java:816)
	at org.testng.internal.Invoker.invokeTestMethods(Invoker.java:1124)
	at org.testng.internal.TestMethodWorker.invokeTestMethods(TestMethodWorker.java:125)
	at org.testng.internal.TestMethodWorker.run(TestMethodWorker.java:108)
	at org.testng.TestRunner.privateRun(TestRunner.java:774)
	at org.testng.TestRunner.run(TestRunner.java:624)
	at org.testng.SuiteRunner.runTest(SuiteRunner.java:359)
	at org.testng.SuiteRunner.runSequentially(SuiteRunner.java:354)
	at org.testng.SuiteRunner.privateRun(SuiteRunner.java:312)
	at org.testng.SuiteRunner.run(SuiteRunner.java:261)
	at org.testng.SuiteRunnerWorker.runSuite(SuiteRunnerWorker.java:52)
	at org.testng.SuiteRunnerWorker.run(SuiteRunnerWorker.java:86)
	at org.testng.TestNG.runSuitesSequentially(TestNG.java:1215)
	at org.testng.TestNG.runSuitesLocally(TestNG.java:1140)
	at org.testng.TestNG.run(TestNG.java:1048)
	at org.testng.remote.AbstractRemoteTestNG.run(AbstractRemoteTestNG.java:115)
	at org.testng.remote.RemoteTestNG.initAndRun(RemoteTestNG.java:251)
	at org.testng.remote.RemoteTestNG.main(RemoteTestNG.java:77)
java.lang.NoSuchFieldException: edtVerificationCode
	at java.lang.Class.getField(Unknown Source)
	at com.zelle.stepdefinition.UniversalSteps.invokeElementMethod(UniversalSteps.java:117)
	at com.zelle.stepdefinition.UniversalSteps.user_types_in_textbox(UniversalSteps.java:225)
	at sun.reflect.NativeMethodAccessorImpl.invoke0(Native Method)
	at sun.reflect.NativeMethodAccessorImpl.invoke(Unknown Source)
	at sun.reflect.DelegatingMethodAccessorImpl.invoke(Unknown Source)
	at java.lang.reflect.Method.invoke(Unknown Source)
	at cucumber.runtime.Utils$1.call(Utils.java:37)
	at cucumber.runtime.Timeout.timeout(Timeout.java:13)
	at cucumber.runtime.Utils.invoke(Utils.java:31)
	at cucumber.runtime.java.JavaStepDefinition.execute(JavaStepDefinition.java:41)
	at cucumber.runtime.StepDefinitionMatch.runStep(StepDefinitionMatch.java:37)
	at cucumber.runtime.Runtime.runStep(Runtime.java:314)
	at cucumber.runtime.model.StepContainer.runStep(StepContainer.java:44)
	at cucumber.runtime.model.StepContainer.runSteps(StepContainer.java:39)
	at cucumber.runtime.model.CucumberScenario.run(CucumberScenario.java:44)
	at cucumber.runtime.model.CucumberFeature.run(CucumberFeature.java:165)
	at cucumber.api.testng.TestNGCucumberRunner.runCucumber(TestNGCucumberRunner.java:63)
	at cucumber.api.testng.AbstractTestNGCucumberTests.feature(AbstractTestNGCucumberTests.java:21)
	at sun.reflect.NativeMethodAccessorImpl.invoke0(Native Method)
	at sun.reflect.NativeMethodAccessorImpl.invoke(Unknown Source)
	at sun.reflect.DelegatingMethodAccessorImpl.invoke(Unknown Source)
	at java.lang.reflect.Method.invoke(Unknown Source)
	at org.testng.internal.MethodInvocationHelper.invokeMethod(MethodInvocationHelper.java:85)
	at org.testng.internal.Invoker.invokeMethod(Invoker.java:639)
	at org.testng.internal.Invoker.invokeTestMethod(Invoker.java:816)
	at org.testng.internal.Invoker.invokeTestMethods(Invoker.java:1124)
	at org.testng.internal.TestMethodWorker.invokeTestMethods(TestMethodWorker.java:125)
	at org.testng.internal.TestMethodWorker.run(TestMethodWorker.java:108)
	at org.testng.TestRunner.privateRun(TestRunner.java:774)
	at org.testng.TestRunner.run(TestRunner.java:624)
	at org.testng.SuiteRunner.runTest(SuiteRunner.java:359)
	at org.testng.SuiteRunner.runSequentially(SuiteRunner.java:354)
	at org.testng.SuiteRunner.privateRun(SuiteRunner.java:312)
	at org.testng.SuiteRunner.run(SuiteRunner.java:261)
	at org.testng.SuiteRunnerWorker.runSuite(SuiteRunnerWorker.java:52)
	at org.testng.SuiteRunnerWorker.run(SuiteRunnerWorker.java:86)
	at org.testng.TestNG.runSuitesSequentially(TestNG.java:1215)
	at org.testng.TestNG.runSuitesLocally(TestNG.java:1140)
	at org.testng.TestNG.run(TestNG.java:1048)
	at org.testng.remote.AbstractRemoteTestNG.run(AbstractRemoteTestNG.java:115)
	at org.testng.remote.RemoteTestNG.initAndRun(RemoteTestNG.java:251)
	at org.testng.remote.RemoteTestNG.main(RemoteTestNG.java:77)
java.lang.NoSuchFieldException: btnVerify
	at java.lang.Class.getField(Unknown Source)
	at com.zelle.stepdefinition.UniversalSteps.invokeElementMethod(UniversalSteps.java:117)
	at com.zelle.stepdefinition.UniversalSteps.user_clicks_on_element(UniversalSteps.java:202)
	at sun.reflect.NativeMethodAccessorImpl.invoke0(Native Method)
	at sun.reflect.NativeMethodAccessorImpl.invoke(Unknown Source)
	at sun.reflect.DelegatingMethodAccessorImpl.invoke(Unknown Source)
	at java.lang.reflect.Method.invoke(Unknown Source)
	at cucumber.runtime.Utils$1.call(Utils.java:37)
	at cucumber.runtime.Timeout.timeout(Timeout.java:13)
	at cucumber.runtime.Utils.invoke(Utils.java:31)
	at cucumber.runtime.java.JavaStepDefinition.execute(JavaStepDefinition.java:41)
	at cucumber.runtime.StepDefinitionMatch.runStep(StepDefinitionMatch.java:37)
	at cucumber.runtime.Runtime.runStep(Runtime.java:314)
	at cucumber.runtime.model.StepContainer.runStep(StepContainer.java:44)
	at cucumber.runtime.model.StepContainer.runSteps(StepContainer.java:39)
	at cucumber.runtime.model.CucumberScenario.run(CucumberScenario.java:44)
	at cucumber.runtime.model.CucumberFeature.run(CucumberFeature.java:165)
	at cucumber.api.testng.TestNGCucumberRunner.runCucumber(TestNGCucumberRunner.java:63)
	at cucumber.api.testng.AbstractTestNGCucumberTests.feature(AbstractTestNGCucumberTests.java:21)
	at sun.reflect.NativeMethodAccessorImpl.invoke0(Native Method)
	at sun.reflect.NativeMethodAccessorImpl.invoke(Unknown Source)
	at sun.reflect.DelegatingMethodAccessorImpl.invoke(Unknown Source)
	at java.lang.reflect.Method.invoke(Unknown Source)
	at org.testng.internal.MethodInvocationHelper.invokeMethod(MethodInvocationHelper.java:85)
	at org.testng.internal.Invoker.invokeMethod(Invoker.java:639)
	at org.testng.internal.Invoker.invokeTestMethod(Invoker.java:816)
	at org.testng.internal.Invoker.invokeTestMethods(Invoker.java:1124)
	at org.testng.internal.TestMethodWorker.invokeTestMethods(TestMethodWorker.java:125)
	at org.testng.internal.TestMethodWorker.run(TestMethodWorker.java:108)
	at org.testng.TestRunner.privateRun(TestRunner.java:774)
	at org.testng.TestRunner.run(TestRunner.java:624)
	at org.testng.SuiteRunner.runTest(SuiteRunner.java:359)
	at org.testng.SuiteRunner.runSequentially(SuiteRunner.java:354)
	at org.testng.SuiteRunner.privateRun(SuiteRunner.java:312)
	at org.testng.SuiteRunner.run(SuiteRunner.java:261)
	at org.testng.SuiteRunnerWorker.runSuite(SuiteRunnerWorker.java:52)
	at org.testng.SuiteRunnerWorker.run(SuiteRunnerWorker.java:86)
	at org.testng.TestNG.runSuitesSequentially(TestNG.java:1215)
	at org.testng.TestNG.runSuitesLocally(TestNG.java:1140)
	at org.testng.TestNG.run(TestNG.java:1048)
	at org.testng.remote.AbstractRemoteTestNG.run(AbstractRemoteTestNG.java:115)
	at org.testng.remote.RemoteTestNG.initAndRun(RemoteTestNG.java:251)
	at org.testng.remote.RemoteTestNG.main(RemoteTestNG.java:77)
java.lang.NoSuchFieldException: btnSendOrRequestMoney
	at java.lang.Class.getField(Unknown Source)
	at com.zelle.stepdefinition.UniversalSteps.invokeElementMethod(UniversalSteps.java:117)
	at com.zelle.stepdefinition.UniversalSteps.user_clicks_on_element(UniversalSteps.java:202)
	at sun.reflect.NativeMethodAccessorImpl.invoke0(Native Method)
	at sun.reflect.NativeMethodAccessorImpl.invoke(Unknown Source)
	at sun.reflect.DelegatingMethodAccessorImpl.invoke(Unknown Source)
	at java.lang.reflect.Method.invoke(Unknown Source)
	at cucumber.runtime.Utils$1.call(Utils.java:37)
	at cucumber.runtime.Timeout.timeout(Timeout.java:13)
	at cucumber.runtime.Utils.invoke(Utils.java:31)
	at cucumber.runtime.java.JavaStepDefinition.execute(JavaStepDefinition.java:41)
	at cucumber.runtime.StepDefinitionMatch.runStep(StepDefinitionMatch.java:37)
	at cucumber.runtime.Runtime.runStep(Runtime.java:314)
	at cucumber.runtime.model.StepContainer.runStep(StepContainer.java:44)
	at cucumber.runtime.model.StepContainer.runSteps(StepContainer.java:39)
	at cucumber.runtime.model.CucumberScenario.run(CucumberScenario.java:44)
	at cucumber.runtime.model.CucumberFeature.run(CucumberFeature.java:165)
	at cucumber.api.testng.TestNGCucumberRunner.runCucumber(TestNGCucumberRunner.java:63)
	at cucumber.api.testng.AbstractTestNGCucumberTests.feature(AbstractTestNGCucumberTests.java:21)
	at sun.reflect.NativeMethodAccessorImpl.invoke0(Native Method)
	at sun.reflect.NativeMethodAccessorImpl.invoke(Unknown Source)
	at sun.reflect.DelegatingMethodAccessorImpl.invoke(Unknown Source)
	at java.lang.reflect.Method.invoke(Unknown Source)
	at org.testng.internal.MethodInvocationHelper.invokeMethod(MethodInvocationHelper.java:85)
	at org.testng.internal.Invoker.invokeMethod(Invoker.java:639)
	at org.testng.internal.Invoker.invokeTestMethod(Invoker.java:816)
	at org.testng.internal.Invoker.invokeTestMethods(Invoker.java:1124)
	at org.testng.internal.TestMethodWorker.invokeTestMethods(TestMethodWorker.java:125)
	at org.testng.internal.TestMethodWorker.run(TestMethodWorker.java:108)
	at org.testng.TestRunner.privateRun(TestRunner.java:774)
	at org.testng.TestRunner.run(TestRunner.java:624)
	at org.testng.SuiteRunner.runTest(SuiteRunner.java:359)
	at org.testng.SuiteRunner.runSequentially(SuiteRunner.java:354)
	at org.testng.SuiteRunner.privateRun(SuiteRunner.java:312)
	at org.testng.SuiteRunner.run(SuiteRunner.java:261)
	at org.testng.SuiteRunnerWorker.runSuite(SuiteRunnerWorker.java:52)
	at org.testng.SuiteRunnerWorker.run(SuiteRunnerWorker.java:86)
	at org.testng.TestNG.runSuitesSequentially(TestNG.java:1215)
	at org.testng.TestNG.runSuitesLocally(TestNG.java:1140)
	at org.testng.TestNG.run(TestNG.java:1048)
	at org.testng.remote.AbstractRemoteTestNG.run(AbstractRemoteTestNG.java:115)
	at org.testng.remote.RemoteTestNG.initAndRun(RemoteTestNG.java:251)
	at org.testng.remote.RemoteTestNG.main(RemoteTestNG.java:77)
java.lang.reflect.InvocationTargetException
	at sun.reflect.NativeMethodAccessorImpl.invoke0(Native Method)
	at sun.reflect.NativeMethodAccessorImpl.invoke(Unknown Source)
	at sun.reflect.DelegatingMethodAccessorImpl.invoke(Unknown Source)
	at java.lang.reflect.Method.invoke(Unknown Source)
	at com.zelle.stepdefinition.UniversalSteps.invokeElementMethod(UniversalSteps.java:119)
	at com.zelle.stepdefinition.UniversalSteps.user_clicks_on_element(UniversalSteps.java:202)
	at sun.reflect.NativeMethodAccessorImpl.invoke0(Native Method)
	at sun.reflect.NativeMethodAccessorImpl.invoke(Unknown Source)
	at sun.reflect.DelegatingMethodAccessorImpl.invoke(Unknown Source)
	at java.lang.reflect.Method.invoke(Unknown Source)
	at cucumber.runtime.Utils$1.call(Utils.java:37)
	at cucumber.runtime.Timeout.timeout(Timeout.java:13)
	at cucumber.runtime.Utils.invoke(Utils.java:31)
	at cucumber.runtime.java.JavaStepDefinition.execute(JavaStepDefinition.java:41)
	at cucumber.runtime.StepDefinitionMatch.runStep(StepDefinitionMatch.java:37)
	at cucumber.runtime.Runtime.runStep(Runtime.java:314)
	at cucumber.runtime.model.StepContainer.runStep(StepContainer.java:44)
	at cucumber.runtime.model.StepContainer.runSteps(StepContainer.java:39)
	at cucumber.runtime.model.CucumberScenario.run(CucumberScenario.java:44)
	at cucumber.runtime.model.CucumberFeature.run(CucumberFeature.java:165)
	at cucumber.api.testng.TestNGCucumberRunner.runCucumber(TestNGCucumberRunner.java:63)
	at cucumber.api.testng.AbstractTestNGCucumberTests.feature(AbstractTestNGCucumberTests.java:21)
	at sun.reflect.NativeMethodAccessorImpl.invoke0(Native Method)
	at sun.reflect.NativeMethodAccessorImpl.invoke(Unknown Source)
	at sun.reflect.DelegatingMethodAccessorImpl.invoke(Unknown Source)
	at java.lang.reflect.Method.invoke(Unknown Source)
	at org.testng.internal.MethodInvocationHelper.invokeMethod(MethodInvocationHelper.java:85)
	at org.testng.internal.Invoker.invokeMethod(Invoker.java:639)
	at org.testng.internal.Invoker.invokeTestMethod(Invoker.java:816)
	at org.testng.internal.Invoker.invokeTestMethods(Invoker.java:1124)
	at org.testng.internal.TestMethodWorker.invokeTestMethods(TestMethodWorker.java:125)
	at org.testng.internal.TestMethodWorker.run(TestMethodWorker.java:108)
	at org.testng.TestRunner.privateRun(TestRunner.java:774)
	at org.testng.TestRunner.run(TestRunner.java:624)
	at org.testng.SuiteRunner.runTest(SuiteRunner.java:359)
	at org.testng.SuiteRunner.runSequentially(SuiteRunner.java:354)
	at org.testng.SuiteRunner.privateRun(SuiteRunner.java:312)
	at org.testng.SuiteRunner.run(SuiteRunner.java:261)
	at org.testng.SuiteRunnerWorker.runSuite(SuiteRunnerWorker.java:52)
	at org.testng.SuiteRunnerWorker.run(SuiteRunnerWorker.java:86)
	at org.testng.TestNG.runSuitesSequentially(TestNG.java:1215)
	at org.testng.TestNG.runSuitesLocally(TestNG.java:1140)
	at org.testng.TestNG.run(TestNG.java:1048)
	at org.testng.remote.AbstractRemoteTestNG.run(AbstractRemoteTestNG.java:115)
	at org.testng.remote.RemoteTestNG.initAndRun(RemoteTestNG.java:251)
	at org.testng.remote.RemoteTestNG.main(RemoteTestNG.java:77)
Caused by: org.openqa.selenium.ElementClickInterceptedException: element click intercepted: Element <button class="button primary buttonA ui-btn ui-shadow ui-corner-all" type="submit" id="addNewContact">...</button> is not clickable at point (517, 531). Other element would receive the click: <button class="enrollTokenButton ui-btn ui-shadow ui-corner-all" tabindex="0" id="enrollTokenButton">...</button>
  (Session info: chrome=84.0.4147.89)
Build info: version: '3.141.5', revision: 'd54ebd709a', time: '2018-11-06T11:42:16'
System info: host: 'IXC1-LT3WBDWT2', ip: '100.77.5.242', os.name: 'Windows 10', os.arch: 'amd64', os.version: '10.0', java.version: '1.8.0_162'
Driver info: org.openqa.selenium.chrome.ChromeDriver
Capabilities {acceptInsecureCerts: false, browserName: chrome, browserVersion: 84.0.4147.89, chrome: {chromedriverVersion: 83.0.4103.39 (ccbf011cb2d2b..., userDataDir: C:\Users\e3019085\AppData\L...}, goog:chromeOptions: {debuggerAddress: localhost:59053}, javascriptEnabled: true, networkConnectionEnabled: false, pageLoadStrategy: normal, platform: WINDOWS, platformName: WINDOWS, proxy: Proxy(), setWindowRect: true, strictFileInteractability: false, timeouts: {implicit: 0, pageLoad: 300000, script: 30000}, unhandledPromptBehavior: dismiss and notify, webauthn:virtualAuthenticators: true}
Session ID: 79bd32abda68ad8b30e9e83c8c1fd586
	at sun.reflect.NativeConstructorAccessorImpl.newInstance0(Native Method)
	at sun.reflect.NativeConstructorAccessorImpl.newInstance(Unknown Source)
	at sun.reflect.DelegatingConstructorAccessorImpl.newInstance(Unknown Source)
	at java.lang.reflect.Constructor.newInstance(Unknown Source)
	at org.openqa.selenium.remote.http.W3CHttpResponseCodec.createException(W3CHttpResponseCodec.java:187)
	at org.openqa.selenium.remote.http.W3CHttpResponseCodec.decode(W3CHttpResponseCodec.java:122)
	at org.openqa.selenium.remote.http.W3CHttpResponseCodec.decode(W3CHttpResponseCodec.java:49)
	at org.openqa.selenium.remote.HttpCommandExecutor.execute(HttpCommandExecutor.java:158)
	at org.openqa.selenium.remote.service.DriverCommandExecutor.execute(DriverCommandExecutor.java:83)
	at org.openqa.selenium.remote.RemoteWebDriver.execute(RemoteWebDriver.java:552)
	at org.openqa.selenium.remote.RemoteWebElement.execute(RemoteWebElement.java:285)
	at org.openqa.selenium.remote.RemoteWebElement.click(RemoteWebElement.java:84)
	at com.epp.webelement.Button.click(Button.java:27)
	... 46 more
...
2020-07-24 14:50:57 INFO  - [class com.zelle.stepdefinition.UniversalSteps] : UniversalStep: Validate that user is on page AddContactInfoPage
2020-07-24 14:54:12 INFO  - [class com.epp.executor.CukeExecutor] : Initiating drivers
2020-07-24 14:54:12 INFO  - [class com.epp.initdriver.RDPDriver] : Setup the new driver
2020-07-24 14:54:15 INFO  - [class com.epp.initdriver.RDPDriver] : Created Chrome driver instace
2020-07-24 14:54:15 INFO  - [class com.epp.initdriver.RDPDriver] : Maximize the explorer window
2020-07-24 14:54:16 INFO  - [class com.epp.executor.CukeExecutor] : Initialisation of drivers is completed successfully
2020-07-24 14:54:16 DEBUG - FileName set to C:\SeleniumWorkspace\DigiPayZelleAutomation\src\main\java\com\epp\config\Logger.properties
2020-07-24 14:54:16 DEBUG - ConfigurationUtils.locate(): base is null, name is C:\SeleniumWorkspace\DigiPayZelleAutomation\src\main\java\com\epp\config\Logger.properties
2020-07-24 14:54:16 DEBUG - Could not locate file C:\SeleniumWorkspace\DigiPayZelleAutomation\src\main\java\com\epp\config\Logger.properties at null: unknown protocol: c
2020-07-24 14:54:16 DEBUG - Loading configuration from the absolute path C:\SeleniumWorkspace\DigiPayZelleAutomation\src\main\java\com\epp\config\Logger.properties
2020-07-24 14:54:16 DEBUG - Base path set to file:///C:/SeleniumWorkspace/DigiPayZelleAutomation/src/main/java/com/epp/config/Logger.properties
