2020-07-23 16:19:54 INFO  - [class com.epp.executor.CukeExecutor] : Initiating Loggers Instance with file name: ZelleLogger_07_23_2020 16_19_54
2020-07-23 16:19:54 INFO  - [class com.epp.executor.CukeExecutor] : Initiating Extent Reports Instance with file name: ZelleTestReport_07_23_2020 16_19_54
2020-07-23 16:19:55 INFO  - [class com.zelle.stepdefinition.UniversalSteps] : UniversalStep: Create user one using services and Launch URL
2020-07-23 16:19:55 INFO  - [class com.epp.api.executor.APIExecutor] : API Executor constructor, assigning all the values to variable of API 
2020-07-23 16:19:55 INFO  - [class com.epp.api.executor.APIExecutor] : Closing all the instances of Excel sheets
2020-07-23 16:19:55 INFO  - [class com.epp.api.executor.APIExecutor] : Request which need to run: AddConsumer.xml
2020-07-23 16:19:55 INFO  - [class com.epp.api.utils.APIGenerics] : Reading the file and returing the document instance
2020-07-23 16:19:55 INFO  - [class com.epp.api.executor.APIExecutor] : Reading XML file into Document instance is done
2020-07-23 16:19:55 INFO  - [class com.epp.api.utils.APIGenerics] : keyValueData generated:  {TCName=, wsse:Username=, wsse:Password=, req:MtvnSvcVer=, req:ApplID=, req:SvcID=, req:SvcVer=, req:RoutingID=, com1:addr1=, com1:city=, com1:state=, com1:postalCode=, com1:country=, com1:type=, com1:number=, com1:isPrimary=, com1:email=, com1:userId=}
2020-07-23 16:19:55 INFO  - [class com.epp.api.utils.APIGenerics] : keyValueData generated:  {TCName=Zelle_AddConsumer_TC01, wsse:Username=FISEPAY_DEV, wsse:Password=RaDrup5E4awreP, req:MtvnSvcVer=v1.6.0, req:ApplID=ZELLE, req:SvcID=AddConsumer, req:SvcVer=v1.6.0, req:RoutingID=fis-50202, com1:addr1=10610 Faulkner Point way, com1:city=Irving, com1:state=TX, com1:postalCode=75063-1234, com1:country=US, com1:type=HOME, com1:number=100001111189, com1:isPrimary=true, com1:email=gulabo@yahoo.com, com1:userId=xyxde9111117}
2020-07-23 16:19:55 INFO  - [class com.epp.api.utils.APIGenerics] : keyValueData generated:  {TCName=Zelle_AddConsumer_TC01, wsse:Username=FISEPAY_DEV, wsse:Password=RaDrup5E4awreP, req:MtvnSvcVer=v1.6.0, req:ApplID=ZELLE, req:SvcID=AddConsumer, req:SvcVer=v1.6.0, req:RoutingID=fis-50202, com1:addr1=10610 Faulkner Point way, com1:city=Irving, com1:state=TX, com1:postalCode=75063-1234, com1:country=US, com1:type=HOME, com1:number=100001111189, com1:isPrimary=true, com1:email=gulabo@yahoo.com, com1:userId=xyxde9111117}
2020-07-23 16:19:55 INFO  - [class com.epp.api.utils.APIGenerics] : Random alphaNumeric generate: scP8Xb
2020-07-23 16:19:55 INFO  - [class com.epp.api.utils.APIGenerics] : Random alphabet generate: LXUz
2020-07-23 16:19:55 INFO  - [class com.epp.api.utils.APIGenerics] : Random number generate: 78552
2020-07-23 16:19:55 INFO  - [class com.epp.api.utils.APIGenerics] : Random email id generate: LXUz78552@yahoo.com
2020-07-23 16:19:55 INFO  - [class com.epp.api.utils.APIGenerics] : Random number generate: 6428977
2020-07-23 16:19:55 INFO  - [class com.epp.api.utils.APIGenerics] : Random phone generate: 2016428977
2020-07-23 16:19:56 INFO  - [class com.epp.api.utils.APIGenerics] : Parcing of xml file is done
2020-07-23 16:19:56 INFO  - [class com.epp.api.utils.APIGenerics] : Getting timestamp in yyyyMMdd_HHmmss this formats 
2020-07-23 16:19:56 INFO  - [class com.epp.api.utils.APIGenerics] : Creating the xml file at run level
2020-07-23 16:19:56 INFO  - [class com.epp.api.executor.APIExecutor] : Hitting the request using post method
2020-07-23 16:19:56 INFO  - [class com.epp.api.soaphit.GetSoapResponse] : Into Post Method
2020-07-23 16:19:56 INFO  - [class com.epp.api.soaphit.GetSoapResponse] : Base End Point URL: https://localhost:1122/services/port
2020-07-23 16:19:56 INFO  - [class com.epp.api.soaphit.GetSoapResponse] : XML request file path: C:\SeleniumWorkspace\DigiPayZelleAutomation\src\main\java\com\epp\api\temp\Request_Zelle_AddConsumer_TC01_20200723_161956.xml
2020-07-23 16:19:57 DEBUG - Get connection for route {s}->https://localhost:1122
2020-07-23 16:19:57 DEBUG - Connecting to localhost:1122
2020-07-23 16:19:58 DEBUG - CookieSpec selected: ignoreCookies
2020-07-23 16:19:58 DEBUG - Auth cache not set in the context
2020-07-23 16:19:58 DEBUG - Target auth state: UNCHALLENGED
2020-07-23 16:19:58 DEBUG - Proxy auth state: UNCHALLENGED
2020-07-23 16:19:58 DEBUG - Attempt 1 to execute request
2020-07-23 16:19:58 DEBUG - Sending request: POST /services/port/v1_6 HTTP/1.1
2020-07-23 16:19:58 DEBUG -  >> "POST /services/port/v1_6 HTTP/1.1[\r][\n]"
2020-07-23 16:19:58 DEBUG -  >> "SOAPAction: authenticate[\r][\n]"
2020-07-23 16:19:58 DEBUG -  >> "Accept: */*[\r][\n]"
2020-07-23 16:19:58 DEBUG -  >> "Content-Type: application/soap+xml; charset=UTF-8;[\r][\n]"
2020-07-23 16:19:58 DEBUG -  >> "Content-Length: 5407[\r][\n]"
2020-07-23 16:19:58 DEBUG -  >> "Host: localhost:1122[\r][\n]"
2020-07-23 16:19:58 DEBUG -  >> "Connection: Keep-Alive[\r][\n]"
2020-07-23 16:19:58 DEBUG -  >> "User-Agent: Apache-HttpClient/4.5.3 (Java/1.8.0_162)[\r][\n]"
2020-07-23 16:19:58 DEBUG -  >> "Accept-Encoding: gzip,deflate[\r][\n]"
2020-07-23 16:19:58 DEBUG -  >> "[\r][\n]"
2020-07-23 16:19:58 DEBUG - >> POST /services/port/v1_6 HTTP/1.1
2020-07-23 16:19:58 DEBUG - >> SOAPAction: authenticate
2020-07-23 16:19:58 DEBUG - >> Accept: */*
2020-07-23 16:19:58 DEBUG - >> Content-Type: application/soap+xml; charset=UTF-8;
2020-07-23 16:19:58 DEBUG - >> Content-Length: 5407
2020-07-23 16:19:58 DEBUG - >> Host: localhost:1122
2020-07-23 16:19:58 DEBUG - >> Connection: Keep-Alive
2020-07-23 16:19:58 DEBUG - >> User-Agent: Apache-HttpClient/4.5.3 (Java/1.8.0_162)
2020-07-23 16:19:58 DEBUG - >> Accept-Encoding: gzip,deflate
2020-07-23 16:19:58 DEBUG -  >> "<?xml version="1.0" encoding="UTF-8" standalone="no"?><soapenv:Envelope xmlns:soapenv="http://schemas.xmlsoap.org/soap/envelope/" xmlns:com="http://metavante.com/types/common" xmlns:com1="http://epayments.metavante.com/types/common" xmlns:req="http://epayments.metavante.com/types/request" xmlns:req1="http://epayments.metavante.com/types/consumerPayee/request" xmlns:req2="http://epayments.metavante.com/types/fi/request" xmlns:req3="http://epayments.metavante.com/types/fundingAccount/request" xmlns:req4="http://epayments.metavante.com/types/merchant/request" xmlns:req5="http://epayments.metavante.com/types/security/request" xmlns:req6="http://epayments.metavante.com/types/user/request" xmlns:req7="http://epayments.metavante.com/types/consumer/request" xmlns:req8="http://epayments.metavante.com/types/checkimage/request" xmlns:wsse="http://docs.oasis-open.org/wss/2004/01/oasis-200401-wss-wssecurity-secext-1.0.xsd">[\r][\n]"
2020-07-23 16:19:58 DEBUG -  >> "   <soapenv:Header>[\r][\n]"
2020-07-23 16:19:58 DEBUG -  >> "      <wsse:Security>[\r][\n]"
2020-07-23 16:19:58 DEBUG -  >> "         <wsse:UsernameToken>[\r][\n]"
2020-07-23 16:19:58 DEBUG -  >> "            <wsse:Username>FISEPAY_DEV</wsse:Username>[\r][\n]"
2020-07-23 16:19:58 DEBUG -  >> "            <wsse:Password>RaDrup5E4awreP</wsse:Password>[\r][\n]"
2020-07-23 16:19:58 DEBUG -  >> "         </wsse:UsernameToken>[\r][\n]"
2020-07-23 16:19:58 DEBUG -  >> "      </wsse:Security>[\r][\n]"
2020-07-23 16:19:58 DEBUG -  >> "   </soapenv:Header>[\r][\n]"
2020-07-23 16:19:58 DEBUG -  >> "   <soapenv:Body>[\r][\n]"
2020-07-23 16:19:58 DEBUG -  >> "      <req:EbMtvnSvcReq>[\r][\n]"
2020-07-23 16:19:58 DEBUG -  >> "         <req:MtvnSvcVer>v1.6.0</req:MtvnSvcVer>[\r][\n]"
2020-07-23 16:19:58 DEBUG -  >> "         <req:MsgUUID>?</req:MsgUUID>[\r][\n]"
2020-07-23 16:19:58 DEBUG -  >> "         <req:PrcsParms>[\r][\n]"
2020-07-23 16:19:58 DEBUG -  >> "            <req:SrcID>MVEPAY</req:SrcID>[\r][\n]"
2020-07-23 16:19:58 DEBUG -  >> "         </req:PrcsParms>[\r][\n]"
2020-07-23 16:19:58 DEBUG -  >> "         <req:Svc>[\r][\n]"
2020-07-23 16:19:58 DEBUG -  >> "            <req:SvcParms>[\r][\n]"
2020-07-23 16:19:58 DEBUG -  >> "               <req:ApplID>ZELLE</req:ApplID>[\r][\n]"
2020-07-23 16:19:58 DEBUG -  >> "               <req:SvcID>AddConsumer</req:SvcID>[\r][\n]"
2020-07-23 16:19:58 DEBUG -  >> "               <req:SvcVer>v1.6.0</req:SvcVer>[\r][\n]"
2020-07-23 16:19:58 DEBUG -  >> "               <req:RoutingID>fis-50202</req:RoutingID>[\r][\n]"
2020-07-23 16:19:58 DEBUG -  >> "            </req:SvcParms>[\r][\n]"
2020-07-23 16:19:58 DEBUG -  >> "            <req:MsgData>[\r][\n]"
2020-07-23 16:19:58 DEBUG -  >> "               <req:AddConsumer>[\r][\n]"
2020-07-23 16:19:58 DEBUG -  >> "                  <req1:locale>en-US</req1:locale>[\r][\n]"
2020-07-23 16:19:58 DEBUG -  >> "                  <com:channelName/>[\r][\n]"
2020-07-23 16:19:58 DEBUG -  >> "                  <req7:consumerInfo>[\r][\n]"
2020-07-23 16:19:58 DEBUG -  >> "                     <com1:individualConsumer>[\r][\n]"
2020-07-23 16:19:58 DEBUG -  >> "                        <com1:firstName>manjinder</com1:firstName>[\r][\n]"
2020-07-23 16:19:58 DEBUG -  >> "                        <com1:middleName>Y</com1:middleName>[\r][\n]"
2020-07-23 16:19:58 DEBUG -  >> "                        <com1:lastName>singh</com1:lastName>[\r][\n]"
2020-07-23 16:19:58 DEBUG -  >> "                        <com1:SSN>999-99-0000</com1:SSN>[\r][\n]"
2020-07-23 16:19:58 DEBUG -  >> "                        <com1:birthDate>1984-12-31</com1:birthDate>[\r][\n]"
2020-07-23 16:19:58 DEBUG -  >> "                     </com1:individualConsumer>[\r][\n]"
2020-07-23 16:19:58 DEBUG -  >> "                     <com1:address>[\r][\n]"
2020-07-23 16:19:58 DEBUG -  >> "                        <com1:addr1>10610 Faulkner Point way</com1:addr1>[\r][\n]"
2020-07-23 16:19:58 DEBUG -  >> "                        <com1:city>Irving</com1:city>[\r][\n]"
2020-07-23 16:19:58 DEBUG -  >> "                        <com1:state>TX</com1:state>[\r][\n]"
2020-07-23 16:19:58 DEBUG -  >> "                        <com1:postalCode>75063-1234</com1:postalCode>[\r][\n]"
2020-07-23 16:19:58 DEBUG -  >> "                        <com1:country>US</com1:country>[\r][\n]"
2020-07-23 16:19:58 DEBUG -  >> "                        <com1:phoneNumberList>[\r][\n]"
2020-07-23 16:19:58 DEBUG -  >> "                           <com1:phoneNumber>[\r][\n]"
2020-07-23 16:19:58 DEBUG -  >> "                              <com1:type>HOME</com1:type>[\r][\n]"
2020-07-23 16:19:58 DEBUG -  >> "                            <com1:number>2016428977</com1:number>[\r][\n]"
2020-07-23 16:19:58 DEBUG -  >> "                              <com1:isPrimary>true</com1:isPrimary>[\r][\n]"
2020-07-23 16:19:58 DEBUG -  >> "                           </com1:phoneNumber>[\r][\n]"
2020-07-23 16:19:58 DEBUG -  >> "                        </com1:phoneNumberList>[\r][\n]"
2020-07-23 16:19:58 DEBUG -  >> "                     </com1:address>[\r][\n]"
2020-07-23 16:19:58 DEBUG -  >> "                     <com1:email>LXUz78552@yahoo.com</com1:email>[\r][\n]"
2020-07-23 16:19:58 DEBUG -  >> "                     <!--com1:serviceId>1</com1:serviceId-->[\r][\n]"
2020-07-23 16:19:58 DEBUG -  >> "                     <com1:termsAcceptedDate>2009-05-01T12:06:12Z</com1:termsAcceptedDate>[\r][\n]"
2020-07-23 16:19:58 DEBUG -  >> "                     <com1:paymentLimits>[\r][\n]"
2020-07-23 16:19:58 DEBUG -  >> "                        <com1:transactionLimit>[\r][\n]"
2020-07-23 16:19:58 DEBUG -  >> "                           <com1:amount>1</com1:amount>[\r][\n]"
2020-07-23 16:19:58 DEBUG -  >> "                           <com1:currencyCode>USD</com1:currencyCode>[\r][\n]"
2020-07-23 16:19:58 DEBUG -  >> "                        </com1:transactionLimit>[\r][\n]"
2020-07-23 16:19:58 DEBUG -  >> "                        <com1:dailyLimit>[\r][\n]"
2020-07-23 16:19:58 DEBUG -  >> "                           <com1:amount>1</com1:amount>[\r][\n]"
2020-07-23 16:19:58 DEBUG -  >> "                           <com1:currencyCode>USD</com1:currencyCode>[\r][\n]"
2020-07-23 16:19:58 DEBUG -  >> "                        </com1:dailyLimit>[\r][\n]"
2020-07-23 16:19:58 DEBUG -  >> "                     </com1:paymentLimits>[\r][\n]"
2020-07-23 16:19:58 DEBUG -  >> "                     <com1:emailFormatPreference>HTML</com1:emailFormatPreference>[\r][\n]"
2020-07-23 16:19:58 DEBUG -  >> "                  </req7:consumerInfo>[\r][\n]"
2020-07-23 16:19:58 DEBUG -  >> "                  <req7:userInfo>[\r][\n]"
2020-07-23 16:19:58 DEBUG -  >> "                     <com1:firstName>manjinder</com1:firstName>[\r][\n]"
2020-07-23 16:19:58 DEBUG -  >> "                     <com1:middleName>Y</com1:middleName>[\r][\n]"
2020-07-23 16:19:58 DEBUG -  >> "                     <com1:lastName>singh</com1:lastName>[\r][\n]"
2020-07-23 16:19:58 DEBUG -  >> "                     <com1:address>[\r][\n]"
2020-07-23 16:19:58 DEBUG -  >> "                        <com1:addr1>10610 Faulkner Point way</com1:addr1>[\r][\n]"
2020-07-23 16:19:58 DEBUG -  >> "                        <com1:city>Irving</com1:city>[\r][\n]"
2020-07-23 16:19:58 DEBUG -  >> "                        <com1:state>TX</com1:state>[\r][\n]"
2020-07-23 16:19:58 DEBUG -  >> "                        <com1:postalCode>75063-1234</com1:postalCode>[\r][\n]"
2020-07-23 16:19:58 DEBUG -  >> "                        <com1:country>US</com1:country>[\r][\n]"
2020-07-23 16:19:58 DEBUG -  >> "                        <com1:phoneNumberList>[\r][\n]"
2020-07-23 16:19:58 DEBUG -  >> "                           <com1:phoneNumber>[\r][\n]"
2020-07-23 16:19:58 DEBUG -  >> "                              <com1:type>HOME</com1:type>[\r][\n]"
2020-07-23 16:19:58 DEBUG -  >> "                              <com1:number>2016428977</com1:number>[\r][\n]"
2020-07-23 16:19:58 DEBUG -  >> "                              <com1:isPrimary>true</com1:isPrimary>[\r][\n]"
2020-07-23 16:19:58 DEBUG -  >> "                           </com1:phoneNumber>[\r][\n]"
2020-07-23 16:19:58 DEBUG -  >> "                        </com1:phoneNumberList>[\r][\n]"
2020-07-23 16:19:58 DEBUG -  >> "                     </com1:address>[\r][\n]"
2020-07-23 16:19:58 DEBUG -  >> "                     <com1:email>LXUz78552@yahoo.com</com1:email>[\r][\n]"
2020-07-23 16:19:58 DEBUG -  >> "                     <com1:userIdentity>[\r][\n]"
2020-07-23 16:19:58 DEBUG -  >> "                        <com1:userId>scP8Xb</com1:userId>[\r][\n]"
2020-07-23 16:19:58 DEBUG -  >> "                     </com1:userIdentity>[\r][\n]"
2020-07-23 16:19:58 DEBUG -  >> "                     <com1:password>abc123</com1:password>[\r][\n]"
2020-07-23 16:19:58 DEBUG -  >> "                  </req7:userInfo>[\r][\n]"
2020-07-23 16:19:58 DEBUG -  >> "               </req:AddConsumer>[\r][\n]"
2020-07-23 16:19:58 DEBUG -  >> "            </req:MsgData>[\r][\n]"
2020-07-23 16:19:58 DEBUG -  >> "         </req:Svc>[\r][\n]"
2020-07-23 16:19:58 DEBUG -  >> "      </req:EbMtvnSvcReq>[\r][\n]"
2020-07-23 16:19:58 DEBUG -  >> "   </soapenv:Body>[\r][\n]"
2020-07-23 16:19:58 DEBUG -  >> "</soapenv:Envelope>"
2020-07-23 16:20:06 DEBUG -  << "HTTP/1.1 200 OK[\r][\n]"
2020-07-23 16:20:06 DEBUG -  << "X-Powered-By: Servlet/3.0[\r][\n]"
2020-07-23 16:20:06 DEBUG -  << "Content-Type: text/xml; charset=utf-8[\r][\n]"
2020-07-23 16:20:06 DEBUG -  << "Content-Encoding: gzip[\r][\n]"
2020-07-23 16:20:06 DEBUG -  << "Content-Language: en-US[\r][\n]"
2020-07-23 16:20:06 DEBUG -  << "Transfer-Encoding: chunked[\r][\n]"
2020-07-23 16:20:06 DEBUG -  << "Date: Thu, 23 Jul 2020 10:50:06 GMT[\r][\n]"
2020-07-23 16:20:06 DEBUG -  << "[\r][\n]"
2020-07-23 16:20:06 DEBUG - Receiving response: HTTP/1.1 200 OK
2020-07-23 16:20:06 DEBUG - << HTTP/1.1 200 OK
2020-07-23 16:20:06 DEBUG - << X-Powered-By: Servlet/3.0
2020-07-23 16:20:06 DEBUG - << Content-Type: text/xml; charset=utf-8
2020-07-23 16:20:06 DEBUG - << Content-Encoding: gzip
2020-07-23 16:20:06 DEBUG - << Content-Language: en-US
2020-07-23 16:20:06 DEBUG - << Transfer-Encoding: chunked
2020-07-23 16:20:06 DEBUG - << Date: Thu, 23 Jul 2020 10:50:06 GMT
2020-07-23 16:20:06 DEBUG - Connection can be kept alive indefinitely
2020-07-23 16:20:07 DEBUG - Parsing response as: text/xml; charset=utf-8
2020-07-23 16:20:07 DEBUG -  << "a[\r][\n]"
2020-07-23 16:20:07 DEBUG -  << "[0x1f][0x8b][0x8][0x0][0x0][0x0][0x0][0x0][0x0][0x0]"
2020-07-23 16:20:07 DEBUG -  << "[\r][\n]"
2020-07-23 16:20:07 DEBUG -  << "5b0[\r][\n]"
2020-07-23 16:20:07 DEBUG -  << "[0xad]Xm[0x93][0xda]6[0x10][0xfe][0xde]_[0xc1][0xd0][0xcf][0xc6][0x96][0xc1][0xbc]x[0x88]Sz![0x93][0x9b][0x81][0xeb]M[0x80]k[0x9a]o:[w[0xb8][0xb5]e[0x8f]e[0xc3][0xd1]_[0xdf][0xd5]J[0xf8][\r][0xd2][0xe0]L[0x98][0xb9][0xc3][0xda][0x97][0xe7][0x91]V[0xd2][0xee][0x9a][0xf9][0xfb][0xb7]8[0xea][0x1d]X&[0xc2][0x84][0xbf][0xeb][0x93][0x81][0xd5][0xef]1[0xee]'A[0xc8]_[0xdf][0xf5]w[0xdb][0x8f][0xc6][0xb4][0xff][0xde][0xfb]e.[0x12][0x9a]2~p[0x97][0xfc][0xc0][0xa2]$e=p[0xe3][0xc2][0xd5][0xe2]w[0xfd]}[0x9e][0xa7][0xae]i[\n]"
2020-07-23 16:20:07 DEBUG -  << "[0xcf]b*[0x6][0xa0][0x95][0xaa]A[0x92][0xbd][0x9a][0xf2][0xc1]d[0xda][0xcf][0xec]k[0xcf]7[0x11][0x94]^[0xc7][0xe3]qp[0x1c][0xa2][0xb1]mY[0xc4][0xfc][0xb2]^m[0x10][0xa8]2[0xe][0xbf]ol[0x84]\[0xe4][0x94][0xfb][0xac]_[0x9b][0xef]'F[0x3][0x96][0x81][0xe0]([0x4]s7[0xcc]/[0xb2]0?iX)+q[0x83][0xc4][0x17][0x83][0x84][0x8a]P[0x18]0O[0x8e][0x4]` IF&[0xf0]([0x95][0x1c]Y[0xc4][0x0][0x85][0xfc][0xd3]p[0x6]<[0xb0][0xb7][0xdc][0x80][0xe8][\r]`][0xfd][0xde][0x99]=.D[0xbe][0xe3]0[0x1]91X/[0xe9]{0[0x91][0xc2][0xdd][0x86]1[0x3]Q[0x9c][0x96][0x13])~[0xca]<[0x8a]<[0x8c][0xe4]w9[0x11]Iv[0xf][0xc4]%[0xa1]a[0x90][0xd1]l[0xe6][0xd8]#[0x9b]8z2w[0x19][0xa3]9[0xb]<[0xdb][0xb2]-[0xc3][0x9a][0x18][0xf6]pK,[0xd7][0xb1]\k<[0x98][0x8c]g_[0xe7]f[0xdd][\n]"
2020-07-23 16:20:07 DEBUG -  << "][0x96]oi[0x98]1[0xd1]vq[0x9a].g+5*[0xa7][0x80][0xe3][0xda]f[0xc0][0xb8][0xb5][[0xe5][0xee][0xfd][0x9e][0x4][0xa0]^>[0xaf][0xf3][0x3][0xdf][0x1c][0xfc][0xcf]L[0xa8][0x80][0x95][0xc1]b)=[0xc5][0x8c][0xe7]b[0x10][0xb3][0x9c][0x1e]([0xcf][0xd9][0xc0]Ob3?[0xa5]L[0x98]@[0x9e]&\[0xc0][0x81][0x98]k[0x84]'@?[0x90][0xc1]x`[0xcd][0xcd][0x9a]h[0xbe][0x16][0xaf][0xbb][0xdd][0xfd][0x7][0xef]=[0x88][0xf5][0xe3][0x1c]t[0xf8][0xef][0x91]f1,b[0x91][0xa6][0x11][0x88][0xbf].W[0xab][0xe5][0xdc][0xd4]#[0xa9][0x87][0xaf]E[0x10][0xdc][0x1]Q[0x11][0xb3]ln*[0xd1][0xbc][0xc5]vf2+D`[0xfa]@s[\n]"
2020-07-23 16:20:07 DEBUG -  << "[0xd0][0x95][0xbb]7[0xe7][0x82][0xb8][0x10])A_[0xd9]*[0x14][0xb9]>! -[0x17]}m[0xa9][0xf0][0x14]'[0x1c][0x16]j[0xb6][0xfc]%[0xa0][0xed]rv<3[0x94][0x80][0xf6][0x8d]Q[0xf4][0xb5]c=[0x9c]\[0xc][0xdd][0xb3][0xfc]>[0x0][0xd7][0xea]R[0x81][0xea]f`=[0xe7]&[0x9a]gOf[0xc4][0xb6][0x1d]"[0xd7][0xd2]P[0xb4][0x5][0x8a]W[0xfa][0x8f][0xdc][0x90][0x7][0xe1]![0xc][\n]"
2020-07-23 16:20:07 DEBUG -  << "[0x1a]],t[0xd4]}>#[0xf7]%[0x84]K[0xfb]@c[0xe6][0xc5][0x94][0xff][0x1d][0xca]K,[0xe9][0xeb][\n]"
2020-07-23 16:20:07 DEBUG -  << "[0xb4][0x8b][0xc3] [0x88][0x18][0x8e][0xff]R[0x6]5[0x9]ZDT[0xdb][0xb][0xc8][0xa9]{eS[0xca][0xd0]b[0xb3]y[0xf0]f[0xf2]c[0xc1]G[0x19]H[0x11][0xea][0x9e][0xc3],[0xdf][0xc3]1a[0x1e][0x99]MG[0x6][0xb1][0x8d]!Q&[0x95]F[0x8d]/# [0x11][0x1c][0x97][0x6][0x1][0xec][0x9c]([0xc3][0xe1]t[0xf][0x87][0x2]![0x1e][0xb1][0xc6][0xc4][0xea]}[0xa4]E[0xf4][0xf][0x87][0x0]?&![0xcf]{Gz[0x92][0x13]8[0xdb][0xa0][0xb9]/[0xf7][0xe5]>;[0xc0][0x8a][0x95][0xce][0xd7][0x1b][0xe5][0xb8][0x90][0x3]`[0xca][0xdb]/J[0xae]F[0xa8]H[0x13][0x18][0xc0][0xdc][0x3][0xe6]M[0x1c]k<$[0xf6]p[0xa4][0x8c]j[0x1a][0x85][0x9e][0x14]<[0xcf]N[0xde]n[0xa3][0xc1][0xf5]X[0xc1][0xec][0x13][0xce][0x1e][0x8a][0xf8][0x99]e[0xe7][0xf3][0xdf][0x10]*[0x81]\[0xa2][0xf7][0xe9][0x8f][0xf5]R![0xe0][0x10][0x15]\[0x19][0xd9][0x16][0x19][0x8f][0xec][0xe9]l2Q[0x6]Z[0xac][0xe7]SGkK[0x14][0xa9]Y[0x8b][0xbc][0x4][0x1e][0xbb]P[0xa1][0xc2][0xa8][0xdc][0x84]q[0xc7]M[0x88][0xde][0x8a]'S[0xc7][0xb1];[0xd1]}[0x92]H[0xb][0xc9][0xa1]a%[0xc3][0xc4][0x15][0xc][0x2][0xee][0xb3][0xfb][0xa0]d[0x99]tdq,<[5([0x89]<-[0xaf][0xdc][0xef]a[0x14][0xc1][0x96]>F[0x94][0x97][0x1c][0xd3][0x8e][0x1c][0x8f][0xab][0xc5]C[0xef]W[0xe4][0xb9][\n]"
2020-07-23 16:20:07 DEBUG -  << ",[0x19]g[0xae][0x86]Z[0x85]q[0x98]WGw[0xd6][0xfd][0xe8][0xce][0xdc]<[0xa3]\P?[0x87][0x6][0x7][0xe1][0x94][0x94][0xc6][0xf2][0xd0]xP)[0xf1][0xc6][0x95][0x2]TBa[0xca][0xa0][0xb]:[0xe1][0x91][0xdb]m>([0x8b][0x86]T[0x89][0xae]c[0x7][0xb0]%[0xa7][0x9f][0xce]UG5/b[0x84][0x85][0xc3]rs[0x6][0xa5]e[0xe1][0xfb],[0x85]b-[0x93]CU?[0xac][0x8e][0xc1][0x83][0x16]cfX[0x8e]a[0x91]-[0xb1][0xa1][0xb2][0xbb][0xc4][0x86][0x5]X_[0xb1][0xc4]\a[0xc2][0x19][0x10]u ?&YL[0xf3][0xc7][0x8c][0xbd]0[0xb9][0x8c][0xda],H[0xc7]Y|[0xda][0xae]W[0xc8][0xf8][\r]dd[0xb5]1[0x8f][0x14][0xd5]A![0xb7][0x17]7E[0xb3][0xb8][0xdb][0xde]?a2([0xc1][0x10]y[0x8]QN[0xd5][0xf9]d[0xd9][0xa2][0x95]I[0xc9][0xf]T:@Tyr}[0xb6][0xeb][0xfd]IO[0xbd][0xa1][0xa5]j[0xde][0x10][0xa7]0[0xac]r[0xa9]~[0xb6][0xbd]^Mck[\r]f[0xd5]M[0x98][0x14]o[0x90][0x94][0xa3]Hh[0x93]s[0xb2][0x85]G[0x95]_[0xd5][0xa9]*[0x87]zaUVu&d:[0xd6]&[0xcd]d+[0xd1][0x1a][0xd9][0xb6]&8;\[0x4][0x8][0x1d]G.-[0x82]0[0xbf][0xe7]/[0xb8]cpC[0xaa][0xb8][0xfd]@E[0x6]<[0x1f][P<j[0x97][0xbd][0xaa]U[0x9d][0xcd][0x86]e[0xcd]5i7[0x17][\r][0x85]2[0x8c][0xe1][0xcd][0xe7]%[0xd4][0x7][0xfa];,[\r][0xdb][0x86][0xfb][0x15][0xa2][0x9a]FK[0xda][0xe1]Ay[0xa3]UCPGJv[0xa2][0xd6][0xcf][0x90][0xdb]+[0xf8][0xb5][0xce][0x8d][0x8c][0xdd]B\i[0xdb]H[0xd7][0x9a]T[0xc7][0xf2][0x84][0xff]8[0xfd][0xf2][0x8c]K+e[0x8d]Q[0xd5][0xac][0x91]I[0xd5]DU[0xec]]kU[0xa3]-[0xab]C"[0xc5][0xb4][0xd6][0x86]U[0x1c]]k[0x15]vt[\r],[0x4][0x9f][0x95][0xfd][[0x5][0xdd][0xb5]4[0x95][0xcd]`[\r][\r]{u[0xb][0xe3][0xb5]=[0xa5][0x15][0xb8][0xdd]5u[0xef]6[0xcb][0xcf]x[0x9a]*0[0xc4]&[0xed]<iwM[0xc7]U[0x9e],[0xc1][0x10][0xd9][0xfe][0xf6]m[0xb7][0xbb][0xe6]b[0x85]w[0xe3]moZ[0xd6]\/n{C[0xa1][0xc]o[0xbe][0xed]m[0xdb][0x86][0xfb][0x15][0xa2][0xd6]m[0xbf][0x12][0x1e][0x84][0x90][0x9]9K[0xf8][0xeb][0xa2][0xc8][0xf7][0x9b][0xd6][0xce]t[0xad]-/4[0x12][0xc][0xc9].Q[0x91]L[0xbd]u[0xac][0x92][0xd7][0x90]7[0x1a][0x3][0xbb]k6[0xfe][0xdf]@[0xb5]X[0x90][0xd9]q_[0xa0]r[0xb3][0x0][0xa5]w[0xb2]zT[0xe4]][0xdf]F[0xb0][0x83][0xba][0x82][0xa8][0x92]M[0x99],a[0xd8]x[0xab]6[0xcb][0x97][0xed]e[0x96][0xdd]Am[0xdb]<[0xdd][0xe1][0xcb][0x96][0x1e]J1[0x98]x[0x9b][0x2]:[0x1a]!P.[0xc7][0xf8][0xbe]^:[0xad][0x9f][0x96][0xb7]9[0xd5][0xb2][0xa8][0xfd][0xbe][0xa1]~[0xcf]0[0xdb]?[0xa6]y[0xff][0x1]E[0x94]n}[0x86][0x13][0x0][0x0]"
2020-07-23 16:20:07 DEBUG -  << "[\r][\n]"
2020-07-23 16:20:07 DEBUG -  << "0[\r][\n]"
2020-07-23 16:20:07 DEBUG -  << "[\r][\n]"
2020-07-23 16:20:07 DEBUG - Parsed data to instance of: class org.apache.http.conn.EofSensorInputStream
2020-07-23 16:20:07 DEBUG - Releasing connection org.apache.http.impl.conn.ManagedClientConnectionImpl@297c9a9b
2020-07-23 16:20:07 DEBUG - Connection can be kept alive indefinitely
2020-07-23 16:20:07 INFO  - [class com.epp.api.soaphit.GetSoapResponse] : Got the response
2020-07-23 16:20:07 INFO  - [class com.epp.api.utils.APIGenerics] : Getting timestamp in yyyyMMdd_HHmmss this formats 
2020-07-23 16:20:07 INFO  - [class com.epp.api.utils.APIGenerics] : writting the xml file into XML format
2020-07-23 16:20:07 INFO  - [class com.epp.api.utils.APIGenerics] : Creating the xlsx sheet
2020-07-23 16:20:08 INFO  - [class com.epp.api.utils.APIGenerics] : All the services data is set to Excelsheet
2020-07-23 16:20:08 INFO  - [class com.epp.api.utils.APIGenerics] : Reading the file and returing the document instance
2020-07-23 16:20:08 INFO  - [class com.epp.api.utils.APIGenerics] : Getting the parsed data from response:  {userId=scP8Xb, consumerId=27912251, email=lxuz78552@yahoo.com, number=2016428977}
2020-07-23 16:20:08 DEBUG - FileName set to C:\SeleniumWorkspace\DigiPayZelleAutomation\src\main\resources\com\epp\properties\PropertyCache.properties
2020-07-23 16:20:08 DEBUG - ConfigurationUtils.locate(): base is null, name is C:\SeleniumWorkspace\DigiPayZelleAutomation\src\main\resources\com\epp\properties\PropertyCache.properties
2020-07-23 16:20:08 DEBUG - Could not locate file C:\SeleniumWorkspace\DigiPayZelleAutomation\src\main\resources\com\epp\properties\PropertyCache.properties at null: unknown protocol: c
2020-07-23 16:20:08 DEBUG - Loading configuration from the absolute path C:\SeleniumWorkspace\DigiPayZelleAutomation\src\main\resources\com\epp\properties\PropertyCache.properties
2020-07-23 16:20:08 DEBUG - Base path set to file:///C:/SeleniumWorkspace/DigiPayZelleAutomation/src/main/resources/com/epp/properties/PropertyCache.properties
2020-07-23 16:20:08 INFO  - [class com.epp.config.PropertiesCache] : Created Properties Configuration Object for IO operation of Property Cache File: PropertyCache.properties
2020-07-23 16:20:08 INFO  - [class com.epp.config.PropertiesCache] : New Properties Cache Log file is created: PropertyCache.properties
2020-07-23 16:20:08 INFO  - [class com.epp.config.PropertiesCache] : New Properties Cache Log file is created: PropertyCache.properties
2020-07-23 16:20:08 INFO  - [class com.epp.libraries.GenericLib] : Fetching the Respones output Nodes
2020-07-23 16:20:08 INFO  - [class com.epp.config.PropertiesCache] : New Properties Cache Log file is created: PropertyCache.properties
2020-07-23 16:20:08 INFO  - [class com.epp.config.PropertiesCache] : New Properties Cache Log file is created: PropertyCache.properties
2020-07-23 16:20:08 INFO  - [class com.epp.config.PropertiesCache] : New Properties Cache Log file is created: PropertyCache.properties
2020-07-23 16:20:08 INFO  - [class com.epp.api.executor.APIExecutor] : Closing all the instances of Excel sheets
2020-07-23 16:20:08 INFO  - [class com.epp.api.executor.APIExecutor] : Request which need to run: AddFundingProfile.xml
2020-07-23 16:20:08 INFO  - [class com.epp.api.utils.APIGenerics] : Reading the file and returing the document instance
2020-07-23 16:20:08 INFO  - [class com.epp.api.executor.APIExecutor] : Reading XML file into Document instance is done
2020-07-23 16:20:08 INFO  - [class com.epp.api.utils.APIGenerics] : keyValueData generated:  {TCName=, wsse:Username=, wsse:Password=, req:MtvnSvcVer=, req:ApplID=, req:SvcID=, req:SvcVer=, req:RoutingID=, q1:type=, q1:nickname=, q1:primary=, q1:bankName=, q1:accountNumber=, q1:routingNumber=, userID=}
2020-07-23 16:20:08 INFO  - [class com.epp.api.utils.APIGenerics] : keyValueData generated:  {TCName=Zelle_AddFundingProfile_TC01, wsse:Username=FISEPAY_DEV, wsse:Password=RaDrup5E4awreP, req:MtvnSvcVer=v1.6.0, req:ApplID=ZELLE, req:SvcID=AddFundingProfile, req:SvcVer=v1.6.0, req:RoutingID=fis-50202, q1:type=BANK_ACCOUNT, q1:nickname=Demo user, q1:primary=true, q1:bankName=HDFC, q1:accountNumber=100001111189, q1:routingNumber=959009990, userID=ccc}
2020-07-23 16:20:08 INFO  - [class com.epp.api.utils.APIGenerics] : keyValueData generated:  {TCName=Zelle_AddFundingProfile_TC01, wsse:Username=FISEPAY_DEV, wsse:Password=RaDrup5E4awreP, req:MtvnSvcVer=v1.6.0, req:ApplID=ZELLE, req:SvcID=AddFundingProfile, req:SvcVer=v1.6.0, req:RoutingID=fis-50202, q1:type=BANK_ACCOUNT, q1:nickname=Demo user, q1:primary=true, q1:bankName=HDFC, q1:accountNumber=100001111189, q1:routingNumber=959009990, userID=ccc}
2020-07-23 16:20:08 INFO  - [class com.epp.api.utils.APIGenerics] : Random alphabet generate: qfwx
2020-07-23 16:20:08 INFO  - [class com.epp.api.utils.APIGenerics] : Random number generate: 80516
2020-07-23 16:20:08 INFO  - [class com.epp.api.utils.APIGenerics] : Random email id generate: qfwx80516@yahoo.com
2020-07-23 16:20:08 INFO  - [class com.epp.api.utils.APIGenerics] : Random number generate: 9246068
2020-07-23 16:20:08 INFO  - [class com.epp.api.utils.APIGenerics] : Random phone generate: 2019246068
2020-07-23 16:20:08 INFO  - [class com.epp.api.utils.APIGenerics] : Parcing of xml file is done
2020-07-23 16:20:08 INFO  - [class com.epp.api.utils.APIGenerics] : Getting timestamp in yyyyMMdd_HHmmss this formats 
2020-07-23 16:20:08 INFO  - [class com.epp.api.utils.APIGenerics] : Creating the xml file at run level
2020-07-23 16:20:08 INFO  - [class com.epp.api.executor.APIExecutor] : Hitting the request using post method
2020-07-23 16:20:08 INFO  - [class com.epp.api.soaphit.GetSoapResponse] : Into Post Method
2020-07-23 16:20:08 INFO  - [class com.epp.api.soaphit.GetSoapResponse] : Base End Point URL: https://localhost:1122/services/port
2020-07-23 16:20:08 INFO  - [class com.epp.api.soaphit.GetSoapResponse] : XML request file path: C:\SeleniumWorkspace\DigiPayZelleAutomation\src\main\java\com\epp\api\temp\Request_Zelle_AddFundingProfile_TC01_20200723_162008.xml
2020-07-23 16:20:08 DEBUG - Get connection for route {s}->https://localhost:1122
2020-07-23 16:20:08 DEBUG - Connecting to localhost:1122
2020-07-23 16:20:10 DEBUG - CookieSpec selected: ignoreCookies
2020-07-23 16:20:10 DEBUG - Auth cache not set in the context
2020-07-23 16:20:10 DEBUG - Target auth state: UNCHALLENGED
2020-07-23 16:20:10 DEBUG - Proxy auth state: UNCHALLENGED
2020-07-23 16:20:10 DEBUG - Attempt 1 to execute request
2020-07-23 16:20:10 DEBUG - Sending request: POST /services/port/v1_6 HTTP/1.1
2020-07-23 16:20:10 DEBUG -  >> "POST /services/port/v1_6 HTTP/1.1[\r][\n]"
2020-07-23 16:20:10 DEBUG -  >> "SOAPAction: authenticate[\r][\n]"
2020-07-23 16:20:10 DEBUG -  >> "Accept: */*[\r][\n]"
2020-07-23 16:20:10 DEBUG -  >> "Content-Type: application/soap+xml; charset=UTF-8;[\r][\n]"
2020-07-23 16:20:10 DEBUG -  >> "Content-Length: 2867[\r][\n]"
2020-07-23 16:20:10 DEBUG -  >> "Host: localhost:1122[\r][\n]"
2020-07-23 16:20:10 DEBUG -  >> "Connection: Keep-Alive[\r][\n]"
2020-07-23 16:20:10 DEBUG -  >> "User-Agent: Apache-HttpClient/4.5.3 (Java/1.8.0_162)[\r][\n]"
2020-07-23 16:20:10 DEBUG -  >> "Accept-Encoding: gzip,deflate[\r][\n]"
2020-07-23 16:20:10 DEBUG -  >> "[\r][\n]"
2020-07-23 16:20:10 DEBUG - >> POST /services/port/v1_6 HTTP/1.1
2020-07-23 16:20:10 DEBUG - >> SOAPAction: authenticate
2020-07-23 16:20:10 DEBUG - >> Accept: */*
2020-07-23 16:20:10 DEBUG - >> Content-Type: application/soap+xml; charset=UTF-8;
2020-07-23 16:20:10 DEBUG - >> Content-Length: 2867
2020-07-23 16:20:10 DEBUG - >> Host: localhost:1122
2020-07-23 16:20:10 DEBUG - >> Connection: Keep-Alive
2020-07-23 16:20:10 DEBUG - >> User-Agent: Apache-HttpClient/4.5.3 (Java/1.8.0_162)
2020-07-23 16:20:10 DEBUG - >> Accept-Encoding: gzip,deflate
2020-07-23 16:20:10 DEBUG -  >> "<?xml version="1.0" encoding="UTF-8" standalone="no"?><soapenv:Envelope xmlns:soapenv="http://schemas.xmlsoap.org/soap/envelope/" xmlns:com="http://metavante.com/types/common" xmlns:com1="http://epayments.metavante.com/types/common" xmlns:req="http://epayments.metavante.com/types/request" xmlns:req1="http://epayments.metavante.com/types/consumerPayee/request" xmlns:req2="http://epayments.metavante.com/types/fi/request" xmlns:req3="http://epayments.metavante.com/types/fundingAccount/request" xmlns:req4="http://epayments.metavante.com/types/merchant/request" xmlns:req5="http://epayments.metavante.com/types/security/request" xmlns:req6="http://epayments.metavante.com/types/user/request" xmlns:req7="http://epayments.metavante.com/types/consumer/request" xmlns:req8="http://epayments.metavante.com/types/checkimage/request" xmlns:wsse="http://docs.oasis-open.org/wss/2004/01/oasis-200401-wss-wssecurity-secext-1.0.xsd" xmlns:xsi="http://www.w3.org/2001/XMLSchema-instance">[\r][\n]"
2020-07-23 16:20:10 DEBUG -  >> "   <soapenv:Header>[\r][\n]"
2020-07-23 16:20:10 DEBUG -  >> "      <wsse:Security>[\r][\n]"
2020-07-23 16:20:10 DEBUG -  >> "         <wsse:UsernameToken>[\r][\n]"
2020-07-23 16:20:10 DEBUG -  >> "             <wsse:Username>FISEPAY_DEV</wsse:Username>[\r][\n]"
2020-07-23 16:20:10 DEBUG -  >> "            <wsse:Password>RaDrup5E4awreP</wsse:Password>[\r][\n]"
2020-07-23 16:20:10 DEBUG -  >> "         </wsse:UsernameToken>[\r][\n]"
2020-07-23 16:20:10 DEBUG -  >> "      </wsse:Security>[\r][\n]"
2020-07-23 16:20:10 DEBUG -  >> "   </soapenv:Header>[\r][\n]"
2020-07-23 16:20:10 DEBUG -  >> "   <soapenv:Body>[\r][\n]"
2020-07-23 16:20:10 DEBUG -  >> "      <EbMtvnSvcReq xmlns="http://epayments.metavante.com/types/request">[\r][\n]"
2020-07-23 16:20:10 DEBUG -  >> "        <req:MtvnSvcVer>v1.6.0</req:MtvnSvcVer>[\r][\n]"
2020-07-23 16:20:10 DEBUG -  >> "         <MsgUUID>bc1ae59a-d0f3-4d80-9bf3-e83e1cb9c87a</MsgUUID>[\r][\n]"
2020-07-23 16:20:10 DEBUG -  >> "         <PrcsParms>[\r][\n]"
2020-07-23 16:20:10 DEBUG -  >> "            <SrcID>MVEPAY</SrcID>[\r][\n]"
2020-07-23 16:20:10 DEBUG -  >> "         </PrcsParms>[\r][\n]"
2020-07-23 16:20:10 DEBUG -  >> "         <Svc>[\r][\n]"
2020-07-23 16:20:10 DEBUG -  >> "            <SvcParms>[\r][\n]"
2020-07-23 16:20:10 DEBUG -  >> "               <req:ApplID>ZELLE</req:ApplID>[\r][\n]"
2020-07-23 16:20:10 DEBUG -  >> "               <req:SvcID>AddFundingProfile</req:SvcID>[\r][\n]"
2020-07-23 16:20:10 DEBUG -  >> "               <req:SvcVer>v1.6.0</req:SvcVer>[\r][\n]"
2020-07-23 16:20:10 DEBUG -  >> "               <RqstUUID>82f0d972-4c5b-4b5f-a0da-be4a9f3dc410</RqstUUID>[\r][\n]"
2020-07-23 16:20:10 DEBUG -  >> "               <req:RoutingID>fis-50202</req:RoutingID>[\r][\n]"
2020-07-23 16:20:10 DEBUG -  >> "            </SvcParms>[\r][\n]"
2020-07-23 16:20:10 DEBUG -  >> "            <MsgData>[\r][\n]"
2020-07-23 16:20:10 DEBUG -  >> "               <AddFundingProfile>[\r][\n]"
2020-07-23 16:20:10 DEBUG -  >> "                  <userId>scP8Xb</userId>[\r][\n]"
2020-07-23 16:20:10 DEBUG -  >> "                  <fundingProfileInfo xmlns="http://epayments.metavante.com/types/fundingProfile/request" xmlns:q1="http://epayments.metavante.com/types/common" xsi:type="q1:BankFundingProfileInfoType">[\r][\n]"
2020-07-23 16:20:10 DEBUG -  >> "                     <q1:type>BANK_ACCOUNT</q1:type>[\r][\n]"
2020-07-23 16:20:10 DEBUG -  >> "                     <q1:nickname>Demo user</q1:nickname>[\r][\n]"
2020-07-23 16:20:10 DEBUG -  >> "                     <q1:primary>true</q1:primary>[\r][\n]"
2020-07-23 16:20:10 DEBUG -  >> "                     <q1:bankName>HDFC</q1:bankName>[\r][\n]"
2020-07-23 16:20:10 DEBUG -  >> "                     <q1:accountNumber>100001111189</q1:accountNumber>[\r][\n]"
2020-07-23 16:20:10 DEBUG -  >> "                     <q1:routingNumber>959009990</q1:routingNumber>[\r][\n]"
2020-07-23 16:20:10 DEBUG -  >> "                     <q1:checkNumber>123461</q1:checkNumber>[\r][\n]"
2020-07-23 16:20:10 DEBUG -  >> "                     <q1:bankAccountType>CHECKING</q1:bankAccountType>[\r][\n]"
2020-07-23 16:20:10 DEBUG -  >> "                  </fundingProfileInfo>[\r][\n]"
2020-07-23 16:20:10 DEBUG -  >> "               </AddFundingProfile>[\r][\n]"
2020-07-23 16:20:10 DEBUG -  >> "            </MsgData>[\r][\n]"
2020-07-23 16:20:10 DEBUG -  >> "         </Svc>[\r][\n]"
2020-07-23 16:20:10 DEBUG -  >> "      </EbMtvnSvcReq>[\r][\n]"
2020-07-23 16:20:10 DEBUG -  >> "   </soapenv:Body>[\r][\n]"
2020-07-23 16:20:10 DEBUG -  >> "</soapenv:Envelope>"
2020-07-23 16:20:16 DEBUG -  << "HTTP/1.1 200 OK[\r][\n]"
2020-07-23 16:20:16 DEBUG -  << "X-Powered-By: Servlet/3.0[\r][\n]"
2020-07-23 16:20:16 DEBUG -  << "Content-Type: text/xml; charset=utf-8[\r][\n]"
2020-07-23 16:20:16 DEBUG -  << "Content-Encoding: gzip[\r][\n]"
2020-07-23 16:20:16 DEBUG -  << "Content-Language: en-US[\r][\n]"
2020-07-23 16:20:16 DEBUG -  << "Transfer-Encoding: chunked[\r][\n]"
2020-07-23 16:20:16 DEBUG -  << "Date: Thu, 23 Jul 2020 10:50:15 GMT[\r][\n]"
2020-07-23 16:20:16 DEBUG -  << "[\r][\n]"
2020-07-23 16:20:16 DEBUG - Receiving response: HTTP/1.1 200 OK
2020-07-23 16:20:16 DEBUG - << HTTP/1.1 200 OK
2020-07-23 16:20:16 DEBUG - << X-Powered-By: Servlet/3.0
2020-07-23 16:20:16 DEBUG - << Content-Type: text/xml; charset=utf-8
2020-07-23 16:20:16 DEBUG - << Content-Encoding: gzip
2020-07-23 16:20:16 DEBUG - << Content-Language: en-US
2020-07-23 16:20:16 DEBUG - << Transfer-Encoding: chunked
2020-07-23 16:20:16 DEBUG - << Date: Thu, 23 Jul 2020 10:50:15 GMT
2020-07-23 16:20:16 DEBUG - Connection can be kept alive indefinitely
2020-07-23 16:20:16 DEBUG - Parsing response as: text/xml; charset=utf-8
2020-07-23 16:20:16 DEBUG -  << "a[\r][\n]"
2020-07-23 16:20:16 DEBUG -  << "[0x1f][0x8b][0x8][0x0][0x0][0x0][0x0][0x0][0x0][0x0]"
2020-07-23 16:20:16 DEBUG -  << "[\r][\n]"
2020-07-23 16:20:16 DEBUG -  << "436[\r][\n]"
2020-07-23 16:20:16 DEBUG -  << "[0xd5]W]o[0xa3]8[0x14]}[0xdf]_[0x11][0xf1][0xe][0x98][0xaf]& [0xca]([0xa5][0xe9]6[0x9a]&[0xad][0x9a][0xb4][0xda][0xe9][0xcb][0xca][0x1][0xa7]e[0x1b][0xc][0x8b]M[0xd2][0xfe][0xfb][0xbd][0xe6][0xc3]%[0xc][0xd5][0xb4]R[0x1f]v"[0xb5][0xc1][0xe7][0x9e]{[0xee][0xf1][0xb5][0x1][0xc7][0xff][0xf6][0x92][0xee]F{R[0xb0]$[0xa3][0xa7][0x8a][0xa1]!eDh[0x94][0xc5][0x9]}<U[0xee][0xd6][0x17][0xea]D[0xf9][0x16][0xfc][0xe1][0xb3][0xc][0xe7][0x84][0xee][0xbd][0x19][0xdd][0x93]][0x96][0x93][0x11][0xa4]Q[0xe6]5[0xf0][0xa9][0xf2][0xc4]y[0xee][0xe9]:[0x8b][0x9e]H[0x8a][0x99][0x6]Q[0x11][0xd2][0xb2][0xe2]Q[0x17][0x17]:i[0xf2]t[0xa5][0xc9]|a[0xb1][0xcc]:[0x1c][0xe][0xda][0xc1][0xaa][0xc8]&B[0x86][0xfe][0xd7][0xe2]jU[0x9][0xbd][0x91][0x93]_[0x93][0xd5][0x84]2[0x8e]iD[0x94][0x8e][0xdf]K[0x82]cR[0x0]p`[0x8c]x+[0x12][0x95]E[0xc2]_[0x1b]Y[0x81]I[0xdd]8[0x8b][0x98][0x96]a[0x96]0[0x15]|[0xd2][0xaa][0x0][0x10]D[0x11][[0x87]:uH[0x8c][0x90][0xa1]B@[0xfc]5r*\[0x90][0x17][0xae]B[0xf7]4[0x98][0x97]2j[0xab][0xa7]%[0xe3]w[0x14][0xc][0x8]c0_C[0x9][0xc0]H[0xe9][0xad][0x93][0x94][0x0][0x94][0xe6][0xd2]H[0xf9]%>J[0x9e][0xec][0xc4][0xb7]4"[0x8a][0xcd][0xa1][0xb0],[0xa8][0xaa][0x86]3q[0x1d][0xcb][0x18]#[0xbb]1[0x13][0x16][0x4]s[0x12][0x7]&2[0x91][0x8a][0xc6][0xaa]i[0xad][\r][0xe4]9[0xc8]3[0x1c]m2[0x1e]?[0xf8]z[0x97]U[0xa5][0xcc]^[0xf2][0xa4] [0xac][0x9f][0xe2][0x1c][0xa7][0xb4][0xac]z$-T[0xe3][0xce]b[0xc0][0xb8][0xb7]Zr[0xf5][0xce][0xb2][0x18][0xc2][0xb3][0xcd][0x82][0xef][0xe9]j[0x1f][0xdd][0x12]V7L6[0x8b][0xe4][0xf8]5%[0x94]3-%[0x1c][0xef]1[0xe5]D[0x8b][0xb2]T[0xe7][0xaf]9a:[0x14][0xcf]3[0xca]`C[0xf8][0x8d][0xc2]=[0xa8][0xef][\r][0xed]DC[0xbe][0xde][0x81][0xfc][0x5]{[0xbc][0xbb][0x9b][0x9f][0x7][0x9b][0xc8][0xc0][0xc4]q[0xb1][0x1a][0xa3][0xad][0xa5][0xda][0xf1][0x4][0xa9][0xee][0x6][0xae][0xc8][0xc4]"F[0xb4]q[0xa3][0xc9][0x18]Cf[0xc3][0xf6]![0xbd][0xfa]w[0x83][0x8b][0x14][0xe6]9[0xcd][0xf3][0x1d][0xc0][0xf][0xb3][0xab][0xab][0x99][0xaf]7#[0x11][0x87][0xaf]i[0x1c]_[0x94]T[0xdc]V7E[0xb6]Mv[0xc4][0xd7][0xeb][0x80][0xdf][0xb3][0xd5]Z[0xba][0xfd][0x17][0xf6][0x8e][0xa8]21[0xb7](v[0xc7][0xa6]jG[0xce]F[0xb5]7[0xce]V[0xc5]([0xc6][0xea][0x86][0xd8][0xd8][0xdd]Zqd[0x1b][0x90]&[0xe9][0x95]Bc[0x8][0x8c][0x9e]c[0x8e][0xc1]Y[0xbf]z[0xe0]Sfx[0xb0]"[0xc]?[0x92][0xab][0x84][0xf1]f'[0x2]*[0x9b];[0xd4]R[0xb8]J3[\n]"
2020-07-23 16:20:16 DEBUG -  << "[\r][0xd5]{[0xf9]B[0xd0][0xf4][0xb6]GE[0xa4][0xa6][0xf9][0xc1][0x5];N[0xef][0xae][0x1f]eVO|[0x1e][0x83][0xcc][0xdb][0xbd][0xc][0x84][0xf][0x16][0x91]S[0x18][0xd2][0xc],[0xc7]r[0x1d][0xd7][0x9d][0x88][0x9][0xe][0x84][0x87][0xe1][0xda][0x89]P[0xb4]=[0xd8][0xe3][0xbc]d[0xd2][0x95][0xfd]IW[0xd3][0x9b][0x9b][0xdb][0xeb][0xfb][0xd9][0xb9]([0xd4][0x8a][0x9]a[0xc7]K[0xe8]6[0x93][0xb2][0xce][0xe7]dG[0xf0][0x4][0xf5][0x4]r[0xaa][0x8][0xa9]3L[0x9f][0x8f][0xf7][0xc3][0x1c][0xc4][0xd7][0x10]W[0xea]Z[0x82][0x1a][0x9c]M[0x97][0xdf][0xff][0x9e][0x86][0xe1][0xf5][0xdd]r-[0xec]4pE[0xa0]I[0xf4]LqJ[0x82]s[0x92]f[0xa3][0x92][0x91][0xa2]fH[0xbc]b[0xe5]E[0x92][0xe2][0xe2]5[0xe0]EI[0xea]x[0x8b]T[0xe1][\r][0xd8]X[\n]"
2020-07-23 16:20:16 DEBUG -  << "[0xf2][0xe5][0xf9]EX[0xc7]%T[0x11]p[0x14]e%[0xe5][0xcb]2[0xdd][0xc0]-a [0xf8][0x18][0xe2]3qk[0xf6]q[0xbc]J)2x[0x8][0xd2][0xc7][0x6][0x82][0xa5]D[0xc8]u]T[0xf3][0x8f][0x83][0x15][0x1f]^[0x1d][0xd1]s[[0xc0][0xb4][0xec][0x13][0xa3][0xa6]vqivZ[0xd7][0x13][0x8d][\n]"
2020-07-23 16:20:16 DEBUG -  << "[0xc2][0xcb]Y[0xf8]}[0xbe][0xfc][0xf3][0xcd]w7Z7[0x9]&rMC[0xa1][0x14][0xa4][0x98][0xfe][0x93][0x88]W[0xc1][0xe8][0xc7][0x88][0x81][0x87][0xa7][0xa6]_[0x1d]J[0x8d][0x88]e[0x16][0xe9]'[0xed].[[0x10][0xfe][0x94][0xc5][0xcd]:[0x1d][0xdd][0xaa]'[0x9f][0xdf][0xf1][0xc3][0xaa][0x3][0x91][0x16][0x8a][0xa9][0x84][0xba][0xfb][0xbc][0xc7][0x86];[0xc3]@[0xa6])f[0xf0]s[0xa4]E?&[0xb5][0x1e][0xda]zC[0x9c][0xc1][0xd9][0xec][0x13][0xf1][0x2][0xb9][0x98][0xaf][0x6][0xb2]d[0xb8][0x9b][0x19]>aJ[0xc9].[0x98]/W[0xeb]i[0xaf]X[0x1b][0x1b][0xd0][0x1a][0xc2][0xde]o[0xe6][0x97][0xb6][0x19][0xb9][0xbf]q[0x9b][0xa7][0xe1][0xe5][0xff][0xbe][0xc5][0x16]B[0xbf][0xf3]N[0xfe][0xaa][0x16][0xbf][0x1b]j_[0xf7]c[0xf][0x97]q[0xc2][0xc5][0xab][0xa3]H1[0x87][0x1f][0x10][0xf2][0xc9]4[0xfe][0xfc][0x93]i[0xec]E[0xd5][0x11][0x13][0xe],d[0xe0],[\n]"
2020-07-23 16:20:16 DEBUG -  << "GZ[0x84][0x1e][0x84][0xa9]#[0xe2][bV[0xc0][0x2][0x99]c[0xd7]0M[0xc7][0xe8][0xf0]*[0xbc][0xa2][0xa5][0xf0][0xab]f[0x9b][0x90][0xf8][0x9d][\n]"
2020-07-23 16:20:16 DEBUG -  << "v[0xa7][0xc2][0x11][0xb5][0x9b][0xfc]s[0x91]N[0xa0][0x6][0xfa]M[0xa9][0xe0][0xfe][0xd1][0x8][0xc0][0x81]3[0x99].[0xf]l[0xb3][0xa2][0x8]c[0x12][0xac][0xee]C0[0xe5][0xeb][0xcd]P[0xc0]@[0x9]Ve[0x14][0xc1][0xd1][0xab][0xc2][0xc5][0xb8]:[0xf3][0xc9][0xa4][0xc5][0xfd][0xec]cI[0xdd][0x83]u[0xe7][0x14]^[0x9f][0xba][0xf5][0xfe]O[0xbe][0xe0]?[0xcc][0x5][0x12][0x9e],[0xe][0x0][0x0]"
2020-07-23 16:20:16 DEBUG -  << "[\r][\n]"
2020-07-23 16:20:16 DEBUG -  << "0[\r][\n]"
2020-07-23 16:20:16 DEBUG -  << "[\r][\n]"
2020-07-23 16:20:16 DEBUG - Parsed data to instance of: class org.apache.http.conn.EofSensorInputStream
2020-07-23 16:20:16 DEBUG - Releasing connection org.apache.http.impl.conn.ManagedClientConnectionImpl@234c5e41
2020-07-23 16:20:16 DEBUG - Connection can be kept alive indefinitely
2020-07-23 16:20:16 INFO  - [class com.epp.api.soaphit.GetSoapResponse] : Got the response
2020-07-23 16:20:16 INFO  - [class com.epp.api.utils.APIGenerics] : Getting timestamp in yyyyMMdd_HHmmss this formats 
2020-07-23 16:20:16 INFO  - [class com.epp.api.utils.APIGenerics] : writting the xml file into XML format
2020-07-23 16:20:16 INFO  - [class com.epp.api.utils.APIGenerics] : Creating the xlsx sheet
2020-07-23 16:20:16 INFO  - [class com.epp.api.utils.APIGenerics] : All the services data is set to Excelsheet
2020-07-23 16:20:16 INFO  - [class com.epp.api.utils.APIGenerics] : Reading the file and returing the document instance
2020-07-23 16:20:16 INFO  - [class com.epp.api.utils.APIGenerics] : Getting the parsed data from response:  {fundingProfileId=35395998}
2020-07-23 16:20:16 INFO  - [class com.epp.config.PropertiesCache] : New Properties Cache Log file is created: PropertyCache.properties
2020-07-23 16:20:16 INFO  - [class com.epp.config.PropertiesCache] : New Properties Cache Log file is created: PropertyCache.properties
2020-07-23 16:20:16 ERROR - [class com.epp.libraries.GenericLib] : Error while fetching details: java.lang.NullPointerException
	at com.epp.libraries.GenericLib.runServiceAndopenURLOne(GenericLib.java:82)
	at com.zelle.stepdefinition.UniversalSteps.create_user_one_using_services_and_LaunchURL(UniversalSteps.java:128)
	at sun.reflect.NativeMethodAccessorImpl.invoke0(Native Method)
	at sun.reflect.NativeMethodAccessorImpl.invoke(Unknown Sour
2020-07-23 16:20:16 INFO  - [class com.zelle.stepdefinition.UniversalSteps] : UniversalStep: User is on page LandingPage
2020-07-23 16:20:16 INFO  - [class com.zelle.stepdefinition.UniversalSteps] : UniversalStep: User clicks on element btnGetStarted
2020-07-23 16:20:47 ERROR - [class com.zelle.stepdefinition.UniversalSteps] : UniversalStep:  btnGetStarted Failed , java.lang.reflect.InvocationTargetException
	at sun.reflect.NativeMethodAccessorImpl.invoke0(Native Method)
	at sun.reflect.NativeMethodAccessorImpl.invoke(Unknown Source)
	at sun.reflect.DelegatingMethodAccessorImpl.invoke(Unknown Source)
	at java.lang.reflect.Method.invoke(Unknown Source)
	at com.zelle.stepdefinition.UniversalSteps.invokeElementMethod(UniversalSteps.java:119)
	at com.zelle.stepdefinition.UniversalSteps.user_clicks_on_element(UniversalSteps.java:202)
	at sun.reflect.NativeMethodAccessorImpl.invoke0(Native Method)
	at sun.reflect.NativeMethodAccessorImpl.invoke(Unknown Source)
	at sun.reflect.DelegatingMethodAccessorImpl.invoke(Unknown Source)
	at java.lang.reflect.Method.invoke(Unknown Source)
	at cucumber.runtime.Utils$1.call(Utils.java:37)
	at cucumber.runtime.Timeout.timeout(Timeout.java:13)
	at cucumber.runtime.Utils.invoke(Utils.java:31)
	at cucumber.runtime.java.JavaStepDefinition.execute(JavaStepDefinition.java:41)
	at cucumber.runtime.StepDefinitionMatch.runStep(StepDefinitionMatch.java:37)
	at cucumber.runtime.Runtime.runStep(Runtime.java:314)
	at cucumber.runtime.model.StepContainer.runStep(StepContainer.java:44)
	at cucumber.runtime.model.StepContainer.runSteps(StepContainer.java:39)
	at cucumber.runtime.model.CucumberScenario.run(CucumberScenario.java:44)
	at cucumber.runtime.model.CucumberFeature.run(CucumberFeature.java:165)
	at cucumber.api.testng.TestNGCucumberRunner.runCucumber(TestNGCucumberRunner.java:63)
	at cucumber.api.testng.AbstractTestNGCucumberTests.feature(AbstractTestNGCucumberTests.java:21)
	at sun.reflect.NativeMethodAccessorImpl.invoke0(Native Method)
	at sun.reflect.NativeMethodAccessorImpl.invoke(Unknown Source)
	at sun.reflect.DelegatingMethodAccessorImpl.invoke(Unknown Source)
	at java.lang.reflect.Method.invoke(Unknown Source)
	at org.testng.internal.MethodInvocationHelper.invokeMethod(MethodInvocationHelper.java:85)
	at org.testng.internal.Invoker.invokeMethod(Invoker.java:639)
	at org.testng.internal.Invoker.invokeTestMethod(Invoker.java:816)
	at org.testng.internal.Invoker.invokeTestMethods(Invoker.java:1124)
	at org.testng.internal.TestMethodWorker.invokeTestMethods(TestMethodWorker.java:125)
	at org.testng.internal.TestMethodWorker.run(TestMethodWorker.java:108)
	at org.testng.TestRunner.privateRun(TestRunner.java:774)
	at org.testng.TestRunner.run(TestRunner.java:624)
	at org.testng.SuiteRunner.runTest(SuiteRunner.java:359)
	at org.testng.SuiteRunner.runSequentially(SuiteRunner.java:354)
	at org.testng.SuiteRunner.privateRun(SuiteRunner.java:312)
	at org.testng.SuiteRunner.run(SuiteRunner.java:261)
	at org.testng.SuiteRunnerWorker.runSuite(SuiteRunnerWorker.java:52)
	at org.testng.SuiteRunnerWorker.run(SuiteRunnerWorker.java:86)
	at org.testng.TestNG.runSuitesSequentially(TestNG.java:1215)
	at org.testng.TestNG.runSuitesLocally(TestNG.java:1140)
	at org.testng.TestNG.run(TestNG.java:1048)
	at org.testng.remote.AbstractRemoteTestNG.run(AbstractRemoteTestNG.java:115)
	at org.testng.remote.RemoteTestNG.initAndRun(RemoteTestNG.java:251)
	at org.testng.remote.RemoteTestNG.main(RemoteTestNG.java:77)
Caused by: org.openqa.selenium.NoSuchElementException: no such element: Unable to locate element: {"method":"css selector","selector":"#ContinueButton"}
  (Session info: chrome=84.0.4147.89)
For documentation on this error, please visit: http://seleniumhq.org/exceptions/no_such_element.html
Build info: version: '3.141.5', revision: 'd54ebd709a', time: '2018-11-06T11:42:16'
System info: host: 'IXC1-LT3WBDWT2', ip: '10.42.3.168', os.name: 'Windows 10', os.arch: 'amd64', os.version: '10.0', java.version: '1.8.0_162'
Driver info: org.openqa.selenium.chrome.ChromeDriver
Capabilities {acceptInsecureCerts: false, browserName: chrome, browserVersion: 84.0.4147.89, chrome: {chromedriverVersion: 83.0.4103.39 (ccbf011cb2d2b..., userDataDir: C:\Users\e3019085\AppData\L...}, goog:chromeOptions: {debuggerAddress: localhost:64501}, javascriptEnabled: true, networkConnectionEnabled: false, pageLoadStrategy: normal, platform: WINDOWS, platformName: WINDOWS, proxy: Proxy(), setWindowRect: true, strictFileInteractability: false, timeouts: {implicit: 0, pageLoad: 300000, script: 30000}, unhandledPromptBehavior: dismiss and notify, webauthn:virtualAuthenticators: true}
Session ID: 221b65ca64e4ff0897b4e63949d0862e
*** Element info: {Using=id, value=ContinueButton}
	at sun.reflect.NativeConstructorAccessorImpl.newInstance0(Native Method)
	at sun.reflect.NativeConstructorAccessorImpl.newInstance(Unknown Source)
	at sun.reflect.DelegatingConstructorAccessorImpl.newInstance(Unknown Source)
	at java.lang.reflect.Constructor.newInstance(Unknown Source)
	at org.openqa.selenium.remote.http.W3CHttpResponseCodec.createException(W3CHttpResponseCodec.java:187)
	at org.openqa.selenium.remote.http.W3CHttpResponseCodec.decode(W3CHttpResponseCodec.java:122)
	at org.openqa.selenium.remote.http.W3CHttpResponseCodec.decode(W3CHttpResponseCodec.java:49)
	at org.openqa.selenium.remote.HttpCommandExecutor.execute(HttpCommandExecutor.java:158)
	at org.openqa.selenium.remote.service.DriverCommandExecutor.execute(DriverCommandExecutor.java:83)
	at org.openqa.selenium.remote.RemoteWebDriver.execute(RemoteWebDriver.java:552)
	at org.openqa.selenium.remote.RemoteWebDriver.findElement(RemoteWebDriver.java:323)
	at org.openqa.selenium.remote.RemoteWebDriver.findElementById(RemoteWebDriver.java:372)
	at org.openqa.selenium.By$ById.findElement(By.java:188)
	at org.openqa.selenium.remote.RemoteWebDriver.findElement(RemoteWebDriver.java:315)
	at com.epp.webelement.BaseElement.get(BaseElement.java:52)
	at com.epp.webelement.Button.click(Button.java:25)
	... 46 more
...
2020-07-23 16:20:47 INFO  - [class com.zelle.stepdefinition.UniversalSteps] : UniversalStep: User is on page SendMoneyWithZellePage
2020-07-23 16:20:47 INFO  - [class com.zelle.stepdefinition.UniversalSteps] : UniversalStep: User clicks on element btnContinue
2020-07-23 16:21:17 ERROR - [class com.zelle.stepdefinition.UniversalSteps] : UniversalStep:  btnContinue Failed , java.lang.reflect.InvocationTargetException
	at sun.reflect.NativeMethodAccessorImpl.invoke0(Native Method)
	at sun.reflect.NativeMethodAccessorImpl.invoke(Unknown Source)
	at sun.reflect.DelegatingMethodAccessorImpl.invoke(Unknown Source)
	at java.lang.reflect.Method.invoke(Unknown Source)
	at com.zelle.stepdefinition.UniversalSteps.invokeElementMethod(UniversalSteps.java:119)
	at com.zelle.stepdefinition.UniversalSteps.user_clicks_on_element(UniversalSteps.java:202)
	at sun.reflect.NativeMethodAccessorImpl.invoke0(Native Method)
	at sun.reflect.NativeMethodAccessorImpl.invoke(Unknown Source)
	at sun.reflect.DelegatingMethodAccessorImpl.invoke(Unknown Source)
	at java.lang.reflect.Method.invoke(Unknown Source)
	at cucumber.runtime.Utils$1.call(Utils.java:37)
	at cucumber.runtime.Timeout.timeout(Timeout.java:13)
	at cucumber.runtime.Utils.invoke(Utils.java:31)
	at cucumber.runtime.java.JavaStepDefinition.execute(JavaStepDefinition.java:41)
	at cucumber.runtime.StepDefinitionMatch.runStep(StepDefinitionMatch.java:37)
	at cucumber.runtime.Runtime.runStep(Runtime.java:314)
	at cucumber.runtime.model.StepContainer.runStep(StepContainer.java:44)
	at cucumber.runtime.model.StepContainer.runSteps(StepContainer.java:39)
	at cucumber.runtime.model.CucumberScenario.run(CucumberScenario.java:44)
	at cucumber.runtime.model.CucumberFeature.run(CucumberFeature.java:165)
	at cucumber.api.testng.TestNGCucumberRunner.runCucumber(TestNGCucumberRunner.java:63)
	at cucumber.api.testng.AbstractTestNGCucumberTests.feature(AbstractTestNGCucumberTests.java:21)
	at sun.reflect.NativeMethodAccessorImpl.invoke0(Native Method)
	at sun.reflect.NativeMethodAccessorImpl.invoke(Unknown Source)
	at sun.reflect.DelegatingMethodAccessorImpl.invoke(Unknown Source)
	at java.lang.reflect.Method.invoke(Unknown Source)
	at org.testng.internal.MethodInvocationHelper.invokeMethod(MethodInvocationHelper.java:85)
	at org.testng.internal.Invoker.invokeMethod(Invoker.java:639)
	at org.testng.internal.Invoker.invokeTestMethod(Invoker.java:816)
	at org.testng.internal.Invoker.invokeTestMethods(Invoker.java:1124)
	at org.testng.internal.TestMethodWorker.invokeTestMethods(TestMethodWorker.java:125)
	at org.testng.internal.TestMethodWorker.run(TestMethodWorker.java:108)
	at org.testng.TestRunner.privateRun(TestRunner.java:774)
	at org.testng.TestRunner.run(TestRunner.java:624)
	at org.testng.SuiteRunner.runTest(SuiteRunner.java:359)
	at org.testng.SuiteRunner.runSequentially(SuiteRunner.java:354)
	at org.testng.SuiteRunner.privateRun(SuiteRunner.java:312)
	at org.testng.SuiteRunner.run(SuiteRunner.java:261)
	at org.testng.SuiteRunnerWorker.runSuite(SuiteRunnerWorker.java:52)
	at org.testng.SuiteRunnerWorker.run(SuiteRunnerWorker.java:86)
	at org.testng.TestNG.runSuitesSequentially(TestNG.java:1215)
	at org.testng.TestNG.runSuitesLocally(TestNG.java:1140)
	at org.testng.TestNG.run(TestNG.java:1048)
	at org.testng.remote.AbstractRemoteTestNG.run(AbstractRemoteTestNG.java:115)
	at org.testng.remote.RemoteTestNG.initAndRun(RemoteTestNG.java:251)
	at org.testng.remote.RemoteTestNG.main(RemoteTestNG.java:77)
Caused by: org.openqa.selenium.NoSuchElementException: no such element: Unable to locate element: {"method":"css selector","selector":"#ContinueButton"}
  (Session info: chrome=84.0.4147.89)
For documentation on this error, please visit: http://seleniumhq.org/exceptions/no_such_element.html
Build info: version: '3.141.5', revision: 'd54ebd709a', time: '2018-11-06T11:42:16'
System info: host: 'IXC1-LT3WBDWT2', ip: '10.42.3.168', os.name: 'Windows 10', os.arch: 'amd64', os.version: '10.0', java.version: '1.8.0_162'
Driver info: org.openqa.selenium.chrome.ChromeDriver
Capabilities {acceptInsecureCerts: false, browserName: chrome, browserVersion: 84.0.4147.89, chrome: {chromedriverVersion: 83.0.4103.39 (ccbf011cb2d2b..., userDataDir: C:\Users\e3019085\AppData\L...}, goog:chromeOptions: {debuggerAddress: localhost:64501}, javascriptEnabled: true, networkConnectionEnabled: false, pageLoadStrategy: normal, platform: WINDOWS, platformName: WINDOWS, proxy: Proxy(), setWindowRect: true, strictFileInteractability: false, timeouts: {implicit: 0, pageLoad: 300000, script: 30000}, unhandledPromptBehavior: dismiss and notify, webauthn:virtualAuthenticators: true}
Session ID: 221b65ca64e4ff0897b4e63949d0862e
*** Element info: {Using=id, value=ContinueButton}
	at sun.reflect.NativeConstructorAccessorImpl.newInstance0(Native Method)
	at sun.reflect.NativeConstructorAccessorImpl.newInstance(Unknown Source)
	at sun.reflect.DelegatingConstructorAccessorImpl.newInstance(Unknown Source)
	at java.lang.reflect.Constructor.newInstance(Unknown Source)
	at org.openqa.selenium.remote.http.W3CHttpResponseCodec.createException(W3CHttpResponseCodec.java:187)
	at org.openqa.selenium.remote.http.W3CHttpResponseCodec.decode(W3CHttpResponseCodec.java:122)
	at org.openqa.selenium.remote.http.W3CHttpResponseCodec.decode(W3CHttpResponseCodec.java:49)
	at org.openqa.selenium.remote.HttpCommandExecutor.execute(HttpCommandExecutor.java:158)
	at org.openqa.selenium.remote.service.DriverCommandExecutor.execute(DriverCommandExecutor.java:83)
	at org.openqa.selenium.remote.RemoteWebDriver.execute(RemoteWebDriver.java:552)
	at org.openqa.selenium.remote.RemoteWebDriver.findElement(RemoteWebDriver.java:323)
	at org.openqa.selenium.remote.RemoteWebDriver.findElementById(RemoteWebDriver.java:372)
	at org.openqa.selenium.By$ById.findElement(By.java:188)
	at org.openqa.selenium.remote.RemoteWebDriver.findElement(RemoteWebDriver.java:315)
	at com.epp.webelement.BaseElement.get(BaseElement.java:52)
	at com.epp.webelement.Button.click(Button.java:25)
	... 46 more
java.lang.reflect.InvocationTargetException
	at sun.reflect.NativeMethodAccessorImpl.invoke0(Native Method)
	at sun.reflect.NativeMethodAccessorImpl.invoke(Unknown Source)
	at sun.reflect.DelegatingMethodAccessorImpl.invoke(Unknown Source)
	at java.lang.reflect.Method.invoke(Unknown Source)
	at com.zelle.stepdefinition.UniversalSteps.invokeElementMethod(UniversalSteps.java:119)
	at com.zelle.stepdefinition.UniversalSteps.user_clicks_on_element(UniversalSteps.java:202)
	at sun.reflect.NativeMethodAccessorImpl.invoke0(Native Method)
	at sun.reflect.NativeMethodAccessorImpl.invoke(Unknown Source)
	at sun.reflect.DelegatingMethodAccessorImpl.invoke(Unknown Source)
	at java.lang.reflect.Method.invoke(Unknown Source)
	at cucumber.runtime.Utils$1.call(Utils.java:37)
	at cucumber.runtime.Timeout.timeout(Timeout.java:13)
	at cucumber.runtime.Utils.invoke(Utils.java:31)
	at cucumber.runtime.java.JavaStepDefinition.execute(JavaStepDefinition.java:41)
	at cucumber.runtime.StepDefinitionMatch.runStep(StepDefinitionMatch.java:37)
	at cucumber.runtime.Runtime.runStep(Runtime.java:314)
	at cucumber.runtime.model.StepContainer.runStep(StepContainer.java:44)
	at cucumber.runtime.model.StepContainer.runSteps(StepContainer.java:39)
	at cucumber.runtime.model.CucumberScenario.run(CucumberScenario.java:44)
	at cucumber.runtime.model.CucumberFeature.run(CucumberFeature.java:165)
	at cucumber.api.testng.TestNGCucumberRunner.runCucumber(TestNGCucumberRunner.java:63)
	at cucumber.api.testng.AbstractTestNGCucumberTests.feature(AbstractTestNGCucumberTests.java:21)
	at sun.reflect.NativeMethodAccessorImpl.invoke0(Native Method)
	at sun.reflect.NativeMethodAccessorImpl.invoke(Unknown Source)
	at sun.reflect.DelegatingMethodAccessorImpl.invoke(Unknown Source)
	at java.lang.reflect.Method.invoke(Unknown Source)
	at org.testng.internal.MethodInvocationHelper.invokeMethod(MethodInvocationHelper.java:85)
	at org.testng.internal.Invoker.invokeMethod(Invoker.java:639)
	at org.testng.internal.Invoker.invokeTestMethod(Invoker.java:816)
	at org.testng.internal.Invoker.invokeTestMethods(Invoker.java:1124)
	at org.testng.internal.TestMethodWorker.invokeTestMethods(TestMethodWorker.java:125)
	at org.testng.internal.TestMethodWorker.run(TestMethodWorker.java:108)
	at org.testng.TestRunner.privateRun(TestRunner.java:774)
	at org.testng.TestRunner.run(TestRunner.java:624)
	at org.testng.SuiteRunner.runTest(SuiteRunner.java:359)
	at org.testng.SuiteRunner.runSequentially(SuiteRunner.java:354)
	at org.testng.SuiteRunner.privateRun(SuiteRunner.java:312)
	at org.testng.SuiteRunner.run(SuiteRunner.java:261)
	at org.testng.SuiteRunnerWorker.runSuite(SuiteRunnerWorker.java:52)
	at org.testng.SuiteRunnerWorker.run(SuiteRunnerWorker.java:86)
	at org.testng.TestNG.runSuitesSequentially(TestNG.java:1215)
	at org.testng.TestNG.runSuitesLocally(TestNG.java:1140)
	at org.testng.TestNG.run(TestNG.java:1048)
	at org.testng.remote.AbstractRemoteTestNG.run(AbstractRemoteTestNG.java:115)
	at org.testng.remote.RemoteTestNG.initAndRun(RemoteTestNG.java:251)
	at org.testng.remote.RemoteTestNG.main(RemoteTestNG.java:77)
Caused by: org.openqa.selenium.NoSuchElementException: no such element: Unable to locate element: {"method":"css selector","selector":"#AllDoneButton"}
  (Session info: chrome=84.0.4147.89)
For documentation on this error, please visit: http://seleniumhq.org/exceptions/no_such_element.html
Build info: version: '3.141.5', revision: 'd54ebd709a', time: '2018-11-06T11:42:16'
System info: host: 'IXC1-LT3WBDWT2', ip: '10.42.3.168', os.name: 'Windows 10', os.arch: 'amd64', os.version: '10.0', java.version: '1.8.0_162'
Driver info: org.openqa.selenium.chrome.ChromeDriver
Capabilities {acceptInsecureCerts: false, browserName: chrome, browserVersion: 84.0.4147.89, chrome: {chromedriverVersion: 83.0.4103.39 (ccbf011cb2d2b..., userDataDir: C:\Users\e3019085\AppData\L...}, goog:chromeOptions: {debuggerAddress: localhost:64501}, javascriptEnabled: true, networkConnectionEnabled: false, pageLoadStrategy: normal, platform: WINDOWS, platformName: WINDOWS, proxy: Proxy(), setWindowRect: true, strictFileInteractability: false, timeouts: {implicit: 0, pageLoad: 300000, script: 30000}, unhandledPromptBehavior: dismiss and notify, webauthn:virtualAuthenticators: true}
Session ID: 221b65ca64e4ff0897b4e63949d0862e
*** Element info: {Using=id, value=AllDoneButton}
	at sun.reflect.NativeConstructorAccessorImpl.newInstance0(Native Method)
	at sun.reflect.NativeConstructorAccessorImpl.newInstance(Unknown Source)
	at sun.reflect.DelegatingConstructorAccessorImpl.newInstance(Unknown Source)
	at java.lang.reflect.Constructor.newInstance(Unknown Source)
	at org.openqa.selenium.remote.http.W3CHttpResponseCodec.createException(W3CHttpResponseCodec.java:187)
	at org.openqa.selenium.remote.http.W3CHttpResponseCodec.decode(W3CHttpResponseCodec.java:122)
	at org.openqa.selenium.remote.http.W3CHttpResponseCodec.decode(W3CHttpResponseCodec.java:49)
	at org.openqa.selenium.remote.HttpCommandExecutor.execute(HttpCommandExecutor.java:158)
	at org.openqa.selenium.remote.service.DriverCommandExecutor.execute(DriverCommandExecutor.java:83)
	at org.openqa.selenium.remote.RemoteWebDriver.execute(RemoteWebDriver.java:552)
	at org.openqa.selenium.remote.RemoteWebDriver.findElement(RemoteWebDriver.java:323)
	at org.openqa.selenium.remote.RemoteWebDriver.findElementById(RemoteWebDriver.java:372)
	at org.openqa.selenium.By$ById.findElement(By.java:188)
	at org.openqa.selenium.remote.RemoteWebDriver.findElement(RemoteWebDriver.java:315)
	at com.epp.webelement.BaseElement.get(BaseElement.java:52)
	at com.epp.webelement.Button.click(Button.java:25)
	... 46 more
...
2020-07-23 16:21:17 INFO  - [class com.zelle.stepdefinition.UniversalSteps] : UniversalStep: User types 444444 in textbox edtVerificationCode.
2020-07-23 16:21:47 ERROR - [class com.zelle.stepdefinition.UniversalSteps] : UniversalStep:  edtVerificationCode Failed , java.lang.reflect.InvocationTargetException
	at sun.reflect.NativeMethodAccessorImpl.invoke0(Native Method)
	at sun.reflect.NativeMethodAccessorImpl.invoke(Unknown Source)
	at sun.reflect.DelegatingMethodAccessorImpl.invoke(Unknown Source)
	at java.lang.reflect.Method.invoke(Unknown Source)
	at com.zelle.stepdefinition.UniversalSteps.invokeElementMethod(UniversalSteps.java:119)
	at com.zelle.stepdefinition.UniversalSteps.user_clicks_on_element(UniversalSteps.java:202)
	at sun.reflect.NativeMethodAccessorImpl.invoke0(Native Method)
	at sun.reflect.NativeMethodAccessorImpl.invoke(Unknown Source)
	at sun.reflect.DelegatingMethodAccessorImpl.invoke(Unknown Source)
	at java.lang.reflect.Method.invoke(Unknown Source)
	at cucumber.runtime.Utils$1.call(Utils.java:37)
	at cucumber.runtime.Timeout.timeout(Timeout.java:13)
	at cucumber.runtime.Utils.invoke(Utils.java:31)
	at cucumber.runtime.java.JavaStepDefinition.execute(JavaStepDefinition.java:41)
	at cucumber.runtime.StepDefinitionMatch.runStep(StepDefinitionMatch.java:37)
	at cucumber.runtime.Runtime.runStep(Runtime.java:314)
	at cucumber.runtime.model.StepContainer.runStep(StepContainer.java:44)
	at cucumber.runtime.model.StepContainer.runSteps(StepContainer.java:39)
	at cucumber.runtime.model.CucumberScenario.run(CucumberScenario.java:44)
	at cucumber.runtime.model.CucumberFeature.run(CucumberFeature.java:165)
	at cucumber.api.testng.TestNGCucumberRunner.runCucumber(TestNGCucumberRunner.java:63)
	at cucumber.api.testng.AbstractTestNGCucumberTests.feature(AbstractTestNGCucumberTests.java:21)
	at sun.reflect.NativeMethodAccessorImpl.invoke0(Native Method)
	at sun.reflect.NativeMethodAccessorImpl.invoke(Unknown Source)
	at sun.reflect.DelegatingMethodAccessorImpl.invoke(Unknown Source)
	at java.lang.reflect.Method.invoke(Unknown Source)
	at org.testng.internal.MethodInvocationHelper.invokeMethod(MethodInvocationHelper.java:85)
	at org.testng.internal.Invoker.invokeMethod(Invoker.java:639)
	at org.testng.internal.Invoker.invokeTestMethod(Invoker.java:816)
	at org.testng.internal.Invoker.invokeTestMethods(Invoker.java:1124)
	at org.testng.internal.TestMethodWorker.invokeTestMethods(TestMethodWorker.java:125)
	at org.testng.internal.TestMethodWorker.run(TestMethodWorker.java:108)
	at org.testng.TestRunner.privateRun(TestRunner.java:774)
	at org.testng.TestRunner.run(TestRunner.java:624)
	at org.testng.SuiteRunner.runTest(SuiteRunner.java:359)
	at org.testng.SuiteRunner.runSequentially(SuiteRunner.java:354)
	at org.testng.SuiteRunner.privateRun(SuiteRunner.java:312)
	at org.testng.SuiteRunner.run(SuiteRunner.java:261)
	at org.testng.SuiteRunnerWorker.runSuite(SuiteRunnerWorker.java:52)
	at org.testng.SuiteRunnerWorker.run(SuiteRunnerWorker.java:86)
	at org.testng.TestNG.runSuitesSequentially(TestNG.java:1215)
	at org.testng.TestNG.runSuitesLocally(TestNG.java:1140)
	at org.testng.TestNG.run(TestNG.java:1048)
	at org.testng.remote.AbstractRemoteTestNG.run(AbstractRemoteTestNG.java:115)
	at org.testng.remote.RemoteTestNG.initAndRun(RemoteTestNG.java:251)
	at org.testng.remote.RemoteTestNG.main(RemoteTestNG.java:77)
Caused by: org.openqa.selenium.NoSuchElementException: no such element: Unable to locate element: {"method":"css selector","selector":"#ContinueButton"}
  (Session info: chrome=84.0.4147.89)
For documentation on this error, please visit: http://seleniumhq.org/exceptions/no_such_element.html
Build info: version: '3.141.5', revision: 'd54ebd709a', time: '2018-11-06T11:42:16'
System info: host: 'IXC1-LT3WBDWT2', ip: '10.42.3.168', os.name: 'Windows 10', os.arch: 'amd64', os.version: '10.0', java.version: '1.8.0_162'
Driver info: org.openqa.selenium.chrome.ChromeDriver
Capabilities {acceptInsecureCerts: false, browserName: chrome, browserVersion: 84.0.4147.89, chrome: {chromedriverVersion: 83.0.4103.39 (ccbf011cb2d2b..., userDataDir: C:\Users\e3019085\AppData\L...}, goog:chromeOptions: {debuggerAddress: localhost:64501}, javascriptEnabled: true, networkConnectionEnabled: false, pageLoadStrategy: normal, platform: WINDOWS, platformName: WINDOWS, proxy: Proxy(), setWindowRect: true, strictFileInteractability: false, timeouts: {implicit: 0, pageLoad: 300000, script: 30000}, unhandledPromptBehavior: dismiss and notify, webauthn:virtualAuthenticators: true}
Session ID: 221b65ca64e4ff0897b4e63949d0862e
*** Element info: {Using=id, value=ContinueButton}
	at sun.reflect.NativeConstructorAccessorImpl.newInstance0(Native Method)
	at sun.reflect.NativeConstructorAccessorImpl.newInstance(Unknown Source)
	at sun.reflect.DelegatingConstructorAccessorImpl.newInstance(Unknown Source)
	at java.lang.reflect.Constructor.newInstance(Unknown Source)
	at org.openqa.selenium.remote.http.W3CHttpResponseCodec.createException(W3CHttpResponseCodec.java:187)
	at org.openqa.selenium.remote.http.W3CHttpResponseCodec.decode(W3CHttpResponseCodec.java:122)
	at org.openqa.selenium.remote.http.W3CHttpResponseCodec.decode(W3CHttpResponseCodec.java:49)
	at org.openqa.selenium.remote.HttpCommandExecutor.execute(HttpCommandExecutor.java:158)
	at org.openqa.selenium.remote.service.DriverCommandExecutor.execute(DriverCommandExecutor.java:83)
	at org.openqa.selenium.remote.RemoteWebDriver.execute(RemoteWebDriver.java:552)
	at org.openqa.selenium.remote.RemoteWebDriver.findElement(RemoteWebDriver.java:323)
	at org.openqa.selenium.remote.RemoteWebDriver.findElementById(RemoteWebDriver.java:372)
	at org.openqa.selenium.By$ById.findElement(By.java:188)
	at org.openqa.selenium.remote.RemoteWebDriver.findElement(RemoteWebDriver.java:315)
	at com.epp.webelement.BaseElement.get(BaseElement.java:52)
	at com.epp.webelement.Button.click(Button.java:25)
	... 46 more
java.lang.reflect.InvocationTargetException
	at sun.reflect.NativeMethodAccessorImpl.invoke0(Native Method)
	at sun.reflect.NativeMethodAccessorImpl.invoke(Unknown Source)
	at sun.reflect.DelegatingMethodAccessorImpl.invoke(Unknown Source)
	at java.lang.reflect.Method.invoke(Unknown Source)
	at com.zelle.stepdefinition.UniversalSteps.invokeElementMethod(UniversalSteps.java:119)
	at com.zelle.stepdefinition.UniversalSteps.user_clicks_on_element(UniversalSteps.java:202)
	at sun.reflect.NativeMethodAccessorImpl.invoke0(Native Method)
	at sun.reflect.NativeMethodAccessorImpl.invoke(Unknown Source)
	at sun.reflect.DelegatingMethodAccessorImpl.invoke(Unknown Source)
	at java.lang.reflect.Method.invoke(Unknown Source)
	at cucumber.runtime.Utils$1.call(Utils.java:37)
	at cucumber.runtime.Timeout.timeout(Timeout.java:13)
	at cucumber.runtime.Utils.invoke(Utils.java:31)
	at cucumber.runtime.java.JavaStepDefinition.execute(JavaStepDefinition.java:41)
	at cucumber.runtime.StepDefinitionMatch.runStep(StepDefinitionMatch.java:37)
	at cucumber.runtime.Runtime.runStep(Runtime.java:314)
	at cucumber.runtime.model.StepContainer.runStep(StepContainer.java:44)
	at cucumber.runtime.model.StepContainer.runSteps(StepContainer.java:39)
	at cucumber.runtime.model.CucumberScenario.run(CucumberScenario.java:44)
	at cucumber.runtime.model.CucumberFeature.run(CucumberFeature.java:165)
	at cucumber.api.testng.TestNGCucumberRunner.runCucumber(TestNGCucumberRunner.java:63)
	at cucumber.api.testng.AbstractTestNGCucumberTests.feature(AbstractTestNGCucumberTests.java:21)
	at sun.reflect.NativeMethodAccessorImpl.invoke0(Native Method)
	at sun.reflect.NativeMethodAccessorImpl.invoke(Unknown Source)
	at sun.reflect.DelegatingMethodAccessorImpl.invoke(Unknown Source)
	at java.lang.reflect.Method.invoke(Unknown Source)
	at org.testng.internal.MethodInvocationHelper.invokeMethod(MethodInvocationHelper.java:85)
	at org.testng.internal.Invoker.invokeMethod(Invoker.java:639)
	at org.testng.internal.Invoker.invokeTestMethod(Invoker.java:816)
	at org.testng.internal.Invoker.invokeTestMethods(Invoker.java:1124)
	at org.testng.internal.TestMethodWorker.invokeTestMethods(TestMethodWorker.java:125)
	at org.testng.internal.TestMethodWorker.run(TestMethodWorker.java:108)
	at org.testng.TestRunner.privateRun(TestRunner.java:774)
	at org.testng.TestRunner.run(TestRunner.java:624)
	at org.testng.SuiteRunner.runTest(SuiteRunner.java:359)
	at org.testng.SuiteRunner.runSequentially(SuiteRunner.java:354)
	at org.testng.SuiteRunner.privateRun(SuiteRunner.java:312)
	at org.testng.SuiteRunner.run(SuiteRunner.java:261)
	at org.testng.SuiteRunnerWorker.runSuite(SuiteRunnerWorker.java:52)
	at org.testng.SuiteRunnerWorker.run(SuiteRunnerWorker.java:86)
	at org.testng.TestNG.runSuitesSequentially(TestNG.java:1215)
	at org.testng.TestNG.runSuitesLocally(TestNG.java:1140)
	at org.testng.TestNG.run(TestNG.java:1048)
	at org.testng.remote.AbstractRemoteTestNG.run(AbstractRemoteTestNG.java:115)
	at org.testng.remote.RemoteTestNG.initAndRun(RemoteTestNG.java:251)
	at org.testng.remote.RemoteTestNG.main(RemoteTestNG.java:77)
Caused by: org.openqa.selenium.NoSuchElementException: no such element: Unable to locate element: {"method":"css selector","selector":"#AllDoneButton"}
  (Session info: chrome=84.0.4147.89)
For documentation on this error, please visit: http://seleniumhq.org/exceptions/no_such_element.html
Build info: version: '3.141.5', revision: 'd54ebd709a', time: '2018-11-06T11:42:16'
System info: host: 'IXC1-LT3WBDWT2', ip: '10.42.3.168', os.name: 'Windows 10', os.arch: 'amd64', os.version: '10.0', java.version: '1.8.0_162'
Driver info: org.openqa.selenium.chrome.ChromeDriver
Capabilities {acceptInsecureCerts: false, browserName: chrome, browserVersion: 84.0.4147.89, chrome: {chromedriverVersion: 83.0.4103.39 (ccbf011cb2d2b..., userDataDir: C:\Users\e3019085\AppData\L...}, goog:chromeOptions: {debuggerAddress: localhost:64501}, javascriptEnabled: true, networkConnectionEnabled: false, pageLoadStrategy: normal, platform: WINDOWS, platformName: WINDOWS, proxy: Proxy(), setWindowRect: true, strictFileInteractability: false, timeouts: {implicit: 0, pageLoad: 300000, script: 30000}, unhandledPromptBehavior: dismiss and notify, webauthn:virtualAuthenticators: true}
Session ID: 221b65ca64e4ff0897b4e63949d0862e
*** Element info: {Using=id, value=AllDoneButton}
	at sun.reflect.NativeConstructorAccessorImpl.newInstance0(Native Method)
	at sun.reflect.NativeConstructorAccessorImpl.newInstance(Unknown Source)
	at sun.reflect.DelegatingConstructorAccessorImpl.newInstance(Unknown Source)
	at java.lang.reflect.Constructor.newInstance(Unknown Source)
	at org.openqa.selenium.remote.http.W3CHttpResponseCodec.createException(W3CHttpResponseCodec.java:187)
	at org.openqa.selenium.remote.http.W3CHttpResponseCodec.decode(W3CHttpResponseCodec.java:122)
	at org.openqa.selenium.remote.http.W3CHttpResponseCodec.decode(W3CHttpResponseCodec.java:49)
	at org.openqa.selenium.remote.HttpCommandExecutor.execute(HttpCommandExecutor.java:158)
	at org.openqa.selenium.remote.service.DriverCommandExecutor.execute(DriverCommandExecutor.java:83)
	at org.openqa.selenium.remote.RemoteWebDriver.execute(RemoteWebDriver.java:552)
	at org.openqa.selenium.remote.RemoteWebDriver.findElement(RemoteWebDriver.java:323)
	at org.openqa.selenium.remote.RemoteWebDriver.findElementById(RemoteWebDriver.java:372)
	at org.openqa.selenium.By$ById.findElement(By.java:188)
	at org.openqa.selenium.remote.RemoteWebDriver.findElement(RemoteWebDriver.java:315)
	at com.epp.webelement.BaseElement.get(BaseElement.java:52)
	at com.epp.webelement.Button.click(Button.java:25)
	... 46 more
java.lang.reflect.InvocationTargetException
	at sun.reflect.NativeMethodAccessorImpl.invoke0(Native Method)
	at sun.reflect.NativeMethodAccessorImpl.invoke(Unknown Source)
	at sun.reflect.DelegatingMethodAccessorImpl.invoke(Unknown Source)
	at java.lang.reflect.Method.invoke(Unknown Source)
	at com.zelle.stepdefinition.UniversalSteps.invokeElementMethod(UniversalSteps.java:119)
	at com.zelle.stepdefinition.UniversalSteps.user_types_in_textbox(UniversalSteps.java:225)
	at sun.reflect.NativeMethodAccessorImpl.invoke0(Native Method)
	at sun.reflect.NativeMethodAccessorImpl.invoke(Unknown Source)
	at sun.reflect.DelegatingMethodAccessorImpl.invoke(Unknown Source)
	at java.lang.reflect.Method.invoke(Unknown Source)
	at cucumber.runtime.Utils$1.call(Utils.java:37)
	at cucumber.runtime.Timeout.timeout(Timeout.java:13)
	at cucumber.runtime.Utils.invoke(Utils.java:31)
	at cucumber.runtime.java.JavaStepDefinition.execute(JavaStepDefinition.java:41)
	at cucumber.runtime.StepDefinitionMatch.runStep(StepDefinitionMatch.java:37)
	at cucumber.runtime.Runtime.runStep(Runtime.java:314)
	at cucumber.runtime.model.StepContainer.runStep(StepContainer.java:44)
	at cucumber.runtime.model.StepContainer.runSteps(StepContainer.java:39)
	at cucumber.runtime.model.CucumberScenario.run(CucumberScenario.java:44)
	at cucumber.runtime.model.CucumberFeature.run(CucumberFeature.java:165)
	at cucumber.api.testng.TestNGCucumberRunner.runCucumber(TestNGCucumberRunner.java:63)
	at cucumber.api.testng.AbstractTestNGCucumberTests.feature(AbstractTestNGCucumberTests.java:21)
	at sun.reflect.NativeMethodAccessorImpl.invoke0(Native Method)
	at sun.reflect.NativeMethodAccessorImpl.invoke(Unknown Source)
	at sun.reflect.DelegatingMethodAccessorImpl.invoke(Unknown Source)
	at java.lang.reflect.Method.invoke(Unknown Source)
	at org.testng.internal.MethodInvocationHelper.invokeMethod(MethodInvocationHelper.java:85)
	at org.testng.internal.Invoker.invokeMethod(Invoker.java:639)
	at org.testng.internal.Invoker.invokeTestMethod(Invoker.java:816)
	at org.testng.internal.Invoker.invokeTestMethods(Invoker.java:1124)
	at org.testng.internal.TestMethodWorker.invokeTestMethods(TestMethodWorker.java:125)
	at org.testng.internal.TestMethodWorker.run(TestMethodWorker.java:108)
	at org.testng.TestRunner.privateRun(TestRunner.java:774)
	at org.testng.TestRunner.run(TestRunner.java:624)
	at org.testng.SuiteRunner.runTest(SuiteRunner.java:359)
	at org.testng.SuiteRunner.runSequentially(SuiteRunner.java:354)
	at org.testng.SuiteRunner.privateRun(SuiteRunner.java:312)
	at org.testng.SuiteRunner.run(SuiteRunner.java:261)
	at org.testng.SuiteRunnerWorker.runSuite(SuiteRunnerWorker.java:52)
	at org.testng.SuiteRunnerWorker.run(SuiteRunnerWorker.java:86)
	at org.testng.TestNG.runSuitesSequentially(TestNG.java:1215)
	at org.testng.TestNG.runSuitesLocally(TestNG.java:1140)
	at org.testng.TestNG.run(TestNG.java:1048)
	at org.testng.remote.AbstractRemoteTestNG.run(AbstractRemoteTestNG.java:115)
	at org.testng.remote.RemoteTestNG.initAndRun(RemoteTestNG.java:251)
	at org.testng.remote.RemoteTestNG.main(RemoteTestNG.java:77)
Caused by: org.openqa.selenium.NoSuchElementException: no such element: Unable to locate element: {"method":"xpath","selector":"//input[@id='verificationCode']"}
  (Session info: chrome=84.0.4147.89)
For documentation on this error, please visit: http://seleniumhq.org/exceptions/no_such_element.html
Build info: version: '3.141.5', revision: 'd54ebd709a', time: '2018-11-06T11:42:16'
System info: host: 'IXC1-LT3WBDWT2', ip: '10.42.3.168', os.name: 'Windows 10', os.arch: 'amd64', os.version: '10.0', java.version: '1.8.0_162'
Driver info: org.openqa.selenium.chrome.ChromeDriver
Capabilities {acceptInsecureCerts: false, browserName: chrome, browserVersion: 84.0.4147.89, chrome: {chromedriverVersion: 83.0.4103.39 (ccbf011cb2d2b..., userDataDir: C:\Users\e3019085\AppData\L...}, goog:chromeOptions: {debuggerAddress: localhost:64501}, javascriptEnabled: true, networkConnectionEnabled: false, pageLoadStrategy: normal, platform: WINDOWS, platformName: WINDOWS, proxy: Proxy(), setWindowRect: true, strictFileInteractability: false, timeouts: {implicit: 0, pageLoad: 300000, script: 30000}, unhandledPromptBehavior: dismiss and notify, webauthn:virtualAuthenticators: true}
Session ID: 221b65ca64e4ff0897b4e63949d0862e
*** Element info: {Using=xpath, value=//input[@id='verificationCode']}
	at sun.reflect.NativeConstructorAccessorImpl.newInstance0(Native Method)
	at sun.reflect.NativeConstructorAccessorImpl.newInstance(Unknown Source)
	at sun.reflect.DelegatingConstructorAccessorImpl.newInstance(Unknown Source)
	at java.lang.reflect.Constructor.newInstance(Unknown Source)
	at org.openqa.selenium.remote.http.W3CHttpResponseCodec.createException(W3CHttpResponseCodec.java:187)
	at org.openqa.selenium.remote.http.W3CHttpResponseCodec.decode(W3CHttpResponseCodec.java:122)
	at org.openqa.selenium.remote.http.W3CHttpResponseCodec.decode(W3CHttpResponseCodec.java:49)
	at org.openqa.selenium.remote.HttpCommandExecutor.execute(HttpCommandExecutor.java:158)
	at org.openqa.selenium.remote.service.DriverCommandExecutor.execute(DriverCommandExecutor.java:83)
	at org.openqa.selenium.remote.RemoteWebDriver.execute(RemoteWebDriver.java:552)
	at org.openqa.selenium.remote.RemoteWebDriver.findElement(RemoteWebDriver.java:323)
	at org.openqa.selenium.remote.RemoteWebDriver.findElementByXPath(RemoteWebDriver.java:428)
	at org.openqa.selenium.By$ByXPath.findElement(By.java:353)
	at org.openqa.selenium.remote.RemoteWebDriver.findElement(RemoteWebDriver.java:315)
	at com.epp.webelement.BaseElement.get(BaseElement.java:46)
	at com.epp.webelement.TextBox.type(TextBox.java:28)
	... 46 more
...
2020-07-23 16:21:47 INFO  - [class com.zelle.stepdefinition.UniversalSteps] : UniversalStep: User clicks on element btnVerify
2020-07-23 16:22:17 ERROR - [class com.zelle.stepdefinition.UniversalSteps] : UniversalStep:  btnVerify Failed , java.lang.reflect.InvocationTargetException
	at sun.reflect.NativeMethodAccessorImpl.invoke0(Native Method)
	at sun.reflect.NativeMethodAccessorImpl.invoke(Unknown Source)
	at sun.reflect.DelegatingMethodAccessorImpl.invoke(Unknown Source)
	at java.lang.reflect.Method.invoke(Unknown Source)
	at com.zelle.stepdefinition.UniversalSteps.invokeElementMethod(UniversalSteps.java:119)
	at com.zelle.stepdefinition.UniversalSteps.user_clicks_on_element(UniversalSteps.java:202)
	at sun.reflect.NativeMethodAccessorImpl.invoke0(Native Method)
	at sun.reflect.NativeMethodAccessorImpl.invoke(Unknown Source)
	at sun.reflect.DelegatingMethodAccessorImpl.invoke(Unknown Source)
	at java.lang.reflect.Method.invoke(Unknown Source)
	at cucumber.runtime.Utils$1.call(Utils.java:37)
	at cucumber.runtime.Timeout.timeout(Timeout.java:13)
	at cucumber.runtime.Utils.invoke(Utils.java:31)
	at cucumber.runtime.java.JavaStepDefinition.execute(JavaStepDefinition.java:41)
	at cucumber.runtime.StepDefinitionMatch.runStep(StepDefinitionMatch.java:37)
	at cucumber.runtime.Runtime.runStep(Runtime.java:314)
	at cucumber.runtime.model.StepContainer.runStep(StepContainer.java:44)
	at cucumber.runtime.model.StepContainer.runSteps(StepContainer.java:39)
	at cucumber.runtime.model.CucumberScenario.run(CucumberScenario.java:44)
	at cucumber.runtime.model.CucumberFeature.run(CucumberFeature.java:165)
	at cucumber.api.testng.TestNGCucumberRunner.runCucumber(TestNGCucumberRunner.java:63)
	at cucumber.api.testng.AbstractTestNGCucumberTests.feature(AbstractTestNGCucumberTests.java:21)
	at sun.reflect.NativeMethodAccessorImpl.invoke0(Native Method)
	at sun.reflect.NativeMethodAccessorImpl.invoke(Unknown Source)
	at sun.reflect.DelegatingMethodAccessorImpl.invoke(Unknown Source)
	at java.lang.reflect.Method.invoke(Unknown Source)
	at org.testng.internal.MethodInvocationHelper.invokeMethod(MethodInvocationHelper.java:85)
	at org.testng.internal.Invoker.invokeMethod(Invoker.java:639)
	at org.testng.internal.Invoker.invokeTestMethod(Invoker.java:816)
	at org.testng.internal.Invoker.invokeTestMethods(Invoker.java:1124)
	at org.testng.internal.TestMethodWorker.invokeTestMethods(TestMethodWorker.java:125)
	at org.testng.internal.TestMethodWorker.run(TestMethodWorker.java:108)
	at org.testng.TestRunner.privateRun(TestRunner.java:774)
	at org.testng.TestRunner.run(TestRunner.java:624)
	at org.testng.SuiteRunner.runTest(SuiteRunner.java:359)
	at org.testng.SuiteRunner.runSequentially(SuiteRunner.java:354)
	at org.testng.SuiteRunner.privateRun(SuiteRunner.java:312)
	at org.testng.SuiteRunner.run(SuiteRunner.java:261)
	at org.testng.SuiteRunnerWorker.runSuite(SuiteRunnerWorker.java:52)
	at org.testng.SuiteRunnerWorker.run(SuiteRunnerWorker.java:86)
	at org.testng.TestNG.runSuitesSequentially(TestNG.java:1215)
	at org.testng.TestNG.runSuitesLocally(TestNG.java:1140)
	at org.testng.TestNG.run(TestNG.java:1048)
	at org.testng.remote.AbstractRemoteTestNG.run(AbstractRemoteTestNG.java:115)
	at org.testng.remote.RemoteTestNG.initAndRun(RemoteTestNG.java:251)
	at org.testng.remote.RemoteTestNG.main(RemoteTestNG.java:77)
Caused by: org.openqa.selenium.NoSuchElementException: no such element: Unable to locate element: {"method":"css selector","selector":"#ContinueButton"}
  (Session info: chrome=84.0.4147.89)
For documentation on this error, please visit: http://seleniumhq.org/exceptions/no_such_element.html
Build info: version: '3.141.5', revision: 'd54ebd709a', time: '2018-11-06T11:42:16'
System info: host: 'IXC1-LT3WBDWT2', ip: '10.42.3.168', os.name: 'Windows 10', os.arch: 'amd64', os.version: '10.0', java.version: '1.8.0_162'
Driver info: org.openqa.selenium.chrome.ChromeDriver
Capabilities {acceptInsecureCerts: false, browserName: chrome, browserVersion: 84.0.4147.89, chrome: {chromedriverVersion: 83.0.4103.39 (ccbf011cb2d2b..., userDataDir: C:\Users\e3019085\AppData\L...}, goog:chromeOptions: {debuggerAddress: localhost:64501}, javascriptEnabled: true, networkConnectionEnabled: false, pageLoadStrategy: normal, platform: WINDOWS, platformName: WINDOWS, proxy: Proxy(), setWindowRect: true, strictFileInteractability: false, timeouts: {implicit: 0, pageLoad: 300000, script: 30000}, unhandledPromptBehavior: dismiss and notify, webauthn:virtualAuthenticators: true}
Session ID: 221b65ca64e4ff0897b4e63949d0862e
*** Element info: {Using=id, value=ContinueButton}
	at sun.reflect.NativeConstructorAccessorImpl.newInstance0(Native Method)
	at sun.reflect.NativeConstructorAccessorImpl.newInstance(Unknown Source)
	at sun.reflect.DelegatingConstructorAccessorImpl.newInstance(Unknown Source)
	at java.lang.reflect.Constructor.newInstance(Unknown Source)
	at org.openqa.selenium.remote.http.W3CHttpResponseCodec.createException(W3CHttpResponseCodec.java:187)
	at org.openqa.selenium.remote.http.W3CHttpResponseCodec.decode(W3CHttpResponseCodec.java:122)
	at org.openqa.selenium.remote.http.W3CHttpResponseCodec.decode(W3CHttpResponseCodec.java:49)
	at org.openqa.selenium.remote.HttpCommandExecutor.execute(HttpCommandExecutor.java:158)
	at org.openqa.selenium.remote.service.DriverCommandExecutor.execute(DriverCommandExecutor.java:83)
	at org.openqa.selenium.remote.RemoteWebDriver.execute(RemoteWebDriver.java:552)
	at org.openqa.selenium.remote.RemoteWebDriver.findElement(RemoteWebDriver.java:323)
	at org.openqa.selenium.remote.RemoteWebDriver.findElementById(RemoteWebDriver.java:372)
	at org.openqa.selenium.By$ById.findElement(By.java:188)
	at org.openqa.selenium.remote.RemoteWebDriver.findElement(RemoteWebDriver.java:315)
	at com.epp.webelement.BaseElement.get(BaseElement.java:52)
	at com.epp.webelement.Button.click(Button.java:25)
	... 46 more
java.lang.reflect.InvocationTargetException
	at sun.reflect.NativeMethodAccessorImpl.invoke0(Native Method)
	at sun.reflect.NativeMethodAccessorImpl.invoke(Unknown Source)
	at sun.reflect.DelegatingMethodAccessorImpl.invoke(Unknown Source)
	at java.lang.reflect.Method.invoke(Unknown Source)
	at com.zelle.stepdefinition.UniversalSteps.invokeElementMethod(UniversalSteps.java:119)
	at com.zelle.stepdefinition.UniversalSteps.user_clicks_on_element(UniversalSteps.java:202)
	at sun.reflect.NativeMethodAccessorImpl.invoke0(Native Method)
	at sun.reflect.NativeMethodAccessorImpl.invoke(Unknown Source)
	at sun.reflect.DelegatingMethodAccessorImpl.invoke(Unknown Source)
	at java.lang.reflect.Method.invoke(Unknown Source)
	at cucumber.runtime.Utils$1.call(Utils.java:37)
	at cucumber.runtime.Timeout.timeout(Timeout.java:13)
	at cucumber.runtime.Utils.invoke(Utils.java:31)
	at cucumber.runtime.java.JavaStepDefinition.execute(JavaStepDefinition.java:41)
	at cucumber.runtime.StepDefinitionMatch.runStep(StepDefinitionMatch.java:37)
	at cucumber.runtime.Runtime.runStep(Runtime.java:314)
	at cucumber.runtime.model.StepContainer.runStep(StepContainer.java:44)
	at cucumber.runtime.model.StepContainer.runSteps(StepContainer.java:39)
	at cucumber.runtime.model.CucumberScenario.run(CucumberScenario.java:44)
	at cucumber.runtime.model.CucumberFeature.run(CucumberFeature.java:165)
	at cucumber.api.testng.TestNGCucumberRunner.runCucumber(TestNGCucumberRunner.java:63)
	at cucumber.api.testng.AbstractTestNGCucumberTests.feature(AbstractTestNGCucumberTests.java:21)
	at sun.reflect.NativeMethodAccessorImpl.invoke0(Native Method)
	at sun.reflect.NativeMethodAccessorImpl.invoke(Unknown Source)
	at sun.reflect.DelegatingMethodAccessorImpl.invoke(Unknown Source)
	at java.lang.reflect.Method.invoke(Unknown Source)
	at org.testng.internal.MethodInvocationHelper.invokeMethod(MethodInvocationHelper.java:85)
	at org.testng.internal.Invoker.invokeMethod(Invoker.java:639)
	at org.testng.internal.Invoker.invokeTestMethod(Invoker.java:816)
	at org.testng.internal.Invoker.invokeTestMethods(Invoker.java:1124)
	at org.testng.internal.TestMethodWorker.invokeTestMethods(TestMethodWorker.java:125)
	at org.testng.internal.TestMethodWorker.run(TestMethodWorker.java:108)
	at org.testng.TestRunner.privateRun(TestRunner.java:774)
	at org.testng.TestRunner.run(TestRunner.java:624)
	at org.testng.SuiteRunner.runTest(SuiteRunner.java:359)
	at org.testng.SuiteRunner.runSequentially(SuiteRunner.java:354)
	at org.testng.SuiteRunner.privateRun(SuiteRunner.java:312)
	at org.testng.SuiteRunner.run(SuiteRunner.java:261)
	at org.testng.SuiteRunnerWorker.runSuite(SuiteRunnerWorker.java:52)
	at org.testng.SuiteRunnerWorker.run(SuiteRunnerWorker.java:86)
	at org.testng.TestNG.runSuitesSequentially(TestNG.java:1215)
	at org.testng.TestNG.runSuitesLocally(TestNG.java:1140)
	at org.testng.TestNG.run(TestNG.java:1048)
	at org.testng.remote.AbstractRemoteTestNG.run(AbstractRemoteTestNG.java:115)
	at org.testng.remote.RemoteTestNG.initAndRun(RemoteTestNG.java:251)
	at org.testng.remote.RemoteTestNG.main(RemoteTestNG.java:77)
Caused by: org.openqa.selenium.NoSuchElementException: no such element: Unable to locate element: {"method":"css selector","selector":"#AllDoneButton"}
  (Session info: chrome=84.0.4147.89)
For documentation on this error, please visit: http://seleniumhq.org/exceptions/no_such_element.html
Build info: version: '3.141.5', revision: 'd54ebd709a', time: '2018-11-06T11:42:16'
System info: host: 'IXC1-LT3WBDWT2', ip: '10.42.3.168', os.name: 'Windows 10', os.arch: 'amd64', os.version: '10.0', java.version: '1.8.0_162'
Driver info: org.openqa.selenium.chrome.ChromeDriver
Capabilities {acceptInsecureCerts: false, browserName: chrome, browserVersion: 84.0.4147.89, chrome: {chromedriverVersion: 83.0.4103.39 (ccbf011cb2d2b..., userDataDir: C:\Users\e3019085\AppData\L...}, goog:chromeOptions: {debuggerAddress: localhost:64501}, javascriptEnabled: true, networkConnectionEnabled: false, pageLoadStrategy: normal, platform: WINDOWS, platformName: WINDOWS, proxy: Proxy(), setWindowRect: true, strictFileInteractability: false, timeouts: {implicit: 0, pageLoad: 300000, script: 30000}, unhandledPromptBehavior: dismiss and notify, webauthn:virtualAuthenticators: true}
Session ID: 221b65ca64e4ff0897b4e63949d0862e
*** Element info: {Using=id, value=AllDoneButton}
	at sun.reflect.NativeConstructorAccessorImpl.newInstance0(Native Method)
	at sun.reflect.NativeConstructorAccessorImpl.newInstance(Unknown Source)
	at sun.reflect.DelegatingConstructorAccessorImpl.newInstance(Unknown Source)
	at java.lang.reflect.Constructor.newInstance(Unknown Source)
	at org.openqa.selenium.remote.http.W3CHttpResponseCodec.createException(W3CHttpResponseCodec.java:187)
	at org.openqa.selenium.remote.http.W3CHttpResponseCodec.decode(W3CHttpResponseCodec.java:122)
	at org.openqa.selenium.remote.http.W3CHttpResponseCodec.decode(W3CHttpResponseCodec.java:49)
	at org.openqa.selenium.remote.HttpCommandExecutor.execute(HttpCommandExecutor.java:158)
	at org.openqa.selenium.remote.service.DriverCommandExecutor.execute(DriverCommandExecutor.java:83)
	at org.openqa.selenium.remote.RemoteWebDriver.execute(RemoteWebDriver.java:552)
	at org.openqa.selenium.remote.RemoteWebDriver.findElement(RemoteWebDriver.java:323)
	at org.openqa.selenium.remote.RemoteWebDriver.findElementById(RemoteWebDriver.java:372)
	at org.openqa.selenium.By$ById.findElement(By.java:188)
	at org.openqa.selenium.remote.RemoteWebDriver.findElement(RemoteWebDriver.java:315)
	at com.epp.webelement.BaseElement.get(BaseElement.java:52)
	at com.epp.webelement.Button.click(Button.java:25)
	... 46 more
java.lang.reflect.InvocationTargetException
	at sun.reflect.NativeMethodAccessorImpl.invoke0(Native Method)
	at sun.reflect.NativeMethodAccessorImpl.invoke(Unknown Source)
	at sun.reflect.DelegatingMethodAccessorImpl.invoke(Unknown Source)
	at java.lang.reflect.Method.invoke(Unknown Source)
	at com.zelle.stepdefinition.UniversalSteps.invokeElementMethod(UniversalSteps.java:119)
	at com.zelle.stepdefinition.UniversalSteps.user_types_in_textbox(UniversalSteps.java:225)
	at sun.reflect.NativeMethodAccessorImpl.invoke0(Native Method)
	at sun.reflect.NativeMethodAccessorImpl.invoke(Unknown Source)
	at sun.reflect.DelegatingMethodAccessorImpl.invoke(Unknown Source)
	at java.lang.reflect.Method.invoke(Unknown Source)
	at cucumber.runtime.Utils$1.call(Utils.java:37)
	at cucumber.runtime.Timeout.timeout(Timeout.java:13)
	at cucumber.runtime.Utils.invoke(Utils.java:31)
	at cucumber.runtime.java.JavaStepDefinition.execute(JavaStepDefinition.java:41)
	at cucumber.runtime.StepDefinitionMatch.runStep(StepDefinitionMatch.java:37)
	at cucumber.runtime.Runtime.runStep(Runtime.java:314)
	at cucumber.runtime.model.StepContainer.runStep(StepContainer.java:44)
	at cucumber.runtime.model.StepContainer.runSteps(StepContainer.java:39)
	at cucumber.runtime.model.CucumberScenario.run(CucumberScenario.java:44)
	at cucumber.runtime.model.CucumberFeature.run(CucumberFeature.java:165)
	at cucumber.api.testng.TestNGCucumberRunner.runCucumber(TestNGCucumberRunner.java:63)
	at cucumber.api.testng.AbstractTestNGCucumberTests.feature(AbstractTestNGCucumberTests.java:21)
	at sun.reflect.NativeMethodAccessorImpl.invoke0(Native Method)
	at sun.reflect.NativeMethodAccessorImpl.invoke(Unknown Source)
	at sun.reflect.DelegatingMethodAccessorImpl.invoke(Unknown Source)
	at java.lang.reflect.Method.invoke(Unknown Source)
	at org.testng.internal.MethodInvocationHelper.invokeMethod(MethodInvocationHelper.java:85)
	at org.testng.internal.Invoker.invokeMethod(Invoker.java:639)
	at org.testng.internal.Invoker.invokeTestMethod(Invoker.java:816)
	at org.testng.internal.Invoker.invokeTestMethods(Invoker.java:1124)
	at org.testng.internal.TestMethodWorker.invokeTestMethods(TestMethodWorker.java:125)
	at org.testng.internal.TestMethodWorker.run(TestMethodWorker.java:108)
	at org.testng.TestRunner.privateRun(TestRunner.java:774)
	at org.testng.TestRunner.run(TestRunner.java:624)
	at org.testng.SuiteRunner.runTest(SuiteRunner.java:359)
	at org.testng.SuiteRunner.runSequentially(SuiteRunner.java:354)
	at org.testng.SuiteRunner.privateRun(SuiteRunner.java:312)
	at org.testng.SuiteRunner.run(SuiteRunner.java:261)
	at org.testng.SuiteRunnerWorker.runSuite(SuiteRunnerWorker.java:52)
	at org.testng.SuiteRunnerWorker.run(SuiteRunnerWorker.java:86)
	at org.testng.TestNG.runSuitesSequentially(TestNG.java:1215)
	at org.testng.TestNG.runSuitesLocally(TestNG.java:1140)
	at org.testng.TestNG.run(TestNG.java:1048)
	at org.testng.remote.AbstractRemoteTestNG.run(AbstractRemoteTestNG.java:115)
	at org.testng.remote.RemoteTestNG.initAndRun(RemoteTestNG.java:251)
	at org.testng.remote.RemoteTestNG.main(RemoteTestNG.java:77)
Caused by: org.openqa.selenium.NoSuchElementException: no such element: Unable to locate element: {"method":"xpath","selector":"//input[@id='verificationCode']"}
  (Session info: chrome=84.0.4147.89)
For documentation on this error, please visit: http://seleniumhq.org/exceptions/no_such_element.html
Build info: version: '3.141.5', revision: 'd54ebd709a', time: '2018-11-06T11:42:16'
System info: host: 'IXC1-LT3WBDWT2', ip: '10.42.3.168', os.name: 'Windows 10', os.arch: 'amd64', os.version: '10.0', java.version: '1.8.0_162'
Driver info: org.openqa.selenium.chrome.ChromeDriver
Capabilities {acceptInsecureCerts: false, browserName: chrome, browserVersion: 84.0.4147.89, chrome: {chromedriverVersion: 83.0.4103.39 (ccbf011cb2d2b..., userDataDir: C:\Users\e3019085\AppData\L...}, goog:chromeOptions: {debuggerAddress: localhost:64501}, javascriptEnabled: true, networkConnectionEnabled: false, pageLoadStrategy: normal, platform: WINDOWS, platformName: WINDOWS, proxy: Proxy(), setWindowRect: true, strictFileInteractability: false, timeouts: {implicit: 0, pageLoad: 300000, script: 30000}, unhandledPromptBehavior: dismiss and notify, webauthn:virtualAuthenticators: true}
Session ID: 221b65ca64e4ff0897b4e63949d0862e
*** Element info: {Using=xpath, value=//input[@id='verificationCode']}
	at sun.reflect.NativeConstructorAccessorImpl.newInstance0(Native Method)
	at sun.reflect.NativeConstructorAccessorImpl.newInstance(Unknown Source)
	at sun.reflect.DelegatingConstructorAccessorImpl.newInstance(Unknown Source)
	at java.lang.reflect.Constructor.newInstance(Unknown Source)
	at org.openqa.selenium.remote.http.W3CHttpResponseCodec.createException(W3CHttpResponseCodec.java:187)
	at org.openqa.selenium.remote.http.W3CHttpResponseCodec.decode(W3CHttpResponseCodec.java:122)
	at org.openqa.selenium.remote.http.W3CHttpResponseCodec.decode(W3CHttpResponseCodec.java:49)
	at org.openqa.selenium.remote.HttpCommandExecutor.execute(HttpCommandExecutor.java:158)
	at org.openqa.selenium.remote.service.DriverCommandExecutor.execute(DriverCommandExecutor.java:83)
	at org.openqa.selenium.remote.RemoteWebDriver.execute(RemoteWebDriver.java:552)
	at org.openqa.selenium.remote.RemoteWebDriver.findElement(RemoteWebDriver.java:323)
	at org.openqa.selenium.remote.RemoteWebDriver.findElementByXPath(RemoteWebDriver.java:428)
	at org.openqa.selenium.By$ByXPath.findElement(By.java:353)
	at org.openqa.selenium.remote.RemoteWebDriver.findElement(RemoteWebDriver.java:315)
	at com.epp.webelement.BaseElement.get(BaseElement.java:46)
	at com.epp.webelement.TextBox.type(TextBox.java:28)
	... 46 more
java.lang.reflect.InvocationTargetException
	at sun.reflect.NativeMethodAccessorImpl.invoke0(Native Method)
	at sun.reflect.NativeMethodAccessorImpl.invoke(Unknown Source)
	at sun.reflect.DelegatingMethodAccessorImpl.invoke(Unknown Source)
	at java.lang.reflect.Method.invoke(Unknown Source)
	at com.zelle.stepdefinition.UniversalSteps.invokeElementMethod(UniversalSteps.java:119)
	at com.zelle.stepdefinition.UniversalSteps.user_clicks_on_element(UniversalSteps.java:202)
	at sun.reflect.NativeMethodAccessorImpl.invoke0(Native Method)
	at sun.reflect.NativeMethodAccessorImpl.invoke(Unknown Source)
	at sun.reflect.DelegatingMethodAccessorImpl.invoke(Unknown Source)
	at java.lang.reflect.Method.invoke(Unknown Source)
	at cucumber.runtime.Utils$1.call(Utils.java:37)
	at cucumber.runtime.Timeout.timeout(Timeout.java:13)
	at cucumber.runtime.Utils.invoke(Utils.java:31)
	at cucumber.runtime.java.JavaStepDefinition.execute(JavaStepDefinition.java:41)
	at cucumber.runtime.StepDefinitionMatch.runStep(StepDefinitionMatch.java:37)
	at cucumber.runtime.Runtime.runStep(Runtime.java:314)
	at cucumber.runtime.model.StepContainer.runStep(StepContainer.java:44)
	at cucumber.runtime.model.StepContainer.runSteps(StepContainer.java:39)
	at cucumber.runtime.model.CucumberScenario.run(CucumberScenario.java:44)
	at cucumber.runtime.model.CucumberFeature.run(CucumberFeature.java:165)
	at cucumber.api.testng.TestNGCucumberRunner.runCucumber(TestNGCucumberRunner.java:63)
	at cucumber.api.testng.AbstractTestNGCucumberTests.feature(AbstractTestNGCucumberTests.java:21)
	at sun.reflect.NativeMethodAccessorImpl.invoke0(Native Method)
	at sun.reflect.NativeMethodAccessorImpl.invoke(Unknown Source)
	at sun.reflect.DelegatingMethodAccessorImpl.invoke(Unknown Source)
	at java.lang.reflect.Method.invoke(Unknown Source)
	at org.testng.internal.MethodInvocationHelper.invokeMethod(MethodInvocationHelper.java:85)
	at org.testng.internal.Invoker.invokeMethod(Invoker.java:639)
	at org.testng.internal.Invoker.invokeTestMethod(Invoker.java:816)
	at org.testng.internal.Invoker.invokeTestMethods(Invoker.java:1124)
	at org.testng.internal.TestMethodWorker.invokeTestMethods(TestMethodWorker.java:125)
	at org.testng.internal.TestMethodWorker.run(TestMethodWorker.java:108)
	at org.testng.TestRunner.privateRun(TestRunner.java:774)
	at org.testng.TestRunner.run(TestRunner.java:624)
	at org.testng.SuiteRunner.runTest(SuiteRunner.java:359)
	at org.testng.SuiteRunner.runSequentially(SuiteRunner.java:354)
	at org.testng.SuiteRunner.privateRun(SuiteRunner.java:312)
	at org.testng.SuiteRunner.run(SuiteRunner.java:261)
	at org.testng.SuiteRunnerWorker.runSuite(SuiteRunnerWorker.java:52)
	at org.testng.SuiteRunnerWorker.run(SuiteRunnerWorker.java:86)
	at org.testng.TestNG.runSuitesSequentially(TestNG.java:1215)
	at org.testng.TestNG.runSuitesLocally(TestNG.java:1140)
	at org.testng.TestNG.run(TestNG.java:1048)
	at org.testng.remote.AbstractRemoteTestNG.run(AbstractRemoteTestNG.java:115)
	at org.testng.remote.RemoteTestNG.initAndRun(RemoteTestNG.java:251)
	at org.testng.remote.RemoteTestNG.main(RemoteTestNG.java:77)
Caused by: org.openqa.selenium.NoSuchElementException: no such element: Unable to locate element: {"method":"xpath","selector":"//button[@class='button primary verifyButton ui-btn ui-shadow ui-corner-all']"}
  (Session info: chrome=84.0.4147.89)
For documentation on this error, please visit: http://seleniumhq.org/exceptions/no_such_element.html
Build info: version: '3.141.5', revision: 'd54ebd709a', time: '2018-11-06T11:42:16'
System info: host: 'IXC1-LT3WBDWT2', ip: '10.42.3.168', os.name: 'Windows 10', os.arch: 'amd64', os.version: '10.0', java.version: '1.8.0_162'
Driver info: org.openqa.selenium.chrome.ChromeDriver
Capabilities {acceptInsecureCerts: false, browserName: chrome, browserVersion: 84.0.4147.89, chrome: {chromedriverVersion: 83.0.4103.39 (ccbf011cb2d2b..., userDataDir: C:\Users\e3019085\AppData\L...}, goog:chromeOptions: {debuggerAddress: localhost:64501}, javascriptEnabled: true, networkConnectionEnabled: false, pageLoadStrategy: normal, platform: WINDOWS, platformName: WINDOWS, proxy: Proxy(), setWindowRect: true, strictFileInteractability: false, timeouts: {implicit: 0, pageLoad: 300000, script: 30000}, unhandledPromptBehavior: dismiss and notify, webauthn:virtualAuthenticators: true}
Session ID: 221b65ca64e4ff0897b4e63949d0862e
*** Element info: {Using=xpath, value=//button[@class='button primary verifyButton ui-btn ui-shadow ui-corner-all']}
	at sun.reflect.NativeConstructorAccessorImpl.newInstance0(Native Method)
	at sun.reflect.NativeConstructorAccessorImpl.newInstance(Unknown Source)
	at sun.reflect.DelegatingConstructorAccessorImpl.newInstance(Unknown Source)
	at java.lang.reflect.Constructor.newInstance(Unknown Source)
	at org.openqa.selenium.remote.http.W3CHttpResponseCodec.createException(W3CHttpResponseCodec.java:187)
	at org.openqa.selenium.remote.http.W3CHttpResponseCodec.decode(W3CHttpResponseCodec.java:122)
	at org.openqa.selenium.remote.http.W3CHttpResponseCodec.decode(W3CHttpResponseCodec.java:49)
	at org.openqa.selenium.remote.HttpCommandExecutor.execute(HttpCommandExecutor.java:158)
	at org.openqa.selenium.remote.service.DriverCommandExecutor.execute(DriverCommandExecutor.java:83)
	at org.openqa.selenium.remote.RemoteWebDriver.execute(RemoteWebDriver.java:552)
	at org.openqa.selenium.remote.RemoteWebDriver.findElement(RemoteWebDriver.java:323)
	at org.openqa.selenium.remote.RemoteWebDriver.findElementByXPath(RemoteWebDriver.java:428)
	at org.openqa.selenium.By$ByXPath.findElement(By.java:353)
	at org.openqa.selenium.remote.RemoteWebDriver.findElement(RemoteWebDriver.java:315)
	at com.epp.webelement.BaseElement.get(BaseElement.java:46)
	at com.epp.webelement.Button.click(Button.java:25)
	... 46 more
...
2020-07-23 16:22:17 INFO  - [class com.zelle.stepdefinition.UniversalSteps] : UniversalStep: User clicks on element btnSendOrRequestMoney
2020-07-23 16:31:49 INFO  - [class com.epp.executor.CukeExecutor] : Initiating drivers
2020-07-23 16:31:49 INFO  - [class com.epp.initdriver.RDPDriver] : Setup the new driver
2020-07-23 16:31:52 INFO  - [class com.epp.initdriver.RDPDriver] : Created Chrome driver instace
2020-07-23 16:31:52 INFO  - [class com.epp.initdriver.RDPDriver] : Maximize the explorer window
2020-07-23 16:31:52 INFO  - [class com.epp.executor.CukeExecutor] : Initialisation of drivers is completed successfully
2020-07-23 16:31:53 DEBUG - FileName set to C:\SeleniumWorkspace\DigiPayZelleAutomation\src\main\java\com\epp\config\Logger.properties
2020-07-23 16:31:53 DEBUG - ConfigurationUtils.locate(): base is null, name is C:\SeleniumWorkspace\DigiPayZelleAutomation\src\main\java\com\epp\config\Logger.properties
2020-07-23 16:31:53 DEBUG - Could not locate file C:\SeleniumWorkspace\DigiPayZelleAutomation\src\main\java\com\epp\config\Logger.properties at null: unknown protocol: c
2020-07-23 16:31:53 DEBUG - Loading configuration from the absolute path C:\SeleniumWorkspace\DigiPayZelleAutomation\src\main\java\com\epp\config\Logger.properties
2020-07-23 16:31:53 DEBUG - Base path set to file:///C:/SeleniumWorkspace/DigiPayZelleAutomation/src/main/java/com/epp/config/Logger.properties
