2020-07-24 14:54:16 INFO  - [class com.epp.executor.CukeExecutor] : Initiating Loggers Instance with file name: ZelleLogger_07_24_2020 14_54_16
2020-07-24 14:54:16 INFO  - [class com.epp.executor.CukeExecutor] : Initiating Extent Reports Instance with file name: ZelleTestReport_07_24_2020 14_54_16
2020-07-24 14:54:16 INFO  - [class com.zelle.stepdefinition.UniversalSteps] : UniversalStep: Create user one using services and Launch URL
2020-07-24 14:54:16 INFO  - [class com.epp.api.executor.APIExecutor] : API Executor constructor, assigning all the values to variable of API 
2020-07-24 14:54:16 INFO  - [class com.epp.api.executor.APIExecutor] : Closing all the instances of Excel sheets
2020-07-24 14:54:16 INFO  - [class com.epp.api.executor.APIExecutor] : Request which need to run: AddConsumer.xml
2020-07-24 14:54:16 INFO  - [class com.epp.api.utils.APIGenerics] : Reading the file and returing the document instance
2020-07-24 14:54:16 INFO  - [class com.epp.api.executor.APIExecutor] : Reading XML file into Document instance is done
2020-07-24 14:54:17 INFO  - [class com.epp.api.utils.APIGenerics] : keyValueData generated:  {TCName=, wsse:Username=, wsse:Password=, req:MtvnSvcVer=, req:ApplID=, req:SvcID=, req:SvcVer=, req:RoutingID=, com1:addr1=, com1:city=, com1:state=, com1:postalCode=, com1:country=, com1:type=, com1:number=, com1:isPrimary=, com1:email=, com1:userId=}
2020-07-24 14:54:17 INFO  - [class com.epp.api.utils.APIGenerics] : keyValueData generated:  {TCName=Zelle_AddConsumer_TC01, wsse:Username=FISEPAY_DEV, wsse:Password=RaDrup5E4awreP, req:MtvnSvcVer=v1.6.0, req:ApplID=ZELLE, req:SvcID=AddConsumer, req:SvcVer=v1.6.0, req:RoutingID=fis-50202, com1:addr1=10610 Faulkner Point way, com1:city=Irving, com1:state=TX, com1:postalCode=75063-1234, com1:country=US, com1:type=HOME, com1:number=100001111189, com1:isPrimary=true, com1:email=gulabo@yahoo.com, com1:userId=xyxde9111117}
2020-07-24 14:54:17 INFO  - [class com.epp.api.utils.APIGenerics] : keyValueData generated:  {TCName=Zelle_AddConsumer_TC01, wsse:Username=FISEPAY_DEV, wsse:Password=RaDrup5E4awreP, req:MtvnSvcVer=v1.6.0, req:ApplID=ZELLE, req:SvcID=AddConsumer, req:SvcVer=v1.6.0, req:RoutingID=fis-50202, com1:addr1=10610 Faulkner Point way, com1:city=Irving, com1:state=TX, com1:postalCode=75063-1234, com1:country=US, com1:type=HOME, com1:number=100001111189, com1:isPrimary=true, com1:email=gulabo@yahoo.com, com1:userId=xyxde9111117}
2020-07-24 14:54:17 INFO  - [class com.epp.api.utils.APIGenerics] : Random alphaNumeric generate: MiiMa8
2020-07-24 14:54:17 INFO  - [class com.epp.api.utils.APIGenerics] : Random alphabet generate: WnNu
2020-07-24 14:54:17 INFO  - [class com.epp.api.utils.APIGenerics] : Random number generate: 94339
2020-07-24 14:54:17 INFO  - [class com.epp.api.utils.APIGenerics] : Random email id generate: WnNu94339@yahoo.com
2020-07-24 14:54:17 INFO  - [class com.epp.api.utils.APIGenerics] : Random number generate: 2352906
2020-07-24 14:54:17 INFO  - [class com.epp.api.utils.APIGenerics] : Random phone generate: 2012352906
2020-07-24 14:54:17 INFO  - [class com.epp.api.utils.APIGenerics] : Parcing of xml file is done
2020-07-24 14:54:17 INFO  - [class com.epp.api.utils.APIGenerics] : Getting timestamp in yyyyMMdd_HHmmss this formats 
2020-07-24 14:54:17 INFO  - [class com.epp.api.utils.APIGenerics] : Creating the xml file at run level
2020-07-24 14:54:17 INFO  - [class com.epp.api.executor.APIExecutor] : Hitting the request using post method
2020-07-24 14:54:17 INFO  - [class com.epp.api.soaphit.GetSoapResponse] : Into Post Method
2020-07-24 14:54:17 INFO  - [class com.epp.api.soaphit.GetSoapResponse] : Base End Point URL: https://localhost:1122/services/port
2020-07-24 14:54:17 INFO  - [class com.epp.api.soaphit.GetSoapResponse] : XML request file path: C:\SeleniumWorkspace\DigiPayZelleAutomation\src\main\java\com\epp\api\temp\Request_Zelle_AddConsumer_TC01_20200724_145417.xml
2020-07-24 14:54:18 DEBUG - Get connection for route {s}->https://localhost:1122
2020-07-24 14:54:18 DEBUG - Connecting to localhost:1122
2020-07-24 14:54:19 DEBUG - CookieSpec selected: ignoreCookies
2020-07-24 14:54:19 DEBUG - Auth cache not set in the context
2020-07-24 14:54:19 DEBUG - Target auth state: UNCHALLENGED
2020-07-24 14:54:19 DEBUG - Proxy auth state: UNCHALLENGED
2020-07-24 14:54:19 DEBUG - Attempt 1 to execute request
2020-07-24 14:54:19 DEBUG - Sending request: POST /services/port/v1_6 HTTP/1.1
2020-07-24 14:54:19 DEBUG -  >> "POST /services/port/v1_6 HTTP/1.1[\r][\n]"
2020-07-24 14:54:19 DEBUG -  >> "SOAPAction: authenticate[\r][\n]"
2020-07-24 14:54:19 DEBUG -  >> "Accept: */*[\r][\n]"
2020-07-24 14:54:19 DEBUG -  >> "Content-Type: application/soap+xml; charset=UTF-8;[\r][\n]"
2020-07-24 14:54:19 DEBUG -  >> "Content-Length: 5407[\r][\n]"
2020-07-24 14:54:19 DEBUG -  >> "Host: localhost:1122[\r][\n]"
2020-07-24 14:54:19 DEBUG -  >> "Connection: Keep-Alive[\r][\n]"
2020-07-24 14:54:19 DEBUG -  >> "User-Agent: Apache-HttpClient/4.5.3 (Java/1.8.0_162)[\r][\n]"
2020-07-24 14:54:19 DEBUG -  >> "Accept-Encoding: gzip,deflate[\r][\n]"
2020-07-24 14:54:19 DEBUG -  >> "[\r][\n]"
2020-07-24 14:54:19 DEBUG - >> POST /services/port/v1_6 HTTP/1.1
2020-07-24 14:54:19 DEBUG - >> SOAPAction: authenticate
2020-07-24 14:54:19 DEBUG - >> Accept: */*
2020-07-24 14:54:19 DEBUG - >> Content-Type: application/soap+xml; charset=UTF-8;
2020-07-24 14:54:19 DEBUG - >> Content-Length: 5407
2020-07-24 14:54:19 DEBUG - >> Host: localhost:1122
2020-07-24 14:54:19 DEBUG - >> Connection: Keep-Alive
2020-07-24 14:54:19 DEBUG - >> User-Agent: Apache-HttpClient/4.5.3 (Java/1.8.0_162)
2020-07-24 14:54:19 DEBUG - >> Accept-Encoding: gzip,deflate
2020-07-24 14:54:19 DEBUG -  >> "<?xml version="1.0" encoding="UTF-8" standalone="no"?><soapenv:Envelope xmlns:soapenv="http://schemas.xmlsoap.org/soap/envelope/" xmlns:com="http://metavante.com/types/common" xmlns:com1="http://epayments.metavante.com/types/common" xmlns:req="http://epayments.metavante.com/types/request" xmlns:req1="http://epayments.metavante.com/types/consumerPayee/request" xmlns:req2="http://epayments.metavante.com/types/fi/request" xmlns:req3="http://epayments.metavante.com/types/fundingAccount/request" xmlns:req4="http://epayments.metavante.com/types/merchant/request" xmlns:req5="http://epayments.metavante.com/types/security/request" xmlns:req6="http://epayments.metavante.com/types/user/request" xmlns:req7="http://epayments.metavante.com/types/consumer/request" xmlns:req8="http://epayments.metavante.com/types/checkimage/request" xmlns:wsse="http://docs.oasis-open.org/wss/2004/01/oasis-200401-wss-wssecurity-secext-1.0.xsd">[\r][\n]"
2020-07-24 14:54:19 DEBUG -  >> "   <soapenv:Header>[\r][\n]"
2020-07-24 14:54:19 DEBUG -  >> "      <wsse:Security>[\r][\n]"
2020-07-24 14:54:19 DEBUG -  >> "         <wsse:UsernameToken>[\r][\n]"
2020-07-24 14:54:19 DEBUG -  >> "            <wsse:Username>FISEPAY_DEV</wsse:Username>[\r][\n]"
2020-07-24 14:54:19 DEBUG -  >> "            <wsse:Password>RaDrup5E4awreP</wsse:Password>[\r][\n]"
2020-07-24 14:54:19 DEBUG -  >> "         </wsse:UsernameToken>[\r][\n]"
2020-07-24 14:54:19 DEBUG -  >> "      </wsse:Security>[\r][\n]"
2020-07-24 14:54:19 DEBUG -  >> "   </soapenv:Header>[\r][\n]"
2020-07-24 14:54:19 DEBUG -  >> "   <soapenv:Body>[\r][\n]"
2020-07-24 14:54:19 DEBUG -  >> "      <req:EbMtvnSvcReq>[\r][\n]"
2020-07-24 14:54:19 DEBUG -  >> "         <req:MtvnSvcVer>v1.6.0</req:MtvnSvcVer>[\r][\n]"
2020-07-24 14:54:19 DEBUG -  >> "         <req:MsgUUID>?</req:MsgUUID>[\r][\n]"
2020-07-24 14:54:19 DEBUG -  >> "         <req:PrcsParms>[\r][\n]"
2020-07-24 14:54:19 DEBUG -  >> "            <req:SrcID>MVEPAY</req:SrcID>[\r][\n]"
2020-07-24 14:54:19 DEBUG -  >> "         </req:PrcsParms>[\r][\n]"
2020-07-24 14:54:19 DEBUG -  >> "         <req:Svc>[\r][\n]"
2020-07-24 14:54:19 DEBUG -  >> "            <req:SvcParms>[\r][\n]"
2020-07-24 14:54:19 DEBUG -  >> "               <req:ApplID>ZELLE</req:ApplID>[\r][\n]"
2020-07-24 14:54:19 DEBUG -  >> "               <req:SvcID>AddConsumer</req:SvcID>[\r][\n]"
2020-07-24 14:54:19 DEBUG -  >> "               <req:SvcVer>v1.6.0</req:SvcVer>[\r][\n]"
2020-07-24 14:54:19 DEBUG -  >> "               <req:RoutingID>fis-50202</req:RoutingID>[\r][\n]"
2020-07-24 14:54:19 DEBUG -  >> "            </req:SvcParms>[\r][\n]"
2020-07-24 14:54:19 DEBUG -  >> "            <req:MsgData>[\r][\n]"
2020-07-24 14:54:19 DEBUG -  >> "               <req:AddConsumer>[\r][\n]"
2020-07-24 14:54:19 DEBUG -  >> "                  <req1:locale>en-US</req1:locale>[\r][\n]"
2020-07-24 14:54:19 DEBUG -  >> "                  <com:channelName/>[\r][\n]"
2020-07-24 14:54:19 DEBUG -  >> "                  <req7:consumerInfo>[\r][\n]"
2020-07-24 14:54:19 DEBUG -  >> "                     <com1:individualConsumer>[\r][\n]"
2020-07-24 14:54:19 DEBUG -  >> "                        <com1:firstName>manjinder</com1:firstName>[\r][\n]"
2020-07-24 14:54:19 DEBUG -  >> "                        <com1:middleName>Y</com1:middleName>[\r][\n]"
2020-07-24 14:54:19 DEBUG -  >> "                        <com1:lastName>singh</com1:lastName>[\r][\n]"
2020-07-24 14:54:19 DEBUG -  >> "                        <com1:SSN>999-99-0000</com1:SSN>[\r][\n]"
2020-07-24 14:54:19 DEBUG -  >> "                        <com1:birthDate>1984-12-31</com1:birthDate>[\r][\n]"
2020-07-24 14:54:19 DEBUG -  >> "                     </com1:individualConsumer>[\r][\n]"
2020-07-24 14:54:19 DEBUG -  >> "                     <com1:address>[\r][\n]"
2020-07-24 14:54:19 DEBUG -  >> "                        <com1:addr1>10610 Faulkner Point way</com1:addr1>[\r][\n]"
2020-07-24 14:54:19 DEBUG -  >> "                        <com1:city>Irving</com1:city>[\r][\n]"
2020-07-24 14:54:19 DEBUG -  >> "                        <com1:state>TX</com1:state>[\r][\n]"
2020-07-24 14:54:19 DEBUG -  >> "                        <com1:postalCode>75063-1234</com1:postalCode>[\r][\n]"
2020-07-24 14:54:19 DEBUG -  >> "                        <com1:country>US</com1:country>[\r][\n]"
2020-07-24 14:54:19 DEBUG -  >> "                        <com1:phoneNumberList>[\r][\n]"
2020-07-24 14:54:19 DEBUG -  >> "                           <com1:phoneNumber>[\r][\n]"
2020-07-24 14:54:19 DEBUG -  >> "                              <com1:type>HOME</com1:type>[\r][\n]"
2020-07-24 14:54:19 DEBUG -  >> "                            <com1:number>2012352906</com1:number>[\r][\n]"
2020-07-24 14:54:19 DEBUG -  >> "                              <com1:isPrimary>true</com1:isPrimary>[\r][\n]"
2020-07-24 14:54:19 DEBUG -  >> "                           </com1:phoneNumber>[\r][\n]"
2020-07-24 14:54:19 DEBUG -  >> "                        </com1:phoneNumberList>[\r][\n]"
2020-07-24 14:54:19 DEBUG -  >> "                     </com1:address>[\r][\n]"
2020-07-24 14:54:19 DEBUG -  >> "                     <com1:email>WnNu94339@yahoo.com</com1:email>[\r][\n]"
2020-07-24 14:54:19 DEBUG -  >> "                     <!--com1:serviceId>1</com1:serviceId-->[\r][\n]"
2020-07-24 14:54:19 DEBUG -  >> "                     <com1:termsAcceptedDate>2009-05-01T12:06:12Z</com1:termsAcceptedDate>[\r][\n]"
2020-07-24 14:54:19 DEBUG -  >> "                     <com1:paymentLimits>[\r][\n]"
2020-07-24 14:54:19 DEBUG -  >> "                        <com1:transactionLimit>[\r][\n]"
2020-07-24 14:54:19 DEBUG -  >> "                           <com1:amount>1</com1:amount>[\r][\n]"
2020-07-24 14:54:19 DEBUG -  >> "                           <com1:currencyCode>USD</com1:currencyCode>[\r][\n]"
2020-07-24 14:54:19 DEBUG -  >> "                        </com1:transactionLimit>[\r][\n]"
2020-07-24 14:54:19 DEBUG -  >> "                        <com1:dailyLimit>[\r][\n]"
2020-07-24 14:54:19 DEBUG -  >> "                           <com1:amount>1</com1:amount>[\r][\n]"
2020-07-24 14:54:19 DEBUG -  >> "                           <com1:currencyCode>USD</com1:currencyCode>[\r][\n]"
2020-07-24 14:54:19 DEBUG -  >> "                        </com1:dailyLimit>[\r][\n]"
2020-07-24 14:54:19 DEBUG -  >> "                     </com1:paymentLimits>[\r][\n]"
2020-07-24 14:54:19 DEBUG -  >> "                     <com1:emailFormatPreference>HTML</com1:emailFormatPreference>[\r][\n]"
2020-07-24 14:54:19 DEBUG -  >> "                  </req7:consumerInfo>[\r][\n]"
2020-07-24 14:54:19 DEBUG -  >> "                  <req7:userInfo>[\r][\n]"
2020-07-24 14:54:19 DEBUG -  >> "                     <com1:firstName>manjinder</com1:firstName>[\r][\n]"
2020-07-24 14:54:19 DEBUG -  >> "                     <com1:middleName>Y</com1:middleName>[\r][\n]"
2020-07-24 14:54:19 DEBUG -  >> "                     <com1:lastName>singh</com1:lastName>[\r][\n]"
2020-07-24 14:54:19 DEBUG -  >> "                     <com1:address>[\r][\n]"
2020-07-24 14:54:19 DEBUG -  >> "                        <com1:addr1>10610 Faulkner Point way</com1:addr1>[\r][\n]"
2020-07-24 14:54:19 DEBUG -  >> "                        <com1:city>Irving</com1:city>[\r][\n]"
2020-07-24 14:54:19 DEBUG -  >> "                        <com1:state>TX</com1:state>[\r][\n]"
2020-07-24 14:54:19 DEBUG -  >> "                        <com1:postalCode>75063-1234</com1:postalCode>[\r][\n]"
2020-07-24 14:54:19 DEBUG -  >> "                        <com1:country>US</com1:country>[\r][\n]"
2020-07-24 14:54:19 DEBUG -  >> "                        <com1:phoneNumberList>[\r][\n]"
2020-07-24 14:54:19 DEBUG -  >> "                           <com1:phoneNumber>[\r][\n]"
2020-07-24 14:54:19 DEBUG -  >> "                              <com1:type>HOME</com1:type>[\r][\n]"
2020-07-24 14:54:19 DEBUG -  >> "                              <com1:number>2012352906</com1:number>[\r][\n]"
2020-07-24 14:54:19 DEBUG -  >> "                              <com1:isPrimary>true</com1:isPrimary>[\r][\n]"
2020-07-24 14:54:19 DEBUG -  >> "                           </com1:phoneNumber>[\r][\n]"
2020-07-24 14:54:19 DEBUG -  >> "                        </com1:phoneNumberList>[\r][\n]"
2020-07-24 14:54:19 DEBUG -  >> "                     </com1:address>[\r][\n]"
2020-07-24 14:54:19 DEBUG -  >> "                     <com1:email>WnNu94339@yahoo.com</com1:email>[\r][\n]"
2020-07-24 14:54:19 DEBUG -  >> "                     <com1:userIdentity>[\r][\n]"
2020-07-24 14:54:19 DEBUG -  >> "                        <com1:userId>MiiMa8</com1:userId>[\r][\n]"
2020-07-24 14:54:19 DEBUG -  >> "                     </com1:userIdentity>[\r][\n]"
2020-07-24 14:54:19 DEBUG -  >> "                     <com1:password>abc123</com1:password>[\r][\n]"
2020-07-24 14:54:19 DEBUG -  >> "                  </req7:userInfo>[\r][\n]"
2020-07-24 14:54:19 DEBUG -  >> "               </req:AddConsumer>[\r][\n]"
2020-07-24 14:54:19 DEBUG -  >> "            </req:MsgData>[\r][\n]"
2020-07-24 14:54:19 DEBUG -  >> "         </req:Svc>[\r][\n]"
2020-07-24 14:54:19 DEBUG -  >> "      </req:EbMtvnSvcReq>[\r][\n]"
2020-07-24 14:54:19 DEBUG -  >> "   </soapenv:Body>[\r][\n]"
2020-07-24 14:54:19 DEBUG -  >> "</soapenv:Envelope>"
2020-07-24 14:54:28 DEBUG -  << "HTTP/1.1 200 OK[\r][\n]"
2020-07-24 14:54:28 DEBUG -  << "X-Powered-By: Servlet/3.0[\r][\n]"
2020-07-24 14:54:28 DEBUG -  << "Content-Type: text/xml; charset=utf-8[\r][\n]"
2020-07-24 14:54:28 DEBUG -  << "Content-Encoding: gzip[\r][\n]"
2020-07-24 14:54:28 DEBUG -  << "Content-Language: en-US[\r][\n]"
2020-07-24 14:54:28 DEBUG -  << "Transfer-Encoding: chunked[\r][\n]"
2020-07-24 14:54:28 DEBUG -  << "Date: Fri, 24 Jul 2020 09:24:27 GMT[\r][\n]"
2020-07-24 14:54:28 DEBUG -  << "[\r][\n]"
2020-07-24 14:54:28 DEBUG - Receiving response: HTTP/1.1 200 OK
2020-07-24 14:54:28 DEBUG - << HTTP/1.1 200 OK
2020-07-24 14:54:28 DEBUG - << X-Powered-By: Servlet/3.0
2020-07-24 14:54:28 DEBUG - << Content-Type: text/xml; charset=utf-8
2020-07-24 14:54:28 DEBUG - << Content-Encoding: gzip
2020-07-24 14:54:28 DEBUG - << Content-Language: en-US
2020-07-24 14:54:28 DEBUG - << Transfer-Encoding: chunked
2020-07-24 14:54:28 DEBUG - << Date: Fri, 24 Jul 2020 09:24:27 GMT
2020-07-24 14:54:28 DEBUG - Connection can be kept alive indefinitely
2020-07-24 14:54:28 DEBUG - Parsing response as: text/xml; charset=utf-8
2020-07-24 14:54:28 DEBUG -  << "a[\r][\n]"
2020-07-24 14:54:28 DEBUG -  << "[0x1f][0x8b][0x8][0x0][0x0][0x0][0x0][0x0][0x0][0x0]"
2020-07-24 14:54:28 DEBUG -  << "[\r][\n]"
2020-07-24 14:54:28 DEBUG -  << "5ae[\r][\n]"
2020-07-24 14:54:28 DEBUG -  << "[0xad]X[0xdb][0x92][0xda]8[0x10]}[0xdf][0xaf][0xa0][0xd8]gc[0xcb]\[0xed]"[0xce][0x92][0x9][0xa9]P[0x5][0xb3]S[0x1]f[0xb3]ySl[0xcd][0xa0]][vY6[0xc][0x9f][0xd6][0x5][0xf9][0x2]I[0xc6][0xa9]P5[0x83][0xd5][0xdd]:[0xa7][0xd5][0x92][0xba][0xdb][0xcc][0xdf][0xbe]$q[0xef]HrNS[0xf6][0xa6][0x8f][0x6]N[0xbf]GX[0x98]F[0x94]=[0xbf][0xe9][0xef]w[0x1f][0xac]Y[0xff]m[0xf0][0xc7][0x9c][0xa7]8#[0xec][0xe8]/[0xd9][0x91][0xc4]iFz0[0x8d]q_[0x8b][0xdf][0xf4][0xf]E[0x91][0xf9][0xb6][0xcd][0xc3][0x3]I0[0x1f][0x80]V[0xa8][0x6]i[0xfe]l[0x8b][0x7][0x9b][0xe8]yv_[0xcf]|[0xe1][0x91][0x99]u:[0x9d][0x6][0xa7][0xa1]4v[0x1d][0x7][0xd9][0x9f]7[0xeb][0xad][0x4][0xaa][0x8c][0xe9][0xcf][0x8d]-[0xca]x[0x81]YH[0xfa]5?[0x12][0x1c][0x91][0x1c][0x4]'[0xce][0x89][0xbf]%a[0x99][0xd3][0xe2][0xac]a[0x85][0xcc][0xe0]Fi[0xc8][0x7])[0xe6][0x94][[0xe0]'[0x93][0x4]` HF6[0xf0]([0x95][0x18]9[0xc8][0x2][0x85][0xf8][0xd3]p[0x16]<[0x90][0x97][0xc2][0x82][0xe8][\r]`][0xfd][0xde][0x85]=)y[0xb1]g[0xe0][0x80]p[0xc][0xd6][0x8b][0xfa][0x1]8R[0xfa];[0x9a][0x10][0x10]%[0x99]q[0xa4][0xfc]-~[0x94][0x5][0x8d][0xc5][0xb7]qD[0x90][0xad][0x80][0xd8][0x10]Z3w4s&[0xee]t[0xa6]][0xb9][0xcb][0x9].H[0x14][0xb8][0x8e][0xeb]X[0xce][0xd4]rG;[0xc7][0xf3][0xdd][0x91][0xef][0xce][0x6]#[0xe4]|[0x99][0xdb]u+9e[0xf9][0x92][0xd1][0x9c][0xf0][0xf6][0x14][0xaf]9[0xe5]b[0xa5]F[0xc6][0x1]9[0xae]m[0x5][0x8c][{e[0xf6][0xee]][0x1a][0x81]z[0xf9]uS[0x1c][0xd9][0xf6][0x18]~"\[0x85][0xcb][0x84][0x8a]d[0xf8][0x9c][0x10]V[0xf0]AB[\n]"
2020-07-24 14:54:28 DEBUG -  << "|[0xc4][0xac] [0x83]0M[0xec][0xe2][0x9c][0x11]n[0x3]y[0x96]2[0xe][0xc7]a[0xae][0x11][0x1e][0x1][0xfd][0x88][0x6][0x93][0x81]3[0xb7]k[0xa2][0xf9][0x86]?[0xef][0xf7][0xab][0xf7][0xc1][[0x10][0xeb][0xc7]9[0xe8][0xe4][0xbf][0x7][0x9c]'[0xb0][0x88]E[0x96][0xc5] [0xfe][0xb2]\[0xaf][0x97]s[[0x8f][0x84][0x1e][0xbe][0x16]Qt[0x7]DeB[0xf2][0xb9][0xad]D[0xf3][0x16][0xdb][0x85][0xc9][0xae][0x10][0x81][0xe9]=.0@W[0xd3][0x83]9[0xe3][0xc8][0x87]Hq[0xfc]L[0xd6][0x94][0x17][0xfa]|[0x80][0xd4],[0xfa][0xd6]R[0xe1])I[0x19],[0xd4]n[0xcd][0x17][0x80][0xae][0xcf][0xc8][0xe9][0xc2]`[0x0][0xdd]WF1[0xd4][0x13][0xeb][0xe1]d|[0xe8]_[0xe4][0xab][0x8][0xa6]VW[\n]"
2020-07-24 14:54:28 DEBUG -  << "T[0xaf][0x6][0xd6]>7[0xd1][0x2]w[0xea]!w6[0xf1][0xc4]Z[0x1a][0x8a][0xb6]@[0xf1][0x8a][0xf9]#[0x9f][0xb2][0x88][0x1e]iT[0xe2][0xf8]j[0xa1][0xa3][0xee][0xfe][0x8c][0xfc]'[\n]"
2020-07-24 14:54:28 DEBUG -  << "W[0xf6][0x1e]'$H0[0xfb][0x8f][0x8a]+,[0xe8][0xeb][\n]"
2020-07-24 14:54:28 DEBUG -  << "i[0x97][0xd0]([0x8a][0x89][0x1c][0xff][0xab][0xc]j[0x12]i[0x11]cm[0xcf]![0xa3][0x1e][0x94][0x8d][0x91]I[0x8b][0xed][0xf6]>[0xf0][0xc4][0xc7][0x81][0x8f]2[0x10]"[0xa9][0xfb]J[0xf3][0xe2][0x0][0xc7][0x84][0x4][0xc8][0x9b][0x8d],[0xe4]ZC[0xa4]L*[0x8d][0x1a]_G@ [0x8c]}[0x1c]E[0xb0]s[0xdc][0x84]c[0xdc]=[0x1c][\n]"
2020-07-24 14:54:28 DEBUG -  << "[0x4][0x5][0xc8][0x99] [0xa7][0xf7][0x1][0x97][0xf1][0xff][0xc][0x2][0xfc][0x90]RV[0xf4]N[0xf8],[0x1c][0xb8][0xd8]H[0xf3]P[0xec][0xcb]*?[0xc2][0x8a][0x95].[0xd4][0x1b]5[0xf6]![0x7][0x80][0xcb][0xbb][0xcf]J[0xae]FR[0x91][0xa5]0[0x0][0xdf]#[0x12]L[0xc7][0xce]d[0x88][0xdc][0xe1]H[0x19][0xd5]4[\n]"
2020-07-24 14:54:28 DEBUG -  << "=-Y[0x91][0x9f][0x83][0xfd]V[0x83][0xeb][0xb1][0x82]9[0xa4][0x8c][0xdc][0x97][0xc9]W[0x92]_[0xce]C[0xa8][0x4]b[0x89][0xc1][0xc7][0xbf]7K[0x85] [0x87]R[0xc1][0x94][0x91][0xeb][0x0][0xfd][0xd8][0xf5][0x9c][0x89]2[0xd0]b[0xed]O[0x1d][0xad]-Q[0xa4]v-[0xf2][0x2]x[0xe2]C}[0xa2][0xb1][0xd9][0x84]I[0xc7]M81Vz[0xa3][0xe1][0xd0][0xfb][0xeb][0x8c][0xf]i*,[0x4][0x87][0x86][0x15][0xc]S[0x9f][0x13][0x8]xHV[0x91]a[0x99]vd[0x19];[0xf2]l[0xd5][0xa0][0x4][0xf2][0xcc]\[0xb9]w4[0x8e]aK[0x1f]b[0xcc][0xc][0xc7][0xac]#[0xc7][0xc3]zq[0xdf][0xfb]S[0xf2][0xdc][0x4][0x16][0x8c][0x9e][0xaf][0xa1][0xd6]4[0xa1]Eut[0xbd][0xee]G[0xd7][0xf3][0x8b][0x1c]3[0x8e][0xc3][0x2][0xda][0x1b][0x9][0xa7][0xa4]8[0x11][0x87]&[0x80]:)o[0x9c][0x11]H%[0x14][0xa6][0x1c]z[0xa0][0xb3]<r[0xfb][0xed]{e[0xd1][0x90]*[0xd1]m[0xec][0x8][0xb6][0xe4][0xfc][0xdb][0xb9][0xea][0xa8][0xf6]U[0x8c]d[0xe1]p[0xfc][0x82]@iY[0x84]![0xc9][0xa0]X[0x8b][0xe4]P[0xd5][0xf][0xa7]c[0xf0][0xa0][0xc1][0xf0],gl9h[0x87]\[0xdf][0x99][0xf8][0xc8][0x85][0x5][0x88][0xe2]~[0x9b]Iz[0x80][0xd4][0x81][0xfc][0x90][0xe6][0x9].[0x1e]r[0xf2]D[0xc4]2j^[0xa0][0x8e]^|[0xdc]m[0xd6][0x92][0xf1];[0xc8][0x92][0xd5][0x95]y[0xa4][0xac][0xe][\n]"
2020-07-24 14:54:28 DEBUG -  << "z}qS4[0x8b][0xbb][0xdd][0xea]Q&[0x3][0x3]&[0x91][0x87][0x10][0xe5]L[0x9d]O[0x92]/Z[0x99][0x14][0xfd]B[0xa5][0x3]D[0x95]'7[0x17][0xbb][0xde]?[0xf8][0xdc][0x1b]:[0xaa][0xe6][0xcd][0xa4][0xb][0xc3]*[0x97][0xea]g7[0xe8][0xd5]4[0xae][0xd6][0xc8][0xac][0xba][0xa5]i[0xf9][0x2]I9[0x8e][0xb9]6[0xb9]$[xT[0xf9]U[0x9d]*3[0xd4][0xb][0xab][0xb2][0xea]x[0x8a]f[0x13]m[0xd2]L[0xb6][0x2][0xad][0x91]mk[0x82][0xcb][0x84][0xab][0x0][0xc9][0x89]#[0x1f][0x97][0x11]-V[0xec]I[0xee][0x18][0xdc][0x90]*n[0xbf]P[0x91][0x1]/[0x94]-[0xa8]<j[0xd7][0xbd]*[0xaa][0xce]f[0xc3][0xb2]65m7[0x17][\r][0x85]2L[0xe0][0xbd][0xe7][0x89][0xea][0x3][0xfd][0x13][0x96][0x86]mc[0xfa][\r][0xa2][0x9a]FK[0xda][0xe1][0x91][0xf2]F[0xab]&A[0xc7]B[0xb2][0xe7][0xb5]~[0x6][0xbd][0xbe][0x82][0xdf][0xea][0xdc][0xd0][0xc4]/[0xf9][0x8d][0xb6][\r]u[0xad]Iu[0xac]`C[0xe9][0x6][0xab][0xd3]kd[0x8d]Q[0xd5][0xac][0xa1]i[0xd5]DU[0xec]]kU[0xa3]-[0xab]CJ[0x8a]Y[0xad][\r][0xab]8[0xba][0xd6]*[0xd9][0xd1]5[0xb0]$[0xb8]g[0xfa][0xb7][\n]"
2020-07-24 14:54:28 DEBUG -  << "[0xba]ki2[0xcd]`[\r]M[0xf6][0xea][0x8e][0x8c][0xd7][0xee][0x9c]U[0xe0]n[0xd7][0xd4][0xbd][0xdf].?[0xc9][0xd3]T[0x81]Il[0xd4][0xce][0x93]n[0xd7]t\[0xe5]I[0x3]&[0x91][0xdd][0xef][0xdf]v[0xb7]k.Vx?[0xbc][0xed]U%jZ[0xd6][0xa6]^[0xdd][0xf6][0x86]B[0x19][0xfe][0xe4][0xb6]7X[0xda][0xb7][0xbd][0x12][0xdd] j[0xdd][0xf6][0x1b][0xe1][0x91][0x10]"![0xe7]){^[0x94][0xc5]a[0xdb][0xda][0x99][0xae][0xb5][0xe5][0x9][0xc7][0x9c]H[0xb2]kTI[0xa6][0xde]:[0xd6][0xe9]3e[0x8d][0xc6][0xc0][0xed][0x9a][0x8d][0x18][0xa8][0x16][0x8b]d[0x1e][0xfb]OP[0xb9]I$[0xa5]w[0xa2]zT[0xe4]][0xdf]Fd[0x7]u[0x3]Q%[0x1b][0x93],a[0xd8]x[0xab][0xb6][0xcd][0xcb][0xf6]2[0xcf][0xef][0xa0][0xb6]m[0x1f][0xef][0xe4][0xcb][0x96][0x1e][\n]"
2020-07-24 14:54:28 DEBUG -  << "1[0x98][0x4][0xdb][0x12]:[0x1a][0xce][0xa5]\[0x8c][0xe5][0xfb][0xba][0x99][0xb4]y\[0xbe]nR[0xfd]'[0x8b][0xda][0xef][0x1b][0xea][0xf7][0xc][0xbb][0xfd]SZ[0xf0][\r][0xc5]N[\n]"
2020-07-24 14:54:28 DEBUG -  << "3[0x84][0x13][0x0][0x0]"
2020-07-24 14:54:28 DEBUG -  << "[\r][\n]"
2020-07-24 14:54:28 DEBUG -  << "0[\r][\n]"
2020-07-24 14:54:28 DEBUG -  << "[\r][\n]"
2020-07-24 14:54:28 DEBUG - Parsed data to instance of: class org.apache.http.conn.EofSensorInputStream
2020-07-24 14:54:28 DEBUG - Releasing connection org.apache.http.impl.conn.ManagedClientConnectionImpl@6ec63f8
2020-07-24 14:54:28 DEBUG - Connection can be kept alive indefinitely
2020-07-24 14:54:28 INFO  - [class com.epp.api.soaphit.GetSoapResponse] : Got the response
2020-07-24 14:54:28 INFO  - [class com.epp.api.utils.APIGenerics] : Getting timestamp in yyyyMMdd_HHmmss this formats 
2020-07-24 14:54:28 INFO  - [class com.epp.api.utils.APIGenerics] : writting the xml file into XML format
2020-07-24 14:54:28 INFO  - [class com.epp.api.utils.APIGenerics] : Creating the xlsx sheet
2020-07-24 14:54:30 INFO  - [class com.epp.api.utils.APIGenerics] : All the services data is set to Excelsheet
2020-07-24 14:54:30 INFO  - [class com.epp.api.utils.APIGenerics] : Reading the file and returing the document instance
2020-07-24 14:54:30 INFO  - [class com.epp.api.utils.APIGenerics] : Getting the parsed data from response:  {userId=MiiMa8, consumerId=27912869, email=wnnu94339@yahoo.com, number=2012352906}
2020-07-24 14:54:30 DEBUG - FileName set to C:\SeleniumWorkspace\DigiPayZelleAutomation\src\main\resources\com\epp\properties\PropertyCache.properties
2020-07-24 14:54:30 DEBUG - ConfigurationUtils.locate(): base is null, name is C:\SeleniumWorkspace\DigiPayZelleAutomation\src\main\resources\com\epp\properties\PropertyCache.properties
2020-07-24 14:54:30 DEBUG - Could not locate file C:\SeleniumWorkspace\DigiPayZelleAutomation\src\main\resources\com\epp\properties\PropertyCache.properties at null: unknown protocol: c
2020-07-24 14:54:30 DEBUG - Loading configuration from the absolute path C:\SeleniumWorkspace\DigiPayZelleAutomation\src\main\resources\com\epp\properties\PropertyCache.properties
2020-07-24 14:54:30 DEBUG - Base path set to file:///C:/SeleniumWorkspace/DigiPayZelleAutomation/src/main/resources/com/epp/properties/PropertyCache.properties
2020-07-24 14:54:30 INFO  - [class com.epp.config.PropertiesCache] : Created Properties Configuration Object for IO operation of Property Cache File: PropertyCache.properties
2020-07-24 14:54:30 INFO  - [class com.epp.config.PropertiesCache] : New Properties Cache Log file is created: PropertyCache.properties
2020-07-24 14:54:30 INFO  - [class com.epp.config.PropertiesCache] : New Properties Cache Log file is created: PropertyCache.properties
2020-07-24 14:54:30 INFO  - [class com.epp.libraries.GenericLib] : Fetching the Respones output Nodes
2020-07-24 14:54:30 INFO  - [class com.epp.config.PropertiesCache] : New Properties Cache Log file is created: PropertyCache.properties
2020-07-24 14:54:30 INFO  - [class com.epp.config.PropertiesCache] : New Properties Cache Log file is created: PropertyCache.properties
2020-07-24 14:54:30 INFO  - [class com.epp.config.PropertiesCache] : New Properties Cache Log file is created: PropertyCache.properties
2020-07-24 14:54:30 INFO  - [class com.epp.api.executor.APIExecutor] : Closing all the instances of Excel sheets
2020-07-24 14:54:30 INFO  - [class com.epp.api.executor.APIExecutor] : Request which need to run: AddFundingProfile.xml
2020-07-24 14:54:30 INFO  - [class com.epp.api.utils.APIGenerics] : Reading the file and returing the document instance
2020-07-24 14:54:30 INFO  - [class com.epp.api.executor.APIExecutor] : Reading XML file into Document instance is done
2020-07-24 14:54:30 INFO  - [class com.epp.api.utils.APIGenerics] : keyValueData generated:  {TCName=, wsse:Username=, wsse:Password=, req:MtvnSvcVer=, req:ApplID=, req:SvcID=, req:SvcVer=, req:RoutingID=, q1:type=, q1:nickname=, q1:primary=, q1:bankName=, q1:accountNumber=, q1:routingNumber=, userID=}
2020-07-24 14:54:30 INFO  - [class com.epp.api.utils.APIGenerics] : keyValueData generated:  {TCName=Zelle_AddFundingProfile_TC01, wsse:Username=FISEPAY_DEV, wsse:Password=RaDrup5E4awreP, req:MtvnSvcVer=v1.6.0, req:ApplID=ZELLE, req:SvcID=AddFundingProfile, req:SvcVer=v1.6.0, req:RoutingID=fis-50202, q1:type=BANK_ACCOUNT, q1:nickname=Demo user, q1:primary=true, q1:bankName=HDFC, q1:accountNumber=100001111189, q1:routingNumber=959009990, userID=ccc}
2020-07-24 14:54:30 INFO  - [class com.epp.api.utils.APIGenerics] : keyValueData generated:  {TCName=Zelle_AddFundingProfile_TC01, wsse:Username=FISEPAY_DEV, wsse:Password=RaDrup5E4awreP, req:MtvnSvcVer=v1.6.0, req:ApplID=ZELLE, req:SvcID=AddFundingProfile, req:SvcVer=v1.6.0, req:RoutingID=fis-50202, q1:type=BANK_ACCOUNT, q1:nickname=Demo user, q1:primary=true, q1:bankName=HDFC, q1:accountNumber=100001111189, q1:routingNumber=959009990, userID=ccc}
2020-07-24 14:54:30 INFO  - [class com.epp.api.utils.APIGenerics] : Parcing of xml file is done
2020-07-24 14:54:30 INFO  - [class com.epp.api.utils.APIGenerics] : Getting timestamp in yyyyMMdd_HHmmss this formats 
2020-07-24 14:54:30 INFO  - [class com.epp.api.utils.APIGenerics] : Creating the xml file at run level
2020-07-24 14:54:30 INFO  - [class com.epp.api.executor.APIExecutor] : Hitting the request using post method
2020-07-24 14:54:30 INFO  - [class com.epp.api.soaphit.GetSoapResponse] : Into Post Method
2020-07-24 14:54:30 INFO  - [class com.epp.api.soaphit.GetSoapResponse] : Base End Point URL: https://localhost:1122/services/port
2020-07-24 14:54:30 INFO  - [class com.epp.api.soaphit.GetSoapResponse] : XML request file path: C:\SeleniumWorkspace\DigiPayZelleAutomation\src\main\java\com\epp\api\temp\Request_Zelle_AddFundingProfile_TC01_20200724_145430.xml
2020-07-24 14:54:30 DEBUG - Get connection for route {s}->https://localhost:1122
2020-07-24 14:54:30 DEBUG - Connecting to localhost:1122
2020-07-24 14:54:31 DEBUG - CookieSpec selected: ignoreCookies
2020-07-24 14:54:31 DEBUG - Auth cache not set in the context
2020-07-24 14:54:31 DEBUG - Target auth state: UNCHALLENGED
2020-07-24 14:54:31 DEBUG - Proxy auth state: UNCHALLENGED
2020-07-24 14:54:31 DEBUG - Attempt 1 to execute request
2020-07-24 14:54:31 DEBUG - Sending request: POST /services/port/v1_6 HTTP/1.1
2020-07-24 14:54:31 DEBUG -  >> "POST /services/port/v1_6 HTTP/1.1[\r][\n]"
2020-07-24 14:54:31 DEBUG -  >> "SOAPAction: authenticate[\r][\n]"
2020-07-24 14:54:31 DEBUG -  >> "Accept: */*[\r][\n]"
2020-07-24 14:54:31 DEBUG -  >> "Content-Type: application/soap+xml; charset=UTF-8;[\r][\n]"
2020-07-24 14:54:31 DEBUG -  >> "Content-Length: 2867[\r][\n]"
2020-07-24 14:54:31 DEBUG -  >> "Host: localhost:1122[\r][\n]"
2020-07-24 14:54:31 DEBUG -  >> "Connection: Keep-Alive[\r][\n]"
2020-07-24 14:54:31 DEBUG -  >> "User-Agent: Apache-HttpClient/4.5.3 (Java/1.8.0_162)[\r][\n]"
2020-07-24 14:54:31 DEBUG -  >> "Accept-Encoding: gzip,deflate[\r][\n]"
2020-07-24 14:54:31 DEBUG -  >> "[\r][\n]"
2020-07-24 14:54:31 DEBUG - >> POST /services/port/v1_6 HTTP/1.1
2020-07-24 14:54:31 DEBUG - >> SOAPAction: authenticate
2020-07-24 14:54:31 DEBUG - >> Accept: */*
2020-07-24 14:54:31 DEBUG - >> Content-Type: application/soap+xml; charset=UTF-8;
2020-07-24 14:54:31 DEBUG - >> Content-Length: 2867
2020-07-24 14:54:31 DEBUG - >> Host: localhost:1122
2020-07-24 14:54:31 DEBUG - >> Connection: Keep-Alive
2020-07-24 14:54:31 DEBUG - >> User-Agent: Apache-HttpClient/4.5.3 (Java/1.8.0_162)
2020-07-24 14:54:31 DEBUG - >> Accept-Encoding: gzip,deflate
2020-07-24 14:54:31 DEBUG -  >> "<?xml version="1.0" encoding="UTF-8" standalone="no"?><soapenv:Envelope xmlns:soapenv="http://schemas.xmlsoap.org/soap/envelope/" xmlns:com="http://metavante.com/types/common" xmlns:com1="http://epayments.metavante.com/types/common" xmlns:req="http://epayments.metavante.com/types/request" xmlns:req1="http://epayments.metavante.com/types/consumerPayee/request" xmlns:req2="http://epayments.metavante.com/types/fi/request" xmlns:req3="http://epayments.metavante.com/types/fundingAccount/request" xmlns:req4="http://epayments.metavante.com/types/merchant/request" xmlns:req5="http://epayments.metavante.com/types/security/request" xmlns:req6="http://epayments.metavante.com/types/user/request" xmlns:req7="http://epayments.metavante.com/types/consumer/request" xmlns:req8="http://epayments.metavante.com/types/checkimage/request" xmlns:wsse="http://docs.oasis-open.org/wss/2004/01/oasis-200401-wss-wssecurity-secext-1.0.xsd" xmlns:xsi="http://www.w3.org/2001/XMLSchema-instance">[\r][\n]"
2020-07-24 14:54:31 DEBUG -  >> "   <soapenv:Header>[\r][\n]"
2020-07-24 14:54:31 DEBUG -  >> "      <wsse:Security>[\r][\n]"
2020-07-24 14:54:31 DEBUG -  >> "         <wsse:UsernameToken>[\r][\n]"
2020-07-24 14:54:31 DEBUG -  >> "             <wsse:Username>FISEPAY_DEV</wsse:Username>[\r][\n]"
2020-07-24 14:54:31 DEBUG -  >> "            <wsse:Password>RaDrup5E4awreP</wsse:Password>[\r][\n]"
2020-07-24 14:54:31 DEBUG -  >> "         </wsse:UsernameToken>[\r][\n]"
2020-07-24 14:54:31 DEBUG -  >> "      </wsse:Security>[\r][\n]"
2020-07-24 14:54:31 DEBUG -  >> "   </soapenv:Header>[\r][\n]"
2020-07-24 14:54:31 DEBUG -  >> "   <soapenv:Body>[\r][\n]"
2020-07-24 14:54:31 DEBUG -  >> "      <EbMtvnSvcReq xmlns="http://epayments.metavante.com/types/request">[\r][\n]"
2020-07-24 14:54:31 DEBUG -  >> "        <req:MtvnSvcVer>v1.6.0</req:MtvnSvcVer>[\r][\n]"
2020-07-24 14:54:31 DEBUG -  >> "         <MsgUUID>bc1ae59a-d0f3-4d80-9bf3-e83e1cb9c87a</MsgUUID>[\r][\n]"
2020-07-24 14:54:31 DEBUG -  >> "         <PrcsParms>[\r][\n]"
2020-07-24 14:54:31 DEBUG -  >> "            <SrcID>MVEPAY</SrcID>[\r][\n]"
2020-07-24 14:54:31 DEBUG -  >> "         </PrcsParms>[\r][\n]"
2020-07-24 14:54:31 DEBUG -  >> "         <Svc>[\r][\n]"
2020-07-24 14:54:31 DEBUG -  >> "            <SvcParms>[\r][\n]"
2020-07-24 14:54:31 DEBUG -  >> "               <req:ApplID>ZELLE</req:ApplID>[\r][\n]"
2020-07-24 14:54:31 DEBUG -  >> "               <req:SvcID>AddFundingProfile</req:SvcID>[\r][\n]"
2020-07-24 14:54:31 DEBUG -  >> "               <req:SvcVer>v1.6.0</req:SvcVer>[\r][\n]"
2020-07-24 14:54:31 DEBUG -  >> "               <RqstUUID>82f0d972-4c5b-4b5f-a0da-be4a9f3dc410</RqstUUID>[\r][\n]"
2020-07-24 14:54:31 DEBUG -  >> "               <req:RoutingID>fis-50202</req:RoutingID>[\r][\n]"
2020-07-24 14:54:31 DEBUG -  >> "            </SvcParms>[\r][\n]"
2020-07-24 14:54:31 DEBUG -  >> "            <MsgData>[\r][\n]"
2020-07-24 14:54:31 DEBUG -  >> "               <AddFundingProfile>[\r][\n]"
2020-07-24 14:54:31 DEBUG -  >> "                  <userId>MiiMa8</userId>[\r][\n]"
2020-07-24 14:54:31 DEBUG -  >> "                  <fundingProfileInfo xmlns="http://epayments.metavante.com/types/fundingProfile/request" xmlns:q1="http://epayments.metavante.com/types/common" xsi:type="q1:BankFundingProfileInfoType">[\r][\n]"
2020-07-24 14:54:31 DEBUG -  >> "                     <q1:type>BANK_ACCOUNT</q1:type>[\r][\n]"
2020-07-24 14:54:31 DEBUG -  >> "                     <q1:nickname>Demo user</q1:nickname>[\r][\n]"
2020-07-24 14:54:31 DEBUG -  >> "                     <q1:primary>true</q1:primary>[\r][\n]"
2020-07-24 14:54:31 DEBUG -  >> "                     <q1:bankName>HDFC</q1:bankName>[\r][\n]"
2020-07-24 14:54:31 DEBUG -  >> "                     <q1:accountNumber>100001111189</q1:accountNumber>[\r][\n]"
2020-07-24 14:54:31 DEBUG -  >> "                     <q1:routingNumber>959009990</q1:routingNumber>[\r][\n]"
2020-07-24 14:54:31 DEBUG -  >> "                     <q1:checkNumber>123461</q1:checkNumber>[\r][\n]"
2020-07-24 14:54:31 DEBUG -  >> "                     <q1:bankAccountType>CHECKING</q1:bankAccountType>[\r][\n]"
2020-07-24 14:54:31 DEBUG -  >> "                  </fundingProfileInfo>[\r][\n]"
2020-07-24 14:54:31 DEBUG -  >> "               </AddFundingProfile>[\r][\n]"
2020-07-24 14:54:31 DEBUG -  >> "            </MsgData>[\r][\n]"
2020-07-24 14:54:31 DEBUG -  >> "         </Svc>[\r][\n]"
2020-07-24 14:54:31 DEBUG -  >> "      </EbMtvnSvcReq>[\r][\n]"
2020-07-24 14:54:31 DEBUG -  >> "   </soapenv:Body>[\r][\n]"
2020-07-24 14:54:31 DEBUG -  >> "</soapenv:Envelope>"
2020-07-24 14:54:36 DEBUG -  << "HTTP/1.1 200 OK[\r][\n]"
2020-07-24 14:54:36 DEBUG -  << "X-Powered-By: Servlet/3.0[\r][\n]"
2020-07-24 14:54:36 DEBUG -  << "Content-Type: text/xml; charset=utf-8[\r][\n]"
2020-07-24 14:54:36 DEBUG -  << "Content-Encoding: gzip[\r][\n]"
2020-07-24 14:54:36 DEBUG -  << "Content-Language: en-US[\r][\n]"
2020-07-24 14:54:36 DEBUG -  << "Transfer-Encoding: chunked[\r][\n]"
2020-07-24 14:54:36 DEBUG -  << "Date: Fri, 24 Jul 2020 09:24:36 GMT[\r][\n]"
2020-07-24 14:54:36 DEBUG -  << "[\r][\n]"
2020-07-24 14:54:36 DEBUG - Receiving response: HTTP/1.1 200 OK
2020-07-24 14:54:36 DEBUG - << HTTP/1.1 200 OK
2020-07-24 14:54:36 DEBUG - << X-Powered-By: Servlet/3.0
2020-07-24 14:54:36 DEBUG - << Content-Type: text/xml; charset=utf-8
2020-07-24 14:54:36 DEBUG - << Content-Encoding: gzip
2020-07-24 14:54:36 DEBUG - << Content-Language: en-US
2020-07-24 14:54:36 DEBUG - << Transfer-Encoding: chunked
2020-07-24 14:54:36 DEBUG - << Date: Fri, 24 Jul 2020 09:24:36 GMT
2020-07-24 14:54:36 DEBUG - Connection can be kept alive indefinitely
2020-07-24 14:54:36 DEBUG - Parsing response as: text/xml; charset=utf-8
2020-07-24 14:54:36 DEBUG -  << "a[\r][\n]"
2020-07-24 14:54:36 DEBUG -  << "[0x1f][0x8b][0x8][0x0][0x0][0x0][0x0][0x0][0x0][0x0]"
2020-07-24 14:54:36 DEBUG -  << "[\r][\n]"
2020-07-24 14:54:36 DEBUG -  << "436[\r][\n]"
2020-07-24 14:54:36 DEBUG -  << "[0xd5]W]o[0xa3]8[0x14]}[0xdf]_[0x11][0xf1][0xe][0x98][0x8f]|[0x80]([0xa3][0x94][0xa4][0xdb]h[0x9a][0xb4]j[0xd2]j[0xa7]/+[0x7][0x9c][0x94]m0,6i[0xfb][0xef][0xf7][0x9a][0xf][0x97]0T[0xd3]J}[0xd8][0x89][0xd4][0x6][0x9f]{[0xee][0xb9][0xc7][0xd7][0x6][0x1c][0xef][0xdb]Kr[0x18][0x1c]I[0xce][0xe2][0x94][0x9e])[0x86][0x86][0x94][0x1][0xa1]a[0x1a][0xc5]t[0xa6][0xdc]m.[0xd4][0x89][0xf2][0xcd][0xff][0xc3]c)[0xce][0x8]=[0xba]sz$[0x87]4#[0x3]H[0xa3][0xcc][0xad][0xe1]3[0xe5][0x91][0xf3][0xcc][0xd5]u[0x16]>[0x92][0x4]3[\r][0xa2]"[0xa4][0xa5][0xf9]^[0x17][0x17]:[0xa9][0xf3]t[0xa5][0xce]|a[0x91][0xcc]z~~[0xd6][0x9e][0xad][0x92]l"d[0xe8]-[0xaf][0xd6][0xa5][0xd0][0x1b]9[0xfe]5Y[0x8d])[0xe3][0x98][0x86]Di[0xf9][0xbd]$8"9[0x0][0xcf][0x8c][0x11]wM[0xc2]"[0x8f][0xf9]k-+0[0xa9][0x1b][0xa5]![0xd3]R[0xcc]b[0xa6][0x82]OZ[0x16][0x0][0x82](b[0xeb]P[0xa7][\n]"
2020-07-24 14:54:36 DEBUG -  << "[0x89][0x11]2T[0x8][0x88][0xbf]ZN[0x85][0xb][0xf2][0xc2]U[0xe8][0x9e][0x6][0xf3]R[0x6]M[0xf5][0xa4]`[0xfc][0x8e][0x82][0x1]a[0xc][0xe6]k(>[0x18])[0xdc]M[0x9c][0x10][0x80][0x92]L[0x1a])[0xbe][0xc4]G[0xc1][0xe3][0x83][0xf8][0x96]FD[0xb1][0x5][0x14][0x96][0x5]Us42,[0xd3][0xb2]Qm%[0xc8][0x9][0xe6]$[0xf2]Md"[0x15][0x8d]U[0xd3][0xde] [0xc7]5m[0xd7][0x1a]ic[0xc3]x[0xf0][0xf4]6[0xab]L[0x99][0xbf]dqNX7[0xc5]9MiX[0xd5]H[0x1a]([0xc7][0xad][0xa5][0x80]qg[0xad][0xe4][0xda][0x9d][0xa7][0x11][0x84][0xe7][0xdb]%?[0xd2][0xf5]1[0xbc]%[0xac]j[0x97]l[0x15][0xc9][0xf0]kB(gZB8>b[0xca][0x89][0x16][0xa6][0x89][0xce]_3[0xc2]t([0x9e][0xa5][0x94][0xc1]v[0xf0]j[0x85]{P?[0x1a][0xda]HC[0x9e][0xde][0x82][0xbc]%[0xdb][0xdf][0xdd]-f[0xfe]640[0x19]:X[0x8d][0xd0][0xce]R[0xed]h[0x82]Tg[0xb]Wdb[0x11]#[0xdc]:[0xe1]d[0x8c]![0xb3]f{[0x90]^[0xfe][0xbb][0xc1]y[0x2][0xf3][0x9c]f[0xd9][0x1][0xe0][0x87][0xf9][0xd5][0xd5][0xdc][0xd3][0xeb][0x91][0x88][0xc3][0xd7]4[0x8a].[\n]"
2020-07-24 14:54:36 DEBUG -  << "*n[0xaa][0x9b]<[0xdd][0xc5][0x7][0xe2][0xe9]U[0xc0][0xeb][0xd8]j,[0xdd][0xfe][0xb];GT[0x99][0x98];[0x14]9cS[0xb5][0xc3][0xe1]V[0xb5][0xb7][0xc3][0x9d][0x8a]Q[0x84][0xd5]-[0xb1][0xb1][0xb3][0xb3][0xa2][0xd0]6 M[0xd2]K[0x85][0xda][0x10][0x18][0x9d]a[0x8e][0xc1]Y[0xb7][0xba][0xef]Qf[0xb8][0xb0]"[0xc][0xef][0xc9]U[0xcc]x[0xbd][0xf][0x1][0x95][0xcd][0xed]k)\%)[0x85][0x86][0xea][0x9d]|!h[0xba][0xbb][0x93]"R[0xd3][0xfc][0xe0][0x82][0x9d][0xa6][0xb7][0xd7][0x8f]2[0xab]#[0xbe][0x88]@[0xe6][0xed]N[0x6][0xc2][0x7][0x8b][0xc8])[0xf4]i[0xfa][0xd6][0xd0]rF[0x96][0x89][0xc4][0x4]{[0xc2][0xfd]p[0xe5]D([0xda].[0xec]q^0[0xe9][0xca][0xfe][0xa4][0xab][0xe9][0xcd][0xcd][0xed][0xf5][0xfd]|&[\n]"
2020-07-24 14:54:36 DEBUG -  << "5bBx[0xe8][0xc6]t[0x97]J[0xd9][0xe1][0xe7]d[0x7][0xf0][0xfc]t[0x5]r[0xa6][0x8][0xa9]sL[0x9f]N[0xf7][0xc3][0x2][0xc4]7[0x10]W[0xaa]Z[0x82][0xea][0x9f]OW[0xdf][0xff][0x9e][0x6][0xc1][0xf5][0xdd]j#[0xec][0xd4]pI[0xa0]q[0xf8]DqB[0xfc][0x19]I[0xd2]A[0xc1]H^1$^[0xb2][0xb2]<Np[0xfe][0xea][0xf3][0xbc] U[0xbc]A[0xca][0xf0][0x16]l[0xac][0x4][0xf9]rv[0x11]Tq[0x9][0x95][0x4][0x1c][0x86]iA[0xf9][0xaa]H[0xb6]pK[0x18][0x8]>[0x86][0xf8]L[0x9c][0x8a]}[0x1a]/S[0xf2][0x14][0x1e][0x81]t_C[0xce][0xd0]A[0xc8]q[0x1c]T[0xf1]O[0x83]%[0x1f]^[0x1c][0xe1]SS[0x0][0x9e][0x8a]#[0xa3][0xa2][0xb6]qivZ[0xd5][0x13][0x8d][0xf2][0x83][0xcb]y[0xf0]}[0xb1][0xfa][0xf3][0xcd]w;Z5[0x9]&rM[0x3][0xa1][0xe4]'[0x98][0xfe][0x13][0x8b][0x17][0xc1][0xe0][0xc7][0x80][0x81][0x87][0xc7][0xba]_-J[0x85][0x88]e[0x16][0xe9][0xa3]f[0x97]-[0x9]L[0xa3]z[0x9d]Nn[0xd5][0xd1][0xe7]w|[0xbf]jO[0xa4][0x81]"*[0xa1][0xf6]>[0xef][0xb0][0xe1][0xce]0[0x90]i[0x8a][0x19][0xfc][0x1c]i[0xd0][0x8f]Im[0xfa][0xb6]^[0x1f][0xa7]w6[0xc7]X[0xbc]@.[0x16][0xeb][0x9e],[0x19]ng[0x6][0x8f][0x98]Rr[0xf0][0x17][0xab][0xf5]f[0xda])[0xd6][0xc4]z[0xb4][0xfa][0xb0][0xf7][0x9b][0xf9][0xa5]mF[0xce]o[0xdc][0xe6]ip[0xf9][0xbf]o[0xb1][0x85][0xd0][0xef][0xbc][0x93][0xbf][0xaa][0xc5][0xef][0x86][0x9a][0xd7][0xfd][0xd8][0xc5]E[0x14]s[0xf1][0xea][0xc8][0x13][0xcc][0xe1][0xe7][0x83]|2[0x8d]?[0xff]d[0x1a][0xbb]ay[0xc4][0x84][0x3][0xb][0xe9]9[0x8b]Z[0x1a]<[0xfc][0x1f][0x84][0xa9][0x13][0xe2][b[0x9a][0xc3][0x2][0x99]c[0xc7]0'#[0xa7][0xc5]+[0xf1][0x92][0x96][0xc0]o[0x9a]]L[0xa2]w*[0xc][[0x15]N[0xa8][0xed][0xe4][0x9f][0x8b][0xb4][0x2][0x15][0xd0]mJ[0x9]w[0x8f]F[0x0][0xf6][0x9c][0xc9]ty`[0x9b][0xe7]y[0x10][0x11]}[0x1f][0x80])O[0xaf][0x87][0x2][0x6][0x8a][0xbf].[0xc2][0x10][0x8e]^%.[0xc6][0xe5][0x99]O&-[0xef][0xe7][0x1f]Kj[0x1f][0xac][[0xa7][0xf0][0xea][0xd4][0xad]w[0xf0][0xf9][0xff][0x1]0[0xb3][0x9e]8*[0xe][0x0][0x0]"
2020-07-24 14:54:36 DEBUG -  << "[\r][\n]"
2020-07-24 14:54:36 DEBUG -  << "0[\r][\n]"
2020-07-24 14:54:36 DEBUG -  << "[\r][\n]"
2020-07-24 14:54:36 DEBUG - Parsed data to instance of: class org.apache.http.conn.EofSensorInputStream
2020-07-24 14:54:36 DEBUG - Releasing connection org.apache.http.impl.conn.ManagedClientConnectionImpl@36790bec
2020-07-24 14:54:36 DEBUG - Connection can be kept alive indefinitely
2020-07-24 14:54:36 INFO  - [class com.epp.api.soaphit.GetSoapResponse] : Got the response
2020-07-24 14:54:36 INFO  - [class com.epp.api.utils.APIGenerics] : Getting timestamp in yyyyMMdd_HHmmss this formats 
2020-07-24 14:54:36 INFO  - [class com.epp.api.utils.APIGenerics] : writting the xml file into XML format
2020-07-24 14:54:36 INFO  - [class com.epp.api.utils.APIGenerics] : Creating the xlsx sheet
2020-07-24 14:54:37 INFO  - [class com.epp.api.utils.APIGenerics] : All the services data is set to Excelsheet
2020-07-24 14:54:37 INFO  - [class com.epp.api.utils.APIGenerics] : Reading the file and returing the document instance
2020-07-24 14:54:37 INFO  - [class com.epp.api.utils.APIGenerics] : Getting the parsed data from response:  {fundingProfileId=35396320}
2020-07-24 14:54:37 INFO  - [class com.epp.config.PropertiesCache] : New Properties Cache Log file is created: PropertyCache.properties
2020-07-24 14:54:37 INFO  - [class com.epp.config.PropertiesCache] : New Properties Cache Log file is created: PropertyCache.properties
2020-07-24 14:54:37 INFO  - [class com.epp.config.PropertiesCache] : New Properties Cache Log file is created: PropertyCache.properties
2020-07-24 14:54:37 INFO  - [class com.epp.api.utils.APIGenerics] : Random alphabet generate: uiIg
2020-07-24 14:54:37 INFO  - [class com.epp.api.utils.APIGenerics] : Random number generate: 19982
2020-07-24 14:54:37 INFO  - [class com.epp.api.utils.APIGenerics] : Random email id generate: uiIg19982@yahoo.com
2020-07-24 14:54:37 INFO  - [class com.epp.config.PropertiesCache] : New Properties Cache Log file is created: PropertyCache.properties
2020-07-24 14:54:37 INFO  - [class com.epp.api.utils.APIGenerics] : Random number generate: 8634725
2020-07-24 14:54:37 INFO  - [class com.epp.api.utils.APIGenerics] : Random phone generate: 2018634725
2020-07-24 14:54:37 INFO  - [class com.epp.config.PropertiesCache] : New Properties Cache Log file is created: PropertyCache.properties
2020-07-24 14:55:03 INFO  - [class com.epp.libraries.GenericLib] : userIDOne: MiiMa8
2020-07-24 14:55:03 INFO  - [class com.epp.libraries.GenericLib] : consumerIDOne: 27912869
2020-07-24 14:55:03 INFO  - [class com.epp.libraries.GenericLib] : emailIDOne: wnnu94339@yahoo.com
2020-07-24 14:55:03 INFO  - [class com.epp.libraries.GenericLib] : mobileNumberOne: 2012352906
2020-07-24 14:55:03 INFO  - [class com.epp.libraries.GenericLib] : fundingProfileIDOne: 35396320
2020-07-24 14:55:03 INFO  - [class com.epp.libraries.GenericLib] : URL launchedhttps://epayments-epayui-fnc-1.money-movement.com/TestPeoplePay50202X/DebugAccess?userName=MiiMa8&productCode=Zelle&destination=Home
2020-07-24 14:55:03 INFO  - [class com.zelle.stepdefinition.UniversalSteps] : UniversalStep: User is on page LandingPage
2020-07-24 14:55:03 INFO  - [class com.zelle.stepdefinition.UniversalSteps] : UniversalStep: User clicks on element btnGetStarted
2020-07-24 14:55:04 INFO  - [class com.epp.webelement.Button] : Button: Clicked Button with id --- ContinueButton
2020-07-24 14:55:04 INFO  - [class com.zelle.stepdefinition.UniversalSteps] : UniversalStep: Validate that user is on page SendMoneyWithZellePage
2020-07-24 14:55:09 INFO  - [class com.zelle.stepdefinition.UniversalSteps] : UniversalStep: Validate that user is on page SendMoneyWithZellePage
2020-07-24 14:55:09 INFO  - [class com.zelle.stepdefinition.UniversalSteps] : UniversalStep: Changed the current page to SendMoneyWithZellePage
2020-07-24 14:55:09 INFO  - [class com.zelle.stepdefinition.UniversalSteps] : UniversalStep: User clicks on element btnContinue
2020-07-24 14:55:09 INFO  - [class com.epp.webelement.Button] : Button: Clicked Button with id --- AllDoneButton
2020-07-24 14:55:09 INFO  - [class com.zelle.stepdefinition.UniversalSteps] : UniversalStep: User types 444444 in textbox edtVerificationCode.
2020-07-24 14:55:15 INFO  - [class com.epp.webelement.TextBox] : TextBox: Typed 444444 on element with xpath --- //input[@id='verificationCode']
2020-07-24 14:55:15 INFO  - [class com.zelle.stepdefinition.UniversalSteps] : UniversalStep: User clicks on element btnVerify
2020-07-24 14:55:15 INFO  - [class com.epp.webelement.Button] : Button: Clicked Button with xpath --- //button[@class='button primary verifyButton ui-btn ui-shadow ui-corner-all']
2020-07-24 14:55:15 INFO  - [class com.zelle.stepdefinition.UniversalSteps] : UniversalStep: User clicks on element btnSendOrRequestMoney
2020-07-24 14:55:21 INFO  - [class com.epp.webelement.Button] : Button: Clicked Button with id --- YesCancel
2020-07-24 14:55:21 INFO  - [class com.zelle.stepdefinition.UniversalSteps] : UniversalStep: Create user one using services and Launch URL
2020-07-24 14:55:21 INFO  - [class com.epp.api.executor.APIExecutor] : API Executor constructor, assigning all the values to variable of API 
2020-07-24 14:55:21 INFO  - [class com.epp.api.executor.APIExecutor] : Closing all the instances of Excel sheets
2020-07-24 14:55:21 INFO  - [class com.epp.api.executor.APIExecutor] : Request which need to run: AddConsumer.xml
2020-07-24 14:55:21 INFO  - [class com.epp.api.utils.APIGenerics] : Reading the file and returing the document instance
2020-07-24 14:55:21 INFO  - [class com.epp.api.executor.APIExecutor] : Reading XML file into Document instance is done
2020-07-24 14:55:21 INFO  - [class com.epp.api.utils.APIGenerics] : keyValueData generated:  {TCName=, wsse:Username=, wsse:Password=, req:MtvnSvcVer=, req:ApplID=, req:SvcID=, req:SvcVer=, req:RoutingID=, com1:addr1=, com1:city=, com1:state=, com1:postalCode=, com1:country=, com1:type=, com1:number=, com1:isPrimary=, com1:email=, com1:userId=}
2020-07-24 14:55:21 INFO  - [class com.epp.api.utils.APIGenerics] : keyValueData generated:  {TCName=Zelle_AddConsumer_TC01, wsse:Username=FISEPAY_DEV, wsse:Password=RaDrup5E4awreP, req:MtvnSvcVer=v1.6.0, req:ApplID=ZELLE, req:SvcID=AddConsumer, req:SvcVer=v1.6.0, req:RoutingID=fis-50202, com1:addr1=10610 Faulkner Point way, com1:city=Irving, com1:state=TX, com1:postalCode=75063-1234, com1:country=US, com1:type=HOME, com1:number=100001111189, com1:isPrimary=true, com1:email=gulabo@yahoo.com, com1:userId=xyxde9111117}
2020-07-24 14:55:21 INFO  - [class com.epp.api.utils.APIGenerics] : keyValueData generated:  {TCName=Zelle_AddConsumer_TC01, wsse:Username=FISEPAY_DEV, wsse:Password=RaDrup5E4awreP, req:MtvnSvcVer=v1.6.0, req:ApplID=ZELLE, req:SvcID=AddConsumer, req:SvcVer=v1.6.0, req:RoutingID=fis-50202, com1:addr1=10610 Faulkner Point way, com1:city=Irving, com1:state=TX, com1:postalCode=75063-1234, com1:country=US, com1:type=HOME, com1:number=100001111189, com1:isPrimary=true, com1:email=gulabo@yahoo.com, com1:userId=xyxde9111117}
2020-07-24 14:55:21 INFO  - [class com.epp.api.utils.APIGenerics] : Random alphaNumeric generate: WSUUqj
2020-07-24 14:55:21 INFO  - [class com.epp.api.utils.APIGenerics] : Random alphabet generate: PqIo
2020-07-24 14:55:21 INFO  - [class com.epp.api.utils.APIGenerics] : Random number generate: 48213
2020-07-24 14:55:21 INFO  - [class com.epp.api.utils.APIGenerics] : Random email id generate: PqIo48213@yahoo.com
2020-07-24 14:55:21 INFO  - [class com.epp.api.utils.APIGenerics] : Random number generate: 9447310
2020-07-24 14:55:21 INFO  - [class com.epp.api.utils.APIGenerics] : Random phone generate: 2019447310
2020-07-24 14:55:21 INFO  - [class com.epp.api.utils.APIGenerics] : Parcing of xml file is done
2020-07-24 14:55:21 INFO  - [class com.epp.api.utils.APIGenerics] : Getting timestamp in yyyyMMdd_HHmmss this formats 
2020-07-24 14:55:21 INFO  - [class com.epp.api.utils.APIGenerics] : Creating the xml file at run level
2020-07-24 14:55:21 INFO  - [class com.epp.api.executor.APIExecutor] : Hitting the request using post method
2020-07-24 14:55:21 INFO  - [class com.epp.api.soaphit.GetSoapResponse] : Into Post Method
2020-07-24 14:55:21 INFO  - [class com.epp.api.soaphit.GetSoapResponse] : Base End Point URL: https://localhost:1122/services/port
2020-07-24 14:55:21 INFO  - [class com.epp.api.soaphit.GetSoapResponse] : XML request file path: C:\SeleniumWorkspace\DigiPayZelleAutomation\src\main\java\com\epp\api\temp\Request_Zelle_AddConsumer_TC01_20200724_145521.xml
2020-07-24 14:55:21 DEBUG - Get connection for route {s}->https://localhost:1122
2020-07-24 14:55:21 DEBUG - Connecting to localhost:1122
2020-07-24 14:55:22 DEBUG - CookieSpec selected: ignoreCookies
2020-07-24 14:55:22 DEBUG - Auth cache not set in the context
2020-07-24 14:55:22 DEBUG - Target auth state: UNCHALLENGED
2020-07-24 14:55:22 DEBUG - Proxy auth state: UNCHALLENGED
2020-07-24 14:55:22 DEBUG - Attempt 1 to execute request
2020-07-24 14:55:22 DEBUG - Sending request: POST /services/port/v1_6 HTTP/1.1
2020-07-24 14:55:22 DEBUG -  >> "POST /services/port/v1_6 HTTP/1.1[\r][\n]"
2020-07-24 14:55:22 DEBUG -  >> "SOAPAction: authenticate[\r][\n]"
2020-07-24 14:55:22 DEBUG -  >> "Accept: */*[\r][\n]"
2020-07-24 14:55:22 DEBUG -  >> "Content-Type: application/soap+xml; charset=UTF-8;[\r][\n]"
2020-07-24 14:55:22 DEBUG -  >> "Content-Length: 5407[\r][\n]"
2020-07-24 14:55:22 DEBUG -  >> "Host: localhost:1122[\r][\n]"
2020-07-24 14:55:22 DEBUG -  >> "Connection: Keep-Alive[\r][\n]"
2020-07-24 14:55:22 DEBUG -  >> "User-Agent: Apache-HttpClient/4.5.3 (Java/1.8.0_162)[\r][\n]"
2020-07-24 14:55:22 DEBUG -  >> "Accept-Encoding: gzip,deflate[\r][\n]"
2020-07-24 14:55:22 DEBUG -  >> "[\r][\n]"
2020-07-24 14:55:22 DEBUG - >> POST /services/port/v1_6 HTTP/1.1
2020-07-24 14:55:22 DEBUG - >> SOAPAction: authenticate
2020-07-24 14:55:22 DEBUG - >> Accept: */*
2020-07-24 14:55:22 DEBUG - >> Content-Type: application/soap+xml; charset=UTF-8;
2020-07-24 14:55:22 DEBUG - >> Content-Length: 5407
2020-07-24 14:55:22 DEBUG - >> Host: localhost:1122
2020-07-24 14:55:22 DEBUG - >> Connection: Keep-Alive
2020-07-24 14:55:22 DEBUG - >> User-Agent: Apache-HttpClient/4.5.3 (Java/1.8.0_162)
2020-07-24 14:55:22 DEBUG - >> Accept-Encoding: gzip,deflate
2020-07-24 14:55:22 DEBUG -  >> "<?xml version="1.0" encoding="UTF-8" standalone="no"?><soapenv:Envelope xmlns:soapenv="http://schemas.xmlsoap.org/soap/envelope/" xmlns:com="http://metavante.com/types/common" xmlns:com1="http://epayments.metavante.com/types/common" xmlns:req="http://epayments.metavante.com/types/request" xmlns:req1="http://epayments.metavante.com/types/consumerPayee/request" xmlns:req2="http://epayments.metavante.com/types/fi/request" xmlns:req3="http://epayments.metavante.com/types/fundingAccount/request" xmlns:req4="http://epayments.metavante.com/types/merchant/request" xmlns:req5="http://epayments.metavante.com/types/security/request" xmlns:req6="http://epayments.metavante.com/types/user/request" xmlns:req7="http://epayments.metavante.com/types/consumer/request" xmlns:req8="http://epayments.metavante.com/types/checkimage/request" xmlns:wsse="http://docs.oasis-open.org/wss/2004/01/oasis-200401-wss-wssecurity-secext-1.0.xsd">[\r][\n]"
2020-07-24 14:55:22 DEBUG -  >> "   <soapenv:Header>[\r][\n]"
2020-07-24 14:55:22 DEBUG -  >> "      <wsse:Security>[\r][\n]"
2020-07-24 14:55:22 DEBUG -  >> "         <wsse:UsernameToken>[\r][\n]"
2020-07-24 14:55:22 DEBUG -  >> "            <wsse:Username>FISEPAY_DEV</wsse:Username>[\r][\n]"
2020-07-24 14:55:22 DEBUG -  >> "            <wsse:Password>RaDrup5E4awreP</wsse:Password>[\r][\n]"
2020-07-24 14:55:22 DEBUG -  >> "         </wsse:UsernameToken>[\r][\n]"
2020-07-24 14:55:22 DEBUG -  >> "      </wsse:Security>[\r][\n]"
2020-07-24 14:55:22 DEBUG -  >> "   </soapenv:Header>[\r][\n]"
2020-07-24 14:55:22 DEBUG -  >> "   <soapenv:Body>[\r][\n]"
2020-07-24 14:55:22 DEBUG -  >> "      <req:EbMtvnSvcReq>[\r][\n]"
2020-07-24 14:55:22 DEBUG -  >> "         <req:MtvnSvcVer>v1.6.0</req:MtvnSvcVer>[\r][\n]"
2020-07-24 14:55:22 DEBUG -  >> "         <req:MsgUUID>?</req:MsgUUID>[\r][\n]"
2020-07-24 14:55:22 DEBUG -  >> "         <req:PrcsParms>[\r][\n]"
2020-07-24 14:55:22 DEBUG -  >> "            <req:SrcID>MVEPAY</req:SrcID>[\r][\n]"
2020-07-24 14:55:22 DEBUG -  >> "         </req:PrcsParms>[\r][\n]"
2020-07-24 14:55:22 DEBUG -  >> "         <req:Svc>[\r][\n]"
2020-07-24 14:55:22 DEBUG -  >> "            <req:SvcParms>[\r][\n]"
2020-07-24 14:55:22 DEBUG -  >> "               <req:ApplID>ZELLE</req:ApplID>[\r][\n]"
2020-07-24 14:55:22 DEBUG -  >> "               <req:SvcID>AddConsumer</req:SvcID>[\r][\n]"
2020-07-24 14:55:22 DEBUG -  >> "               <req:SvcVer>v1.6.0</req:SvcVer>[\r][\n]"
2020-07-24 14:55:22 DEBUG -  >> "               <req:RoutingID>fis-50202</req:RoutingID>[\r][\n]"
2020-07-24 14:55:22 DEBUG -  >> "            </req:SvcParms>[\r][\n]"
2020-07-24 14:55:22 DEBUG -  >> "            <req:MsgData>[\r][\n]"
2020-07-24 14:55:22 DEBUG -  >> "               <req:AddConsumer>[\r][\n]"
2020-07-24 14:55:22 DEBUG -  >> "                  <req1:locale>en-US</req1:locale>[\r][\n]"
2020-07-24 14:55:22 DEBUG -  >> "                  <com:channelName/>[\r][\n]"
2020-07-24 14:55:22 DEBUG -  >> "                  <req7:consumerInfo>[\r][\n]"
2020-07-24 14:55:22 DEBUG -  >> "                     <com1:individualConsumer>[\r][\n]"
2020-07-24 14:55:22 DEBUG -  >> "                        <com1:firstName>manjinder</com1:firstName>[\r][\n]"
2020-07-24 14:55:22 DEBUG -  >> "                        <com1:middleName>Y</com1:middleName>[\r][\n]"
2020-07-24 14:55:22 DEBUG -  >> "                        <com1:lastName>singh</com1:lastName>[\r][\n]"
2020-07-24 14:55:22 DEBUG -  >> "                        <com1:SSN>999-99-0000</com1:SSN>[\r][\n]"
2020-07-24 14:55:22 DEBUG -  >> "                        <com1:birthDate>1984-12-31</com1:birthDate>[\r][\n]"
2020-07-24 14:55:22 DEBUG -  >> "                     </com1:individualConsumer>[\r][\n]"
2020-07-24 14:55:22 DEBUG -  >> "                     <com1:address>[\r][\n]"
2020-07-24 14:55:22 DEBUG -  >> "                        <com1:addr1>10610 Faulkner Point way</com1:addr1>[\r][\n]"
2020-07-24 14:55:22 DEBUG -  >> "                        <com1:city>Irving</com1:city>[\r][\n]"
2020-07-24 14:55:22 DEBUG -  >> "                        <com1:state>TX</com1:state>[\r][\n]"
2020-07-24 14:55:22 DEBUG -  >> "                        <com1:postalCode>75063-1234</com1:postalCode>[\r][\n]"
2020-07-24 14:55:22 DEBUG -  >> "                        <com1:country>US</com1:country>[\r][\n]"
2020-07-24 14:55:22 DEBUG -  >> "                        <com1:phoneNumberList>[\r][\n]"
2020-07-24 14:55:22 DEBUG -  >> "                           <com1:phoneNumber>[\r][\n]"
2020-07-24 14:55:22 DEBUG -  >> "                              <com1:type>HOME</com1:type>[\r][\n]"
2020-07-24 14:55:22 DEBUG -  >> "                            <com1:number>2019447310</com1:number>[\r][\n]"
2020-07-24 14:55:22 DEBUG -  >> "                              <com1:isPrimary>true</com1:isPrimary>[\r][\n]"
2020-07-24 14:55:22 DEBUG -  >> "                           </com1:phoneNumber>[\r][\n]"
2020-07-24 14:55:22 DEBUG -  >> "                        </com1:phoneNumberList>[\r][\n]"
2020-07-24 14:55:22 DEBUG -  >> "                     </com1:address>[\r][\n]"
2020-07-24 14:55:22 DEBUG -  >> "                     <com1:email>PqIo48213@yahoo.com</com1:email>[\r][\n]"
2020-07-24 14:55:22 DEBUG -  >> "                     <!--com1:serviceId>1</com1:serviceId-->[\r][\n]"
2020-07-24 14:55:22 DEBUG -  >> "                     <com1:termsAcceptedDate>2009-05-01T12:06:12Z</com1:termsAcceptedDate>[\r][\n]"
2020-07-24 14:55:22 DEBUG -  >> "                     <com1:paymentLimits>[\r][\n]"
2020-07-24 14:55:22 DEBUG -  >> "                        <com1:transactionLimit>[\r][\n]"
2020-07-24 14:55:22 DEBUG -  >> "                           <com1:amount>1</com1:amount>[\r][\n]"
2020-07-24 14:55:22 DEBUG -  >> "                           <com1:currencyCode>USD</com1:currencyCode>[\r][\n]"
2020-07-24 14:55:22 DEBUG -  >> "                        </com1:transactionLimit>[\r][\n]"
2020-07-24 14:55:22 DEBUG -  >> "                        <com1:dailyLimit>[\r][\n]"
2020-07-24 14:55:22 DEBUG -  >> "                           <com1:amount>1</com1:amount>[\r][\n]"
2020-07-24 14:55:22 DEBUG -  >> "                           <com1:currencyCode>USD</com1:currencyCode>[\r][\n]"
2020-07-24 14:55:22 DEBUG -  >> "                        </com1:dailyLimit>[\r][\n]"
2020-07-24 14:55:22 DEBUG -  >> "                     </com1:paymentLimits>[\r][\n]"
2020-07-24 14:55:22 DEBUG -  >> "                     <com1:emailFormatPreference>HTML</com1:emailFormatPreference>[\r][\n]"
2020-07-24 14:55:22 DEBUG -  >> "                  </req7:consumerInfo>[\r][\n]"
2020-07-24 14:55:22 DEBUG -  >> "                  <req7:userInfo>[\r][\n]"
2020-07-24 14:55:22 DEBUG -  >> "                     <com1:firstName>manjinder</com1:firstName>[\r][\n]"
2020-07-24 14:55:22 DEBUG -  >> "                     <com1:middleName>Y</com1:middleName>[\r][\n]"
2020-07-24 14:55:22 DEBUG -  >> "                     <com1:lastName>singh</com1:lastName>[\r][\n]"
2020-07-24 14:55:22 DEBUG -  >> "                     <com1:address>[\r][\n]"
2020-07-24 14:55:22 DEBUG -  >> "                        <com1:addr1>10610 Faulkner Point way</com1:addr1>[\r][\n]"
2020-07-24 14:55:22 DEBUG -  >> "                        <com1:city>Irving</com1:city>[\r][\n]"
2020-07-24 14:55:22 DEBUG -  >> "                        <com1:state>TX</com1:state>[\r][\n]"
2020-07-24 14:55:22 DEBUG -  >> "                        <com1:postalCode>75063-1234</com1:postalCode>[\r][\n]"
2020-07-24 14:55:22 DEBUG -  >> "                        <com1:country>US</com1:country>[\r][\n]"
2020-07-24 14:55:22 DEBUG -  >> "                        <com1:phoneNumberList>[\r][\n]"
2020-07-24 14:55:22 DEBUG -  >> "                           <com1:phoneNumber>[\r][\n]"
2020-07-24 14:55:22 DEBUG -  >> "                              <com1:type>HOME</com1:type>[\r][\n]"
2020-07-24 14:55:22 DEBUG -  >> "                              <com1:number>2019447310</com1:number>[\r][\n]"
2020-07-24 14:55:22 DEBUG -  >> "                              <com1:isPrimary>true</com1:isPrimary>[\r][\n]"
2020-07-24 14:55:22 DEBUG -  >> "                           </com1:phoneNumber>[\r][\n]"
2020-07-24 14:55:22 DEBUG -  >> "                        </com1:phoneNumberList>[\r][\n]"
2020-07-24 14:55:22 DEBUG -  >> "                     </com1:address>[\r][\n]"
2020-07-24 14:55:22 DEBUG -  >> "                     <com1:email>PqIo48213@yahoo.com</com1:email>[\r][\n]"
2020-07-24 14:55:22 DEBUG -  >> "                     <com1:userIdentity>[\r][\n]"
2020-07-24 14:55:22 DEBUG -  >> "                        <com1:userId>WSUUqj</com1:userId>[\r][\n]"
2020-07-24 14:55:22 DEBUG -  >> "                     </com1:userIdentity>[\r][\n]"
2020-07-24 14:55:22 DEBUG -  >> "                     <com1:password>abc123</com1:password>[\r][\n]"
2020-07-24 14:55:22 DEBUG -  >> "                  </req7:userInfo>[\r][\n]"
2020-07-24 14:55:22 DEBUG -  >> "               </req:AddConsumer>[\r][\n]"
2020-07-24 14:55:22 DEBUG -  >> "            </req:MsgData>[\r][\n]"
2020-07-24 14:55:22 DEBUG -  >> "         </req:Svc>[\r][\n]"
2020-07-24 14:55:22 DEBUG -  >> "      </req:EbMtvnSvcReq>[\r][\n]"
2020-07-24 14:55:22 DEBUG -  >> "   </soapenv:Body>[\r][\n]"
2020-07-24 14:55:22 DEBUG -  >> "</soapenv:Envelope>"
2020-07-24 14:55:30 DEBUG -  << "HTTP/1.1 200 OK[\r][\n]"
2020-07-24 14:55:30 DEBUG -  << "X-Powered-By: Servlet/3.0[\r][\n]"
2020-07-24 14:55:30 DEBUG -  << "Content-Type: text/xml; charset=utf-8[\r][\n]"
2020-07-24 14:55:30 DEBUG -  << "Content-Encoding: gzip[\r][\n]"
2020-07-24 14:55:30 DEBUG -  << "Content-Language: en-US[\r][\n]"
2020-07-24 14:55:30 DEBUG -  << "Transfer-Encoding: chunked[\r][\n]"
2020-07-24 14:55:30 DEBUG -  << "Date: Fri, 24 Jul 2020 09:25:29 GMT[\r][\n]"
2020-07-24 14:55:30 DEBUG -  << "[\r][\n]"
2020-07-24 14:55:30 DEBUG - Receiving response: HTTP/1.1 200 OK
2020-07-24 14:55:30 DEBUG - << HTTP/1.1 200 OK
2020-07-24 14:55:30 DEBUG - << X-Powered-By: Servlet/3.0
2020-07-24 14:55:30 DEBUG - << Content-Type: text/xml; charset=utf-8
2020-07-24 14:55:30 DEBUG - << Content-Encoding: gzip
2020-07-24 14:55:30 DEBUG - << Content-Language: en-US
2020-07-24 14:55:30 DEBUG - << Transfer-Encoding: chunked
2020-07-24 14:55:30 DEBUG - << Date: Fri, 24 Jul 2020 09:25:29 GMT
2020-07-24 14:55:30 DEBUG - Connection can be kept alive indefinitely
2020-07-24 14:55:30 DEBUG - Parsing response as: text/xml; charset=utf-8
2020-07-24 14:55:30 DEBUG -  << "a[\r][\n]"
2020-07-24 14:55:30 DEBUG -  << "[0x1f][0x8b][0x8][0x0][0x0][0x0][0x0][0x0][0x0][0x0]"
2020-07-24 14:55:30 DEBUG -  << "[\r][\n]"
2020-07-24 14:55:30 DEBUG -  << "5ac[\r][\n]"
2020-07-24 14:55:30 DEBUG -  << "[0xad]X[0xdb][0x92][0xda]8[0x10]}[0xdf][0xaf][0xa0][0xd8]g[0xb0]d[0xee].[0xc6]Y2![0x15][0xaa]`v*[0x86]I6o[0x8a][0xad][0x19][0x9c][0xb5]e[0xc7][0xb2]a[0xf8][0xfb]m[0xb5][0x8c]o[0x90][\r]N[0x85][0xaa][0x19][0xac][0xbe][0x9c]#[0xb5][0xa4][0xee]6[0xf3]7[0xaf]a[0xd0]9[0xf0]D[0xfa][0x91][0xb8][0xeb][0xd2]>[0xe9]v[0xb8]p#[0xcf][0x17]/w[0xdd][0xdd][0xf6]}o[0xda]}c[0xff]1[0x97][0x11][0x8b][0xb9]8XKq[0xe0]A[0x14][0xf3][0xe][0xb8][0x9]i[0xe5][0xe2][0xbb][0xee]>Mc[0xcb]0[0xa4][0xbb][0xe7]![0x93]}[0xd0]*U?J^[0xc][0xf5]`[0xf0][0xdc][0xcf][0xe8][0xe6][0x9e][0xaf][0xd2]+[0xbc][0x8e][0xc7]c[0xff]8@c[0x93][0x10]j|[0xde][0xac][0x1d][0x4]*[0x8d][0xfd][0x9f][0x1b][0xf7]|!S&\[0xde][0xad][0xcc][0xf7][0x3]g[0x1e]O@p[0x94][0x92][[0xe]w[0xb3][0xc4]OO9[0xac][0x92][0x15][0xb8]^[0xe4][0xca]~[0xc4][0xa4]/{0O[0x81][0x4]`[0xa0]H[0x86][0x6][0xf0]h[0x95][0x1a][0x11][0xda][0x3][0x85][0xfa][0xcb][0xe1]z[0xf0][0xc0]_[0xd3][0x1e]D[0xaf][0xf][0xeb][0xea]v[0xce][0xec]a&[0xd3][0x9d][0x80][0x9][0xa8][0x89][0xc1]zi[0xd7][0x86][0x89]d[0xd6][0xd6][0xf]9[0x88][0xc2][0xb8][0x98]H[0xf6][[0xe6][0x91][0xa5]~[0xa0][0xbe][0x8b][0x89]([0xb2][0x15][0x10][0x17][0x84]=sd[0x92][0xc9]l:[0x1c][0xe5]S[0xb9]O8K[0xb9]g[0x9b][0xc4]$=2[0xe9][0x99][0xc3]-[0x99]Y[0xe6][0xc8][0x1a][0x90]>[0xa1][0x93]/s[0xa3]j[0x85].[0xcb][0xd7][0xd8]O[0xb8]l[0xb8][0xc]H[0xdd][0xe5]l[0xa5]G[0xc5][0x4]p\[0xd9][\n]"
2020-07-24 14:55:30 DEBUG -  << "[0x18]7[0xf6][0xaa][0xd8][0xbb][0xb7][0x91][0x7][0xea][0xe5][0xd7]Mz[0x10][0xce][0xc1][0xfd][0xc8][0xa5][0xe]W[0x11]*[0x1e][0xb3]S[0xc8]E*[0xfb]!O[0xd9][0x81][0x89][0x94][0xf7][0xdd](4[0xd2]S[0xcc][0xa5][0x1][0xe4]q$$[0x1c][0x87]y[0x8e][0xf0][0x4][0xe8][0x7][0xda][0x1f][0xf7][0xc9][0xdc][0xa8][0x88][0xe6][0x1b][0xf9][0xb2][0xdb][0xad][0xde][0xd9]o@[0x9c]?[0xce]A[0x87][0xff][0x1e]Y[0x12][0xc2]"[0x16]q[0x1c][0x80][0xf8][0xcb]r[0xbd]^[0xce][0x8d]|[0xa4][0xf4][0xf0][0xb5][0xf0][0xbc]{ [0xca]B[0x9e][0xcc][\r]-[0x9a]7[0xd8][0xce]LF[0x89][0x8]L[0xef]X[0xca][0x0][0xba]t[0xb7][0xe7]BR[0xb]"%[0xd9][0xb]_[0xfb]2[0xcd][0xcf][0x7]H[0x8b]E_[*<[0x85][0x91][0x80][0x85][0x1a][\r][0x5]hZ[0x82][0x1f][0xcf][0xc][0x5][0xa0]yc[0x14][0xdd][0xdc][0xb1][0x1a]N![0x7][0xd6]Y[0xbe][0xf2][0xc0][0xb5][0xbc]R[0xa0][0xba][0x19]8[0x9f]s[0x1d][0xcd]6'3jN'[0xa6]ZKM[0xd1][0x14]h^[0xe5]?[0xb4]|[0xe1][0xf9][0x7][0xdf][0xcb]Xp[0xb1][0xd0]a[0xfb][0xf9][0xc][0xad]g[0x1f][0xae][0xec][0x3][0xb][0xb9][0x1d]2[0xf1][0xcd]WWX[0xd1]W[0x15]h[0x17][0xfa][0x9e][0x17]p[0x1c][0xff][0xa3][\r]*[0x12][0xb4][0x8]Xn/![0xa3][0xee][0xb5]M!C[0xb][0xc7]y[0xb0]g[0xea]C[0xe0][0xa3][\r][0x94][0x8]u_[0xfd]$[0xdd][0xc3]1[0xe1]6[0x85];[0xdb][0xa3]fo@[0xb5]I[0xa9][0xd1][0xe3][0xcb][0x8]([0x84][0x91][0xc5]<[0xf]vN[0x16][0xe1][0x18][0xb5][0xf][0x87][0x6][0xa1]6%cJ:[0xef]Y[0x16][0xfc]+ [0xc0][0x8f][0x91]/[0xd2][0xce][0x91][0x9d][0xd4][0x4][0xce]6h[0xee][0xaa]}Y%[0x7]X[0xb1][0xd6][0xb9][0xf9]F[0x8d],[0xc8][0x1]0[0xe5][0xed]g-[0xd7]#T[0xc4][0x11][0xc]`[0xee][0x1e][0xb7]'#2[0x1e]Ps0[0xd4]F[0x15][0x8d]F[0x8f]2[0x91]&'{[0xe7][0xe4][0xe0][0xf9]X[0xc3][0xec]#[0xc1][0x1f][0xb2][0xf0]+O[0xce][0xe7][0xbf]&[0xd4][0x2][0xb5]D[0xfb][0xc3][0xdf][0x9b][0xa5]F[0xc0]!*[0x84]62[0x9][0x9d][\r][0x87][0x93][0x1]%[0xda] [0x17][0xe7][0xf3][0xa9][0xa2]5%[0x9a][0xd4][0xa8]D^[0x1][0x8f]-[0xa8]O~Pl[0xc2][0xb8][0xe5]&[0xc4][0xdf][0xfd]h85[0xe9][0xe0][0xaf][0x13][0xdb]G[0x91][0xb2]P[0x1c]9[0xac]b[0x98]X[0x92]C[0xc0]][0xbe][0xf2][\n]"
2020-07-24 14:55:30 DEBUG -  << "[0x96]IK[0x96][0x11][0xc1][0xb3]U[0x81]R[0xc8][0xd3][0xe2][0xca][0xbd][0xf5][0x83][0x0][0xb6][0xf4]1`[0xa2][0xe0][0x98][0xb6][0xe4]x\/[0x1e]:"[0xcf]U`[0xc5]8[0xb3]r[0xa8][0xb5][0x1f][0xfa]iytg[0xed][0x8f][0xee][0xcc]J[0x13]&$sSho[0x10]NKY[0xa8][0xe][0x8d][\r]u[0x12]w[0xb8][0x10][0xa0][0x12][\n]"
2020-07-24 14:55:30 DEBUG -  << "S[0x2]=[0xd0][0x9][0x8f][0xdc][0xce]y[0xa7]-jR-[0xba][0x8e][0xed][0xc1][0x96][0x9c]~;W[0x15][0xd5][0xb8][0x88][0x11][0x16][0xe]b[0xa5][0x1c]J[0xcb][0xc2]uy[0xc][0xc5]Z%[0x87][0xb2]~[0x90][0x96][0xc1][0x83][0x6]c[0xd6]#[0xa3][0x1e][0xa1][jZdlQ[0x13][0x16]@[0xbe]`[0x89][0xb9][0xc2][0x84]3[0xa0][0xfa]@[0xbe][0x8f][0x92][0x90][0xa5][0x8f][0x9][0xe6]j[0x19][0x95]Y[0xd0][0x96][0xb3][0xf8][0xb0][0xdd][0xac][0x91][0xf1][0x7][0xc8][0xc8]jb[0x1e][0xc9][0xca][0x83]Bo/n[0x9a]fq[0xbf]]=a2([0xc0][0x10]y[0x0]Q[0x8e][0xf5][0xf9][0xe4][0xc9][0xa2][0x91]I[0xe9]/T:@[0xd4]yrs[0xb6][0xeb]|b[0xa7][0xce][0x80][0xe8][0x9a][0x87]E[0xaf][0xb0])[0xed]M[0xbb]S[0xd1][0x98][0xb9][0x6][0xb3][0xaa][0xe3]G[0xd9]+$[0xe5] [0x90][0xb9][0xc9]9[0xd9][0xc2][0xa3][0xce][0xaf][0xfa]T[0x15][0xc3]|aeV[0x1d]M[0xe8]t[0x9c][0x9b][0xd4][0x93][0xad]B[0xab]e[0xdb][0x8a][0xe0][0xec]p[0x11] t[0x1c]Z,[0xf3][0xfc]t%[0x9e]q[0xc7][0xe0][0x86][0x94]q[0xfb][0x85][0x8a][0xc]x.[0xb6][0xa0]x[0xd4].zUsX[0x9e][0xcd][0x9a]e[0xc5]5j6[0x17]5[0x85]6[0xc][0xe1][0xbd][0xe7][0xd9][0xcf][0xf][0xf4]OXj[0xb6]5[0xf7]+D[0x15]M.i[0x86][0x7][0xe5][0xb5]V[\r]AGJ[0xb2][0x93][0x95]~[0x86][0xde]^[0xc1][0xaf]untle[0xf2]J[0xdb]F[0xdb][0xd6][0xa4]*[0x96][0xfd][0xc9][0xd9][0xed][0xbe][0xc3][0xa5][0x15][0xb2][0xda][0xa8]l[0xd6][0xe8][0xa4]l[0xa2]J[0xf6][0xb6][0xb5][0xaa][0xd6][0x96]U![0x91]bZi[0xc3]J[0x8e][0xb6][0xb5][\n]"
2020-07-24 14:55:30 DEBUG -  << ";[0xba][0x1a][0x16][0x82][0xcf][0x8a][0xfe][0xad][0x84]n[[0x9a][0x8a]f[0xb0][0x82][0x86][0xbd]:[0xc1]xmOq[0x9]n[0xb6]M[0xdd];g[0xf9][0x11]OS[0x9][0x86][0xd8][0xb4][0x99]'[0xcd][0xb6][0xe9][0xb8][0xcc][0x93][0x5][0x18]"[0x9b]?[0xbe][0xed]f[0xdb]\[0xac][0xf1]n[0xbc][0xed]u[0xcb][0x8a][0xeb][0xc5]m[0xaf])[0xb4][0xe1][0xcd][0xb7][0xbd]i[s[0xbf]B[0xd4][0xb8][0xed]W[0xc2][0x83][0x10]*!'[0x91]xYd[0xe9][0xde]i[0xec]L[0xdb][0xda][0xf2][0xcc][0x2][0xc9][0x91][0xec][0x12][0x15][0xc9][0xf4][[0xc7]:z[0xf1]E[0xad]10[0xdb]f[0xe3][0xff][\r]T[0x83][0x5][0x99]G[0xd6]3Tn[0xee][0xa1][0xf4]^U[0x8f][0x92][0xbc][0xed][0xdb][0x8]vPW[0x10]u[0xb2])[0x92]%[0xc]ko[0xd5]F[0xf1][0xb2][0xbd]L[0x92]{[0xa8]m[0xce][0xd3]=[0xbe]l[0xe5]C%[0x6][0x13][0xdb][0xc9][0xa0][0xa3][0x91][0x12][0xe5]j[0x8c][0xef][0xeb][0x85][0xd3][0xe6]iy[0x9b]S[0xf5]'[0x8b][0xca][0xef][0x1b][0xfa][0xf7][0xc][0xa3][0xf9]S[0x9a][0xfd][0x1f]*9x"[0x84][0x13][0x0][0x0]"
2020-07-24 14:55:30 DEBUG -  << "[\r][\n]"
2020-07-24 14:55:30 DEBUG -  << "0[\r][\n]"
2020-07-24 14:55:30 DEBUG -  << "[\r][\n]"
2020-07-24 14:55:30 DEBUG - Parsed data to instance of: class org.apache.http.conn.EofSensorInputStream
2020-07-24 14:55:30 DEBUG - Releasing connection org.apache.http.impl.conn.ManagedClientConnectionImpl@55acec99
2020-07-24 14:55:30 DEBUG - Connection can be kept alive indefinitely
2020-07-24 14:55:30 INFO  - [class com.epp.api.soaphit.GetSoapResponse] : Got the response
2020-07-24 14:55:30 INFO  - [class com.epp.api.utils.APIGenerics] : Getting timestamp in yyyyMMdd_HHmmss this formats 
2020-07-24 14:55:30 INFO  - [class com.epp.api.utils.APIGenerics] : writting the xml file into XML format
2020-07-24 14:55:30 INFO  - [class com.epp.api.utils.APIGenerics] : Creating the xlsx sheet
2020-07-24 14:55:30 DEBUG - Connection 0.0.0.0:53717<->127.0.0.1:1122 closed
2020-07-24 14:55:31 INFO  - [class com.epp.api.utils.APIGenerics] : All the services data is set to Excelsheet
2020-07-24 14:55:31 INFO  - [class com.epp.api.utils.APIGenerics] : Reading the file and returing the document instance
2020-07-24 14:55:31 INFO  - [class com.epp.api.utils.APIGenerics] : Getting the parsed data from response:  {userId=WSUUqj, consumerId=27912872, email=pqio48213@yahoo.com, number=2019447310}
2020-07-24 14:55:31 INFO  - [class com.epp.config.PropertiesCache] : New Properties Cache Log file is created: PropertyCache.properties
2020-07-24 14:55:31 INFO  - [class com.epp.config.PropertiesCache] : New Properties Cache Log file is created: PropertyCache.properties
2020-07-24 14:55:31 INFO  - [class com.epp.libraries.GenericLib] : Fetching the Respones output Nodes
2020-07-24 14:55:31 INFO  - [class com.epp.config.PropertiesCache] : New Properties Cache Log file is created: PropertyCache.properties
2020-07-24 14:55:31 INFO  - [class com.epp.config.PropertiesCache] : New Properties Cache Log file is created: PropertyCache.properties
2020-07-24 14:55:31 INFO  - [class com.epp.api.executor.APIExecutor] : Closing all the instances of Excel sheets
2020-07-24 14:55:31 INFO  - [class com.epp.api.executor.APIExecutor] : Request which need to run: AddFundingProfile.xml
2020-07-24 14:55:31 INFO  - [class com.epp.api.utils.APIGenerics] : Reading the file and returing the document instance
2020-07-24 14:55:31 INFO  - [class com.epp.api.executor.APIExecutor] : Reading XML file into Document instance is done
2020-07-24 14:55:31 INFO  - [class com.epp.api.utils.APIGenerics] : keyValueData generated:  {TCName=, wsse:Username=, wsse:Password=, req:MtvnSvcVer=, req:ApplID=, req:SvcID=, req:SvcVer=, req:RoutingID=, q1:type=, q1:nickname=, q1:primary=, q1:bankName=, q1:accountNumber=, q1:routingNumber=, userID=}
2020-07-24 14:55:31 INFO  - [class com.epp.api.utils.APIGenerics] : keyValueData generated:  {TCName=, wsse:Username=, wsse:Password=, req:MtvnSvcVer=, req:ApplID=, req:SvcID=, req:SvcVer=, req:RoutingID=, q1:type=, q1:nickname=, q1:primary=, q1:bankName=, q1:accountNumber=, q1:routingNumber=, userID=}
2020-07-24 14:55:31 INFO  - [class com.epp.api.utils.APIGenerics] : keyValueData generated:  {TCName=Zelle_AddFundingProfile_TC02, wsse:Username=FISEPAY_DEV, wsse:Password=RaDrup5E4awreP, req:MtvnSvcVer=v1.6.0, req:ApplID=ZELLE, req:SvcID=AddFundingProfile, req:SvcVer=v1.6.0, req:RoutingID=fis-50202, q1:type=BANK_ACCOUNT, q1:nickname=Demo user, q1:primary=true, q1:bankName=HDFC, q1:accountNumber=100001111189, q1:routingNumber=959009990, userID=ccc}
2020-07-24 14:55:31 INFO  - [class com.epp.api.utils.APIGenerics] : Parcing of xml file is done
2020-07-24 14:55:31 INFO  - [class com.epp.api.utils.APIGenerics] : Getting timestamp in yyyyMMdd_HHmmss this formats 
2020-07-24 14:55:31 INFO  - [class com.epp.api.utils.APIGenerics] : Creating the xml file at run level
2020-07-24 14:55:31 INFO  - [class com.epp.api.executor.APIExecutor] : Hitting the request using post method
2020-07-24 14:55:31 INFO  - [class com.epp.api.soaphit.GetSoapResponse] : Into Post Method
2020-07-24 14:55:31 INFO  - [class com.epp.api.soaphit.GetSoapResponse] : Base End Point URL: https://localhost:1122/services/port
2020-07-24 14:55:31 INFO  - [class com.epp.api.soaphit.GetSoapResponse] : XML request file path: C:\SeleniumWorkspace\DigiPayZelleAutomation\src\main\java\com\epp\api\temp\Request_Zelle_AddFundingProfile_TC02_20200724_145531.xml
2020-07-24 14:55:31 DEBUG - Get connection for route {s}->https://localhost:1122
2020-07-24 14:55:31 DEBUG - Connecting to localhost:1122
2020-07-24 14:55:32 DEBUG - CookieSpec selected: ignoreCookies
2020-07-24 14:55:32 DEBUG - Auth cache not set in the context
2020-07-24 14:55:32 DEBUG - Target auth state: UNCHALLENGED
2020-07-24 14:55:32 DEBUG - Proxy auth state: UNCHALLENGED
2020-07-24 14:55:32 DEBUG - Attempt 1 to execute request
2020-07-24 14:55:32 DEBUG - Sending request: POST /services/port/v1_6 HTTP/1.1
2020-07-24 14:55:32 DEBUG -  >> "POST /services/port/v1_6 HTTP/1.1[\r][\n]"
2020-07-24 14:55:32 DEBUG -  >> "SOAPAction: authenticate[\r][\n]"
2020-07-24 14:55:32 DEBUG -  >> "Accept: */*[\r][\n]"
2020-07-24 14:55:32 DEBUG -  >> "Content-Type: application/soap+xml; charset=UTF-8;[\r][\n]"
2020-07-24 14:55:32 DEBUG -  >> "Content-Length: 2867[\r][\n]"
2020-07-24 14:55:32 DEBUG -  >> "Host: localhost:1122[\r][\n]"
2020-07-24 14:55:32 DEBUG -  >> "Connection: Keep-Alive[\r][\n]"
2020-07-24 14:55:32 DEBUG -  >> "User-Agent: Apache-HttpClient/4.5.3 (Java/1.8.0_162)[\r][\n]"
2020-07-24 14:55:32 DEBUG -  >> "Accept-Encoding: gzip,deflate[\r][\n]"
2020-07-24 14:55:32 DEBUG -  >> "[\r][\n]"
2020-07-24 14:55:32 DEBUG - >> POST /services/port/v1_6 HTTP/1.1
2020-07-24 14:55:32 DEBUG - >> SOAPAction: authenticate
2020-07-24 14:55:32 DEBUG - >> Accept: */*
2020-07-24 14:55:32 DEBUG - >> Content-Type: application/soap+xml; charset=UTF-8;
2020-07-24 14:55:32 DEBUG - >> Content-Length: 2867
2020-07-24 14:55:32 DEBUG - >> Host: localhost:1122
2020-07-24 14:55:32 DEBUG - >> Connection: Keep-Alive
2020-07-24 14:55:32 DEBUG - >> User-Agent: Apache-HttpClient/4.5.3 (Java/1.8.0_162)
2020-07-24 14:55:32 DEBUG - >> Accept-Encoding: gzip,deflate
2020-07-24 14:55:32 DEBUG -  >> "<?xml version="1.0" encoding="UTF-8" standalone="no"?><soapenv:Envelope xmlns:soapenv="http://schemas.xmlsoap.org/soap/envelope/" xmlns:com="http://metavante.com/types/common" xmlns:com1="http://epayments.metavante.com/types/common" xmlns:req="http://epayments.metavante.com/types/request" xmlns:req1="http://epayments.metavante.com/types/consumerPayee/request" xmlns:req2="http://epayments.metavante.com/types/fi/request" xmlns:req3="http://epayments.metavante.com/types/fundingAccount/request" xmlns:req4="http://epayments.metavante.com/types/merchant/request" xmlns:req5="http://epayments.metavante.com/types/security/request" xmlns:req6="http://epayments.metavante.com/types/user/request" xmlns:req7="http://epayments.metavante.com/types/consumer/request" xmlns:req8="http://epayments.metavante.com/types/checkimage/request" xmlns:wsse="http://docs.oasis-open.org/wss/2004/01/oasis-200401-wss-wssecurity-secext-1.0.xsd" xmlns:xsi="http://www.w3.org/2001/XMLSchema-instance">[\r][\n]"
2020-07-24 14:55:32 DEBUG -  >> "   <soapenv:Header>[\r][\n]"
2020-07-24 14:55:32 DEBUG -  >> "      <wsse:Security>[\r][\n]"
2020-07-24 14:55:32 DEBUG -  >> "         <wsse:UsernameToken>[\r][\n]"
2020-07-24 14:55:32 DEBUG -  >> "             <wsse:Username>FISEPAY_DEV</wsse:Username>[\r][\n]"
2020-07-24 14:55:32 DEBUG -  >> "            <wsse:Password>RaDrup5E4awreP</wsse:Password>[\r][\n]"
2020-07-24 14:55:32 DEBUG -  >> "         </wsse:UsernameToken>[\r][\n]"
2020-07-24 14:55:32 DEBUG -  >> "      </wsse:Security>[\r][\n]"
2020-07-24 14:55:32 DEBUG -  >> "   </soapenv:Header>[\r][\n]"
2020-07-24 14:55:32 DEBUG -  >> "   <soapenv:Body>[\r][\n]"
2020-07-24 14:55:32 DEBUG -  >> "      <EbMtvnSvcReq xmlns="http://epayments.metavante.com/types/request">[\r][\n]"
2020-07-24 14:55:32 DEBUG -  >> "        <req:MtvnSvcVer>v1.6.0</req:MtvnSvcVer>[\r][\n]"
2020-07-24 14:55:32 DEBUG -  >> "         <MsgUUID>bc1ae59a-d0f3-4d80-9bf3-e83e1cb9c87a</MsgUUID>[\r][\n]"
2020-07-24 14:55:32 DEBUG -  >> "         <PrcsParms>[\r][\n]"
2020-07-24 14:55:32 DEBUG -  >> "            <SrcID>MVEPAY</SrcID>[\r][\n]"
2020-07-24 14:55:32 DEBUG -  >> "         </PrcsParms>[\r][\n]"
2020-07-24 14:55:32 DEBUG -  >> "         <Svc>[\r][\n]"
2020-07-24 14:55:32 DEBUG -  >> "            <SvcParms>[\r][\n]"
2020-07-24 14:55:32 DEBUG -  >> "               <req:ApplID>ZELLE</req:ApplID>[\r][\n]"
2020-07-24 14:55:32 DEBUG -  >> "               <req:SvcID>AddFundingProfile</req:SvcID>[\r][\n]"
2020-07-24 14:55:32 DEBUG -  >> "               <req:SvcVer>v1.6.0</req:SvcVer>[\r][\n]"
2020-07-24 14:55:32 DEBUG -  >> "               <RqstUUID>82f0d972-4c5b-4b5f-a0da-be4a9f3dc410</RqstUUID>[\r][\n]"
2020-07-24 14:55:32 DEBUG -  >> "               <req:RoutingID>fis-50202</req:RoutingID>[\r][\n]"
2020-07-24 14:55:32 DEBUG -  >> "            </SvcParms>[\r][\n]"
2020-07-24 14:55:32 DEBUG -  >> "            <MsgData>[\r][\n]"
2020-07-24 14:55:32 DEBUG -  >> "               <AddFundingProfile>[\r][\n]"
2020-07-24 14:55:32 DEBUG -  >> "                  <userId>WSUUqj</userId>[\r][\n]"
2020-07-24 14:55:32 DEBUG -  >> "                  <fundingProfileInfo xmlns="http://epayments.metavante.com/types/fundingProfile/request" xmlns:q1="http://epayments.metavante.com/types/common" xsi:type="q1:BankFundingProfileInfoType">[\r][\n]"
2020-07-24 14:55:32 DEBUG -  >> "                     <q1:type>BANK_ACCOUNT</q1:type>[\r][\n]"
2020-07-24 14:55:32 DEBUG -  >> "                     <q1:nickname>Demo user</q1:nickname>[\r][\n]"
2020-07-24 14:55:32 DEBUG -  >> "                     <q1:primary>true</q1:primary>[\r][\n]"
2020-07-24 14:55:32 DEBUG -  >> "                     <q1:bankName>HDFC</q1:bankName>[\r][\n]"
2020-07-24 14:55:32 DEBUG -  >> "                     <q1:accountNumber>100001111189</q1:accountNumber>[\r][\n]"
2020-07-24 14:55:32 DEBUG -  >> "                     <q1:routingNumber>959009990</q1:routingNumber>[\r][\n]"
2020-07-24 14:55:32 DEBUG -  >> "                     <q1:checkNumber>123461</q1:checkNumber>[\r][\n]"
2020-07-24 14:55:32 DEBUG -  >> "                     <q1:bankAccountType>CHECKING</q1:bankAccountType>[\r][\n]"
2020-07-24 14:55:32 DEBUG -  >> "                  </fundingProfileInfo>[\r][\n]"
2020-07-24 14:55:32 DEBUG -  >> "               </AddFundingProfile>[\r][\n]"
2020-07-24 14:55:32 DEBUG -  >> "            </MsgData>[\r][\n]"
2020-07-24 14:55:32 DEBUG -  >> "         </Svc>[\r][\n]"
2020-07-24 14:55:32 DEBUG -  >> "      </EbMtvnSvcReq>[\r][\n]"
2020-07-24 14:55:32 DEBUG -  >> "   </soapenv:Body>[\r][\n]"
2020-07-24 14:55:32 DEBUG -  >> "</soapenv:Envelope>"
2020-07-24 14:55:37 DEBUG -  << "HTTP/1.1 200 OK[\r][\n]"
2020-07-24 14:55:37 DEBUG -  << "X-Powered-By: Servlet/3.0[\r][\n]"
2020-07-24 14:55:37 DEBUG -  << "Content-Type: text/xml; charset=utf-8[\r][\n]"
2020-07-24 14:55:37 DEBUG -  << "Content-Encoding: gzip[\r][\n]"
2020-07-24 14:55:37 DEBUG -  << "Content-Language: en-US[\r][\n]"
2020-07-24 14:55:37 DEBUG -  << "Transfer-Encoding: chunked[\r][\n]"
2020-07-24 14:55:37 DEBUG -  << "Date: Fri, 24 Jul 2020 09:25:36 GMT[\r][\n]"
2020-07-24 14:55:37 DEBUG -  << "[\r][\n]"
2020-07-24 14:55:37 DEBUG - Receiving response: HTTP/1.1 200 OK
2020-07-24 14:55:37 DEBUG - << HTTP/1.1 200 OK
2020-07-24 14:55:37 DEBUG - << X-Powered-By: Servlet/3.0
2020-07-24 14:55:37 DEBUG - << Content-Type: text/xml; charset=utf-8
2020-07-24 14:55:37 DEBUG - << Content-Encoding: gzip
2020-07-24 14:55:37 DEBUG - << Content-Language: en-US
2020-07-24 14:55:37 DEBUG - << Transfer-Encoding: chunked
2020-07-24 14:55:37 DEBUG - << Date: Fri, 24 Jul 2020 09:25:36 GMT
2020-07-24 14:55:37 DEBUG - Connection can be kept alive indefinitely
2020-07-24 14:55:37 DEBUG - Parsing response as: text/xml; charset=utf-8
2020-07-24 14:55:37 DEBUG -  << "a[\r][\n]"
2020-07-24 14:55:37 DEBUG -  << "[0x1f][0x8b][0x8][0x0][0x0][0x0][0x0][0x0][0x0][0x0]"
2020-07-24 14:55:37 DEBUG -  << "[\r][\n]"
2020-07-24 14:55:37 DEBUG -  << "437[\r][\n]"
2020-07-24 14:55:37 DEBUG -  << "[0xd5]W]o[0xa3]8[0x14]}[0xdf]_[0x11][0xf1][0xe][0x98][0x8f][0x84][0x80]([0xa3][0x94][0xa6][0xdb]h[0x9a][0xb4]j[0xd2]j[0xa7]/+[0x7][0x9c][0x96]m0,6i[0xfb][0xef][0xf7][0x9a][0xf][0x97]0T[0xd3]J}[0xd8][0x89][0xd4][0x6][0x9f]{[0xee][0xb9][0xc7][0xd7][0x6][0x1c][0xff][0xdb]K[0xba][0x1f][0x1d]H[0xc1][0x92][0x8c][0x9e]([0x86][0x86][0x94][0x11][0xa1]Q[0x16]'[0xf4][0xe1]D[0xb9][0xdd][0x9c][0xab]S[0xe5][[0xf0][0x87][0xcf]2[0x9c][0x13]z[0xf0][0xe6][0xf4]@[0xf6]YNF[0x90]F[0x99][0xd7][0xc0]'[0xca]#[0xe7][0xb9][0xa7][0xeb],z$)f[0x1a]DEH[0xcb][0x8a][0x7]]\[0xe8][0xa4][0xc9][0xd3][0x95]&[0xf3][0x85][0xc5]2[0xeb][0xf9][0xf9]Y{[0xb6]*[0xb2][0x89][0x90][0xa1][0xff][0xb5][0xbc]\WBo[0xe4][0xe4][0xd7]d5[0xa1][0x8c]c[0x1a][0x11][0xa5][0xe3][0xf7][0x82][0xe0][0x98][0x14][0x0]<3F[0xbc]5[0x89][0xca]"[0xe1][0xaf][0x8d][0xac][0xc0][0xa4]n[0x9c]EL[0xcb]0K[0x98][\n]"
2020-07-24 14:55:37 DEBUG -  << ">iU[0x0][0x8][0xa2][0x88][0xad]C[0x9d]:$F[0xc8]P! [0xfe][0x1a]9[0x15].[0xc8][0xb]W[0xa1]{[0x1a][0xcc]K[0x19][0xb5][0xd5][0xd3][0x92][0xf1][[\n]"
2020-07-24 14:55:37 DEBUG -  << "[0x6][0x84]1[0x98][0xaf][0xa1][0x4]`[0xa4][0xf4]6IJ[0x0]Jsi[0xa4][0xfc][0x12][0x1f]%O[0xf6][0xe2][[0x1a][0x11][0xc5][0x16]PX[0x16]TU[0xc3]0&h[0xec]8[0xd3][0xd6]LX[0x10][0xcc]I[0x1c][0x98][0xc8]D*rT[0xd3][0xde] [0xd7]3[0xc7][0x9e][0xe5]h[0xa6]i[0xdf][0xfb]z[0x97]U[0xa5][0xcc]_[0xf2][0xa4] [0xac][0x97]b[0xa1][0xe3][0x94][0x96]U[0x8f][0xa4][0x85]j[0xdc]Y[0xc][0x18][0xf7]VK[0xae][0xde]i[0x16]Cx[0xbe]][0xf2][0x3]][0x1f][0xa2][0x1b][0xc2][0xea][0x86][0xc9]f[0x91][0x1c][0xbf][0xa6][0x84]r[0xa6][0xa5][0x84][0xe3][0x3][0xa6][0x9c]hQ[0x96][0xea][0xfc]5'L[0x87][0xe2]yF[0x19]l[0x8][0xbf]Q[0xb8][0x3][0xf5][0x83][0xa1]M4[0xe4][0xeb][0x1d][0xc8]_[0xb2][0x87][0xdb][0xdb][0xc5]Y[0xb0][0x8d][0xc]L[0xc6].Vc[0xb4][0xb3]T;[0x9e]"[0xd5][0xdd][0xc2][0x15][0x99]Z[0xc4][0x88][0xb6]n4u0d6l[0x1f][0xd2][0xab][0xd7][0xb8]Ha[0x9e][0xb3]<[0xdf][0x3]|?[0xbf][0xbc][0x9c][0xfb]z3[0x12]q[0xf8][0x9a][0xc5][0xf1]yI[0xc5]mu]d[0xbb]dO|[0xbd][0xe][0xf8]=[[0xad][0xa5][0x9b]a[0xef][0x88]*Ss[0x87]b[0xd7]1U;[0x1a]oU{;[0xde][0xa9][0x18][0xc5]X[0xdd][0x12][0x1b][0xbb];+[0x8e]l[0x3][0xd2]$[0xbd]Rh[0xc][0x81][0xd1]3[0xcc]18[0xeb]W[0xf]|[0xca][0xc][0xf]V[0x84][0xe1][0x7]r[0x99]0[0xde][0xec]D@es[0x87]Z[\n]"
2020-07-24 14:55:37 DEBUG -  << "WiF[0xa1][0xa1]z/_[0x8][0x9a][0xde][0xee][0xa8][0x88][0xd4]4?[0xb8]`[0xc7][0xe9][0xdd][0xf5][0xa3][0xcc][0xea][0x89]/b[0x90]y[0xbb][0x97][0x81][0xf0][0xc1]"r[\n]"
2020-07-24 14:55:37 DEBUG -  << "C[0x9a][0x81]5[0xb6][0xdc][0x89]eZb[0x82][0x3][0xe1]a[0xb8]v"[0x14]m[0xf][0xf6]8/[0x99]te[0xd2][0xd5][0xec][0xfa][0xfa][0xe6][0xea]n~&[\n]"
2020-07-24 14:55:37 DEBUG -  << "[0xb5]bBx[0xec]%t[0x97]I[0xd9][0xf1][0xe7]dG[0xf0][0x4][0xf5][0x4]r[0xa2][0x8][0xa9]SL[0x9f][0x8e][0xf7][0xc3][0x2][0xc4]7[0x10]W[0xea]Z[0x82][0x1a][0x9c][0xce]V[0xdf][0xff][0x9e][0x85][0xe1][0xd5][0xed]j#[0xec]4pE[0xa0]I[0xf4]DqJ[0x82]3[0x92]f[0xa3][0x92][0x91][0xa2]fH[0xbc]b[0xe5]E[0x92][0xe2][0xe2]5[0xe0]EI[0xea]x[0x8b]T[0xe1]-[0xd8]X[0x9][0xf2][0xc5][0xd9]yX[0xc7]%T[0x11]p[0x14]e%[0xe5][0xab]2[0xdd][0xc2]-a [0xf8][0x18][0xe2]3uk[0xf6]q[0xbc]J)2x[0x8][0xd2][0x87][0x6]r[0xc7].B[0xae][0xeb][0xa2][0x9a][0x1c][0xac][0xf8][0xf0][0xea][0x88][0x9e][0xda][0x2][0xa6]eO[0x8c][0x9a][0xda][0xc5][0xa5][0xd9]Y]O4*[0x8]/[0xe6][0xe1][0xf7][0xc5][0xea][0xcf]7[0xdf][0xdd]h[0xdd]$[0x98][0xc8][0x15][\r][0x85]R[0x90]b[0xfa]O"^[0x5][0xa3][0x1f]#[0x6][0x1e][0x1e][0x9b]~u(5"[0x96]Y[0xa4]O[0xda]][0xb6]$[0xfc]1[0x8b][0x9b]u:[0xba]U'[0x9f][0xdf][0xf1][0xc3][0xaa][0x3][0x91][0x16][0x8a][0xa9][0x84][0xba][0xfb][0xbc][0xc7][0x86];[0xc3]@[0xa6])f[0xf0]s[0xa4]E?&[0xb5][0x19][0xda]zC[0x9c][0xc1][0xd9][0x1c][0x12][0xf1][0x2]9_[0xac][0x7][0xb2]d[0xb8][0x9b][0x19]>bJ[0xc9]>X[0xac][0xd6][0x9b]Y[0xaf]X[0x1b][0x1b][0xd0][0x1a][0xc2][0xde]o[0xe6][0x97][0xb6][0x19][0xb9][0xbf]q[0x9b]g[0xe1][0xc5][0xff][0xbe][0xc5][0x16]B[0xbf][0xf3]N[0xfe][0xaa][0x16][0xbf][0x1b]j_[0xf7][0x8e][0x87][0xcb]8[0xe1][0xe2][0xd5]Q[0xa4][0x98][0xc3][0xf][0x8][0xf9]dr>[0xff]dr[0xbc][0xa8]:b[0xc2][0x81][0x85][0xc][0x9c]E-[\r][0x1e][0xfe][0xf7][0xc2][0xd4][0x11][0xf1]-1+`[0x81]L[0xc7]5[0xcc][0xa9]cvx[0x15]^[0xd1]R[0xf8]U[0xb3]KH[0xfc]N[0x85]I[0xa7][0xc2][0x11][0xb5][0x9b][0xfc]s[0x91]N[0xa0][0x6][0xfa]M[0xa9][0xe0][0xfe][0xd1][0x8][0xc0][0x81]3[0x99].[0xf]l[0xf3][0xa2][0x8]c[0x12][0xac][0xef]B0[0xe5][0xeb][0xcd]P[0xc0]@[0x9][0xd6]e[0x14][0xc1][0xd1][0xab][0xc2][0xc5][0xb8]:[0xf3][0xc9][0xa4][0xe5][0xdd][0xfc]cI[0xdd][0x83]u[0xe7][0x14]^[0x9f][0xba][0xf5][0xfe]O[0xbe][0xe0]?[0xed]S*?,[0xe][0x0][0x0]"
2020-07-24 14:55:37 DEBUG -  << "[\r][\n]"
2020-07-24 14:55:37 DEBUG -  << "0[\r][\n]"
2020-07-24 14:55:37 DEBUG -  << "[\r][\n]"
2020-07-24 14:55:37 DEBUG - Parsed data to instance of: class org.apache.http.conn.EofSensorInputStream
2020-07-24 14:55:37 DEBUG - Releasing connection org.apache.http.impl.conn.ManagedClientConnectionImpl@48268eec
2020-07-24 14:55:37 DEBUG - Connection can be kept alive indefinitely
2020-07-24 14:55:37 INFO  - [class com.epp.api.soaphit.GetSoapResponse] : Got the response
2020-07-24 14:55:37 INFO  - [class com.epp.api.utils.APIGenerics] : Getting timestamp in yyyyMMdd_HHmmss this formats 
2020-07-24 14:55:37 INFO  - [class com.epp.api.utils.APIGenerics] : writting the xml file into XML format
2020-07-24 14:55:37 INFO  - [class com.epp.api.utils.APIGenerics] : Creating the xlsx sheet
2020-07-24 14:55:37 DEBUG - Connection 0.0.0.0:53763<->127.0.0.1:1122 closed
2020-07-24 14:55:38 INFO  - [class com.epp.api.utils.APIGenerics] : All the services data is set to Excelsheet
2020-07-24 14:55:38 INFO  - [class com.epp.api.utils.APIGenerics] : Reading the file and returing the document instance
2020-07-24 14:55:38 INFO  - [class com.epp.api.utils.APIGenerics] : Getting the parsed data from response:  {fundingProfileId=35396323}
2020-07-24 14:55:38 INFO  - [class com.epp.config.PropertiesCache] : New Properties Cache Log file is created: PropertyCache.properties
2020-07-24 14:55:38 INFO  - [class com.epp.config.PropertiesCache] : New Properties Cache Log file is created: PropertyCache.properties
2020-07-24 14:55:38 INFO  - [class com.epp.config.PropertiesCache] : New Properties Cache Log file is created: PropertyCache.properties
2020-07-24 14:55:40 INFO  - [class com.epp.libraries.GenericLib] : userIDOne: WSUUqj
2020-07-24 14:55:40 INFO  - [class com.epp.libraries.GenericLib] : consumerIDOne: 27912872
2020-07-24 14:55:40 INFO  - [class com.epp.libraries.GenericLib] : emailIDOne: pqio48213@yahoo.com
2020-07-24 14:55:40 INFO  - [class com.epp.libraries.GenericLib] : mobileNumberOne: 2019447310
2020-07-24 14:55:40 INFO  - [class com.epp.libraries.GenericLib] : fundingProfileIDOne: 35396323
2020-07-24 14:55:40 INFO  - [class com.epp.libraries.GenericLib] : URL launchedhttps://epayments-epayui-fnc-1.money-movement.com/TestPeoplePay50202X/DebugAccess?userName=WSUUqj&productCode=Zelle&destination=Home
2020-07-24 14:55:40 INFO  - [class com.zelle.stepdefinition.UniversalSteps] : UniversalStep: User is on page LandingPage
2020-07-24 14:55:40 INFO  - [class com.zelle.stepdefinition.UniversalSteps] : UniversalStep: User clicks on element btnGetStarted
2020-07-24 14:55:42 INFO  - [class com.epp.webelement.Button] : Button: Clicked Button with id --- ContinueButton
2020-07-24 14:55:42 INFO  - [class com.zelle.stepdefinition.UniversalSteps] : UniversalStep: User waited for 10 seconds 
2020-07-24 14:55:52 INFO  - [class com.zelle.stepdefinition.UniversalSteps] : UniversalStep: Validate that user is on page SendMoneyWithZellePagePage
2020-07-24 14:55:52 ERROR - [class com.zelle.stepdefinition.UniversalSteps] : UniversalStep:  SendMoneyWithZellePagePage Failed , java.lang.ClassNotFoundException: com.epp.zelle.pages.SendMoneyWithZellePagePage
	at java.net.URLClassLoader.findClass(Unknown Source)
	at java.lang.ClassLoader.loadClass(Unknown Source)
	at sun.misc.Launcher$AppClassLoader.loadClass(Unknown Source)
	at java.lang.ClassLoader.loadClass(Unknown Source)
	at java.lang.Class.forName0(Native Method)
	at java.lang.Class.forName(Unknown Source)
	at com.zelle.stepdefinition.UniversalSteps.invokeMethod(UniversalSteps.java:99)
	at com.zelle.stepdefinition.UniversalSteps.validate_that_user_is_on_page(UniversalSteps.java:172)
	at sun.reflect.NativeMethodAccessorImpl.invoke0(Native Method)
	at sun.reflect.NativeMethodAccessorImpl.invoke(Unknown Source)
	at sun.reflect.DelegatingMethodAccessorImpl.invoke(Unknown Source)
	at java.lang.reflect.Method.invoke(Unknown Source)
	at cucumber.runtime.Utils$1.call(Utils.java:37)
	at cucumber.runtime.Timeout.timeout(Timeout.java:13)
	at cucumber.runtime.Utils.invoke(Utils.java:31)
	at cucumber.runtime.java.JavaStepDefinition.execute(JavaStepDefinition.java:41)
	at cucumber.runtime.StepDefinitionMatch.runStep(StepDefinitionMatch.java:37)
	at cucumber.runtime.Runtime.runStep(Runtime.java:314)
	at cucumber.runtime.model.StepContainer.runStep(StepContainer.java:44)
	at cucumber.runtime.model.StepContainer.runSteps(StepContainer.java:39)
	at cucumber.runtime.model.CucumberScenario.run(CucumberScenario.java:44)
	at cucumber.runtime.model.CucumberFeature.run(CucumberFeature.java:165)
	at cucumber.api.testng.TestNGCucumberRunner.runCucumber(TestNGCucumberRunner.java:63)
	at cucumber.api.testng.AbstractTestNGCucumberTests.feature(AbstractTestNGCucumberTests.java:21)
	at sun.reflect.NativeMethodAccessorImpl.invoke0(Native Method)
	at sun.reflect.NativeMethodAccessorImpl.invoke(Unknown Source)
	at sun.reflect.DelegatingMethodAccessorImpl.invoke(Unknown Source)
	at java.lang.reflect.Method.invoke(Unknown Source)
	at org.testng.internal.MethodInvocationHelper.invokeMethod(MethodInvocationHelper.java:85)
	at org.testng.internal.Invoker.invokeMethod(Invoker.java:639)
	at org.testng.internal.Invoker.invokeTestMethod(Invoker.java:816)
	at org.testng.internal.Invoker.invokeTestMethods(Invoker.java:1124)
	at org.testng.internal.TestMethodWorker.invokeTestMethods(TestMethodWorker.java:125)
	at org.testng.internal.TestMethodWorker.run(TestMethodWorker.java:108)
	at org.testng.TestRunner.privateRun(TestRunner.java:774)
	at org.testng.TestRunner.run(TestRunner.java:624)
	at org.testng.SuiteRunner.runTest(SuiteRunner.java:359)
	at org.testng.SuiteRunner.runSequentially(SuiteRunner.java:354)
	at org.testng.SuiteRunner.privateRun(SuiteRunner.java:312)
	at org.testng.SuiteRunner.run(SuiteRunner.java:261)
	at org.testng.SuiteRunnerWorker.runSuite(SuiteRunnerWorker.java:52)
	at org.testng.SuiteRunnerWorker.run(SuiteRunnerWorker.java:86)
	at org.testng.TestNG.runSuitesSequentially(TestNG.java:1215)
	at org.testng.TestNG.runSuitesLocally(TestNG.java:1140)
	at org.testng.TestNG.run(TestNG.java:1048)
	at org.testng.remote.AbstractRemoteTestNG.run(AbstractRemoteTestNG.java:115)
	at org.testng.remote.RemoteTestNG.initAndRun(RemoteTestNG.java:251)
	at org.testng.remote.RemoteTestNG.main(RemoteTestNG.java:77)
...
2020-07-24 14:55:52 INFO  - [class com.zelle.stepdefinition.UniversalSteps] : UniversalStep: User clicks on element btnContinue
2020-07-24 14:55:52 ERROR - [class com.zelle.stepdefinition.UniversalSteps] : UniversalStep:  btnContinue Failed , java.lang.ClassNotFoundException: com.epp.zelle.pages.SendMoneyWithZellePagePage
	at java.net.URLClassLoader.findClass(Unknown Source)
	at java.lang.ClassLoader.loadClass(Unknown Source)
	at sun.misc.Launcher$AppClassLoader.loadClass(Unknown Source)
	at java.lang.ClassLoader.loadClass(Unknown Source)
	at java.lang.Class.forName0(Native Method)
	at java.lang.Class.forName(Unknown Source)
	at com.zelle.stepdefinition.UniversalSteps.invokeMethod(UniversalSteps.java:99)
	at com.zelle.stepdefinition.UniversalSteps.validate_that_user_is_on_page(UniversalSteps.java:172)
	at sun.reflect.NativeMethodAccessorImpl.invoke0(Native Method)
	at sun.reflect.NativeMethodAccessorImpl.invoke(Unknown Source)
	at sun.reflect.DelegatingMethodAccessorImpl.invoke(Unknown Source)
	at java.lang.reflect.Method.invoke(Unknown Source)
	at cucumber.runtime.Utils$1.call(Utils.java:37)
	at cucumber.runtime.Timeout.timeout(Timeout.java:13)
	at cucumber.runtime.Utils.invoke(Utils.java:31)
	at cucumber.runtime.java.JavaStepDefinition.execute(JavaStepDefinition.java:41)
	at cucumber.runtime.StepDefinitionMatch.runStep(StepDefinitionMatch.java:37)
	at cucumber.runtime.Runtime.runStep(Runtime.java:314)
	at cucumber.runtime.model.StepContainer.runStep(StepContainer.java:44)
	at cucumber.runtime.model.StepContainer.runSteps(StepContainer.java:39)
	at cucumber.runtime.model.CucumberScenario.run(CucumberScenario.java:44)
	at cucumber.runtime.model.CucumberFeature.run(CucumberFeature.java:165)
	at cucumber.api.testng.TestNGCucumberRunner.runCucumber(TestNGCucumberRunner.java:63)
	at cucumber.api.testng.AbstractTestNGCucumberTests.feature(AbstractTestNGCucumberTests.java:21)
	at sun.reflect.NativeMethodAccessorImpl.invoke0(Native Method)
	at sun.reflect.NativeMethodAccessorImpl.invoke(Unknown Source)
	at sun.reflect.DelegatingMethodAccessorImpl.invoke(Unknown Source)
	at java.lang.reflect.Method.invoke(Unknown Source)
	at org.testng.internal.MethodInvocationHelper.invokeMethod(MethodInvocationHelper.java:85)
	at org.testng.internal.Invoker.invokeMethod(Invoker.java:639)
	at org.testng.internal.Invoker.invokeTestMethod(Invoker.java:816)
	at org.testng.internal.Invoker.invokeTestMethods(Invoker.java:1124)
	at org.testng.internal.TestMethodWorker.invokeTestMethods(TestMethodWorker.java:125)
	at org.testng.internal.TestMethodWorker.run(TestMethodWorker.java:108)
	at org.testng.TestRunner.privateRun(TestRunner.java:774)
	at org.testng.TestRunner.run(TestRunner.java:624)
	at org.testng.SuiteRunner.runTest(SuiteRunner.java:359)
	at org.testng.SuiteRunner.runSequentially(SuiteRunner.java:354)
	at org.testng.SuiteRunner.privateRun(SuiteRunner.java:312)
	at org.testng.SuiteRunner.run(SuiteRunner.java:261)
	at org.testng.SuiteRunnerWorker.runSuite(SuiteRunnerWorker.java:52)
	at org.testng.SuiteRunnerWorker.run(SuiteRunnerWorker.java:86)
	at org.testng.TestNG.runSuitesSequentially(TestNG.java:1215)
	at org.testng.TestNG.runSuitesLocally(TestNG.java:1140)
	at org.testng.TestNG.run(TestNG.java:1048)
	at org.testng.remote.AbstractRemoteTestNG.run(AbstractRemoteTestNG.java:115)
	at org.testng.remote.RemoteTestNG.initAndRun(RemoteTestNG.java:251)
	at org.testng.remote.RemoteTestNG.main(RemoteTestNG.java:77)
java.lang.NoSuchFieldException: btnContinue
	at java.lang.Class.getField(Unknown Source)
	at com.zelle.stepdefinition.UniversalSteps.invokeElementMethod(UniversalSteps.java:117)
	at com.zelle.stepdefinition.UniversalSteps.user_clicks_on_element(UniversalSteps.java:202)
	at sun.reflect.NativeMethodAccessorImpl.invoke0(Native Method)
	at sun.reflect.NativeMethodAccessorImpl.invoke(Unknown Source)
	at sun.reflect.DelegatingMethodAccessorImpl.invoke(Unknown Source)
	at java.lang.reflect.Method.invoke(Unknown Source)
	at cucumber.runtime.Utils$1.call(Utils.java:37)
	at cucumber.runtime.Timeout.timeout(Timeout.java:13)
	at cucumber.runtime.Utils.invoke(Utils.java:31)
	at cucumber.runtime.java.JavaStepDefinition.execute(JavaStepDefinition.java:41)
	at cucumber.runtime.StepDefinitionMatch.runStep(StepDefinitionMatch.java:37)
	at cucumber.runtime.Runtime.runStep(Runtime.java:314)
	at cucumber.runtime.model.StepContainer.runStep(StepContainer.java:44)
	at cucumber.runtime.model.StepContainer.runSteps(StepContainer.java:39)
	at cucumber.runtime.model.CucumberScenario.run(CucumberScenario.java:44)
	at cucumber.runtime.model.CucumberFeature.run(CucumberFeature.java:165)
	at cucumber.api.testng.TestNGCucumberRunner.runCucumber(TestNGCucumberRunner.java:63)
	at cucumber.api.testng.AbstractTestNGCucumberTests.feature(AbstractTestNGCucumberTests.java:21)
	at sun.reflect.NativeMethodAccessorImpl.invoke0(Native Method)
	at sun.reflect.NativeMethodAccessorImpl.invoke(Unknown Source)
	at sun.reflect.DelegatingMethodAccessorImpl.invoke(Unknown Source)
	at java.lang.reflect.Method.invoke(Unknown Source)
	at org.testng.internal.MethodInvocationHelper.invokeMethod(MethodInvocationHelper.java:85)
	at org.testng.internal.Invoker.invokeMethod(Invoker.java:639)
	at org.testng.internal.Invoker.invokeTestMethod(Invoker.java:816)
	at org.testng.internal.Invoker.invokeTestMethods(Invoker.java:1124)
	at org.testng.internal.TestMethodWorker.invokeTestMethods(TestMethodWorker.java:125)
	at org.testng.internal.TestMethodWorker.run(TestMethodWorker.java:108)
	at org.testng.TestRunner.privateRun(TestRunner.java:774)
	at org.testng.TestRunner.run(TestRunner.java:624)
	at org.testng.SuiteRunner.runTest(SuiteRunner.java:359)
	at org.testng.SuiteRunner.runSequentially(SuiteRunner.java:354)
	at org.testng.SuiteRunner.privateRun(SuiteRunner.java:312)
	at org.testng.SuiteRunner.run(SuiteRunner.java:261)
	at org.testng.SuiteRunnerWorker.runSuite(SuiteRunnerWorker.java:52)
	at org.testng.SuiteRunnerWorker.run(SuiteRunnerWorker.java:86)
	at org.testng.TestNG.runSuitesSequentially(TestNG.java:1215)
	at org.testng.TestNG.runSuitesLocally(TestNG.java:1140)
	at org.testng.TestNG.run(TestNG.java:1048)
	at org.testng.remote.AbstractRemoteTestNG.run(AbstractRemoteTestNG.java:115)
	at org.testng.remote.RemoteTestNG.initAndRun(RemoteTestNG.java:251)
	at org.testng.remote.RemoteTestNG.main(RemoteTestNG.java:77)
...
2020-07-24 14:55:52 INFO  - [class com.zelle.stepdefinition.UniversalSteps] : UniversalStep: User types 444444 in textbox edtVerificationCode.
2020-07-24 14:55:52 ERROR - [class com.zelle.stepdefinition.UniversalSteps] : UniversalStep:  edtVerificationCode Failed , java.lang.ClassNotFoundException: com.epp.zelle.pages.SendMoneyWithZellePagePage
	at java.net.URLClassLoader.findClass(Unknown Source)
	at java.lang.ClassLoader.loadClass(Unknown Source)
	at sun.misc.Launcher$AppClassLoader.loadClass(Unknown Source)
	at java.lang.ClassLoader.loadClass(Unknown Source)
	at java.lang.Class.forName0(Native Method)
	at java.lang.Class.forName(Unknown Source)
	at com.zelle.stepdefinition.UniversalSteps.invokeMethod(UniversalSteps.java:99)
	at com.zelle.stepdefinition.UniversalSteps.validate_that_user_is_on_page(UniversalSteps.java:172)
	at sun.reflect.NativeMethodAccessorImpl.invoke0(Native Method)
	at sun.reflect.NativeMethodAccessorImpl.invoke(Unknown Source)
	at sun.reflect.DelegatingMethodAccessorImpl.invoke(Unknown Source)
	at java.lang.reflect.Method.invoke(Unknown Source)
	at cucumber.runtime.Utils$1.call(Utils.java:37)
	at cucumber.runtime.Timeout.timeout(Timeout.java:13)
	at cucumber.runtime.Utils.invoke(Utils.java:31)
	at cucumber.runtime.java.JavaStepDefinition.execute(JavaStepDefinition.java:41)
	at cucumber.runtime.StepDefinitionMatch.runStep(StepDefinitionMatch.java:37)
	at cucumber.runtime.Runtime.runStep(Runtime.java:314)
	at cucumber.runtime.model.StepContainer.runStep(StepContainer.java:44)
	at cucumber.runtime.model.StepContainer.runSteps(StepContainer.java:39)
	at cucumber.runtime.model.CucumberScenario.run(CucumberScenario.java:44)
	at cucumber.runtime.model.CucumberFeature.run(CucumberFeature.java:165)
	at cucumber.api.testng.TestNGCucumberRunner.runCucumber(TestNGCucumberRunner.java:63)
	at cucumber.api.testng.AbstractTestNGCucumberTests.feature(AbstractTestNGCucumberTests.java:21)
	at sun.reflect.NativeMethodAccessorImpl.invoke0(Native Method)
	at sun.reflect.NativeMethodAccessorImpl.invoke(Unknown Source)
	at sun.reflect.DelegatingMethodAccessorImpl.invoke(Unknown Source)
	at java.lang.reflect.Method.invoke(Unknown Source)
	at org.testng.internal.MethodInvocationHelper.invokeMethod(MethodInvocationHelper.java:85)
	at org.testng.internal.Invoker.invokeMethod(Invoker.java:639)
	at org.testng.internal.Invoker.invokeTestMethod(Invoker.java:816)
	at org.testng.internal.Invoker.invokeTestMethods(Invoker.java:1124)
	at org.testng.internal.TestMethodWorker.invokeTestMethods(TestMethodWorker.java:125)
	at org.testng.internal.TestMethodWorker.run(TestMethodWorker.java:108)
	at org.testng.TestRunner.privateRun(TestRunner.java:774)
	at org.testng.TestRunner.run(TestRunner.java:624)
	at org.testng.SuiteRunner.runTest(SuiteRunner.java:359)
	at org.testng.SuiteRunner.runSequentially(SuiteRunner.java:354)
	at org.testng.SuiteRunner.privateRun(SuiteRunner.java:312)
	at org.testng.SuiteRunner.run(SuiteRunner.java:261)
	at org.testng.SuiteRunnerWorker.runSuite(SuiteRunnerWorker.java:52)
	at org.testng.SuiteRunnerWorker.run(SuiteRunnerWorker.java:86)
	at org.testng.TestNG.runSuitesSequentially(TestNG.java:1215)
	at org.testng.TestNG.runSuitesLocally(TestNG.java:1140)
	at org.testng.TestNG.run(TestNG.java:1048)
	at org.testng.remote.AbstractRemoteTestNG.run(AbstractRemoteTestNG.java:115)
	at org.testng.remote.RemoteTestNG.initAndRun(RemoteTestNG.java:251)
	at org.testng.remote.RemoteTestNG.main(RemoteTestNG.java:77)
java.lang.NoSuchFieldException: btnContinue
	at java.lang.Class.getField(Unknown Source)
	at com.zelle.stepdefinition.UniversalSteps.invokeElementMethod(UniversalSteps.java:117)
	at com.zelle.stepdefinition.UniversalSteps.user_clicks_on_element(UniversalSteps.java:202)
	at sun.reflect.NativeMethodAccessorImpl.invoke0(Native Method)
	at sun.reflect.NativeMethodAccessorImpl.invoke(Unknown Source)
	at sun.reflect.DelegatingMethodAccessorImpl.invoke(Unknown Source)
	at java.lang.reflect.Method.invoke(Unknown Source)
	at cucumber.runtime.Utils$1.call(Utils.java:37)
	at cucumber.runtime.Timeout.timeout(Timeout.java:13)
	at cucumber.runtime.Utils.invoke(Utils.java:31)
	at cucumber.runtime.java.JavaStepDefinition.execute(JavaStepDefinition.java:41)
	at cucumber.runtime.StepDefinitionMatch.runStep(StepDefinitionMatch.java:37)
	at cucumber.runtime.Runtime.runStep(Runtime.java:314)
	at cucumber.runtime.model.StepContainer.runStep(StepContainer.java:44)
	at cucumber.runtime.model.StepContainer.runSteps(StepContainer.java:39)
	at cucumber.runtime.model.CucumberScenario.run(CucumberScenario.java:44)
	at cucumber.runtime.model.CucumberFeature.run(CucumberFeature.java:165)
	at cucumber.api.testng.TestNGCucumberRunner.runCucumber(TestNGCucumberRunner.java:63)
	at cucumber.api.testng.AbstractTestNGCucumberTests.feature(AbstractTestNGCucumberTests.java:21)
	at sun.reflect.NativeMethodAccessorImpl.invoke0(Native Method)
	at sun.reflect.NativeMethodAccessorImpl.invoke(Unknown Source)
	at sun.reflect.DelegatingMethodAccessorImpl.invoke(Unknown Source)
	at java.lang.reflect.Method.invoke(Unknown Source)
	at org.testng.internal.MethodInvocationHelper.invokeMethod(MethodInvocationHelper.java:85)
	at org.testng.internal.Invoker.invokeMethod(Invoker.java:639)
	at org.testng.internal.Invoker.invokeTestMethod(Invoker.java:816)
	at org.testng.internal.Invoker.invokeTestMethods(Invoker.java:1124)
	at org.testng.internal.TestMethodWorker.invokeTestMethods(TestMethodWorker.java:125)
	at org.testng.internal.TestMethodWorker.run(TestMethodWorker.java:108)
	at org.testng.TestRunner.privateRun(TestRunner.java:774)
	at org.testng.TestRunner.run(TestRunner.java:624)
	at org.testng.SuiteRunner.runTest(SuiteRunner.java:359)
	at org.testng.SuiteRunner.runSequentially(SuiteRunner.java:354)
	at org.testng.SuiteRunner.privateRun(SuiteRunner.java:312)
	at org.testng.SuiteRunner.run(SuiteRunner.java:261)
	at org.testng.SuiteRunnerWorker.runSuite(SuiteRunnerWorker.java:52)
	at org.testng.SuiteRunnerWorker.run(SuiteRunnerWorker.java:86)
	at org.testng.TestNG.runSuitesSequentially(TestNG.java:1215)
	at org.testng.TestNG.runSuitesLocally(TestNG.java:1140)
	at org.testng.TestNG.run(TestNG.java:1048)
	at org.testng.remote.AbstractRemoteTestNG.run(AbstractRemoteTestNG.java:115)
	at org.testng.remote.RemoteTestNG.initAndRun(RemoteTestNG.java:251)
	at org.testng.remote.RemoteTestNG.main(RemoteTestNG.java:77)
java.lang.NoSuchFieldException: edtVerificationCode
	at java.lang.Class.getField(Unknown Source)
	at com.zelle.stepdefinition.UniversalSteps.invokeElementMethod(UniversalSteps.java:117)
	at com.zelle.stepdefinition.UniversalSteps.user_types_in_textbox(UniversalSteps.java:225)
	at sun.reflect.NativeMethodAccessorImpl.invoke0(Native Method)
	at sun.reflect.NativeMethodAccessorImpl.invoke(Unknown Source)
	at sun.reflect.DelegatingMethodAccessorImpl.invoke(Unknown Source)
	at java.lang.reflect.Method.invoke(Unknown Source)
	at cucumber.runtime.Utils$1.call(Utils.java:37)
	at cucumber.runtime.Timeout.timeout(Timeout.java:13)
	at cucumber.runtime.Utils.invoke(Utils.java:31)
	at cucumber.runtime.java.JavaStepDefinition.execute(JavaStepDefinition.java:41)
	at cucumber.runtime.StepDefinitionMatch.runStep(StepDefinitionMatch.java:37)
	at cucumber.runtime.Runtime.runStep(Runtime.java:314)
	at cucumber.runtime.model.StepContainer.runStep(StepContainer.java:44)
	at cucumber.runtime.model.StepContainer.runSteps(StepContainer.java:39)
	at cucumber.runtime.model.CucumberScenario.run(CucumberScenario.java:44)
	at cucumber.runtime.model.CucumberFeature.run(CucumberFeature.java:165)
	at cucumber.api.testng.TestNGCucumberRunner.runCucumber(TestNGCucumberRunner.java:63)
	at cucumber.api.testng.AbstractTestNGCucumberTests.feature(AbstractTestNGCucumberTests.java:21)
	at sun.reflect.NativeMethodAccessorImpl.invoke0(Native Method)
	at sun.reflect.NativeMethodAccessorImpl.invoke(Unknown Source)
	at sun.reflect.DelegatingMethodAccessorImpl.invoke(Unknown Source)
	at java.lang.reflect.Method.invoke(Unknown Source)
	at org.testng.internal.MethodInvocationHelper.invokeMethod(MethodInvocationHelper.java:85)
	at org.testng.internal.Invoker.invokeMethod(Invoker.java:639)
	at org.testng.internal.Invoker.invokeTestMethod(Invoker.java:816)
	at org.testng.internal.Invoker.invokeTestMethods(Invoker.java:1124)
	at org.testng.internal.TestMethodWorker.invokeTestMethods(TestMethodWorker.java:125)
	at org.testng.internal.TestMethodWorker.run(TestMethodWorker.java:108)
	at org.testng.TestRunner.privateRun(TestRunner.java:774)
	at org.testng.TestRunner.run(TestRunner.java:624)
	at org.testng.SuiteRunner.runTest(SuiteRunner.java:359)
	at org.testng.SuiteRunner.runSequentially(SuiteRunner.java:354)
	at org.testng.SuiteRunner.privateRun(SuiteRunner.java:312)
	at org.testng.SuiteRunner.run(SuiteRunner.java:261)
	at org.testng.SuiteRunnerWorker.runSuite(SuiteRunnerWorker.java:52)
	at org.testng.SuiteRunnerWorker.run(SuiteRunnerWorker.java:86)
	at org.testng.TestNG.runSuitesSequentially(TestNG.java:1215)
	at org.testng.TestNG.runSuitesLocally(TestNG.java:1140)
	at org.testng.TestNG.run(TestNG.java:1048)
	at org.testng.remote.AbstractRemoteTestNG.run(AbstractRemoteTestNG.java:115)
	at org.testng.remote.RemoteTestNG.initAndRun(RemoteTestNG.java:251)
	at org.testng.remote.RemoteTestNG.main(RemoteTestNG.java:77)
...
2020-07-24 14:55:52 INFO  - [class com.zelle.stepdefinition.UniversalSteps] : UniversalStep: User clicks on element btnVerify
2020-07-24 14:55:52 ERROR - [class com.zelle.stepdefinition.UniversalSteps] : UniversalStep:  btnVerify Failed , java.lang.ClassNotFoundException: com.epp.zelle.pages.SendMoneyWithZellePagePage
	at java.net.URLClassLoader.findClass(Unknown Source)
	at java.lang.ClassLoader.loadClass(Unknown Source)
	at sun.misc.Launcher$AppClassLoader.loadClass(Unknown Source)
	at java.lang.ClassLoader.loadClass(Unknown Source)
	at java.lang.Class.forName0(Native Method)
	at java.lang.Class.forName(Unknown Source)
	at com.zelle.stepdefinition.UniversalSteps.invokeMethod(UniversalSteps.java:99)
	at com.zelle.stepdefinition.UniversalSteps.validate_that_user_is_on_page(UniversalSteps.java:172)
	at sun.reflect.NativeMethodAccessorImpl.invoke0(Native Method)
	at sun.reflect.NativeMethodAccessorImpl.invoke(Unknown Source)
	at sun.reflect.DelegatingMethodAccessorImpl.invoke(Unknown Source)
	at java.lang.reflect.Method.invoke(Unknown Source)
	at cucumber.runtime.Utils$1.call(Utils.java:37)
	at cucumber.runtime.Timeout.timeout(Timeout.java:13)
	at cucumber.runtime.Utils.invoke(Utils.java:31)
	at cucumber.runtime.java.JavaStepDefinition.execute(JavaStepDefinition.java:41)
	at cucumber.runtime.StepDefinitionMatch.runStep(StepDefinitionMatch.java:37)
	at cucumber.runtime.Runtime.runStep(Runtime.java:314)
	at cucumber.runtime.model.StepContainer.runStep(StepContainer.java:44)
	at cucumber.runtime.model.StepContainer.runSteps(StepContainer.java:39)
	at cucumber.runtime.model.CucumberScenario.run(CucumberScenario.java:44)
	at cucumber.runtime.model.CucumberFeature.run(CucumberFeature.java:165)
	at cucumber.api.testng.TestNGCucumberRunner.runCucumber(TestNGCucumberRunner.java:63)
	at cucumber.api.testng.AbstractTestNGCucumberTests.feature(AbstractTestNGCucumberTests.java:21)
	at sun.reflect.NativeMethodAccessorImpl.invoke0(Native Method)
	at sun.reflect.NativeMethodAccessorImpl.invoke(Unknown Source)
	at sun.reflect.DelegatingMethodAccessorImpl.invoke(Unknown Source)
	at java.lang.reflect.Method.invoke(Unknown Source)
	at org.testng.internal.MethodInvocationHelper.invokeMethod(MethodInvocationHelper.java:85)
	at org.testng.internal.Invoker.invokeMethod(Invoker.java:639)
	at org.testng.internal.Invoker.invokeTestMethod(Invoker.java:816)
	at org.testng.internal.Invoker.invokeTestMethods(Invoker.java:1124)
	at org.testng.internal.TestMethodWorker.invokeTestMethods(TestMethodWorker.java:125)
	at org.testng.internal.TestMethodWorker.run(TestMethodWorker.java:108)
	at org.testng.TestRunner.privateRun(TestRunner.java:774)
	at org.testng.TestRunner.run(TestRunner.java:624)
	at org.testng.SuiteRunner.runTest(SuiteRunner.java:359)
	at org.testng.SuiteRunner.runSequentially(SuiteRunner.java:354)
	at org.testng.SuiteRunner.privateRun(SuiteRunner.java:312)
	at org.testng.SuiteRunner.run(SuiteRunner.java:261)
	at org.testng.SuiteRunnerWorker.runSuite(SuiteRunnerWorker.java:52)
	at org.testng.SuiteRunnerWorker.run(SuiteRunnerWorker.java:86)
	at org.testng.TestNG.runSuitesSequentially(TestNG.java:1215)
	at org.testng.TestNG.runSuitesLocally(TestNG.java:1140)
	at org.testng.TestNG.run(TestNG.java:1048)
	at org.testng.remote.AbstractRemoteTestNG.run(AbstractRemoteTestNG.java:115)
	at org.testng.remote.RemoteTestNG.initAndRun(RemoteTestNG.java:251)
	at org.testng.remote.RemoteTestNG.main(RemoteTestNG.java:77)
java.lang.NoSuchFieldException: btnContinue
	at java.lang.Class.getField(Unknown Source)
	at com.zelle.stepdefinition.UniversalSteps.invokeElementMethod(UniversalSteps.java:117)
	at com.zelle.stepdefinition.UniversalSteps.user_clicks_on_element(UniversalSteps.java:202)
	at sun.reflect.NativeMethodAccessorImpl.invoke0(Native Method)
	at sun.reflect.NativeMethodAccessorImpl.invoke(Unknown Source)
	at sun.reflect.DelegatingMethodAccessorImpl.invoke(Unknown Source)
	at java.lang.reflect.Method.invoke(Unknown Source)
	at cucumber.runtime.Utils$1.call(Utils.java:37)
	at cucumber.runtime.Timeout.timeout(Timeout.java:13)
	at cucumber.runtime.Utils.invoke(Utils.java:31)
	at cucumber.runtime.java.JavaStepDefinition.execute(JavaStepDefinition.java:41)
	at cucumber.runtime.StepDefinitionMatch.runStep(StepDefinitionMatch.java:37)
	at cucumber.runtime.Runtime.runStep(Runtime.java:314)
	at cucumber.runtime.model.StepContainer.runStep(StepContainer.java:44)
	at cucumber.runtime.model.StepContainer.runSteps(StepContainer.java:39)
	at cucumber.runtime.model.CucumberScenario.run(CucumberScenario.java:44)
	at cucumber.runtime.model.CucumberFeature.run(CucumberFeature.java:165)
	at cucumber.api.testng.TestNGCucumberRunner.runCucumber(TestNGCucumberRunner.java:63)
	at cucumber.api.testng.AbstractTestNGCucumberTests.feature(AbstractTestNGCucumberTests.java:21)
	at sun.reflect.NativeMethodAccessorImpl.invoke0(Native Method)
	at sun.reflect.NativeMethodAccessorImpl.invoke(Unknown Source)
	at sun.reflect.DelegatingMethodAccessorImpl.invoke(Unknown Source)
	at java.lang.reflect.Method.invoke(Unknown Source)
	at org.testng.internal.MethodInvocationHelper.invokeMethod(MethodInvocationHelper.java:85)
	at org.testng.internal.Invoker.invokeMethod(Invoker.java:639)
	at org.testng.internal.Invoker.invokeTestMethod(Invoker.java:816)
	at org.testng.internal.Invoker.invokeTestMethods(Invoker.java:1124)
	at org.testng.internal.TestMethodWorker.invokeTestMethods(TestMethodWorker.java:125)
	at org.testng.internal.TestMethodWorker.run(TestMethodWorker.java:108)
	at org.testng.TestRunner.privateRun(TestRunner.java:774)
	at org.testng.TestRunner.run(TestRunner.java:624)
	at org.testng.SuiteRunner.runTest(SuiteRunner.java:359)
	at org.testng.SuiteRunner.runSequentially(SuiteRunner.java:354)
	at org.testng.SuiteRunner.privateRun(SuiteRunner.java:312)
	at org.testng.SuiteRunner.run(SuiteRunner.java:261)
	at org.testng.SuiteRunnerWorker.runSuite(SuiteRunnerWorker.java:52)
	at org.testng.SuiteRunnerWorker.run(SuiteRunnerWorker.java:86)
	at org.testng.TestNG.runSuitesSequentially(TestNG.java:1215)
	at org.testng.TestNG.runSuitesLocally(TestNG.java:1140)
	at org.testng.TestNG.run(TestNG.java:1048)
	at org.testng.remote.AbstractRemoteTestNG.run(AbstractRemoteTestNG.java:115)
	at org.testng.remote.RemoteTestNG.initAndRun(RemoteTestNG.java:251)
	at org.testng.remote.RemoteTestNG.main(RemoteTestNG.java:77)
java.lang.NoSuchFieldException: edtVerificationCode
	at java.lang.Class.getField(Unknown Source)
	at com.zelle.stepdefinition.UniversalSteps.invokeElementMethod(UniversalSteps.java:117)
	at com.zelle.stepdefinition.UniversalSteps.user_types_in_textbox(UniversalSteps.java:225)
	at sun.reflect.NativeMethodAccessorImpl.invoke0(Native Method)
	at sun.reflect.NativeMethodAccessorImpl.invoke(Unknown Source)
	at sun.reflect.DelegatingMethodAccessorImpl.invoke(Unknown Source)
	at java.lang.reflect.Method.invoke(Unknown Source)
	at cucumber.runtime.Utils$1.call(Utils.java:37)
	at cucumber.runtime.Timeout.timeout(Timeout.java:13)
	at cucumber.runtime.Utils.invoke(Utils.java:31)
	at cucumber.runtime.java.JavaStepDefinition.execute(JavaStepDefinition.java:41)
	at cucumber.runtime.StepDefinitionMatch.runStep(StepDefinitionMatch.java:37)
	at cucumber.runtime.Runtime.runStep(Runtime.java:314)
	at cucumber.runtime.model.StepContainer.runStep(StepContainer.java:44)
	at cucumber.runtime.model.StepContainer.runSteps(StepContainer.java:39)
	at cucumber.runtime.model.CucumberScenario.run(CucumberScenario.java:44)
	at cucumber.runtime.model.CucumberFeature.run(CucumberFeature.java:165)
	at cucumber.api.testng.TestNGCucumberRunner.runCucumber(TestNGCucumberRunner.java:63)
	at cucumber.api.testng.AbstractTestNGCucumberTests.feature(AbstractTestNGCucumberTests.java:21)
	at sun.reflect.NativeMethodAccessorImpl.invoke0(Native Method)
	at sun.reflect.NativeMethodAccessorImpl.invoke(Unknown Source)
	at sun.reflect.DelegatingMethodAccessorImpl.invoke(Unknown Source)
	at java.lang.reflect.Method.invoke(Unknown Source)
	at org.testng.internal.MethodInvocationHelper.invokeMethod(MethodInvocationHelper.java:85)
	at org.testng.internal.Invoker.invokeMethod(Invoker.java:639)
	at org.testng.internal.Invoker.invokeTestMethod(Invoker.java:816)
	at org.testng.internal.Invoker.invokeTestMethods(Invoker.java:1124)
	at org.testng.internal.TestMethodWorker.invokeTestMethods(TestMethodWorker.java:125)
	at org.testng.internal.TestMethodWorker.run(TestMethodWorker.java:108)
	at org.testng.TestRunner.privateRun(TestRunner.java:774)
	at org.testng.TestRunner.run(TestRunner.java:624)
	at org.testng.SuiteRunner.runTest(SuiteRunner.java:359)
	at org.testng.SuiteRunner.runSequentially(SuiteRunner.java:354)
	at org.testng.SuiteRunner.privateRun(SuiteRunner.java:312)
	at org.testng.SuiteRunner.run(SuiteRunner.java:261)
	at org.testng.SuiteRunnerWorker.runSuite(SuiteRunnerWorker.java:52)
	at org.testng.SuiteRunnerWorker.run(SuiteRunnerWorker.java:86)
	at org.testng.TestNG.runSuitesSequentially(TestNG.java:1215)
	at org.testng.TestNG.runSuitesLocally(TestNG.java:1140)
	at org.testng.TestNG.run(TestNG.java:1048)
	at org.testng.remote.AbstractRemoteTestNG.run(AbstractRemoteTestNG.java:115)
	at org.testng.remote.RemoteTestNG.initAndRun(RemoteTestNG.java:251)
	at org.testng.remote.RemoteTestNG.main(RemoteTestNG.java:77)
java.lang.NoSuchFieldException: btnVerify
	at java.lang.Class.getField(Unknown Source)
	at com.zelle.stepdefinition.UniversalSteps.invokeElementMethod(UniversalSteps.java:117)
	at com.zelle.stepdefinition.UniversalSteps.user_clicks_on_element(UniversalSteps.java:202)
	at sun.reflect.NativeMethodAccessorImpl.invoke0(Native Method)
	at sun.reflect.NativeMethodAccessorImpl.invoke(Unknown Source)
	at sun.reflect.DelegatingMethodAccessorImpl.invoke(Unknown Source)
	at java.lang.reflect.Method.invoke(Unknown Source)
	at cucumber.runtime.Utils$1.call(Utils.java:37)
	at cucumber.runtime.Timeout.timeout(Timeout.java:13)
	at cucumber.runtime.Utils.invoke(Utils.java:31)
	at cucumber.runtime.java.JavaStepDefinition.execute(JavaStepDefinition.java:41)
	at cucumber.runtime.StepDefinitionMatch.runStep(StepDefinitionMatch.java:37)
	at cucumber.runtime.Runtime.runStep(Runtime.java:314)
	at cucumber.runtime.model.StepContainer.runStep(StepContainer.java:44)
	at cucumber.runtime.model.StepContainer.runSteps(StepContainer.java:39)
	at cucumber.runtime.model.CucumberScenario.run(CucumberScenario.java:44)
	at cucumber.runtime.model.CucumberFeature.run(CucumberFeature.java:165)
	at cucumber.api.testng.TestNGCucumberRunner.runCucumber(TestNGCucumberRunner.java:63)
	at cucumber.api.testng.AbstractTestNGCucumberTests.feature(AbstractTestNGCucumberTests.java:21)
	at sun.reflect.NativeMethodAccessorImpl.invoke0(Native Method)
	at sun.reflect.NativeMethodAccessorImpl.invoke(Unknown Source)
	at sun.reflect.DelegatingMethodAccessorImpl.invoke(Unknown Source)
	at java.lang.reflect.Method.invoke(Unknown Source)
	at org.testng.internal.MethodInvocationHelper.invokeMethod(MethodInvocationHelper.java:85)
	at org.testng.internal.Invoker.invokeMethod(Invoker.java:639)
	at org.testng.internal.Invoker.invokeTestMethod(Invoker.java:816)
	at org.testng.internal.Invoker.invokeTestMethods(Invoker.java:1124)
	at org.testng.internal.TestMethodWorker.invokeTestMethods(TestMethodWorker.java:125)
	at org.testng.internal.TestMethodWorker.run(TestMethodWorker.java:108)
	at org.testng.TestRunner.privateRun(TestRunner.java:774)
	at org.testng.TestRunner.run(TestRunner.java:624)
	at org.testng.SuiteRunner.runTest(SuiteRunner.java:359)
	at org.testng.SuiteRunner.runSequentially(SuiteRunner.java:354)
	at org.testng.SuiteRunner.privateRun(SuiteRunner.java:312)
	at org.testng.SuiteRunner.run(SuiteRunner.java:261)
	at org.testng.SuiteRunnerWorker.runSuite(SuiteRunnerWorker.java:52)
	at org.testng.SuiteRunnerWorker.run(SuiteRunnerWorker.java:86)
	at org.testng.TestNG.runSuitesSequentially(TestNG.java:1215)
	at org.testng.TestNG.runSuitesLocally(TestNG.java:1140)
	at org.testng.TestNG.run(TestNG.java:1048)
	at org.testng.remote.AbstractRemoteTestNG.run(AbstractRemoteTestNG.java:115)
	at org.testng.remote.RemoteTestNG.initAndRun(RemoteTestNG.java:251)
	at org.testng.remote.RemoteTestNG.main(RemoteTestNG.java:77)
...
2020-07-24 14:55:52 INFO  - [class com.zelle.stepdefinition.UniversalSteps] : UniversalStep: User waited for 10 seconds 
2020-07-24 14:56:02 INFO  - [class com.zelle.stepdefinition.UniversalSteps] : UniversalStep: User clicks on element btnSendOrRequestMoney
2020-07-24 14:56:02 ERROR - [class com.zelle.stepdefinition.UniversalSteps] : UniversalStep:  btnSendOrRequestMoney Failed , java.lang.ClassNotFoundException: com.epp.zelle.pages.SendMoneyWithZellePagePage
	at java.net.URLClassLoader.findClass(Unknown Source)
	at java.lang.ClassLoader.loadClass(Unknown Source)
	at sun.misc.Launcher$AppClassLoader.loadClass(Unknown Source)
	at java.lang.ClassLoader.loadClass(Unknown Source)
	at java.lang.Class.forName0(Native Method)
	at java.lang.Class.forName(Unknown Source)
	at com.zelle.stepdefinition.UniversalSteps.invokeMethod(UniversalSteps.java:99)
	at com.zelle.stepdefinition.UniversalSteps.validate_that_user_is_on_page(UniversalSteps.java:172)
	at sun.reflect.NativeMethodAccessorImpl.invoke0(Native Method)
	at sun.reflect.NativeMethodAccessorImpl.invoke(Unknown Source)
	at sun.reflect.DelegatingMethodAccessorImpl.invoke(Unknown Source)
	at java.lang.reflect.Method.invoke(Unknown Source)
	at cucumber.runtime.Utils$1.call(Utils.java:37)
	at cucumber.runtime.Timeout.timeout(Timeout.java:13)
	at cucumber.runtime.Utils.invoke(Utils.java:31)
	at cucumber.runtime.java.JavaStepDefinition.execute(JavaStepDefinition.java:41)
	at cucumber.runtime.StepDefinitionMatch.runStep(StepDefinitionMatch.java:37)
	at cucumber.runtime.Runtime.runStep(Runtime.java:314)
	at cucumber.runtime.model.StepContainer.runStep(StepContainer.java:44)
	at cucumber.runtime.model.StepContainer.runSteps(StepContainer.java:39)
	at cucumber.runtime.model.CucumberScenario.run(CucumberScenario.java:44)
	at cucumber.runtime.model.CucumberFeature.run(CucumberFeature.java:165)
	at cucumber.api.testng.TestNGCucumberRunner.runCucumber(TestNGCucumberRunner.java:63)
	at cucumber.api.testng.AbstractTestNGCucumberTests.feature(AbstractTestNGCucumberTests.java:21)
	at sun.reflect.NativeMethodAccessorImpl.invoke0(Native Method)
	at sun.reflect.NativeMethodAccessorImpl.invoke(Unknown Source)
	at sun.reflect.DelegatingMethodAccessorImpl.invoke(Unknown Source)
	at java.lang.reflect.Method.invoke(Unknown Source)
	at org.testng.internal.MethodInvocationHelper.invokeMethod(MethodInvocationHelper.java:85)
	at org.testng.internal.Invoker.invokeMethod(Invoker.java:639)
	at org.testng.internal.Invoker.invokeTestMethod(Invoker.java:816)
	at org.testng.internal.Invoker.invokeTestMethods(Invoker.java:1124)
	at org.testng.internal.TestMethodWorker.invokeTestMethods(TestMethodWorker.java:125)
	at org.testng.internal.TestMethodWorker.run(TestMethodWorker.java:108)
	at org.testng.TestRunner.privateRun(TestRunner.java:774)
	at org.testng.TestRunner.run(TestRunner.java:624)
	at org.testng.SuiteRunner.runTest(SuiteRunner.java:359)
	at org.testng.SuiteRunner.runSequentially(SuiteRunner.java:354)
	at org.testng.SuiteRunner.privateRun(SuiteRunner.java:312)
	at org.testng.SuiteRunner.run(SuiteRunner.java:261)
	at org.testng.SuiteRunnerWorker.runSuite(SuiteRunnerWorker.java:52)
	at org.testng.SuiteRunnerWorker.run(SuiteRunnerWorker.java:86)
	at org.testng.TestNG.runSuitesSequentially(TestNG.java:1215)
	at org.testng.TestNG.runSuitesLocally(TestNG.java:1140)
	at org.testng.TestNG.run(TestNG.java:1048)
	at org.testng.remote.AbstractRemoteTestNG.run(AbstractRemoteTestNG.java:115)
	at org.testng.remote.RemoteTestNG.initAndRun(RemoteTestNG.java:251)
	at org.testng.remote.RemoteTestNG.main(RemoteTestNG.java:77)
java.lang.NoSuchFieldException: btnContinue
	at java.lang.Class.getField(Unknown Source)
	at com.zelle.stepdefinition.UniversalSteps.invokeElementMethod(UniversalSteps.java:117)
	at com.zelle.stepdefinition.UniversalSteps.user_clicks_on_element(UniversalSteps.java:202)
	at sun.reflect.NativeMethodAccessorImpl.invoke0(Native Method)
	at sun.reflect.NativeMethodAccessorImpl.invoke(Unknown Source)
	at sun.reflect.DelegatingMethodAccessorImpl.invoke(Unknown Source)
	at java.lang.reflect.Method.invoke(Unknown Source)
	at cucumber.runtime.Utils$1.call(Utils.java:37)
	at cucumber.runtime.Timeout.timeout(Timeout.java:13)
	at cucumber.runtime.Utils.invoke(Utils.java:31)
	at cucumber.runtime.java.JavaStepDefinition.execute(JavaStepDefinition.java:41)
	at cucumber.runtime.StepDefinitionMatch.runStep(StepDefinitionMatch.java:37)
	at cucumber.runtime.Runtime.runStep(Runtime.java:314)
	at cucumber.runtime.model.StepContainer.runStep(StepContainer.java:44)
	at cucumber.runtime.model.StepContainer.runSteps(StepContainer.java:39)
	at cucumber.runtime.model.CucumberScenario.run(CucumberScenario.java:44)
	at cucumber.runtime.model.CucumberFeature.run(CucumberFeature.java:165)
	at cucumber.api.testng.TestNGCucumberRunner.runCucumber(TestNGCucumberRunner.java:63)
	at cucumber.api.testng.AbstractTestNGCucumberTests.feature(AbstractTestNGCucumberTests.java:21)
	at sun.reflect.NativeMethodAccessorImpl.invoke0(Native Method)
	at sun.reflect.NativeMethodAccessorImpl.invoke(Unknown Source)
	at sun.reflect.DelegatingMethodAccessorImpl.invoke(Unknown Source)
	at java.lang.reflect.Method.invoke(Unknown Source)
	at org.testng.internal.MethodInvocationHelper.invokeMethod(MethodInvocationHelper.java:85)
	at org.testng.internal.Invoker.invokeMethod(Invoker.java:639)
	at org.testng.internal.Invoker.invokeTestMethod(Invoker.java:816)
	at org.testng.internal.Invoker.invokeTestMethods(Invoker.java:1124)
	at org.testng.internal.TestMethodWorker.invokeTestMethods(TestMethodWorker.java:125)
	at org.testng.internal.TestMethodWorker.run(TestMethodWorker.java:108)
	at org.testng.TestRunner.privateRun(TestRunner.java:774)
	at org.testng.TestRunner.run(TestRunner.java:624)
	at org.testng.SuiteRunner.runTest(SuiteRunner.java:359)
	at org.testng.SuiteRunner.runSequentially(SuiteRunner.java:354)
	at org.testng.SuiteRunner.privateRun(SuiteRunner.java:312)
	at org.testng.SuiteRunner.run(SuiteRunner.java:261)
	at org.testng.SuiteRunnerWorker.runSuite(SuiteRunnerWorker.java:52)
	at org.testng.SuiteRunnerWorker.run(SuiteRunnerWorker.java:86)
	at org.testng.TestNG.runSuitesSequentially(TestNG.java:1215)
	at org.testng.TestNG.runSuitesLocally(TestNG.java:1140)
	at org.testng.TestNG.run(TestNG.java:1048)
	at org.testng.remote.AbstractRemoteTestNG.run(AbstractRemoteTestNG.java:115)
	at org.testng.remote.RemoteTestNG.initAndRun(RemoteTestNG.java:251)
	at org.testng.remote.RemoteTestNG.main(RemoteTestNG.java:77)
java.lang.NoSuchFieldException: edtVerificationCode
	at java.lang.Class.getField(Unknown Source)
	at com.zelle.stepdefinition.UniversalSteps.invokeElementMethod(UniversalSteps.java:117)
	at com.zelle.stepdefinition.UniversalSteps.user_types_in_textbox(UniversalSteps.java:225)
	at sun.reflect.NativeMethodAccessorImpl.invoke0(Native Method)
	at sun.reflect.NativeMethodAccessorImpl.invoke(Unknown Source)
	at sun.reflect.DelegatingMethodAccessorImpl.invoke(Unknown Source)
	at java.lang.reflect.Method.invoke(Unknown Source)
	at cucumber.runtime.Utils$1.call(Utils.java:37)
	at cucumber.runtime.Timeout.timeout(Timeout.java:13)
	at cucumber.runtime.Utils.invoke(Utils.java:31)
	at cucumber.runtime.java.JavaStepDefinition.execute(JavaStepDefinition.java:41)
	at cucumber.runtime.StepDefinitionMatch.runStep(StepDefinitionMatch.java:37)
	at cucumber.runtime.Runtime.runStep(Runtime.java:314)
	at cucumber.runtime.model.StepContainer.runStep(StepContainer.java:44)
	at cucumber.runtime.model.StepContainer.runSteps(StepContainer.java:39)
	at cucumber.runtime.model.CucumberScenario.run(CucumberScenario.java:44)
	at cucumber.runtime.model.CucumberFeature.run(CucumberFeature.java:165)
	at cucumber.api.testng.TestNGCucumberRunner.runCucumber(TestNGCucumberRunner.java:63)
	at cucumber.api.testng.AbstractTestNGCucumberTests.feature(AbstractTestNGCucumberTests.java:21)
	at sun.reflect.NativeMethodAccessorImpl.invoke0(Native Method)
	at sun.reflect.NativeMethodAccessorImpl.invoke(Unknown Source)
	at sun.reflect.DelegatingMethodAccessorImpl.invoke(Unknown Source)
	at java.lang.reflect.Method.invoke(Unknown Source)
	at org.testng.internal.MethodInvocationHelper.invokeMethod(MethodInvocationHelper.java:85)
	at org.testng.internal.Invoker.invokeMethod(Invoker.java:639)
	at org.testng.internal.Invoker.invokeTestMethod(Invoker.java:816)
	at org.testng.internal.Invoker.invokeTestMethods(Invoker.java:1124)
	at org.testng.internal.TestMethodWorker.invokeTestMethods(TestMethodWorker.java:125)
	at org.testng.internal.TestMethodWorker.run(TestMethodWorker.java:108)
	at org.testng.TestRunner.privateRun(TestRunner.java:774)
	at org.testng.TestRunner.run(TestRunner.java:624)
	at org.testng.SuiteRunner.runTest(SuiteRunner.java:359)
	at org.testng.SuiteRunner.runSequentially(SuiteRunner.java:354)
	at org.testng.SuiteRunner.privateRun(SuiteRunner.java:312)
	at org.testng.SuiteRunner.run(SuiteRunner.java:261)
	at org.testng.SuiteRunnerWorker.runSuite(SuiteRunnerWorker.java:52)
	at org.testng.SuiteRunnerWorker.run(SuiteRunnerWorker.java:86)
	at org.testng.TestNG.runSuitesSequentially(TestNG.java:1215)
	at org.testng.TestNG.runSuitesLocally(TestNG.java:1140)
	at org.testng.TestNG.run(TestNG.java:1048)
	at org.testng.remote.AbstractRemoteTestNG.run(AbstractRemoteTestNG.java:115)
	at org.testng.remote.RemoteTestNG.initAndRun(RemoteTestNG.java:251)
	at org.testng.remote.RemoteTestNG.main(RemoteTestNG.java:77)
java.lang.NoSuchFieldException: btnVerify
	at java.lang.Class.getField(Unknown Source)
	at com.zelle.stepdefinition.UniversalSteps.invokeElementMethod(UniversalSteps.java:117)
	at com.zelle.stepdefinition.UniversalSteps.user_clicks_on_element(UniversalSteps.java:202)
	at sun.reflect.NativeMethodAccessorImpl.invoke0(Native Method)
	at sun.reflect.NativeMethodAccessorImpl.invoke(Unknown Source)
	at sun.reflect.DelegatingMethodAccessorImpl.invoke(Unknown Source)
	at java.lang.reflect.Method.invoke(Unknown Source)
	at cucumber.runtime.Utils$1.call(Utils.java:37)
	at cucumber.runtime.Timeout.timeout(Timeout.java:13)
	at cucumber.runtime.Utils.invoke(Utils.java:31)
	at cucumber.runtime.java.JavaStepDefinition.execute(JavaStepDefinition.java:41)
	at cucumber.runtime.StepDefinitionMatch.runStep(StepDefinitionMatch.java:37)
	at cucumber.runtime.Runtime.runStep(Runtime.java:314)
	at cucumber.runtime.model.StepContainer.runStep(StepContainer.java:44)
	at cucumber.runtime.model.StepContainer.runSteps(StepContainer.java:39)
	at cucumber.runtime.model.CucumberScenario.run(CucumberScenario.java:44)
	at cucumber.runtime.model.CucumberFeature.run(CucumberFeature.java:165)
	at cucumber.api.testng.TestNGCucumberRunner.runCucumber(TestNGCucumberRunner.java:63)
	at cucumber.api.testng.AbstractTestNGCucumberTests.feature(AbstractTestNGCucumberTests.java:21)
	at sun.reflect.NativeMethodAccessorImpl.invoke0(Native Method)
	at sun.reflect.NativeMethodAccessorImpl.invoke(Unknown Source)
	at sun.reflect.DelegatingMethodAccessorImpl.invoke(Unknown Source)
	at java.lang.reflect.Method.invoke(Unknown Source)
	at org.testng.internal.MethodInvocationHelper.invokeMethod(MethodInvocationHelper.java:85)
	at org.testng.internal.Invoker.invokeMethod(Invoker.java:639)
	at org.testng.internal.Invoker.invokeTestMethod(Invoker.java:816)
	at org.testng.internal.Invoker.invokeTestMethods(Invoker.java:1124)
	at org.testng.internal.TestMethodWorker.invokeTestMethods(TestMethodWorker.java:125)
	at org.testng.internal.TestMethodWorker.run(TestMethodWorker.java:108)
	at org.testng.TestRunner.privateRun(TestRunner.java:774)
	at org.testng.TestRunner.run(TestRunner.java:624)
	at org.testng.SuiteRunner.runTest(SuiteRunner.java:359)
	at org.testng.SuiteRunner.runSequentially(SuiteRunner.java:354)
	at org.testng.SuiteRunner.privateRun(SuiteRunner.java:312)
	at org.testng.SuiteRunner.run(SuiteRunner.java:261)
	at org.testng.SuiteRunnerWorker.runSuite(SuiteRunnerWorker.java:52)
	at org.testng.SuiteRunnerWorker.run(SuiteRunnerWorker.java:86)
	at org.testng.TestNG.runSuitesSequentially(TestNG.java:1215)
	at org.testng.TestNG.runSuitesLocally(TestNG.java:1140)
	at org.testng.TestNG.run(TestNG.java:1048)
	at org.testng.remote.AbstractRemoteTestNG.run(AbstractRemoteTestNG.java:115)
	at org.testng.remote.RemoteTestNG.initAndRun(RemoteTestNG.java:251)
	at org.testng.remote.RemoteTestNG.main(RemoteTestNG.java:77)
java.lang.NoSuchFieldException: btnSendOrRequestMoney
	at java.lang.Class.getField(Unknown Source)
	at com.zelle.stepdefinition.UniversalSteps.invokeElementMethod(UniversalSteps.java:117)
	at com.zelle.stepdefinition.UniversalSteps.user_clicks_on_element(UniversalSteps.java:202)
	at sun.reflect.NativeMethodAccessorImpl.invoke0(Native Method)
	at sun.reflect.NativeMethodAccessorImpl.invoke(Unknown Source)
	at sun.reflect.DelegatingMethodAccessorImpl.invoke(Unknown Source)
	at java.lang.reflect.Method.invoke(Unknown Source)
	at cucumber.runtime.Utils$1.call(Utils.java:37)
	at cucumber.runtime.Timeout.timeout(Timeout.java:13)
	at cucumber.runtime.Utils.invoke(Utils.java:31)
	at cucumber.runtime.java.JavaStepDefinition.execute(JavaStepDefinition.java:41)
	at cucumber.runtime.StepDefinitionMatch.runStep(StepDefinitionMatch.java:37)
	at cucumber.runtime.Runtime.runStep(Runtime.java:314)
	at cucumber.runtime.model.StepContainer.runStep(StepContainer.java:44)
	at cucumber.runtime.model.StepContainer.runSteps(StepContainer.java:39)
	at cucumber.runtime.model.CucumberScenario.run(CucumberScenario.java:44)
	at cucumber.runtime.model.CucumberFeature.run(CucumberFeature.java:165)
	at cucumber.api.testng.TestNGCucumberRunner.runCucumber(TestNGCucumberRunner.java:63)
	at cucumber.api.testng.AbstractTestNGCucumberTests.feature(AbstractTestNGCucumberTests.java:21)
	at sun.reflect.NativeMethodAccessorImpl.invoke0(Native Method)
	at sun.reflect.NativeMethodAccessorImpl.invoke(Unknown Source)
	at sun.reflect.DelegatingMethodAccessorImpl.invoke(Unknown Source)
	at java.lang.reflect.Method.invoke(Unknown Source)
	at org.testng.internal.MethodInvocationHelper.invokeMethod(MethodInvocationHelper.java:85)
	at org.testng.internal.Invoker.invokeMethod(Invoker.java:639)
	at org.testng.internal.Invoker.invokeTestMethod(Invoker.java:816)
	at org.testng.internal.Invoker.invokeTestMethods(Invoker.java:1124)
	at org.testng.internal.TestMethodWorker.invokeTestMethods(TestMethodWorker.java:125)
	at org.testng.internal.TestMethodWorker.run(TestMethodWorker.java:108)
	at org.testng.TestRunner.privateRun(TestRunner.java:774)
	at org.testng.TestRunner.run(TestRunner.java:624)
	at org.testng.SuiteRunner.runTest(SuiteRunner.java:359)
	at org.testng.SuiteRunner.runSequentially(SuiteRunner.java:354)
	at org.testng.SuiteRunner.privateRun(SuiteRunner.java:312)
	at org.testng.SuiteRunner.run(SuiteRunner.java:261)
	at org.testng.SuiteRunnerWorker.runSuite(SuiteRunnerWorker.java:52)
	at org.testng.SuiteRunnerWorker.run(SuiteRunnerWorker.java:86)
	at org.testng.TestNG.runSuitesSequentially(TestNG.java:1215)
	at org.testng.TestNG.runSuitesLocally(TestNG.java:1140)
	at org.testng.TestNG.run(TestNG.java:1048)
	at org.testng.remote.AbstractRemoteTestNG.run(AbstractRemoteTestNG.java:115)
	at org.testng.remote.RemoteTestNG.initAndRun(RemoteTestNG.java:251)
	at org.testng.remote.RemoteTestNG.main(RemoteTestNG.java:77)
...
2020-07-24 14:56:02 INFO  - [class com.zelle.stepdefinition.UniversalSteps] : UniversalStep: User is on page CommonPage
2020-07-24 14:56:02 INFO  - [class com.zelle.stepdefinition.UniversalSteps] : UniversalStep: User clicks on element lnkRequest
2020-07-24 14:56:02 INFO  - [class com.epp.webelement.Label] : Label: Clicked label with xpath --- //a[@id='RequestMoneyButtonLink']
2020-07-24 14:56:02 INFO  - [class com.zelle.stepdefinition.UniversalSteps] : UniversalStep: Validate that user is on page SelectRecipientPage
2020-07-24 14:56:04 INFO  - [class com.zelle.stepdefinition.UniversalSteps] : UniversalStep: Validate that user is on page SelectRecipientPage
2020-07-24 14:56:04 INFO  - [class com.zelle.stepdefinition.UniversalSteps] : UniversalStep: Changed the current page to SelectRecipientPage
2020-07-24 14:56:04 INFO  - [class com.zelle.stepdefinition.UniversalSteps] : UniversalStep: User types RandomEmailID@gd.com in textbox edtSearchfield.
2020-07-24 14:56:04 INFO  - [class com.epp.webelement.TextBox] : TextBox: Typed RandomEmailID@gd.com on element with id --- autocomplete-input
2020-07-24 14:56:04 INFO  - [class com.zelle.stepdefinition.UniversalSteps] : UniversalStep: User clicks on element btnContinue
2020-07-24 14:56:06 ERROR - [class com.zelle.stepdefinition.UniversalSteps] : UniversalStep:  btnContinue Failed , java.lang.ClassNotFoundException: com.epp.zelle.pages.SendMoneyWithZellePagePage
	at java.net.URLClassLoader.findClass(Unknown Source)
	at java.lang.ClassLoader.loadClass(Unknown Source)
	at sun.misc.Launcher$AppClassLoader.loadClass(Unknown Source)
	at java.lang.ClassLoader.loadClass(Unknown Source)
	at java.lang.Class.forName0(Native Method)
	at java.lang.Class.forName(Unknown Source)
	at com.zelle.stepdefinition.UniversalSteps.invokeMethod(UniversalSteps.java:99)
	at com.zelle.stepdefinition.UniversalSteps.validate_that_user_is_on_page(UniversalSteps.java:172)
	at sun.reflect.NativeMethodAccessorImpl.invoke0(Native Method)
	at sun.reflect.NativeMethodAccessorImpl.invoke(Unknown Source)
	at sun.reflect.DelegatingMethodAccessorImpl.invoke(Unknown Source)
	at java.lang.reflect.Method.invoke(Unknown Source)
	at cucumber.runtime.Utils$1.call(Utils.java:37)
	at cucumber.runtime.Timeout.timeout(Timeout.java:13)
	at cucumber.runtime.Utils.invoke(Utils.java:31)
	at cucumber.runtime.java.JavaStepDefinition.execute(JavaStepDefinition.java:41)
	at cucumber.runtime.StepDefinitionMatch.runStep(StepDefinitionMatch.java:37)
	at cucumber.runtime.Runtime.runStep(Runtime.java:314)
	at cucumber.runtime.model.StepContainer.runStep(StepContainer.java:44)
	at cucumber.runtime.model.StepContainer.runSteps(StepContainer.java:39)
	at cucumber.runtime.model.CucumberScenario.run(CucumberScenario.java:44)
	at cucumber.runtime.model.CucumberFeature.run(CucumberFeature.java:165)
	at cucumber.api.testng.TestNGCucumberRunner.runCucumber(TestNGCucumberRunner.java:63)
	at cucumber.api.testng.AbstractTestNGCucumberTests.feature(AbstractTestNGCucumberTests.java:21)
	at sun.reflect.NativeMethodAccessorImpl.invoke0(Native Method)
	at sun.reflect.NativeMethodAccessorImpl.invoke(Unknown Source)
	at sun.reflect.DelegatingMethodAccessorImpl.invoke(Unknown Source)
	at java.lang.reflect.Method.invoke(Unknown Source)
	at org.testng.internal.MethodInvocationHelper.invokeMethod(MethodInvocationHelper.java:85)
	at org.testng.internal.Invoker.invokeMethod(Invoker.java:639)
	at org.testng.internal.Invoker.invokeTestMethod(Invoker.java:816)
	at org.testng.internal.Invoker.invokeTestMethods(Invoker.java:1124)
	at org.testng.internal.TestMethodWorker.invokeTestMethods(TestMethodWorker.java:125)
	at org.testng.internal.TestMethodWorker.run(TestMethodWorker.java:108)
	at org.testng.TestRunner.privateRun(TestRunner.java:774)
	at org.testng.TestRunner.run(TestRunner.java:624)
	at org.testng.SuiteRunner.runTest(SuiteRunner.java:359)
	at org.testng.SuiteRunner.runSequentially(SuiteRunner.java:354)
	at org.testng.SuiteRunner.privateRun(SuiteRunner.java:312)
	at org.testng.SuiteRunner.run(SuiteRunner.java:261)
	at org.testng.SuiteRunnerWorker.runSuite(SuiteRunnerWorker.java:52)
	at org.testng.SuiteRunnerWorker.run(SuiteRunnerWorker.java:86)
	at org.testng.TestNG.runSuitesSequentially(TestNG.java:1215)
	at org.testng.TestNG.runSuitesLocally(TestNG.java:1140)
	at org.testng.TestNG.run(TestNG.java:1048)
	at org.testng.remote.AbstractRemoteTestNG.run(AbstractRemoteTestNG.java:115)
	at org.testng.remote.RemoteTestNG.initAndRun(RemoteTestNG.java:251)
	at org.testng.remote.RemoteTestNG.main(RemoteTestNG.java:77)
java.lang.NoSuchFieldException: btnContinue
	at java.lang.Class.getField(Unknown Source)
	at com.zelle.stepdefinition.UniversalSteps.invokeElementMethod(UniversalSteps.java:117)
	at com.zelle.stepdefinition.UniversalSteps.user_clicks_on_element(UniversalSteps.java:202)
	at sun.reflect.NativeMethodAccessorImpl.invoke0(Native Method)
	at sun.reflect.NativeMethodAccessorImpl.invoke(Unknown Source)
	at sun.reflect.DelegatingMethodAccessorImpl.invoke(Unknown Source)
	at java.lang.reflect.Method.invoke(Unknown Source)
	at cucumber.runtime.Utils$1.call(Utils.java:37)
	at cucumber.runtime.Timeout.timeout(Timeout.java:13)
	at cucumber.runtime.Utils.invoke(Utils.java:31)
	at cucumber.runtime.java.JavaStepDefinition.execute(JavaStepDefinition.java:41)
	at cucumber.runtime.StepDefinitionMatch.runStep(StepDefinitionMatch.java:37)
	at cucumber.runtime.Runtime.runStep(Runtime.java:314)
	at cucumber.runtime.model.StepContainer.runStep(StepContainer.java:44)
	at cucumber.runtime.model.StepContainer.runSteps(StepContainer.java:39)
	at cucumber.runtime.model.CucumberScenario.run(CucumberScenario.java:44)
	at cucumber.runtime.model.CucumberFeature.run(CucumberFeature.java:165)
	at cucumber.api.testng.TestNGCucumberRunner.runCucumber(TestNGCucumberRunner.java:63)
	at cucumber.api.testng.AbstractTestNGCucumberTests.feature(AbstractTestNGCucumberTests.java:21)
	at sun.reflect.NativeMethodAccessorImpl.invoke0(Native Method)
	at sun.reflect.NativeMethodAccessorImpl.invoke(Unknown Source)
	at sun.reflect.DelegatingMethodAccessorImpl.invoke(Unknown Source)
	at java.lang.reflect.Method.invoke(Unknown Source)
	at org.testng.internal.MethodInvocationHelper.invokeMethod(MethodInvocationHelper.java:85)
	at org.testng.internal.Invoker.invokeMethod(Invoker.java:639)
	at org.testng.internal.Invoker.invokeTestMethod(Invoker.java:816)
	at org.testng.internal.Invoker.invokeTestMethods(Invoker.java:1124)
	at org.testng.internal.TestMethodWorker.invokeTestMethods(TestMethodWorker.java:125)
	at org.testng.internal.TestMethodWorker.run(TestMethodWorker.java:108)
	at org.testng.TestRunner.privateRun(TestRunner.java:774)
	at org.testng.TestRunner.run(TestRunner.java:624)
	at org.testng.SuiteRunner.runTest(SuiteRunner.java:359)
	at org.testng.SuiteRunner.runSequentially(SuiteRunner.java:354)
	at org.testng.SuiteRunner.privateRun(SuiteRunner.java:312)
	at org.testng.SuiteRunner.run(SuiteRunner.java:261)
	at org.testng.SuiteRunnerWorker.runSuite(SuiteRunnerWorker.java:52)
	at org.testng.SuiteRunnerWorker.run(SuiteRunnerWorker.java:86)
	at org.testng.TestNG.runSuitesSequentially(TestNG.java:1215)
	at org.testng.TestNG.runSuitesLocally(TestNG.java:1140)
	at org.testng.TestNG.run(TestNG.java:1048)
	at org.testng.remote.AbstractRemoteTestNG.run(AbstractRemoteTestNG.java:115)
	at org.testng.remote.RemoteTestNG.initAndRun(RemoteTestNG.java:251)
	at org.testng.remote.RemoteTestNG.main(RemoteTestNG.java:77)
java.lang.NoSuchFieldException: edtVerificationCode
	at java.lang.Class.getField(Unknown Source)
	at com.zelle.stepdefinition.UniversalSteps.invokeElementMethod(UniversalSteps.java:117)
	at com.zelle.stepdefinition.UniversalSteps.user_types_in_textbox(UniversalSteps.java:225)
	at sun.reflect.NativeMethodAccessorImpl.invoke0(Native Method)
	at sun.reflect.NativeMethodAccessorImpl.invoke(Unknown Source)
	at sun.reflect.DelegatingMethodAccessorImpl.invoke(Unknown Source)
	at java.lang.reflect.Method.invoke(Unknown Source)
	at cucumber.runtime.Utils$1.call(Utils.java:37)
	at cucumber.runtime.Timeout.timeout(Timeout.java:13)
	at cucumber.runtime.Utils.invoke(Utils.java:31)
	at cucumber.runtime.java.JavaStepDefinition.execute(JavaStepDefinition.java:41)
	at cucumber.runtime.StepDefinitionMatch.runStep(StepDefinitionMatch.java:37)
	at cucumber.runtime.Runtime.runStep(Runtime.java:314)
	at cucumber.runtime.model.StepContainer.runStep(StepContainer.java:44)
	at cucumber.runtime.model.StepContainer.runSteps(StepContainer.java:39)
	at cucumber.runtime.model.CucumberScenario.run(CucumberScenario.java:44)
	at cucumber.runtime.model.CucumberFeature.run(CucumberFeature.java:165)
	at cucumber.api.testng.TestNGCucumberRunner.runCucumber(TestNGCucumberRunner.java:63)
	at cucumber.api.testng.AbstractTestNGCucumberTests.feature(AbstractTestNGCucumberTests.java:21)
	at sun.reflect.NativeMethodAccessorImpl.invoke0(Native Method)
	at sun.reflect.NativeMethodAccessorImpl.invoke(Unknown Source)
	at sun.reflect.DelegatingMethodAccessorImpl.invoke(Unknown Source)
	at java.lang.reflect.Method.invoke(Unknown Source)
	at org.testng.internal.MethodInvocationHelper.invokeMethod(MethodInvocationHelper.java:85)
	at org.testng.internal.Invoker.invokeMethod(Invoker.java:639)
	at org.testng.internal.Invoker.invokeTestMethod(Invoker.java:816)
	at org.testng.internal.Invoker.invokeTestMethods(Invoker.java:1124)
	at org.testng.internal.TestMethodWorker.invokeTestMethods(TestMethodWorker.java:125)
	at org.testng.internal.TestMethodWorker.run(TestMethodWorker.java:108)
	at org.testng.TestRunner.privateRun(TestRunner.java:774)
	at org.testng.TestRunner.run(TestRunner.java:624)
	at org.testng.SuiteRunner.runTest(SuiteRunner.java:359)
	at org.testng.SuiteRunner.runSequentially(SuiteRunner.java:354)
	at org.testng.SuiteRunner.privateRun(SuiteRunner.java:312)
	at org.testng.SuiteRunner.run(SuiteRunner.java:261)
	at org.testng.SuiteRunnerWorker.runSuite(SuiteRunnerWorker.java:52)
	at org.testng.SuiteRunnerWorker.run(SuiteRunnerWorker.java:86)
	at org.testng.TestNG.runSuitesSequentially(TestNG.java:1215)
	at org.testng.TestNG.runSuitesLocally(TestNG.java:1140)
	at org.testng.TestNG.run(TestNG.java:1048)
	at org.testng.remote.AbstractRemoteTestNG.run(AbstractRemoteTestNG.java:115)
	at org.testng.remote.RemoteTestNG.initAndRun(RemoteTestNG.java:251)
	at org.testng.remote.RemoteTestNG.main(RemoteTestNG.java:77)
java.lang.NoSuchFieldException: btnVerify
	at java.lang.Class.getField(Unknown Source)
	at com.zelle.stepdefinition.UniversalSteps.invokeElementMethod(UniversalSteps.java:117)
	at com.zelle.stepdefinition.UniversalSteps.user_clicks_on_element(UniversalSteps.java:202)
	at sun.reflect.NativeMethodAccessorImpl.invoke0(Native Method)
	at sun.reflect.NativeMethodAccessorImpl.invoke(Unknown Source)
	at sun.reflect.DelegatingMethodAccessorImpl.invoke(Unknown Source)
	at java.lang.reflect.Method.invoke(Unknown Source)
	at cucumber.runtime.Utils$1.call(Utils.java:37)
	at cucumber.runtime.Timeout.timeout(Timeout.java:13)
	at cucumber.runtime.Utils.invoke(Utils.java:31)
	at cucumber.runtime.java.JavaStepDefinition.execute(JavaStepDefinition.java:41)
	at cucumber.runtime.StepDefinitionMatch.runStep(StepDefinitionMatch.java:37)
	at cucumber.runtime.Runtime.runStep(Runtime.java:314)
	at cucumber.runtime.model.StepContainer.runStep(StepContainer.java:44)
	at cucumber.runtime.model.StepContainer.runSteps(StepContainer.java:39)
	at cucumber.runtime.model.CucumberScenario.run(CucumberScenario.java:44)
	at cucumber.runtime.model.CucumberFeature.run(CucumberFeature.java:165)
	at cucumber.api.testng.TestNGCucumberRunner.runCucumber(TestNGCucumberRunner.java:63)
	at cucumber.api.testng.AbstractTestNGCucumberTests.feature(AbstractTestNGCucumberTests.java:21)
	at sun.reflect.NativeMethodAccessorImpl.invoke0(Native Method)
	at sun.reflect.NativeMethodAccessorImpl.invoke(Unknown Source)
	at sun.reflect.DelegatingMethodAccessorImpl.invoke(Unknown Source)
	at java.lang.reflect.Method.invoke(Unknown Source)
	at org.testng.internal.MethodInvocationHelper.invokeMethod(MethodInvocationHelper.java:85)
	at org.testng.internal.Invoker.invokeMethod(Invoker.java:639)
	at org.testng.internal.Invoker.invokeTestMethod(Invoker.java:816)
	at org.testng.internal.Invoker.invokeTestMethods(Invoker.java:1124)
	at org.testng.internal.TestMethodWorker.invokeTestMethods(TestMethodWorker.java:125)
	at org.testng.internal.TestMethodWorker.run(TestMethodWorker.java:108)
	at org.testng.TestRunner.privateRun(TestRunner.java:774)
	at org.testng.TestRunner.run(TestRunner.java:624)
	at org.testng.SuiteRunner.runTest(SuiteRunner.java:359)
	at org.testng.SuiteRunner.runSequentially(SuiteRunner.java:354)
	at org.testng.SuiteRunner.privateRun(SuiteRunner.java:312)
	at org.testng.SuiteRunner.run(SuiteRunner.java:261)
	at org.testng.SuiteRunnerWorker.runSuite(SuiteRunnerWorker.java:52)
	at org.testng.SuiteRunnerWorker.run(SuiteRunnerWorker.java:86)
	at org.testng.TestNG.runSuitesSequentially(TestNG.java:1215)
	at org.testng.TestNG.runSuitesLocally(TestNG.java:1140)
	at org.testng.TestNG.run(TestNG.java:1048)
	at org.testng.remote.AbstractRemoteTestNG.run(AbstractRemoteTestNG.java:115)
	at org.testng.remote.RemoteTestNG.initAndRun(RemoteTestNG.java:251)
	at org.testng.remote.RemoteTestNG.main(RemoteTestNG.java:77)
java.lang.NoSuchFieldException: btnSendOrRequestMoney
	at java.lang.Class.getField(Unknown Source)
	at com.zelle.stepdefinition.UniversalSteps.invokeElementMethod(UniversalSteps.java:117)
	at com.zelle.stepdefinition.UniversalSteps.user_clicks_on_element(UniversalSteps.java:202)
	at sun.reflect.NativeMethodAccessorImpl.invoke0(Native Method)
	at sun.reflect.NativeMethodAccessorImpl.invoke(Unknown Source)
	at sun.reflect.DelegatingMethodAccessorImpl.invoke(Unknown Source)
	at java.lang.reflect.Method.invoke(Unknown Source)
	at cucumber.runtime.Utils$1.call(Utils.java:37)
	at cucumber.runtime.Timeout.timeout(Timeout.java:13)
	at cucumber.runtime.Utils.invoke(Utils.java:31)
	at cucumber.runtime.java.JavaStepDefinition.execute(JavaStepDefinition.java:41)
	at cucumber.runtime.StepDefinitionMatch.runStep(StepDefinitionMatch.java:37)
	at cucumber.runtime.Runtime.runStep(Runtime.java:314)
	at cucumber.runtime.model.StepContainer.runStep(StepContainer.java:44)
	at cucumber.runtime.model.StepContainer.runSteps(StepContainer.java:39)
	at cucumber.runtime.model.CucumberScenario.run(CucumberScenario.java:44)
	at cucumber.runtime.model.CucumberFeature.run(CucumberFeature.java:165)
	at cucumber.api.testng.TestNGCucumberRunner.runCucumber(TestNGCucumberRunner.java:63)
	at cucumber.api.testng.AbstractTestNGCucumberTests.feature(AbstractTestNGCucumberTests.java:21)
	at sun.reflect.NativeMethodAccessorImpl.invoke0(Native Method)
	at sun.reflect.NativeMethodAccessorImpl.invoke(Unknown Source)
	at sun.reflect.DelegatingMethodAccessorImpl.invoke(Unknown Source)
	at java.lang.reflect.Method.invoke(Unknown Source)
	at org.testng.internal.MethodInvocationHelper.invokeMethod(MethodInvocationHelper.java:85)
	at org.testng.internal.Invoker.invokeMethod(Invoker.java:639)
	at org.testng.internal.Invoker.invokeTestMethod(Invoker.java:816)
	at org.testng.internal.Invoker.invokeTestMethods(Invoker.java:1124)
	at org.testng.internal.TestMethodWorker.invokeTestMethods(TestMethodWorker.java:125)
	at org.testng.internal.TestMethodWorker.run(TestMethodWorker.java:108)
	at org.testng.TestRunner.privateRun(TestRunner.java:774)
	at org.testng.TestRunner.run(TestRunner.java:624)
	at org.testng.SuiteRunner.runTest(SuiteRunner.java:359)
	at org.testng.SuiteRunner.runSequentially(SuiteRunner.java:354)
	at org.testng.SuiteRunner.privateRun(SuiteRunner.java:312)
	at org.testng.SuiteRunner.run(SuiteRunner.java:261)
	at org.testng.SuiteRunnerWorker.runSuite(SuiteRunnerWorker.java:52)
	at org.testng.SuiteRunnerWorker.run(SuiteRunnerWorker.java:86)
	at org.testng.TestNG.runSuitesSequentially(TestNG.java:1215)
	at org.testng.TestNG.runSuitesLocally(TestNG.java:1140)
	at org.testng.TestNG.run(TestNG.java:1048)
	at org.testng.remote.AbstractRemoteTestNG.run(AbstractRemoteTestNG.java:115)
	at org.testng.remote.RemoteTestNG.initAndRun(RemoteTestNG.java:251)
	at org.testng.remote.RemoteTestNG.main(RemoteTestNG.java:77)
java.lang.reflect.InvocationTargetException
	at sun.reflect.NativeMethodAccessorImpl.invoke0(Native Method)
	at sun.reflect.NativeMethodAccessorImpl.invoke(Unknown Source)
	at sun.reflect.DelegatingMethodAccessorImpl.invoke(Unknown Source)
	at java.lang.reflect.Method.invoke(Unknown Source)
	at com.zelle.stepdefinition.UniversalSteps.invokeElementMethod(UniversalSteps.java:119)
	at com.zelle.stepdefinition.UniversalSteps.user_clicks_on_element(UniversalSteps.java:202)
	at sun.reflect.NativeMethodAccessorImpl.invoke0(Native Method)
	at sun.reflect.NativeMethodAccessorImpl.invoke(Unknown Source)
	at sun.reflect.DelegatingMethodAccessorImpl.invoke(Unknown Source)
	at java.lang.reflect.Method.invoke(Unknown Source)
	at cucumber.runtime.Utils$1.call(Utils.java:37)
	at cucumber.runtime.Timeout.timeout(Timeout.java:13)
	at cucumber.runtime.Utils.invoke(Utils.java:31)
	at cucumber.runtime.java.JavaStepDefinition.execute(JavaStepDefinition.java:41)
	at cucumber.runtime.StepDefinitionMatch.runStep(StepDefinitionMatch.java:37)
	at cucumber.runtime.Runtime.runStep(Runtime.java:314)
	at cucumber.runtime.model.StepContainer.runStep(StepContainer.java:44)
	at cucumber.runtime.model.StepContainer.runSteps(StepContainer.java:39)
	at cucumber.runtime.model.CucumberScenario.run(CucumberScenario.java:44)
	at cucumber.runtime.model.CucumberFeature.run(CucumberFeature.java:165)
	at cucumber.api.testng.TestNGCucumberRunner.runCucumber(TestNGCucumberRunner.java:63)
	at cucumber.api.testng.AbstractTestNGCucumberTests.feature(AbstractTestNGCucumberTests.java:21)
	at sun.reflect.NativeMethodAccessorImpl.invoke0(Native Method)
	at sun.reflect.NativeMethodAccessorImpl.invoke(Unknown Source)
	at sun.reflect.DelegatingMethodAccessorImpl.invoke(Unknown Source)
	at java.lang.reflect.Method.invoke(Unknown Source)
	at org.testng.internal.MethodInvocationHelper.invokeMethod(MethodInvocationHelper.java:85)
	at org.testng.internal.Invoker.invokeMethod(Invoker.java:639)
	at org.testng.internal.Invoker.invokeTestMethod(Invoker.java:816)
	at org.testng.internal.Invoker.invokeTestMethods(Invoker.java:1124)
	at org.testng.internal.TestMethodWorker.invokeTestMethods(TestMethodWorker.java:125)
	at org.testng.internal.TestMethodWorker.run(TestMethodWorker.java:108)
	at org.testng.TestRunner.privateRun(TestRunner.java:774)
	at org.testng.TestRunner.run(TestRunner.java:624)
	at org.testng.SuiteRunner.runTest(SuiteRunner.java:359)
	at org.testng.SuiteRunner.runSequentially(SuiteRunner.java:354)
	at org.testng.SuiteRunner.privateRun(SuiteRunner.java:312)
	at org.testng.SuiteRunner.run(SuiteRunner.java:261)
	at org.testng.SuiteRunnerWorker.runSuite(SuiteRunnerWorker.java:52)
	at org.testng.SuiteRunnerWorker.run(SuiteRunnerWorker.java:86)
	at org.testng.TestNG.runSuitesSequentially(TestNG.java:1215)
	at org.testng.TestNG.runSuitesLocally(TestNG.java:1140)
	at org.testng.TestNG.run(TestNG.java:1048)
	at org.testng.remote.AbstractRemoteTestNG.run(AbstractRemoteTestNG.java:115)
	at org.testng.remote.RemoteTestNG.initAndRun(RemoteTestNG.java:251)
	at org.testng.remote.RemoteTestNG.main(RemoteTestNG.java:77)
Caused by: org.openqa.selenium.ElementClickInterceptedException: element click intercepted: Element <button class="button primary buttonA ui-btn ui-shadow ui-corner-all" type="submit" id="addNewContact">...</button> is not clickable at point (517, 558). Other element would receive the click: <button class="enrollTokenButton ui-btn ui-shadow ui-corner-all" tabindex="0" id="enrollTokenButton">...</button>
  (Session info: chrome=84.0.4147.89)
Build info: version: '3.141.5', revision: 'd54ebd709a', time: '2018-11-06T11:42:16'
System info: host: 'IXC1-LT3WBDWT2', ip: '100.77.5.242', os.name: 'Windows 10', os.arch: 'amd64', os.version: '10.0', java.version: '1.8.0_162'
Driver info: org.openqa.selenium.chrome.ChromeDriver
Capabilities {acceptInsecureCerts: false, browserName: chrome, browserVersion: 84.0.4147.89, chrome: {chromedriverVersion: 83.0.4103.39 (ccbf011cb2d2b..., userDataDir: C:\Users\e3019085\AppData\L...}, goog:chromeOptions: {debuggerAddress: localhost:53691}, javascriptEnabled: true, networkConnectionEnabled: false, pageLoadStrategy: normal, platform: WINDOWS, platformName: WINDOWS, proxy: Proxy(), setWindowRect: true, strictFileInteractability: false, timeouts: {implicit: 0, pageLoad: 300000, script: 30000}, unhandledPromptBehavior: dismiss and notify, webauthn:virtualAuthenticators: true}
Session ID: 4829c622fbe8bff056e64fab79914366
	at sun.reflect.NativeConstructorAccessorImpl.newInstance0(Native Method)
	at sun.reflect.NativeConstructorAccessorImpl.newInstance(Unknown Source)
	at sun.reflect.DelegatingConstructorAccessorImpl.newInstance(Unknown Source)
	at java.lang.reflect.Constructor.newInstance(Unknown Source)
	at org.openqa.selenium.remote.http.W3CHttpResponseCodec.createException(W3CHttpResponseCodec.java:187)
	at org.openqa.selenium.remote.http.W3CHttpResponseCodec.decode(W3CHttpResponseCodec.java:122)
	at org.openqa.selenium.remote.http.W3CHttpResponseCodec.decode(W3CHttpResponseCodec.java:49)
	at org.openqa.selenium.remote.HttpCommandExecutor.execute(HttpCommandExecutor.java:158)
	at org.openqa.selenium.remote.service.DriverCommandExecutor.execute(DriverCommandExecutor.java:83)
	at org.openqa.selenium.remote.RemoteWebDriver.execute(RemoteWebDriver.java:552)
	at org.openqa.selenium.remote.RemoteWebElement.execute(RemoteWebElement.java:285)
	at org.openqa.selenium.remote.RemoteWebElement.click(RemoteWebElement.java:84)
	at com.epp.webelement.Button.click(Button.java:27)
	... 46 more
...
2020-07-24 14:56:06 INFO  - [class com.zelle.stepdefinition.UniversalSteps] : UniversalStep: Validate that user is on page AddContactInfoPage
2020-07-24 14:57:18 INFO  - [class com.epp.executor.CukeExecutor] : Initiating drivers
2020-07-24 14:57:18 INFO  - [class com.epp.initdriver.RDPDriver] : Setup the new driver
2020-07-24 14:57:21 INFO  - [class com.epp.initdriver.RDPDriver] : Created Chrome driver instace
2020-07-24 14:57:21 INFO  - [class com.epp.initdriver.RDPDriver] : Maximize the explorer window
2020-07-24 14:57:21 INFO  - [class com.epp.executor.CukeExecutor] : Initialisation of drivers is completed successfully
2020-07-24 14:57:21 DEBUG - FileName set to C:\SeleniumWorkspace\DigiPayZelleAutomation\src\main\java\com\epp\config\Logger.properties
2020-07-24 14:57:21 DEBUG - ConfigurationUtils.locate(): base is null, name is C:\SeleniumWorkspace\DigiPayZelleAutomation\src\main\java\com\epp\config\Logger.properties
2020-07-24 14:57:21 DEBUG - Could not locate file C:\SeleniumWorkspace\DigiPayZelleAutomation\src\main\java\com\epp\config\Logger.properties at null: unknown protocol: c
2020-07-24 14:57:21 DEBUG - Loading configuration from the absolute path C:\SeleniumWorkspace\DigiPayZelleAutomation\src\main\java\com\epp\config\Logger.properties
2020-07-24 14:57:21 DEBUG - Base path set to file:///C:/SeleniumWorkspace/DigiPayZelleAutomation/src/main/java/com/epp/config/Logger.properties
