2020-07-24 14:25:20 INFO  - [class com.epp.executor.CukeExecutor] : Initiating Loggers Instance with file name: ZelleLogger_07_24_2020 14_25_20
2020-07-24 14:25:20 INFO  - [class com.epp.executor.CukeExecutor] : Initiating Extent Reports Instance with file name: ZelleTestReport_07_24_2020 14_25_20
2020-07-24 14:25:21 INFO  - [class com.zelle.stepdefinition.UniversalSteps] : UniversalStep: Create user one using services and Launch URL
2020-07-24 14:25:21 INFO  - [class com.epp.api.executor.APIExecutor] : API Executor constructor, assigning all the values to variable of API 
2020-07-24 14:25:21 INFO  - [class com.epp.api.executor.APIExecutor] : Closing all the instances of Excel sheets
2020-07-24 14:25:21 INFO  - [class com.epp.api.executor.APIExecutor] : Request which need to run: AddConsumer.xml
2020-07-24 14:25:21 INFO  - [class com.epp.api.utils.APIGenerics] : Reading the file and returing the document instance
2020-07-24 14:25:21 INFO  - [class com.epp.api.executor.APIExecutor] : Reading XML file into Document instance is done
2020-07-24 14:25:21 INFO  - [class com.epp.api.utils.APIGenerics] : keyValueData generated:  {TCName=, wsse:Username=, wsse:Password=, req:MtvnSvcVer=, req:ApplID=, req:SvcID=, req:SvcVer=, req:RoutingID=, com1:addr1=, com1:city=, com1:state=, com1:postalCode=, com1:country=, com1:type=, com1:number=, com1:isPrimary=, com1:email=, com1:userId=}
2020-07-24 14:25:21 INFO  - [class com.epp.api.utils.APIGenerics] : keyValueData generated:  {TCName=Zelle_AddConsumer_TC01, wsse:Username=FISEPAY_DEV, wsse:Password=RaDrup5E4awreP, req:MtvnSvcVer=v1.6.0, req:ApplID=ZELLE, req:SvcID=AddConsumer, req:SvcVer=v1.6.0, req:RoutingID=fis-50202, com1:addr1=10610 Faulkner Point way, com1:city=Irving, com1:state=TX, com1:postalCode=75063-1234, com1:country=US, com1:type=HOME, com1:number=100001111189, com1:isPrimary=true, com1:email=gulabo@yahoo.com, com1:userId=xyxde9111117}
2020-07-24 14:25:21 INFO  - [class com.epp.api.utils.APIGenerics] : keyValueData generated:  {TCName=Zelle_AddConsumer_TC01, wsse:Username=FISEPAY_DEV, wsse:Password=RaDrup5E4awreP, req:MtvnSvcVer=v1.6.0, req:ApplID=ZELLE, req:SvcID=AddConsumer, req:SvcVer=v1.6.0, req:RoutingID=fis-50202, com1:addr1=10610 Faulkner Point way, com1:city=Irving, com1:state=TX, com1:postalCode=75063-1234, com1:country=US, com1:type=HOME, com1:number=100001111189, com1:isPrimary=true, com1:email=gulabo@yahoo.com, com1:userId=xyxde9111117}
2020-07-24 14:25:21 INFO  - [class com.epp.api.utils.APIGenerics] : Random alphaNumeric generate: JJjKNQ
2020-07-24 14:25:21 INFO  - [class com.epp.api.utils.APIGenerics] : Random alphabet generate: EbYq
2020-07-24 14:25:21 INFO  - [class com.epp.api.utils.APIGenerics] : Random number generate: 18000
2020-07-24 14:25:21 INFO  - [class com.epp.api.utils.APIGenerics] : Random email id generate: EbYq18000@yahoo.com
2020-07-24 14:25:21 INFO  - [class com.epp.api.utils.APIGenerics] : Random number generate: 9078956
2020-07-24 14:25:21 INFO  - [class com.epp.api.utils.APIGenerics] : Random phone generate: 2019078956
2020-07-24 14:25:21 INFO  - [class com.epp.api.utils.APIGenerics] : Parcing of xml file is done
2020-07-24 14:25:21 INFO  - [class com.epp.api.utils.APIGenerics] : Getting timestamp in yyyyMMdd_HHmmss this formats 
2020-07-24 14:25:22 INFO  - [class com.epp.api.utils.APIGenerics] : Creating the xml file at run level
2020-07-24 14:25:22 INFO  - [class com.epp.api.executor.APIExecutor] : Hitting the request using post method
2020-07-24 14:25:22 INFO  - [class com.epp.api.soaphit.GetSoapResponse] : Into Post Method
2020-07-24 14:25:22 INFO  - [class com.epp.api.soaphit.GetSoapResponse] : Base End Point URL: https://localhost:1122/services/port
2020-07-24 14:25:22 INFO  - [class com.epp.api.soaphit.GetSoapResponse] : XML request file path: C:\SeleniumWorkspace\DigiPayZelleAutomation\src\main\java\com\epp\api\temp\Request_Zelle_AddConsumer_TC01_20200724_142521.xml
2020-07-24 14:25:23 DEBUG - Get connection for route {s}->https://localhost:1122
2020-07-24 14:25:23 DEBUG - Connecting to localhost:1122
2020-07-24 14:25:24 DEBUG - CookieSpec selected: ignoreCookies
2020-07-24 14:25:24 DEBUG - Auth cache not set in the context
2020-07-24 14:25:24 DEBUG - Target auth state: UNCHALLENGED
2020-07-24 14:25:24 DEBUG - Proxy auth state: UNCHALLENGED
2020-07-24 14:25:24 DEBUG - Attempt 1 to execute request
2020-07-24 14:25:24 DEBUG - Sending request: POST /services/port/v1_6 HTTP/1.1
2020-07-24 14:25:24 DEBUG -  >> "POST /services/port/v1_6 HTTP/1.1[\r][\n]"
2020-07-24 14:25:24 DEBUG -  >> "SOAPAction: authenticate[\r][\n]"
2020-07-24 14:25:24 DEBUG -  >> "Accept: */*[\r][\n]"
2020-07-24 14:25:24 DEBUG -  >> "Content-Type: application/soap+xml; charset=UTF-8;[\r][\n]"
2020-07-24 14:25:24 DEBUG -  >> "Content-Length: 5407[\r][\n]"
2020-07-24 14:25:24 DEBUG -  >> "Host: localhost:1122[\r][\n]"
2020-07-24 14:25:24 DEBUG -  >> "Connection: Keep-Alive[\r][\n]"
2020-07-24 14:25:24 DEBUG -  >> "User-Agent: Apache-HttpClient/4.5.3 (Java/1.8.0_162)[\r][\n]"
2020-07-24 14:25:24 DEBUG -  >> "Accept-Encoding: gzip,deflate[\r][\n]"
2020-07-24 14:25:24 DEBUG -  >> "[\r][\n]"
2020-07-24 14:25:24 DEBUG - >> POST /services/port/v1_6 HTTP/1.1
2020-07-24 14:25:24 DEBUG - >> SOAPAction: authenticate
2020-07-24 14:25:24 DEBUG - >> Accept: */*
2020-07-24 14:25:24 DEBUG - >> Content-Type: application/soap+xml; charset=UTF-8;
2020-07-24 14:25:24 DEBUG - >> Content-Length: 5407
2020-07-24 14:25:24 DEBUG - >> Host: localhost:1122
2020-07-24 14:25:24 DEBUG - >> Connection: Keep-Alive
2020-07-24 14:25:24 DEBUG - >> User-Agent: Apache-HttpClient/4.5.3 (Java/1.8.0_162)
2020-07-24 14:25:24 DEBUG - >> Accept-Encoding: gzip,deflate
2020-07-24 14:25:24 DEBUG -  >> "<?xml version="1.0" encoding="UTF-8" standalone="no"?><soapenv:Envelope xmlns:soapenv="http://schemas.xmlsoap.org/soap/envelope/" xmlns:com="http://metavante.com/types/common" xmlns:com1="http://epayments.metavante.com/types/common" xmlns:req="http://epayments.metavante.com/types/request" xmlns:req1="http://epayments.metavante.com/types/consumerPayee/request" xmlns:req2="http://epayments.metavante.com/types/fi/request" xmlns:req3="http://epayments.metavante.com/types/fundingAccount/request" xmlns:req4="http://epayments.metavante.com/types/merchant/request" xmlns:req5="http://epayments.metavante.com/types/security/request" xmlns:req6="http://epayments.metavante.com/types/user/request" xmlns:req7="http://epayments.metavante.com/types/consumer/request" xmlns:req8="http://epayments.metavante.com/types/checkimage/request" xmlns:wsse="http://docs.oasis-open.org/wss/2004/01/oasis-200401-wss-wssecurity-secext-1.0.xsd">[\r][\n]"
2020-07-24 14:25:24 DEBUG -  >> "   <soapenv:Header>[\r][\n]"
2020-07-24 14:25:24 DEBUG -  >> "      <wsse:Security>[\r][\n]"
2020-07-24 14:25:24 DEBUG -  >> "         <wsse:UsernameToken>[\r][\n]"
2020-07-24 14:25:24 DEBUG -  >> "            <wsse:Username>FISEPAY_DEV</wsse:Username>[\r][\n]"
2020-07-24 14:25:24 DEBUG -  >> "            <wsse:Password>RaDrup5E4awreP</wsse:Password>[\r][\n]"
2020-07-24 14:25:24 DEBUG -  >> "         </wsse:UsernameToken>[\r][\n]"
2020-07-24 14:25:24 DEBUG -  >> "      </wsse:Security>[\r][\n]"
2020-07-24 14:25:24 DEBUG -  >> "   </soapenv:Header>[\r][\n]"
2020-07-24 14:25:24 DEBUG -  >> "   <soapenv:Body>[\r][\n]"
2020-07-24 14:25:24 DEBUG -  >> "      <req:EbMtvnSvcReq>[\r][\n]"
2020-07-24 14:25:24 DEBUG -  >> "         <req:MtvnSvcVer>v1.6.0</req:MtvnSvcVer>[\r][\n]"
2020-07-24 14:25:24 DEBUG -  >> "         <req:MsgUUID>?</req:MsgUUID>[\r][\n]"
2020-07-24 14:25:24 DEBUG -  >> "         <req:PrcsParms>[\r][\n]"
2020-07-24 14:25:24 DEBUG -  >> "            <req:SrcID>MVEPAY</req:SrcID>[\r][\n]"
2020-07-24 14:25:24 DEBUG -  >> "         </req:PrcsParms>[\r][\n]"
2020-07-24 14:25:24 DEBUG -  >> "         <req:Svc>[\r][\n]"
2020-07-24 14:25:24 DEBUG -  >> "            <req:SvcParms>[\r][\n]"
2020-07-24 14:25:24 DEBUG -  >> "               <req:ApplID>ZELLE</req:ApplID>[\r][\n]"
2020-07-24 14:25:24 DEBUG -  >> "               <req:SvcID>AddConsumer</req:SvcID>[\r][\n]"
2020-07-24 14:25:24 DEBUG -  >> "               <req:SvcVer>v1.6.0</req:SvcVer>[\r][\n]"
2020-07-24 14:25:24 DEBUG -  >> "               <req:RoutingID>fis-50202</req:RoutingID>[\r][\n]"
2020-07-24 14:25:24 DEBUG -  >> "            </req:SvcParms>[\r][\n]"
2020-07-24 14:25:24 DEBUG -  >> "            <req:MsgData>[\r][\n]"
2020-07-24 14:25:24 DEBUG -  >> "               <req:AddConsumer>[\r][\n]"
2020-07-24 14:25:24 DEBUG -  >> "                  <req1:locale>en-US</req1:locale>[\r][\n]"
2020-07-24 14:25:24 DEBUG -  >> "                  <com:channelName/>[\r][\n]"
2020-07-24 14:25:24 DEBUG -  >> "                  <req7:consumerInfo>[\r][\n]"
2020-07-24 14:25:24 DEBUG -  >> "                     <com1:individualConsumer>[\r][\n]"
2020-07-24 14:25:24 DEBUG -  >> "                        <com1:firstName>manjinder</com1:firstName>[\r][\n]"
2020-07-24 14:25:24 DEBUG -  >> "                        <com1:middleName>Y</com1:middleName>[\r][\n]"
2020-07-24 14:25:24 DEBUG -  >> "                        <com1:lastName>singh</com1:lastName>[\r][\n]"
2020-07-24 14:25:24 DEBUG -  >> "                        <com1:SSN>999-99-0000</com1:SSN>[\r][\n]"
2020-07-24 14:25:24 DEBUG -  >> "                        <com1:birthDate>1984-12-31</com1:birthDate>[\r][\n]"
2020-07-24 14:25:24 DEBUG -  >> "                     </com1:individualConsumer>[\r][\n]"
2020-07-24 14:25:24 DEBUG -  >> "                     <com1:address>[\r][\n]"
2020-07-24 14:25:24 DEBUG -  >> "                        <com1:addr1>10610 Faulkner Point way</com1:addr1>[\r][\n]"
2020-07-24 14:25:24 DEBUG -  >> "                        <com1:city>Irving</com1:city>[\r][\n]"
2020-07-24 14:25:24 DEBUG -  >> "                        <com1:state>TX</com1:state>[\r][\n]"
2020-07-24 14:25:24 DEBUG -  >> "                        <com1:postalCode>75063-1234</com1:postalCode>[\r][\n]"
2020-07-24 14:25:24 DEBUG -  >> "                        <com1:country>US</com1:country>[\r][\n]"
2020-07-24 14:25:24 DEBUG -  >> "                        <com1:phoneNumberList>[\r][\n]"
2020-07-24 14:25:24 DEBUG -  >> "                           <com1:phoneNumber>[\r][\n]"
2020-07-24 14:25:24 DEBUG -  >> "                              <com1:type>HOME</com1:type>[\r][\n]"
2020-07-24 14:25:24 DEBUG -  >> "                            <com1:number>2019078956</com1:number>[\r][\n]"
2020-07-24 14:25:24 DEBUG -  >> "                              <com1:isPrimary>true</com1:isPrimary>[\r][\n]"
2020-07-24 14:25:24 DEBUG -  >> "                           </com1:phoneNumber>[\r][\n]"
2020-07-24 14:25:24 DEBUG -  >> "                        </com1:phoneNumberList>[\r][\n]"
2020-07-24 14:25:24 DEBUG -  >> "                     </com1:address>[\r][\n]"
2020-07-24 14:25:24 DEBUG -  >> "                     <com1:email>EbYq18000@yahoo.com</com1:email>[\r][\n]"
2020-07-24 14:25:24 DEBUG -  >> "                     <!--com1:serviceId>1</com1:serviceId-->[\r][\n]"
2020-07-24 14:25:24 DEBUG -  >> "                     <com1:termsAcceptedDate>2009-05-01T12:06:12Z</com1:termsAcceptedDate>[\r][\n]"
2020-07-24 14:25:24 DEBUG -  >> "                     <com1:paymentLimits>[\r][\n]"
2020-07-24 14:25:24 DEBUG -  >> "                        <com1:transactionLimit>[\r][\n]"
2020-07-24 14:25:24 DEBUG -  >> "                           <com1:amount>1</com1:amount>[\r][\n]"
2020-07-24 14:25:24 DEBUG -  >> "                           <com1:currencyCode>USD</com1:currencyCode>[\r][\n]"
2020-07-24 14:25:24 DEBUG -  >> "                        </com1:transactionLimit>[\r][\n]"
2020-07-24 14:25:24 DEBUG -  >> "                        <com1:dailyLimit>[\r][\n]"
2020-07-24 14:25:24 DEBUG -  >> "                           <com1:amount>1</com1:amount>[\r][\n]"
2020-07-24 14:25:24 DEBUG -  >> "                           <com1:currencyCode>USD</com1:currencyCode>[\r][\n]"
2020-07-24 14:25:24 DEBUG -  >> "                        </com1:dailyLimit>[\r][\n]"
2020-07-24 14:25:24 DEBUG -  >> "                     </com1:paymentLimits>[\r][\n]"
2020-07-24 14:25:24 DEBUG -  >> "                     <com1:emailFormatPreference>HTML</com1:emailFormatPreference>[\r][\n]"
2020-07-24 14:25:24 DEBUG -  >> "                  </req7:consumerInfo>[\r][\n]"
2020-07-24 14:25:24 DEBUG -  >> "                  <req7:userInfo>[\r][\n]"
2020-07-24 14:25:24 DEBUG -  >> "                     <com1:firstName>manjinder</com1:firstName>[\r][\n]"
2020-07-24 14:25:24 DEBUG -  >> "                     <com1:middleName>Y</com1:middleName>[\r][\n]"
2020-07-24 14:25:24 DEBUG -  >> "                     <com1:lastName>singh</com1:lastName>[\r][\n]"
2020-07-24 14:25:24 DEBUG -  >> "                     <com1:address>[\r][\n]"
2020-07-24 14:25:24 DEBUG -  >> "                        <com1:addr1>10610 Faulkner Point way</com1:addr1>[\r][\n]"
2020-07-24 14:25:24 DEBUG -  >> "                        <com1:city>Irving</com1:city>[\r][\n]"
2020-07-24 14:25:24 DEBUG -  >> "                        <com1:state>TX</com1:state>[\r][\n]"
2020-07-24 14:25:24 DEBUG -  >> "                        <com1:postalCode>75063-1234</com1:postalCode>[\r][\n]"
2020-07-24 14:25:24 DEBUG -  >> "                        <com1:country>US</com1:country>[\r][\n]"
2020-07-24 14:25:24 DEBUG -  >> "                        <com1:phoneNumberList>[\r][\n]"
2020-07-24 14:25:24 DEBUG -  >> "                           <com1:phoneNumber>[\r][\n]"
2020-07-24 14:25:24 DEBUG -  >> "                              <com1:type>HOME</com1:type>[\r][\n]"
2020-07-24 14:25:24 DEBUG -  >> "                              <com1:number>2019078956</com1:number>[\r][\n]"
2020-07-24 14:25:24 DEBUG -  >> "                              <com1:isPrimary>true</com1:isPrimary>[\r][\n]"
2020-07-24 14:25:24 DEBUG -  >> "                           </com1:phoneNumber>[\r][\n]"
2020-07-24 14:25:24 DEBUG -  >> "                        </com1:phoneNumberList>[\r][\n]"
2020-07-24 14:25:24 DEBUG -  >> "                     </com1:address>[\r][\n]"
2020-07-24 14:25:24 DEBUG -  >> "                     <com1:email>EbYq18000@yahoo.com</com1:email>[\r][\n]"
2020-07-24 14:25:24 DEBUG -  >> "                     <com1:userIdentity>[\r][\n]"
2020-07-24 14:25:24 DEBUG -  >> "                        <com1:userId>JJjKNQ</com1:userId>[\r][\n]"
2020-07-24 14:25:24 DEBUG -  >> "                     </com1:userIdentity>[\r][\n]"
2020-07-24 14:25:24 DEBUG -  >> "                     <com1:password>abc123</com1:password>[\r][\n]"
2020-07-24 14:25:24 DEBUG -  >> "                  </req7:userInfo>[\r][\n]"
2020-07-24 14:25:24 DEBUG -  >> "               </req:AddConsumer>[\r][\n]"
2020-07-24 14:25:24 DEBUG -  >> "            </req:MsgData>[\r][\n]"
2020-07-24 14:25:24 DEBUG -  >> "         </req:Svc>[\r][\n]"
2020-07-24 14:25:24 DEBUG -  >> "      </req:EbMtvnSvcReq>[\r][\n]"
2020-07-24 14:25:24 DEBUG -  >> "   </soapenv:Body>[\r][\n]"
2020-07-24 14:25:24 DEBUG -  >> "</soapenv:Envelope>"
2020-07-24 14:25:33 DEBUG -  << "HTTP/1.1 200 OK[\r][\n]"
2020-07-24 14:25:33 DEBUG -  << "X-Powered-By: Servlet/3.0[\r][\n]"
2020-07-24 14:25:33 DEBUG -  << "Content-Type: text/xml; charset=utf-8[\r][\n]"
2020-07-24 14:25:33 DEBUG -  << "Content-Encoding: gzip[\r][\n]"
2020-07-24 14:25:33 DEBUG -  << "Content-Language: en-US[\r][\n]"
2020-07-24 14:25:33 DEBUG -  << "Transfer-Encoding: chunked[\r][\n]"
2020-07-24 14:25:33 DEBUG -  << "Date: Fri, 24 Jul 2020 08:55:32 GMT[\r][\n]"
2020-07-24 14:25:33 DEBUG -  << "[\r][\n]"
2020-07-24 14:25:33 DEBUG - Receiving response: HTTP/1.1 200 OK
2020-07-24 14:25:33 DEBUG - << HTTP/1.1 200 OK
2020-07-24 14:25:33 DEBUG - << X-Powered-By: Servlet/3.0
2020-07-24 14:25:33 DEBUG - << Content-Type: text/xml; charset=utf-8
2020-07-24 14:25:33 DEBUG - << Content-Encoding: gzip
2020-07-24 14:25:33 DEBUG - << Content-Language: en-US
2020-07-24 14:25:33 DEBUG - << Transfer-Encoding: chunked
2020-07-24 14:25:33 DEBUG - << Date: Fri, 24 Jul 2020 08:55:32 GMT
2020-07-24 14:25:33 DEBUG - Connection can be kept alive indefinitely
2020-07-24 14:25:33 DEBUG - Parsing response as: text/xml; charset=utf-8
2020-07-24 14:25:33 DEBUG -  << "a[\r][\n]"
2020-07-24 14:25:33 DEBUG -  << "[0x1f][0x8b][0x8][0x0][0x0][0x0][0x0][0x0][0x0][0x0]"
2020-07-24 14:25:33 DEBUG -  << "[\r][\n]"
2020-07-24 14:25:33 DEBUG -  << "5b4[\r][\n]"
2020-07-24 14:25:33 DEBUG -  << "[0xad]X[[0x97][0xda]6[0x10]~[0xef][0xaf][0xe0][0xd0]g[0xb0]e0[0x17][0x1f][0xe2]-[0xd9][0x90][0x93]Ma[0xbb][\r][0xb0]M[0xf3][0xa6][0xb5][0xb5][0x8b]S[v-[0x1b][0x96][0xdf][0xd1]H[0xf8][0x6]ipN8g[0x17]k.[0xdf]'[0x8d][0xa4][0x99]1[0xb3][0x9b][0xd7]([0xec][0xec]Y*[0x82][0x98][0xbf][0xe9][0x92][0xbe][0xd9][0xed]0[0xee][0xc5]~[0xc0]_[0xde]t[0xb7][0x9b][0xf7][0xbd]I[0xf7][0xc6][0xfd]e&b[0x9a]0[0xbe]w[0x16]|[0xcf][0xc2]8a[0x1d]p[0xe3][0xc2][0xd1][0xe2]7[0xdd]][0x96]%[0x8e]a[0x8]o[0xc7]"*[0xfa][0xa0][0x95][0xaa]~[0x9c][0xbe][0x18][0xf2][0xc1]`[0xda][0xcf][0xe8]j[0xcf]W[0xe1][0x17]^[0x87][0xc3][0xa1][0x18][0xa0][0xb1]e[0x9a][0xc4][0xf8][0xbc]Z[0xae][0x11][0xa8]4[0xe][0xbe]o[0xdc][0xb][0xb8][0xc8]([0xf7]X[0xb7]2[0xdf][0xf][0x8c][0xfa],[0x5][0xc1]A[0x8][0xe6][0xac][0x99][0x97][0xa7]Av[0xd4][0xb0]RV[0xe0][0xfa][0xb1]'[0xfa]1[0x15][0x81][0xe8][0xc1]<9[0x12][0x80][0x81]$[0x19][0x1a][0xc0][0xa3]Trd[0x92][0x1e]([0xe4][0x9f][0x86][0xeb][0xc1][0x3]{[0xcd]z[0x10][0xbd]>[0xac][0xab][0xdb]9[0xb1]G[0xb9][0xc8][0xb6][0x1c]& '[0x6][0xeb]%][0x17]&[0x92];[0x9b] b [0x8a][0x92]b"[0xf9]O[0x99]G[0x9e][0x5][0xa1][0xfc].&"[0xc9][0xee][0x80][0xb8] [0xec][\r][0xc6][0x93][0x89]m[\r]'c=[0x95][0xdb][0x94][0xd1][0x8c][0xf9][0xae]eZf[0xcf][0x1c][0xf7][0xac][0xe1][0xc6][0x9c]8[0xb6][0xed][0xc][0x6]}2[0xb4][0xbf][0xcc][0x8c][0xaa][0x15][0xba],^[0x93] e[0xa2][0xe6]2uL[0xb3][0xee]r[0xb2]R[0xa3]b[0x2]8[0xae]l[0x5][0x8c][0x1b]{U[0xec][0xdd][0xdb][0xd8][0x7][0xf5][0xe2]i[0x95][0xed][0xf9]z[0xef]}bB[0x85][0xab][0x8][0x15]K[0xe8]1b<[0x13][0xfd][0x88]etOy[0xc6][0xfa]^[0x1c][0x19][0xd9]1a[0xc2][0x0][0xf2]$[0xe6][0x2][0x8e][0xc3]L#<[0x2][0xfa][0x9e][0xf4]G}sfTD[0xb3][0x95]x[0xd9]n[0xef][0xde][0xb9]7 [0xd6][0x8f]3[0xd0][0xe1][0xbf][0x7][0x9a]F[0xb0][0x88]y[0x92][0x84] [0xfe][0xb2]X.[0x17]3C[0x8f][0xa4][0x1e][0xbe][0xe6][0xbe][0xb]Dy[0xc4][0xd2][0x99][0xa1]D[0xb3][0x6][0xdb][0x89][0xc9]([0x11][0x81][0xe9][0x1d][0xcd](@[0x97][0xee][0xee][0x8c][0xb][0xe2]@[0xa4][0x4]}a[0xcb]@d[0xfa]|[0x80][0xb4]X[0xf4][0xa5][0xa5][0xc2]S[0x14]sX[0xa8][0xd1][0xf0][0x97][0x80][0x96][0xc3][0xd9][0xe1][0xc4]P[0x0]ZWF[0xd1][0xd3][0x8e][0xd5]pr1pN[0xf2];[0x1f]\[0xcb]+[0x5][0xaa][0xab][0x81][0xf5][0x9c][0xeb]h[0xae]5[0x9e][0x12]k2[0x18][0xc8][0xb5][0xd4][0x14]M[0x81][0xe2][0x95][0xfe]C'[0xe0]~[0xb0][0xf][0xfc][0x9c][0x86]g[0xb][0x1d][0xb6][0x9f][0xcf][0xd0]y[0xe][0xe0][0xca][0xde][0xd3][0x88][0xb9][0x11][0xe5]_[0x3]y[0x85]%}U[0x81]vQ[0xe0][0xfb]![0xc3][0xf1][0xdf][0xca][0xa0]"A[0x8b][0x90]j{[0x1][0x19]u[0xa7]l[\n]"
2020-07-24 14:25:33 DEBUG -  << "[0x19]Z[0xac][0xd7][0xf7][0xee]T~L[0xf8]([0x3])B[0xdd]S[0x90]f;8&[0xcc]%[0xd3][0xc9][0xb0]G[0xac][0xde][0x80]([0x93]R[0xa3][0xc6][0xe7][0x11][0x90][0x8][0xb6]C}[0x1f]vN[0x14][0xe1][0xb0][0xdb][0x87]C[0x81][0x10][0x97][0x98]#bv[0xde][0xd3]<[0xfc][0x87]C[0x80][0x1f][0xe2][0x80]g[0x9d][0x3]=[0xca][0x9][0x9c]l[0xd0][0xdc][0x93][0xfb]r[0x97][0xee]a[0xc5]J[0xe7][0xe9][0x8d][0xb2][0x1d][0xc8][0x1]0[0xe5][0xcd]g%W#T$1[0xc]`[0xee]>s[0xc7][0xb6]9[0x1a][0x10]k0TF[0x15][0x8d]B[0x8f]s[0x9e][0xa5]Gw[0xbb][0xd6][0xe0]z[0xac]`v1g[0xf7]y[0xf4][0xc4][0xd2][0xd3][0xf9][0xaf][0x9][0x95]@.[0xd1][0xfd][0xf0][0xc7]j[0xa1][0x10]p[0x88][\n]"
2020-07-24 14:25:33 DEBUG -  << "[0xae][0x8c],[0x93]L[0xcd][0xf1]dj[0x8f][0x94][0x81][0x16][0xeb][0xf9]T[0xd1][0x9a][0x12]EjT"/[0x81]G[0xe][0xd4][0xa7] ,6a[0xd4]r[0x13][0xd8][0xd3][0xf1]_2[0x81][0xe3][0xf1][0xdb][0x91][0xee][0xe2]XZH[0xe][\r]+[0x19][0xc6][0x8e]`[0x10]p[0x8f][0xdd][0xf9][0x5][0xcb][0xb8]%[0x8b]m[0xe2][0xd9][0xaa]@I[0xe4]Iq[0xe5][0xde][0x6]a[0x8][[0xfa][0x10]R^pLZr<,[0xe7][0xf7][0x9d]_[0x91][0xe7]"[0xb0]d[0x9c]:[0x1a]j[0x19]DAV[0x1e][0xdd]i[0xfb][0xa3];u[0xb2][0x94]rA[0xbd][0xc][0xda][0x1b][0x84]SR[0x1a][0xc9]C[0xe3]B[0x9d][0xc4][0x1b]W[0x8]P[0x9][0x85])[0x85][0x1e][0xe8][0x88]Gn[0xbb]~[0xa7],jR%[0xba][0x8c][0xed][0xc3][0x96][0x1c]:W[0x15][0xd5]8[0x8b][0x11][0x16][0xe][0xd3][0xc9][0x18][0x94][0x96][0xb9][0xe7][0xb1][0x4][0x8a][0xb5]L[0xe]e[0xfd]0[[0x6][0xf][0x1a][0x8c]i[0xcf][0xb4]{&[0xd9][0x10][0xcb]1G[0xe][0xb1]`[0x1][0xe6][0x17],1[0x17][0x98]p[0x6]D[0x1d][0xc8][0xf7]q[0x1a][0xd1][0xec]!e[0xcf]L.[0xa3]2[0xb][0xd2]r[0x16][0x1f]6[0xab]%2~[0x3][0x19]Y-[0xcc]#yyP[0xc8][0xf5][0xc5]M[0xd1][0xcc]o7w[0x8f][0x98][0xc][\n]"
2020-07-24 14:25:33 DEBUG -  << "0D[0x1e]@[0x94][0x13]u>Y:odR[0xf2][0x3][0x95][0xe][0x10]U[0x9e]\[0x9d][0xec]:[0xd1]cg`[0xaa][0x9a]7[0xc5])[0xc][0xca]\[0xaa][0x9f]-[0xb7]S[0xd1]XZ[0x83]Yu[0x1d][0xc4][0xf9]+$[0xe5]0[0x14][0xda][0xe4][0x94]l[0xe1]Q[0xe5]Wu[0xaa][0x8a][0xa1]^X[0x99]U[0xed]1[0x99][0x8c][0xb4]I=[0xd9]J[0xb4]Z[0xb6][0xad][0x8]N[0xe]g[0x1]B[0xc7][0xa1]Cs?[0xc8][0xee][0xf8]3[0xee][0x18][0xdc][0x90]2n?P[0x91][0x1][0xcf][0xc3][0x16][0x14][0x8f][0xda]Y[0xaf]j[0x8d][0xca][0xb3]Y[0xb3][0xac][0xb8][0xc6][0xcd][0xe6][0xa2][0xa6]P[0x86][0x11][0xbc][0xf7]<[0x7][0xfa]@[0x87][0xa5]f[s[0xbf]@T[0xd1]hI3<([0xaf][0xb5]j[0x8]jK[0xc9]VT[0xfa][0x19]r}[0x5][0xbf][0xd4][0xb9][0x91][0x91][0x93][0x8b][0xb]m[0x1b]i[[0x93][0xaa]X[0xee][0xc7][0x8f]_[0xbf][0xff][0x13][0x97]V[0xc8]j[0xa3][0xb2]Y#[0xe3][0xb2][0x89]*[0xd9][0xdb][0xd6][0xaa]Z[V[0x85]D[0x8a]I[0xa5][\r]+9[0xda][0xd6]*[0xec][0xe8]jX[0x8]>-[0xfa][0xb7][0x12][0xba]mi*[0x9a][0xc1][\n]"
2020-07-24 14:25:33 DEBUG -  << "[0x1a][0xf6][0xea]&[0xc6]ksLJp[0xab]m[0xea][0xde][0xae][0x17][0x9f][0xf0]4[0x95]`[0x88]M[0x9a]y[0xd2]j[0x9b][0x8e][0xcb]<Y[0x80]![0xb2][0xf5][0xed][0xdb]n[0xb5][0xcd][0xc5][\n]"
2020-07-24 14:25:33 DEBUG -  << "[0xef][0xca][0xdb]^[0xb7][0xac][0xb8][0x9e][0xdd][0xf6][0x9a]B[0x19]^}[0xdb][0x9b][0xb6]5[0xf7][0xb]D[0x8d][0xdb]~!<[0x8]![0x13]r[0x1a][0xf3][0x97]y[0x9e][0xed][0xd6][0x8d][0x9d]i[[[0x9e]i([0x18][0x92][0x9d][0xa3]"[0x99]z[0xeb]X[0xc6]/[0x1][0xaf]5[0x6]V[0xdb]l[0xfc][0xbf][0x81]j[0xb0] [0xb3][0xed]<C[0xe5]f>Joe[0xf5]([0xc9][0xdb][0xbe][0x8d]`[0x7]u[0x1]Q%[0x9b]"Y[0xc2][0xb0][0xf6]Vm[0x14]/[0xdb][0x8b]4[0xbd][0x85][0xda][0xb6]~[0xbc][0xc5][0x97]-=[0x94]b0q[0xd7]9t4B[0xa0]\[0x8e][0xf1]}[0xbd]pZ=.[0xae]s[0xaa][0xfe]dQ[0xf9]}C[0xfd][0x9e]a4Js[0xff][0x3][0xe7][0x1f](m[0x84][0x13][0x0][0x0]"
2020-07-24 14:25:33 DEBUG -  << "[\r][\n]"
2020-07-24 14:25:33 DEBUG -  << "0[\r][\n]"
2020-07-24 14:25:33 DEBUG -  << "[\r][\n]"
2020-07-24 14:25:33 DEBUG - Parsed data to instance of: class org.apache.http.conn.EofSensorInputStream
2020-07-24 14:25:33 DEBUG - Releasing connection org.apache.http.impl.conn.ManagedClientConnectionImpl@20999517
2020-07-24 14:25:33 DEBUG - Connection can be kept alive indefinitely
2020-07-24 14:25:33 INFO  - [class com.epp.api.soaphit.GetSoapResponse] : Got the response
2020-07-24 14:25:33 INFO  - [class com.epp.api.utils.APIGenerics] : Getting timestamp in yyyyMMdd_HHmmss this formats 
2020-07-24 14:25:33 INFO  - [class com.epp.api.utils.APIGenerics] : writting the xml file into XML format
2020-07-24 14:25:33 INFO  - [class com.epp.api.utils.APIGenerics] : Creating the xlsx sheet
2020-07-24 14:25:34 INFO  - [class com.epp.api.utils.APIGenerics] : All the services data is set to Excelsheet
2020-07-24 14:25:34 INFO  - [class com.epp.api.utils.APIGenerics] : Reading the file and returing the document instance
2020-07-24 14:25:34 INFO  - [class com.epp.api.utils.APIGenerics] : Getting the parsed data from response:  {userId=JJjKNQ, consumerId=27912833, email=ebyq18000@yahoo.com, number=2019078956}
2020-07-24 14:25:34 DEBUG - FileName set to C:\SeleniumWorkspace\DigiPayZelleAutomation\src\main\resources\com\epp\properties\PropertyCache.properties
2020-07-24 14:25:34 DEBUG - ConfigurationUtils.locate(): base is null, name is C:\SeleniumWorkspace\DigiPayZelleAutomation\src\main\resources\com\epp\properties\PropertyCache.properties
2020-07-24 14:25:34 DEBUG - Could not locate file C:\SeleniumWorkspace\DigiPayZelleAutomation\src\main\resources\com\epp\properties\PropertyCache.properties at null: unknown protocol: c
2020-07-24 14:25:34 DEBUG - Loading configuration from the absolute path C:\SeleniumWorkspace\DigiPayZelleAutomation\src\main\resources\com\epp\properties\PropertyCache.properties
2020-07-24 14:25:34 DEBUG - Base path set to file:///C:/SeleniumWorkspace/DigiPayZelleAutomation/src/main/resources/com/epp/properties/PropertyCache.properties
2020-07-24 14:25:34 INFO  - [class com.epp.config.PropertiesCache] : Created Properties Configuration Object for IO operation of Property Cache File: PropertyCache.properties
2020-07-24 14:25:34 INFO  - [class com.epp.config.PropertiesCache] : New Properties Cache Log file is created: PropertyCache.properties
2020-07-24 14:25:34 INFO  - [class com.epp.config.PropertiesCache] : New Properties Cache Log file is created: PropertyCache.properties
2020-07-24 14:25:34 INFO  - [class com.epp.libraries.GenericLib] : Fetching the Respones output Nodes
2020-07-24 14:25:34 INFO  - [class com.epp.config.PropertiesCache] : New Properties Cache Log file is created: PropertyCache.properties
2020-07-24 14:25:34 INFO  - [class com.epp.config.PropertiesCache] : New Properties Cache Log file is created: PropertyCache.properties
2020-07-24 14:25:34 INFO  - [class com.epp.config.PropertiesCache] : New Properties Cache Log file is created: PropertyCache.properties
2020-07-24 14:25:34 INFO  - [class com.epp.api.executor.APIExecutor] : Closing all the instances of Excel sheets
2020-07-24 14:25:34 INFO  - [class com.epp.api.executor.APIExecutor] : Request which need to run: AddFundingProfile.xml
2020-07-24 14:25:34 INFO  - [class com.epp.api.utils.APIGenerics] : Reading the file and returing the document instance
2020-07-24 14:25:34 INFO  - [class com.epp.api.executor.APIExecutor] : Reading XML file into Document instance is done
2020-07-24 14:25:34 INFO  - [class com.epp.api.utils.APIGenerics] : keyValueData generated:  {TCName=, wsse:Username=, wsse:Password=, req:MtvnSvcVer=, req:ApplID=, req:SvcID=, req:SvcVer=, req:RoutingID=, q1:type=, q1:nickname=, q1:primary=, q1:bankName=, q1:accountNumber=, q1:routingNumber=, userID=}
2020-07-24 14:25:34 INFO  - [class com.epp.api.utils.APIGenerics] : keyValueData generated:  {TCName=Zelle_AddFundingProfile_TC01, wsse:Username=FISEPAY_DEV, wsse:Password=RaDrup5E4awreP, req:MtvnSvcVer=v1.6.0, req:ApplID=ZELLE, req:SvcID=AddFundingProfile, req:SvcVer=v1.6.0, req:RoutingID=fis-50202, q1:type=BANK_ACCOUNT, q1:nickname=Demo user, q1:primary=true, q1:bankName=HDFC, q1:accountNumber=100001111189, q1:routingNumber=959009990, userID=ccc}
2020-07-24 14:25:34 INFO  - [class com.epp.api.utils.APIGenerics] : keyValueData generated:  {TCName=Zelle_AddFundingProfile_TC01, wsse:Username=FISEPAY_DEV, wsse:Password=RaDrup5E4awreP, req:MtvnSvcVer=v1.6.0, req:ApplID=ZELLE, req:SvcID=AddFundingProfile, req:SvcVer=v1.6.0, req:RoutingID=fis-50202, q1:type=BANK_ACCOUNT, q1:nickname=Demo user, q1:primary=true, q1:bankName=HDFC, q1:accountNumber=100001111189, q1:routingNumber=959009990, userID=ccc}
2020-07-24 14:25:35 INFO  - [class com.epp.api.utils.APIGenerics] : Parcing of xml file is done
2020-07-24 14:25:35 INFO  - [class com.epp.api.utils.APIGenerics] : Getting timestamp in yyyyMMdd_HHmmss this formats 
2020-07-24 14:25:35 INFO  - [class com.epp.api.utils.APIGenerics] : Creating the xml file at run level
2020-07-24 14:25:35 INFO  - [class com.epp.api.executor.APIExecutor] : Hitting the request using post method
2020-07-24 14:25:35 INFO  - [class com.epp.api.soaphit.GetSoapResponse] : Into Post Method
2020-07-24 14:25:35 INFO  - [class com.epp.api.soaphit.GetSoapResponse] : Base End Point URL: https://localhost:1122/services/port
2020-07-24 14:25:35 INFO  - [class com.epp.api.soaphit.GetSoapResponse] : XML request file path: C:\SeleniumWorkspace\DigiPayZelleAutomation\src\main\java\com\epp\api\temp\Request_Zelle_AddFundingProfile_TC01_20200724_142535.xml
2020-07-24 14:25:35 DEBUG - Get connection for route {s}->https://localhost:1122
2020-07-24 14:25:35 DEBUG - Connecting to localhost:1122
2020-07-24 14:25:36 DEBUG - CookieSpec selected: ignoreCookies
2020-07-24 14:25:36 DEBUG - Auth cache not set in the context
2020-07-24 14:25:36 DEBUG - Target auth state: UNCHALLENGED
2020-07-24 14:25:36 DEBUG - Proxy auth state: UNCHALLENGED
2020-07-24 14:25:36 DEBUG - Attempt 1 to execute request
2020-07-24 14:25:36 DEBUG - Sending request: POST /services/port/v1_6 HTTP/1.1
2020-07-24 14:25:36 DEBUG -  >> "POST /services/port/v1_6 HTTP/1.1[\r][\n]"
2020-07-24 14:25:36 DEBUG -  >> "SOAPAction: authenticate[\r][\n]"
2020-07-24 14:25:36 DEBUG -  >> "Accept: */*[\r][\n]"
2020-07-24 14:25:36 DEBUG -  >> "Content-Type: application/soap+xml; charset=UTF-8;[\r][\n]"
2020-07-24 14:25:36 DEBUG -  >> "Content-Length: 2867[\r][\n]"
2020-07-24 14:25:36 DEBUG -  >> "Host: localhost:1122[\r][\n]"
2020-07-24 14:25:36 DEBUG -  >> "Connection: Keep-Alive[\r][\n]"
2020-07-24 14:25:36 DEBUG -  >> "User-Agent: Apache-HttpClient/4.5.3 (Java/1.8.0_162)[\r][\n]"
2020-07-24 14:25:36 DEBUG -  >> "Accept-Encoding: gzip,deflate[\r][\n]"
2020-07-24 14:25:36 DEBUG -  >> "[\r][\n]"
2020-07-24 14:25:36 DEBUG - >> POST /services/port/v1_6 HTTP/1.1
2020-07-24 14:25:36 DEBUG - >> SOAPAction: authenticate
2020-07-24 14:25:36 DEBUG - >> Accept: */*
2020-07-24 14:25:36 DEBUG - >> Content-Type: application/soap+xml; charset=UTF-8;
2020-07-24 14:25:36 DEBUG - >> Content-Length: 2867
2020-07-24 14:25:36 DEBUG - >> Host: localhost:1122
2020-07-24 14:25:36 DEBUG - >> Connection: Keep-Alive
2020-07-24 14:25:36 DEBUG - >> User-Agent: Apache-HttpClient/4.5.3 (Java/1.8.0_162)
2020-07-24 14:25:36 DEBUG - >> Accept-Encoding: gzip,deflate
2020-07-24 14:25:36 DEBUG -  >> "<?xml version="1.0" encoding="UTF-8" standalone="no"?><soapenv:Envelope xmlns:soapenv="http://schemas.xmlsoap.org/soap/envelope/" xmlns:com="http://metavante.com/types/common" xmlns:com1="http://epayments.metavante.com/types/common" xmlns:req="http://epayments.metavante.com/types/request" xmlns:req1="http://epayments.metavante.com/types/consumerPayee/request" xmlns:req2="http://epayments.metavante.com/types/fi/request" xmlns:req3="http://epayments.metavante.com/types/fundingAccount/request" xmlns:req4="http://epayments.metavante.com/types/merchant/request" xmlns:req5="http://epayments.metavante.com/types/security/request" xmlns:req6="http://epayments.metavante.com/types/user/request" xmlns:req7="http://epayments.metavante.com/types/consumer/request" xmlns:req8="http://epayments.metavante.com/types/checkimage/request" xmlns:wsse="http://docs.oasis-open.org/wss/2004/01/oasis-200401-wss-wssecurity-secext-1.0.xsd" xmlns:xsi="http://www.w3.org/2001/XMLSchema-instance">[\r][\n]"
2020-07-24 14:25:36 DEBUG -  >> "   <soapenv:Header>[\r][\n]"
2020-07-24 14:25:36 DEBUG -  >> "      <wsse:Security>[\r][\n]"
2020-07-24 14:25:36 DEBUG -  >> "         <wsse:UsernameToken>[\r][\n]"
2020-07-24 14:25:36 DEBUG -  >> "             <wsse:Username>FISEPAY_DEV</wsse:Username>[\r][\n]"
2020-07-24 14:25:36 DEBUG -  >> "            <wsse:Password>RaDrup5E4awreP</wsse:Password>[\r][\n]"
2020-07-24 14:25:36 DEBUG -  >> "         </wsse:UsernameToken>[\r][\n]"
2020-07-24 14:25:36 DEBUG -  >> "      </wsse:Security>[\r][\n]"
2020-07-24 14:25:36 DEBUG -  >> "   </soapenv:Header>[\r][\n]"
2020-07-24 14:25:36 DEBUG -  >> "   <soapenv:Body>[\r][\n]"
2020-07-24 14:25:36 DEBUG -  >> "      <EbMtvnSvcReq xmlns="http://epayments.metavante.com/types/request">[\r][\n]"
2020-07-24 14:25:36 DEBUG -  >> "        <req:MtvnSvcVer>v1.6.0</req:MtvnSvcVer>[\r][\n]"
2020-07-24 14:25:36 DEBUG -  >> "         <MsgUUID>bc1ae59a-d0f3-4d80-9bf3-e83e1cb9c87a</MsgUUID>[\r][\n]"
2020-07-24 14:25:36 DEBUG -  >> "         <PrcsParms>[\r][\n]"
2020-07-24 14:25:36 DEBUG -  >> "            <SrcID>MVEPAY</SrcID>[\r][\n]"
2020-07-24 14:25:36 DEBUG -  >> "         </PrcsParms>[\r][\n]"
2020-07-24 14:25:36 DEBUG -  >> "         <Svc>[\r][\n]"
2020-07-24 14:25:36 DEBUG -  >> "            <SvcParms>[\r][\n]"
2020-07-24 14:25:36 DEBUG -  >> "               <req:ApplID>ZELLE</req:ApplID>[\r][\n]"
2020-07-24 14:25:36 DEBUG -  >> "               <req:SvcID>AddFundingProfile</req:SvcID>[\r][\n]"
2020-07-24 14:25:36 DEBUG -  >> "               <req:SvcVer>v1.6.0</req:SvcVer>[\r][\n]"
2020-07-24 14:25:36 DEBUG -  >> "               <RqstUUID>82f0d972-4c5b-4b5f-a0da-be4a9f3dc410</RqstUUID>[\r][\n]"
2020-07-24 14:25:36 DEBUG -  >> "               <req:RoutingID>fis-50202</req:RoutingID>[\r][\n]"
2020-07-24 14:25:36 DEBUG -  >> "            </SvcParms>[\r][\n]"
2020-07-24 14:25:36 DEBUG -  >> "            <MsgData>[\r][\n]"
2020-07-24 14:25:36 DEBUG -  >> "               <AddFundingProfile>[\r][\n]"
2020-07-24 14:25:36 DEBUG -  >> "                  <userId>JJjKNQ</userId>[\r][\n]"
2020-07-24 14:25:36 DEBUG -  >> "                  <fundingProfileInfo xmlns="http://epayments.metavante.com/types/fundingProfile/request" xmlns:q1="http://epayments.metavante.com/types/common" xsi:type="q1:BankFundingProfileInfoType">[\r][\n]"
2020-07-24 14:25:36 DEBUG -  >> "                     <q1:type>BANK_ACCOUNT</q1:type>[\r][\n]"
2020-07-24 14:25:36 DEBUG -  >> "                     <q1:nickname>Demo user</q1:nickname>[\r][\n]"
2020-07-24 14:25:36 DEBUG -  >> "                     <q1:primary>true</q1:primary>[\r][\n]"
2020-07-24 14:25:36 DEBUG -  >> "                     <q1:bankName>HDFC</q1:bankName>[\r][\n]"
2020-07-24 14:25:36 DEBUG -  >> "                     <q1:accountNumber>100001111189</q1:accountNumber>[\r][\n]"
2020-07-24 14:25:36 DEBUG -  >> "                     <q1:routingNumber>959009990</q1:routingNumber>[\r][\n]"
2020-07-24 14:25:36 DEBUG -  >> "                     <q1:checkNumber>123461</q1:checkNumber>[\r][\n]"
2020-07-24 14:25:36 DEBUG -  >> "                     <q1:bankAccountType>CHECKING</q1:bankAccountType>[\r][\n]"
2020-07-24 14:25:36 DEBUG -  >> "                  </fundingProfileInfo>[\r][\n]"
2020-07-24 14:25:36 DEBUG -  >> "               </AddFundingProfile>[\r][\n]"
2020-07-24 14:25:36 DEBUG -  >> "            </MsgData>[\r][\n]"
2020-07-24 14:25:36 DEBUG -  >> "         </Svc>[\r][\n]"
2020-07-24 14:25:36 DEBUG -  >> "      </EbMtvnSvcReq>[\r][\n]"
2020-07-24 14:25:36 DEBUG -  >> "   </soapenv:Body>[\r][\n]"
2020-07-24 14:25:36 DEBUG -  >> "</soapenv:Envelope>"
2020-07-24 14:25:42 DEBUG -  << "HTTP/1.1 200 OK[\r][\n]"
2020-07-24 14:25:42 DEBUG -  << "X-Powered-By: Servlet/3.0[\r][\n]"
2020-07-24 14:25:42 DEBUG -  << "Content-Type: text/xml; charset=utf-8[\r][\n]"
2020-07-24 14:25:42 DEBUG -  << "Content-Encoding: gzip[\r][\n]"
2020-07-24 14:25:42 DEBUG -  << "Content-Language: en-US[\r][\n]"
2020-07-24 14:25:42 DEBUG -  << "Transfer-Encoding: chunked[\r][\n]"
2020-07-24 14:25:42 DEBUG -  << "Date: Fri, 24 Jul 2020 08:55:41 GMT[\r][\n]"
2020-07-24 14:25:42 DEBUG -  << "[\r][\n]"
2020-07-24 14:25:42 DEBUG - Receiving response: HTTP/1.1 200 OK
2020-07-24 14:25:42 DEBUG - << HTTP/1.1 200 OK
2020-07-24 14:25:42 DEBUG - << X-Powered-By: Servlet/3.0
2020-07-24 14:25:42 DEBUG - << Content-Type: text/xml; charset=utf-8
2020-07-24 14:25:42 DEBUG - << Content-Encoding: gzip
2020-07-24 14:25:42 DEBUG - << Content-Language: en-US
2020-07-24 14:25:42 DEBUG - << Transfer-Encoding: chunked
2020-07-24 14:25:42 DEBUG - << Date: Fri, 24 Jul 2020 08:55:41 GMT
2020-07-24 14:25:42 DEBUG - Connection can be kept alive indefinitely
2020-07-24 14:25:42 DEBUG - Parsing response as: text/xml; charset=utf-8
2020-07-24 14:25:42 DEBUG -  << "a[\r][\n]"
2020-07-24 14:25:42 DEBUG -  << "[0x1f][0x8b][0x8][0x0][0x0][0x0][0x0][0x0][0x0][0x0]"
2020-07-24 14:25:42 DEBUG -  << "[\r][\n]"
2020-07-24 14:25:42 DEBUG -  << "437[\r][\n]"
2020-07-24 14:25:42 DEBUG -  << "[0xd5]W]o[0xa3]8[0x14]}[0xdf]_[0x11][0xf1][0xe][0x98][0xaf]$ [0xca]([0xa5][0xe9]6[0x9a]&[0xad][0x9a][0xb4][0xda][0xe9][0xcb][0xca][0x1][0xa7]e[0x1b][0xc][0x8b]M[0xda][0xfe][0xfb][0xbd][0xe6][0xc3]%[0x94][0xd1][0xb4]R[0x1f]v"[0xb5][0xc1][0xe7][0x9e]{[0xee][0xf1][0xb5][0x1][0xc7][0xff][0xf6][0x92][0xee]G[0x7]R[0xb0]$[0xa3]'[0x8a][0xa1]!eDh[0x94][0xc5][0x9]}8Qn7[0xe7][0xea]T[0xf9][0x16][0xfc][0xe1][0xb3][0xc][0xe7][0x84][0x1e][0xbc]9=[0x90]}[0x96][0x93][0x11][0xa4]Q[0xe6]5[0xf0][0x89][0xf2][0xc8]y[0xee][0xe9]:[0x8b][0x1e]I[0x8a][0x99][0x6]Q[0x11][0xd2][0xb2][0xe2]A[0x17][0x17]:i[0xf2]t[0xa5][0xc9]|a[0xb1][0xcc]z~~[0xd6][0x9e][0xad][0x8a]l"d[0xe8]-/[0xd7][0x95][0xd0][0x1b]9[0xf9]5YM([0xe3][0x98]FD[0xe9][0xf8][0xbd] 8&[0x5][0x0][0xcf][0x8c][0x11]oM[0xa2][0xb2]H[0xf8]k#+0[0xa9][0x1b]g[0x11][0xd3]2[0xcc][0x12][0xa6][0x82]OZ[0x15][0x0][0x82](b[0xeb]P[0xa7][0xe][0x89][0x11]2T[0x8][0x88][0xbf]FN[0x85][0xb][0xf2][0xc2]U[0xe8][0x9e][0x6][0xf3]RFm[0xf5][0xb4]d[0xfc][0x96][0x82][0x1]a[0xc][0xe6]k([0x1][0x18])[0xbd]M[0x92][0x12][0x80][0xd2]\[0x1a])[0xbf][0xc4]G[0xc9][0x93][0xbd][0xf8][0x96]FD[0xb1][0x5][0x14][0x96][0x5]U[0xd3][0xb4]]g[0xec][0xb4]N[0xc2][0x82]`N[0xe2][0xc0]D&R[0xd1]D5[0xed][\r][0x9a]z[0x8e][0xe3][0xd9][0xa6][0x86]&[0x93]{_[0xef][0xb2][0xaa][0x94][0xf9]K[0x9e][0x14][0x84][0x1d][0xa5][0xb8][0x1e]B[0xc7])-[0xab][0x1e][0xc9][0xfa][0xd5][0xb8][0xb3][0x12]0[0xee]-[0x95]\[0xba][0xd3],[0x86][0xf0]|[0xbb][0xe4][0x7][0xba]>D7[0x84][0xd5][0xdd][0x92][0x9d]"9~M[0x9][0xe5]LK[0x9][0xc7][0x7]L9[0xd1][0xa2],[0xd5][0xf9]kN[0x98][0xe][0xc5][0xf3][0x8c]2[0xd8][\r]~[0xa3]p[0x7][0xea][0x7]C[0x1b]k[0xc8][0xd7];[0x90][0xbf]d[0xf][0xb7][0xb7][0x8b][0xb3]`[0x1b][0x19][0x98]8.Vc[0xb4][0xb3]T;[0x9e]"[0xd5][0xdd][0xc2][0x15][0x99]Z[0xc4][0x88][0xb6]n4[0x9d]`[0xc8]l[0xd8]>[0xa4]W[0xff][0xae]q[0x91][0xc2]<gy[0xbe][0x7][0xf8]~~y9[0xf7][0xf5]f$[0xe2][0xf0]5[0x8b][0xe3][0xf3][0x92][0x8a]{[0xea][0xba][0xc8]v[0xc9][0x9e][0xf8]z[0x1d][0xf0]{[0xb6]ZK7[0xff][0xc2][0xc6][0x11]U[0xa6][0xe6][0xe][0xc5][0xee][0xc4]T[0xed][0xc8][0xd9][0xaa][0xf6][0xd6][0xd9][0xa9][0x18][0xc5]X[0xdd][0x12][0x1b][0xbb];+[0x8e]l[0x3][0xd2]$[0xbd]Rh[0xc][0x81][0xd1]3[0xcc]18[0xeb]W[0xf]|[0xca][0xc][0xf]V[0x84][0xe1][0x7]r[0x99]0[0xde]lC@es[0x87]Z[\n]"
2020-07-24 14:25:42 DEBUG -  << "WiF[0xa1][0xa1]z/_[0x8][0x9a][0xde][0xee][0xa8][0x88][0xd4]4?[0xb8]`[0xc7][0xe9][0xdd][0xf5][0xa3][0xcc][0xea][0x89]/b[0x90]y[0xbb][0x91][0x81][0xf0][0xc1]"r[\n]"
2020-07-24 14:25:42 DEBUG -  << "C[0x9a][0x81][0xe5]X[0xee][0xd8][0x9c][0xba]b[0x82][0x3][0xe1]a[0xb8]v"[0x14]m[0xf][0xf6]8/[0x99]te[0xd2][0xd5][0xec][0xfa][0xfa][0xe6][0xea]n~&[\n]"
2020-07-24 14:25:42 DEBUG -  << "[0xb5]bB[0xd8][0xf1][0x12][0xba][0xcb][0xa4][0xac][0xf3]9[0xd9][0x11]<>=[0x81][0x9c](B[0xea][0x14][0xd3][0xa7][0xe3][0xfd][0xb0][0x0][0xf1][\r][0xc4][0x95][0xba][0x96][0xa0][0x6][0xa7][0xb3][0xd5][0xf7][0xbf]gaxu[0xbb][0xda][0x8];[\r]\[0x11]h[0x12]=Q[0x9c][0x92][0xe0][0x8c][0xa4][0xd9][0xa8]d[0xa4][0xa8][0x19][0x12][0xaf]Xy[0x91][0xa4][0xb8]x[\r]xQ[0x92]:[0xde]"Ux[0xb]6V[0x82]|qv[0x1e][0xd6]q[0x9]U[0x4][0x1c]EYI[0xf9][0xaa]L[0xb7]pK[0x18][0x8]>[0x86][0xf8][0xd4][0xcb][0xd3][0x8f]W)E[0x6]O@[0xfa][0xd0]@[0xae][0xe3]"[0xe4][0xba].[0xaa][0xf9][0xc7][0xc1][0x8a][0xf][0xef][0x8d][0xe8][0xa9]-`Z[0xf6][0xd8][0xa8][0xa9]]\[0x9a][0x9d][0xd5][0xf5]D[0xa3][0x82][0xf0]b[0x1e]~_[0xac][0xfe]|[0xf3][0xdd][0x8d][0xd6]M[0x82][0x89]\[0xd1]P([0x5])[0xa6][0xff]$[0xe2]=0[0xfa]1b[0xe0][0xe1][0xb1][0xe9]W[0x87]R#b[0x99]E[0xfa][0xb8][0xdd]eK[0xc2][0x1f][0xb3][0xb8]Y[0xa7][0xa3][u[0xfc][0xf9][0x1d]?[0xac]:[0x10]i[0xa1][0x98]J[0xa8][0xbb][0xcf]{l[0xb8]3[0xc]d[0x9a]b[0x6][0xef]#-[0xfa]1[0xa9][0xcd][0xd0][0xd6][0x1b][0xe2][0xc][0xce][0xe6][0x90][0x88][0x17][0xc8][0xf9]b=[0x90]%[0xc3][0xdd][0xcc][0xf0][0x11]SJ[0xf6][0xc1]b[0xb5][0xde][0xcc]z[0xc5][0xda][0xd8][0x80][0xd6][0x10][0xf6][0xf3]f~i[0x9b][0x91][0xfb][0x1b][0xb7]y[0x16]^[0xfc][0xef][l![0xf4];[0xef][0xe4][0xaf]j[0xf1]OC[0xed][0xeb]~[0xe2][0xe1]2N[0xb8]xu[0x14])[0xe6][0xf0][0xeb]A>[0x99]&[0x9f]2M[0xbc][0xa8]:b[0xc2][0x81][0x85][0xbc]?[0x8b]Z[0x13][\r][0x1e][0xfe][0xf7][0xc2][0xd4][0x11][0xf1]-1+`[0x81][0xcc][0x89]k[0x98]S[0xcb][0xea][0xf0]*[0xbc][0xa2][0xa5][0xf0][0x93]f[0x97][0x90]x[0xb8][0x82][0x8d]:[0x15][0x8e][0xa8][0xdd][0xe4][0xf7]E:[0x81][0x1a][0xe8]7[0xa5][0x82][0xfb]G#[0x0][0x7][0xce]d[0xba]<[0xb0][0xcd][0x8b]"[0x8c]I[0xb0][0xbe][0xb][0xc1][0x94][0xaf]7C[0x1][0x3]%X[0x97]Q[0x4]G[0xaf][\n]"
2020-07-24 14:25:42 DEBUG -  << "[0x17][0xe3][0xea][0xcc]'[0x93][0x96]w[0xf3][0x8f]%u[0xf][0xd6][0x9d]Sx}[0xea][0xd6][0xfb][0xbf][0xf7][0x82][0xff][0x0]<[0x4][0x9][0x8b])[0xe][0x0][0x0]"
2020-07-24 14:25:42 DEBUG -  << "[\r][\n]"
2020-07-24 14:25:42 DEBUG -  << "0[\r][\n]"
2020-07-24 14:25:42 DEBUG -  << "[\r][\n]"
2020-07-24 14:25:42 DEBUG - Parsed data to instance of: class org.apache.http.conn.EofSensorInputStream
2020-07-24 14:25:42 DEBUG - Releasing connection org.apache.http.impl.conn.ManagedClientConnectionImpl@40ef0af8
2020-07-24 14:25:42 DEBUG - Connection can be kept alive indefinitely
2020-07-24 14:25:42 INFO  - [class com.epp.api.soaphit.GetSoapResponse] : Got the response
2020-07-24 14:25:42 INFO  - [class com.epp.api.utils.APIGenerics] : Getting timestamp in yyyyMMdd_HHmmss this formats 
2020-07-24 14:25:42 INFO  - [class com.epp.api.utils.APIGenerics] : writting the xml file into XML format
2020-07-24 14:25:42 INFO  - [class com.epp.api.utils.APIGenerics] : Creating the xlsx sheet
2020-07-24 14:25:43 INFO  - [class com.epp.api.utils.APIGenerics] : All the services data is set to Excelsheet
2020-07-24 14:25:43 INFO  - [class com.epp.api.utils.APIGenerics] : Reading the file and returing the document instance
2020-07-24 14:25:43 INFO  - [class com.epp.api.utils.APIGenerics] : Getting the parsed data from response:  {fundingProfileId=35396289}
2020-07-24 14:25:43 INFO  - [class com.epp.config.PropertiesCache] : New Properties Cache Log file is created: PropertyCache.properties
2020-07-24 14:25:43 INFO  - [class com.epp.config.PropertiesCache] : New Properties Cache Log file is created: PropertyCache.properties
2020-07-24 14:25:43 INFO  - [class com.epp.config.PropertiesCache] : New Properties Cache Log file is created: PropertyCache.properties
2020-07-24 14:25:43 INFO  - [class com.epp.api.utils.APIGenerics] : Random alphabet generate: jMGx
2020-07-24 14:25:43 INFO  - [class com.epp.api.utils.APIGenerics] : Random number generate: 15616
2020-07-24 14:25:43 INFO  - [class com.epp.api.utils.APIGenerics] : Random email id generate: jMGx15616@yahoo.com
2020-07-24 14:25:43 INFO  - [class com.epp.config.PropertiesCache] : New Properties Cache Log file is created: PropertyCache.properties
2020-07-24 14:25:43 INFO  - [class com.epp.api.utils.APIGenerics] : Random number generate: 7652210
2020-07-24 14:25:43 INFO  - [class com.epp.api.utils.APIGenerics] : Random phone generate: 2017652210
2020-07-24 14:25:43 INFO  - [class com.epp.config.PropertiesCache] : New Properties Cache Log file is created: PropertyCache.properties
2020-07-24 14:26:16 INFO  - [class com.epp.libraries.GenericLib] : userIDOne: JJjKNQ
2020-07-24 14:26:16 INFO  - [class com.epp.libraries.GenericLib] : consumerIDOne: 27912833
2020-07-24 14:26:16 INFO  - [class com.epp.libraries.GenericLib] : emailIDOne: ebyq18000@yahoo.com
2020-07-24 14:26:16 INFO  - [class com.epp.libraries.GenericLib] : mobileNumberOne: 2019078956
2020-07-24 14:26:16 INFO  - [class com.epp.libraries.GenericLib] : fundingProfileIDOne: 35396289
2020-07-24 14:26:16 INFO  - [class com.epp.libraries.GenericLib] : URL launchedhttps://epayments-epayui-fnc-1.money-movement.com/TestPeoplePay50202X/DebugAccess?userName=JJjKNQ&productCode=Zelle&destination=Home
2020-07-24 14:26:16 INFO  - [class com.zelle.stepdefinition.UniversalSteps] : UniversalStep: User is on page LandingPage
2020-07-24 14:26:16 INFO  - [class com.zelle.stepdefinition.UniversalSteps] : UniversalStep: User clicks on element btnGetStarted
2020-07-24 14:26:17 INFO  - [class com.epp.webelement.Button] : Button: Clicked Button with id --- ContinueButton
2020-07-24 14:26:17 INFO  - [class com.zelle.stepdefinition.UniversalSteps] : UniversalStep: Validate that user is on page SendMoneyWithZellePage
2020-07-24 14:26:23 INFO  - [class com.zelle.stepdefinition.UniversalSteps] : UniversalStep: Validate that user is on page SendMoneyWithZellePage
2020-07-24 14:26:23 INFO  - [class com.zelle.stepdefinition.UniversalSteps] : UniversalStep: Changed the current page to SendMoneyWithZellePage
2020-07-24 14:26:23 INFO  - [class com.zelle.stepdefinition.UniversalSteps] : UniversalStep: User clicks on element btnContinue
2020-07-24 14:26:23 INFO  - [class com.epp.webelement.Button] : Button: Clicked Button with id --- AllDoneButton
2020-07-24 14:26:23 INFO  - [class com.zelle.stepdefinition.UniversalSteps] : UniversalStep: User types 444444 in textbox edtVerificationCode.
2020-07-24 14:26:29 INFO  - [class com.epp.webelement.TextBox] : TextBox: Typed 444444 on element with xpath --- //input[@id='verificationCode']
2020-07-24 14:26:29 INFO  - [class com.zelle.stepdefinition.UniversalSteps] : UniversalStep: User clicks on element btnVerify
2020-07-24 14:26:29 INFO  - [class com.epp.webelement.Button] : Button: Clicked Button with xpath --- //button[@class='button primary verifyButton ui-btn ui-shadow ui-corner-all']
2020-07-24 14:26:29 INFO  - [class com.zelle.stepdefinition.UniversalSteps] : UniversalStep: User clicks on element btnSendOrRequestMoney
2020-07-24 14:26:34 INFO  - [class com.epp.webelement.Button] : Button: Clicked Button with id --- YesCancel
2020-07-24 14:26:34 INFO  - [class com.zelle.stepdefinition.UniversalSteps] : UniversalStep: Validate that user is on page SelectRecipientPage
2020-07-24 14:26:37 INFO  - [class com.zelle.stepdefinition.UniversalSteps] : UniversalStep: Validate that user is on page SelectRecipientPage
2020-07-24 14:26:37 INFO  - [class com.zelle.stepdefinition.UniversalSteps] : UniversalStep: Changed the current page to SelectRecipientPage
2020-07-24 14:26:37 INFO  - [class com.zelle.stepdefinition.UniversalSteps] : UniversalStep: User types random data starting with AUTO DEV5821.0 in textbox edtSearchfield.
2020-07-24 14:26:37 INFO  - [class com.epp.webelement.TextBox] : TextBox: Typed AUTO DEV5821.0 on element with id --- autocomplete-input
2020-07-24 14:26:37 INFO  - [class com.zelle.stepdefinition.UniversalSteps] : UniversalStep: User clicks on element btnContinue
2020-07-24 14:26:38 INFO  - [class com.epp.webelement.Button] : Button: Clicked Button with xpath --- //button[@id='addNewContact']
2020-07-24 14:26:38 INFO  - [class com.zelle.stepdefinition.UniversalSteps] : UniversalStep: Validate that user is on page AddContactInfoPage
2020-07-24 14:26:38 INFO  - [class com.zelle.stepdefinition.UniversalSteps] : UniversalStep: Validate that user is on page AddContactInfoPage
2020-07-24 14:26:38 INFO  - [class com.zelle.stepdefinition.UniversalSteps] : UniversalStep: Changed the current page to AddContactInfoPage
2020-07-24 14:26:38 INFO  - [class com.zelle.stepdefinition.UniversalSteps] : UniversalStep: User types EnvemailIDContact1 in textbox edtEmailField.
2020-07-24 14:26:38 INFO  - [class com.epp.webelement.TextBox] : TextBox: Typed jMGx15616@yahoo.com on element with xpath --- //input[@name='EmailMobile']
2020-07-24 14:26:38 INFO  - [class com.zelle.stepdefinition.UniversalSteps] : UniversalStep: User clicks on element btnDone
2020-07-24 14:26:39 INFO  - [class com.epp.webelement.Button] : Button: Clicked Button with id --- ContinueButton
2020-07-24 14:26:39 INFO  - [class com.zelle.stepdefinition.UniversalSteps] : UniversalStep: User clicks on element btnNext
2020-07-24 14:26:39 INFO  - [class com.epp.webelement.Button] : Button: Clicked Button with xpath --- //div[@id='ReminderConfirmationModal']//a[text()='Next']
2020-07-24 14:26:39 INFO  - [class com.zelle.stepdefinition.UniversalSteps] : UniversalStep: User waited for 10 seconds 
2020-07-24 14:26:49 INFO  - [class com.zelle.stepdefinition.UniversalSteps] : UniversalStep: Validate that user is on page EnterAmountPage
2020-07-24 14:26:51 INFO  - [class com.zelle.stepdefinition.UniversalSteps] : UniversalStep: Validate that user is on page EnterAmountPage
2020-07-24 14:26:51 INFO  - [class com.zelle.stepdefinition.UniversalSteps] : UniversalStep: Changed the current page to EnterAmountPage
2020-07-24 14:26:51 INFO  - [class com.zelle.stepdefinition.UniversalSteps] : UniversalStep: User types 0.01 in textbox edtAmount.
2020-07-24 14:26:51 INFO  - [class com.epp.webelement.TextBox] : TextBox: Typed 0.01 on element with id --- amountText
2020-07-24 14:26:51 INFO  - [class com.zelle.stepdefinition.UniversalSteps] : UniversalStep: User clicks on element btnReview
2020-07-24 14:26:51 INFO  - [class com.epp.webelement.Button] : Button: Clicked Button with id --- ReviewButton
2020-07-24 14:26:51 INFO  - [class com.zelle.stepdefinition.UniversalSteps] : UniversalStep: Validate that user is on page ReviewAndSendPage
2020-07-24 14:26:52 INFO  - [class com.zelle.stepdefinition.UniversalSteps] : UniversalStep: Validate that user is on page ReviewAndSendPage
2020-07-24 14:26:52 INFO  - [class com.zelle.stepdefinition.UniversalSteps] : UniversalStep: Changed the current page to ReviewAndSendPage
2020-07-24 14:26:52 INFO  - [class com.zelle.stepdefinition.UniversalSteps] : UniversalStep: User clicks on element btnSend
2020-07-24 14:26:52 INFO  - [class com.epp.webelement.Button] : Button: Clicked Button with id --- ConfirmPaymentButton
2020-07-24 14:26:52 INFO  - [class com.zelle.stepdefinition.UniversalSteps] : UniversalStep: User waited for 20 seconds 
2020-07-24 14:27:12 INFO  - [class com.zelle.stepdefinition.UniversalSteps] : UniversalStep: Validate that user is on page PaymentSentPage
2020-07-24 14:27:13 INFO  - [class com.zelle.stepdefinition.UniversalSteps] : UniversalStep: Validate that user is on page PaymentSentPage
2020-07-24 14:27:13 INFO  - [class com.zelle.stepdefinition.UniversalSteps] : UniversalStep: Changed the current page to PaymentSentPage
2020-07-24 14:27:13 INFO  - [class com.zelle.stepdefinition.UniversalSteps] : UniversalStep: User clicks on element btnAllDone
2020-07-24 14:27:13 INFO  - [class com.epp.webelement.Button] : Button: Clicked Button with id --- PaymentSentButton
2020-07-24 14:27:13 INFO  - [class com.zelle.stepdefinition.UniversalSteps] : UniversalStep: User waited for 10 seconds 
2020-07-24 14:27:23 INFO  - [class com.zelle.stepdefinition.UniversalSteps] : UniversalStep: Validate that user is on page SelectRecipientPage
2020-07-24 14:27:23 INFO  - [class com.zelle.stepdefinition.UniversalSteps] : UniversalStep: Validate that user is on page SelectRecipientPage
2020-07-24 14:27:23 INFO  - [class com.zelle.stepdefinition.UniversalSteps] : UniversalStep: Changed the current page to SelectRecipientPage
2020-07-24 14:27:23 INFO  - [class com.zelle.stepdefinition.UniversalSteps] : UniversalStep: User clicks on element lblContactdetail
2020-07-24 14:27:23 INFO  - [class com.epp.webelement.Label] : Label: Clicked label with xpath --- //ul[@class='payeeList']/child::li[@class='payee']
2020-07-24 14:27:23 INFO  - [class com.zelle.stepdefinition.UniversalSteps] : UniversalStep: Validate that user is on page EnterAmountPage
2020-07-24 14:27:25 INFO  - [class com.zelle.stepdefinition.UniversalSteps] : UniversalStep: Validate that user is on page EnterAmountPage
2020-07-24 14:27:25 INFO  - [class com.zelle.stepdefinition.UniversalSteps] : UniversalStep: Changed the current page to EnterAmountPage
2020-07-24 14:27:25 INFO  - [class com.zelle.stepdefinition.UniversalSteps] : UniversalStep: User types 0.01 in textbox edtAmount.
2020-07-24 14:27:26 INFO  - [class com.epp.webelement.TextBox] : TextBox: Typed 0.01 on element with id --- amountText
2020-07-24 14:27:26 INFO  - [class com.zelle.stepdefinition.UniversalSteps] : UniversalStep: User clicks on element btnReview
2020-07-24 14:27:26 INFO  - [class com.epp.webelement.Button] : Button: Clicked Button with id --- ReviewButton
2020-07-24 14:27:26 INFO  - [class com.zelle.stepdefinition.UniversalSteps] : UniversalStep: Validate that user is on page ReviewAndSendPage
2020-07-24 14:27:27 INFO  - [class com.zelle.stepdefinition.UniversalSteps] : UniversalStep: Validate that user is on page ReviewAndSendPage
2020-07-24 14:27:27 INFO  - [class com.zelle.stepdefinition.UniversalSteps] : UniversalStep: Changed the current page to ReviewAndSendPage
2020-07-24 14:27:27 INFO  - [class com.zelle.stepdefinition.UniversalSteps] : UniversalStep: User clicks on element btnSend
2020-07-24 14:27:27 INFO  - [class com.epp.webelement.Button] : Button: Clicked Button with id --- ConfirmPaymentButton
2020-07-24 14:27:27 INFO  - [class com.zelle.stepdefinition.UniversalSteps] : UniversalStep: User waited for 20 seconds 
2020-07-24 14:27:47 INFO  - [class com.epp.webelement.BaseElement] : Inner text matched. 
	You sent $0.01 to AUTO DEV5821.0 earlier today.
	You sent
2020-07-24 14:27:47 INFO  - [class com.epp.webelement.BaseElement] : Inner text matched. 
	You sent $0.01 to AUTO DEV5821.0 earlier today.
	$0.01
2020-07-24 14:27:47 INFO  - [class com.epp.webelement.BaseElement] : Inner text matched. 
	You sent $0.01 to AUTO DEV5821.0 earlier today.
	earlier today.
2020-07-24 14:27:47 ERROR - [class com.zelle.stepdefinition.UniversalSteps] : UniversalStep: Failed , java.lang.reflect.InvocationTargetException
	at sun.reflect.NativeMethodAccessorImpl.invoke0(Native Method)
	at sun.reflect.NativeMethodAccessorImpl.invoke(Unknown Source)
	at sun.reflect.DelegatingMethodAccessorImpl.invoke(Unknown Source)
	at java.lang.reflect.Method.invoke(Unknown Source)
	at com.zelle.stepdefinition.UniversalSteps.invokeElementMethod(UniversalSteps.java:119)
	at com.zelle.stepdefinition.UniversalSteps.validate_that_has_inner_text(UniversalSteps.java:411)
	at sun.reflect.NativeMethodAccessorImpl.invoke0(Native Method)
	at sun.reflect.NativeMethodAccessorImpl.invoke(Unknown Source)
	at sun.reflect.DelegatingMethodAccessorImpl.invoke(Unknown Source)
	at java.lang.reflect.Method.invoke(Unknown Source)
	at cucumber.runtime.Utils$1.call(Utils.java:37)
	at cucumber.runtime.Timeout.timeout(Timeout.java:13)
	at cucumber.runtime.Utils.invoke(Utils.java:31)
	at cucumber.runtime.java.JavaStepDefinition.execute(JavaStepDefinition.java:41)
	at cucumber.runtime.StepDefinitionMatch.runStep(StepDefinitionMatch.java:37)
	at cucumber.runtime.Runtime.runStep(Runtime.java:314)
	at cucumber.runtime.model.StepContainer.runStep(StepContainer.java:44)
	at cucumber.runtime.model.StepContainer.runSteps(StepContainer.java:39)
	at cucumber.runtime.model.CucumberScenario.run(CucumberScenario.java:44)
	at cucumber.runtime.model.CucumberFeature.run(CucumberFeature.java:165)
	at cucumber.api.testng.TestNGCucumberRunner.runCucumber(TestNGCucumberRunner.java:63)
	at cucumber.api.testng.AbstractTestNGCucumberTests.feature(AbstractTestNGCucumberTests.java:21)
	at sun.reflect.NativeMethodAccessorImpl.invoke0(Native Method)
	at sun.reflect.NativeMethodAccessorImpl.invoke(Unknown Source)
	at sun.reflect.DelegatingMethodAccessorImpl.invoke(Unknown Source)
	at java.lang.reflect.Method.invoke(Unknown Source)
	at org.testng.internal.MethodInvocationHelper.invokeMethod(MethodInvocationHelper.java:85)
	at org.testng.internal.Invoker.invokeMethod(Invoker.java:639)
	at org.testng.internal.Invoker.invokeTestMethod(Invoker.java:816)
	at org.testng.internal.Invoker.invokeTestMethods(Invoker.java:1124)
	at org.testng.internal.TestMethodWorker.invokeTestMethods(TestMethodWorker.java:125)
	at org.testng.internal.TestMethodWorker.run(TestMethodWorker.java:108)
	at org.testng.TestRunner.privateRun(TestRunner.java:774)
	at org.testng.TestRunner.run(TestRunner.java:624)
	at org.testng.SuiteRunner.runTest(SuiteRunner.java:359)
	at org.testng.SuiteRunner.runSequentially(SuiteRunner.java:354)
	at org.testng.SuiteRunner.privateRun(SuiteRunner.java:312)
	at org.testng.SuiteRunner.run(SuiteRunner.java:261)
	at org.testng.SuiteRunnerWorker.runSuite(SuiteRunnerWorker.java:52)
	at org.testng.SuiteRunnerWorker.run(SuiteRunnerWorker.java:86)
	at org.testng.TestNG.runSuitesSequentially(TestNG.java:1215)
	at org.testng.TestNG.runSuitesLocally(TestNG.java:1140)
	at org.testng.TestNG.run(TestNG.java:1048)
	at org.testng.remote.AbstractRemoteTestNG.run(AbstractRemoteTestNG.java:115)
	at org.testng.remote.RemoteTestNG.initAndRun(RemoteTestNG.java:251)
	at org.testng.remote.RemoteTestNG.main(RemoteTestNG.java:77)
Caused by: org.openqa.selenium.InvalidSelectorException: invalid selector: Unable to locate an element with the xpath expression //div[@class='instructionMessage']/p[contains(text),'To continue anyway'] because of the following error:
SyntaxError: Failed to execute 'evaluate' on 'Document': The string '//div[@class='instructionMessage']/p[contains(text),'To continue anyway']' is not a valid XPath expression.
  (Session info: chrome=84.0.4147.89)
For documentation on this error, please visit: http://seleniumhq.org/exceptions/invalid_selector_exception.html
Build info: version: '3.141.5', revision: 'd54ebd709a', time: '2018-11-06T11:42:16'
System info: host: 'IXC1-LT3WBDWT2', ip: '100.77.5.242', os.name: 'Windows 10', os.arch: 'amd64', os.version: '10.0', java.version: '1.8.0_162'
Driver info: org.openqa.selenium.chrome.ChromeDriver
Capabilities {acceptInsecureCerts: false, browserName: chrome, browserVersion: 84.0.4147.89, chrome: {chromedriverVersion: 83.0.4103.39 (ccbf011cb2d2b..., userDataDir: C:\Users\e3019085\AppData\L...}, goog:chromeOptions: {debuggerAddress: localhost:54429}, javascriptEnabled: true, networkConnectionEnabled: false, pageLoadStrategy: normal, platform: WINDOWS, platformName: WINDOWS, proxy: Proxy(), setWindowRect: true, strictFileInteractability: false, timeouts: {implicit: 0, pageLoad: 300000, script: 30000}, unhandledPromptBehavior: dismiss and notify, webauthn:virtualAuthenticators: true}
Session ID: a86b9e2344966975417786cd64c915a2
*** Element info: {Using=xpath, value=//div[@class='instructionMessage']/p[contains(text),'To continue anyway']}
	at sun.reflect.NativeConstructorAccessorImpl.newInstance0(Native Method)
	at sun.reflect.NativeConstructorAccessorImpl.newInstance(Unknown Source)
	at sun.reflect.DelegatingConstructorAccessorImpl.newInstance(Unknown Source)
	at java.lang.reflect.Constructor.newInstance(Unknown Source)
	at org.openqa.selenium.remote.http.W3CHttpResponseCodec.createException(W3CHttpResponseCodec.java:187)
	at org.openqa.selenium.remote.http.W3CHttpResponseCodec.decode(W3CHttpResponseCodec.java:122)
	at org.openqa.selenium.remote.http.W3CHttpResponseCodec.decode(W3CHttpResponseCodec.java:49)
	at org.openqa.selenium.remote.HttpCommandExecutor.execute(HttpCommandExecutor.java:158)
	at org.openqa.selenium.remote.service.DriverCommandExecutor.execute(DriverCommandExecutor.java:83)
	at org.openqa.selenium.remote.RemoteWebDriver.execute(RemoteWebDriver.java:552)
	at org.openqa.selenium.remote.RemoteWebDriver.findElement(RemoteWebDriver.java:323)
	at org.openqa.selenium.remote.RemoteWebDriver.findElementByXPath(RemoteWebDriver.java:428)
	at org.openqa.selenium.By$ByXPath.findElement(By.java:353)
	at org.openqa.selenium.remote.RemoteWebDriver.findElement(RemoteWebDriver.java:315)
	at com.epp.webelement.BaseElement.get(BaseElement.java:46)
	at com.epp.webelement.BaseElement.validateInnerText(BaseElement.java:66)
	... 46 more
...
2020-07-24 14:27:47 ERROR - [class com.zelle.stepdefinition.UniversalSteps] : UniversalStep: Failed , java.lang.reflect.InvocationTargetException
	at sun.reflect.NativeMethodAccessorImpl.invoke0(Native Method)
	at sun.reflect.NativeMethodAccessorImpl.invoke(Unknown Source)
	at sun.reflect.DelegatingMethodAccessorImpl.invoke(Unknown Source)
	at java.lang.reflect.Method.invoke(Unknown Source)
	at com.zelle.stepdefinition.UniversalSteps.invokeElementMethod(UniversalSteps.java:119)
	at com.zelle.stepdefinition.UniversalSteps.validate_that_has_inner_text(UniversalSteps.java:411)
	at sun.reflect.NativeMethodAccessorImpl.invoke0(Native Method)
	at sun.reflect.NativeMethodAccessorImpl.invoke(Unknown Source)
	at sun.reflect.DelegatingMethodAccessorImpl.invoke(Unknown Source)
	at java.lang.reflect.Method.invoke(Unknown Source)
	at cucumber.runtime.Utils$1.call(Utils.java:37)
	at cucumber.runtime.Timeout.timeout(Timeout.java:13)
	at cucumber.runtime.Utils.invoke(Utils.java:31)
	at cucumber.runtime.java.JavaStepDefinition.execute(JavaStepDefinition.java:41)
	at cucumber.runtime.StepDefinitionMatch.runStep(StepDefinitionMatch.java:37)
	at cucumber.runtime.Runtime.runStep(Runtime.java:314)
	at cucumber.runtime.model.StepContainer.runStep(StepContainer.java:44)
	at cucumber.runtime.model.StepContainer.runSteps(StepContainer.java:39)
	at cucumber.runtime.model.CucumberScenario.run(CucumberScenario.java:44)
	at cucumber.runtime.model.CucumberFeature.run(CucumberFeature.java:165)
	at cucumber.api.testng.TestNGCucumberRunner.runCucumber(TestNGCucumberRunner.java:63)
	at cucumber.api.testng.AbstractTestNGCucumberTests.feature(AbstractTestNGCucumberTests.java:21)
	at sun.reflect.NativeMethodAccessorImpl.invoke0(Native Method)
	at sun.reflect.NativeMethodAccessorImpl.invoke(Unknown Source)
	at sun.reflect.DelegatingMethodAccessorImpl.invoke(Unknown Source)
	at java.lang.reflect.Method.invoke(Unknown Source)
	at org.testng.internal.MethodInvocationHelper.invokeMethod(MethodInvocationHelper.java:85)
	at org.testng.internal.Invoker.invokeMethod(Invoker.java:639)
	at org.testng.internal.Invoker.invokeTestMethod(Invoker.java:816)
	at org.testng.internal.Invoker.invokeTestMethods(Invoker.java:1124)
	at org.testng.internal.TestMethodWorker.invokeTestMethods(TestMethodWorker.java:125)
	at org.testng.internal.TestMethodWorker.run(TestMethodWorker.java:108)
	at org.testng.TestRunner.privateRun(TestRunner.java:774)
	at org.testng.TestRunner.run(TestRunner.java:624)
	at org.testng.SuiteRunner.runTest(SuiteRunner.java:359)
	at org.testng.SuiteRunner.runSequentially(SuiteRunner.java:354)
	at org.testng.SuiteRunner.privateRun(SuiteRunner.java:312)
	at org.testng.SuiteRunner.run(SuiteRunner.java:261)
	at org.testng.SuiteRunnerWorker.runSuite(SuiteRunnerWorker.java:52)
	at org.testng.SuiteRunnerWorker.run(SuiteRunnerWorker.java:86)
	at org.testng.TestNG.runSuitesSequentially(TestNG.java:1215)
	at org.testng.TestNG.runSuitesLocally(TestNG.java:1140)
	at org.testng.TestNG.run(TestNG.java:1048)
	at org.testng.remote.AbstractRemoteTestNG.run(AbstractRemoteTestNG.java:115)
	at org.testng.remote.RemoteTestNG.initAndRun(RemoteTestNG.java:251)
	at org.testng.remote.RemoteTestNG.main(RemoteTestNG.java:77)
Caused by: org.openqa.selenium.InvalidSelectorException: invalid selector: Unable to locate an element with the xpath expression //div[@class='instructionMessage']/p[contains(text),'To continue anyway'] because of the following error:
SyntaxError: Failed to execute 'evaluate' on 'Document': The string '//div[@class='instructionMessage']/p[contains(text),'To continue anyway']' is not a valid XPath expression.
  (Session info: chrome=84.0.4147.89)
For documentation on this error, please visit: http://seleniumhq.org/exceptions/invalid_selector_exception.html
Build info: version: '3.141.5', revision: 'd54ebd709a', time: '2018-11-06T11:42:16'
System info: host: 'IXC1-LT3WBDWT2', ip: '100.77.5.242', os.name: 'Windows 10', os.arch: 'amd64', os.version: '10.0', java.version: '1.8.0_162'
Driver info: org.openqa.selenium.chrome.ChromeDriver
Capabilities {acceptInsecureCerts: false, browserName: chrome, browserVersion: 84.0.4147.89, chrome: {chromedriverVersion: 83.0.4103.39 (ccbf011cb2d2b..., userDataDir: C:\Users\e3019085\AppData\L...}, goog:chromeOptions: {debuggerAddress: localhost:54429}, javascriptEnabled: true, networkConnectionEnabled: false, pageLoadStrategy: normal, platform: WINDOWS, platformName: WINDOWS, proxy: Proxy(), setWindowRect: true, strictFileInteractability: false, timeouts: {implicit: 0, pageLoad: 300000, script: 30000}, unhandledPromptBehavior: dismiss and notify, webauthn:virtualAuthenticators: true}
Session ID: a86b9e2344966975417786cd64c915a2
*** Element info: {Using=xpath, value=//div[@class='instructionMessage']/p[contains(text),'To continue anyway']}
	at sun.reflect.NativeConstructorAccessorImpl.newInstance0(Native Method)
	at sun.reflect.NativeConstructorAccessorImpl.newInstance(Unknown Source)
	at sun.reflect.DelegatingConstructorAccessorImpl.newInstance(Unknown Source)
	at java.lang.reflect.Constructor.newInstance(Unknown Source)
	at org.openqa.selenium.remote.http.W3CHttpResponseCodec.createException(W3CHttpResponseCodec.java:187)
	at org.openqa.selenium.remote.http.W3CHttpResponseCodec.decode(W3CHttpResponseCodec.java:122)
	at org.openqa.selenium.remote.http.W3CHttpResponseCodec.decode(W3CHttpResponseCodec.java:49)
	at org.openqa.selenium.remote.HttpCommandExecutor.execute(HttpCommandExecutor.java:158)
	at org.openqa.selenium.remote.service.DriverCommandExecutor.execute(DriverCommandExecutor.java:83)
	at org.openqa.selenium.remote.RemoteWebDriver.execute(RemoteWebDriver.java:552)
	at org.openqa.selenium.remote.RemoteWebDriver.findElement(RemoteWebDriver.java:323)
	at org.openqa.selenium.remote.RemoteWebDriver.findElementByXPath(RemoteWebDriver.java:428)
	at org.openqa.selenium.By$ByXPath.findElement(By.java:353)
	at org.openqa.selenium.remote.RemoteWebDriver.findElement(RemoteWebDriver.java:315)
	at com.epp.webelement.BaseElement.get(BaseElement.java:46)
	at com.epp.webelement.BaseElement.validateInnerText(BaseElement.java:66)
	... 46 more
java.lang.reflect.InvocationTargetException
	at sun.reflect.NativeMethodAccessorImpl.invoke0(Native Method)
	at sun.reflect.NativeMethodAccessorImpl.invoke(Unknown Source)
	at sun.reflect.DelegatingMethodAccessorImpl.invoke(Unknown Source)
	at java.lang.reflect.Method.invoke(Unknown Source)
	at com.zelle.stepdefinition.UniversalSteps.invokeElementMethod(UniversalSteps.java:119)
	at com.zelle.stepdefinition.UniversalSteps.validate_that_has_inner_text(UniversalSteps.java:411)
	at sun.reflect.NativeMethodAccessorImpl.invoke0(Native Method)
	at sun.reflect.NativeMethodAccessorImpl.invoke(Unknown Source)
	at sun.reflect.DelegatingMethodAccessorImpl.invoke(Unknown Source)
	at java.lang.reflect.Method.invoke(Unknown Source)
	at cucumber.runtime.Utils$1.call(Utils.java:37)
	at cucumber.runtime.Timeout.timeout(Timeout.java:13)
	at cucumber.runtime.Utils.invoke(Utils.java:31)
	at cucumber.runtime.java.JavaStepDefinition.execute(JavaStepDefinition.java:41)
	at cucumber.runtime.StepDefinitionMatch.runStep(StepDefinitionMatch.java:37)
	at cucumber.runtime.Runtime.runStep(Runtime.java:314)
	at cucumber.runtime.model.StepContainer.runStep(StepContainer.java:44)
	at cucumber.runtime.model.StepContainer.runSteps(StepContainer.java:39)
	at cucumber.runtime.model.CucumberScenario.run(CucumberScenario.java:44)
	at cucumber.runtime.model.CucumberFeature.run(CucumberFeature.java:165)
	at cucumber.api.testng.TestNGCucumberRunner.runCucumber(TestNGCucumberRunner.java:63)
	at cucumber.api.testng.AbstractTestNGCucumberTests.feature(AbstractTestNGCucumberTests.java:21)
	at sun.reflect.NativeMethodAccessorImpl.invoke0(Native Method)
	at sun.reflect.NativeMethodAccessorImpl.invoke(Unknown Source)
	at sun.reflect.DelegatingMethodAccessorImpl.invoke(Unknown Source)
	at java.lang.reflect.Method.invoke(Unknown Source)
	at org.testng.internal.MethodInvocationHelper.invokeMethod(MethodInvocationHelper.java:85)
	at org.testng.internal.Invoker.invokeMethod(Invoker.java:639)
	at org.testng.internal.Invoker.invokeTestMethod(Invoker.java:816)
	at org.testng.internal.Invoker.invokeTestMethods(Invoker.java:1124)
	at org.testng.internal.TestMethodWorker.invokeTestMethods(TestMethodWorker.java:125)
	at org.testng.internal.TestMethodWorker.run(TestMethodWorker.java:108)
	at org.testng.TestRunner.privateRun(TestRunner.java:774)
	at org.testng.TestRunner.run(TestRunner.java:624)
	at org.testng.SuiteRunner.runTest(SuiteRunner.java:359)
	at org.testng.SuiteRunner.runSequentially(SuiteRunner.java:354)
	at org.testng.SuiteRunner.privateRun(SuiteRunner.java:312)
	at org.testng.SuiteRunner.run(SuiteRunner.java:261)
	at org.testng.SuiteRunnerWorker.runSuite(SuiteRunnerWorker.java:52)
	at org.testng.SuiteRunnerWorker.run(SuiteRunnerWorker.java:86)
	at org.testng.TestNG.runSuitesSequentially(TestNG.java:1215)
	at org.testng.TestNG.runSuitesLocally(TestNG.java:1140)
	at org.testng.TestNG.run(TestNG.java:1048)
	at org.testng.remote.AbstractRemoteTestNG.run(AbstractRemoteTestNG.java:115)
	at org.testng.remote.RemoteTestNG.initAndRun(RemoteTestNG.java:251)
	at org.testng.remote.RemoteTestNG.main(RemoteTestNG.java:77)
Caused by: org.openqa.selenium.InvalidSelectorException: invalid selector: Unable to locate an element with the xpath expression //div[@class='instructionMessage']/p[contains(text),'To continue anyway'] because of the following error:
SyntaxError: Failed to execute 'evaluate' on 'Document': The string '//div[@class='instructionMessage']/p[contains(text),'To continue anyway']' is not a valid XPath expression.
  (Session info: chrome=84.0.4147.89)
For documentation on this error, please visit: http://seleniumhq.org/exceptions/invalid_selector_exception.html
Build info: version: '3.141.5', revision: 'd54ebd709a', time: '2018-11-06T11:42:16'
System info: host: 'IXC1-LT3WBDWT2', ip: '100.77.5.242', os.name: 'Windows 10', os.arch: 'amd64', os.version: '10.0', java.version: '1.8.0_162'
Driver info: org.openqa.selenium.chrome.ChromeDriver
Capabilities {acceptInsecureCerts: false, browserName: chrome, browserVersion: 84.0.4147.89, chrome: {chromedriverVersion: 83.0.4103.39 (ccbf011cb2d2b..., userDataDir: C:\Users\e3019085\AppData\L...}, goog:chromeOptions: {debuggerAddress: localhost:54429}, javascriptEnabled: true, networkConnectionEnabled: false, pageLoadStrategy: normal, platform: WINDOWS, platformName: WINDOWS, proxy: Proxy(), setWindowRect: true, strictFileInteractability: false, timeouts: {implicit: 0, pageLoad: 300000, script: 30000}, unhandledPromptBehavior: dismiss and notify, webauthn:virtualAuthenticators: true}
Session ID: a86b9e2344966975417786cd64c915a2
*** Element info: {Using=xpath, value=//div[@class='instructionMessage']/p[contains(text),'To continue anyway']}
	at sun.reflect.NativeConstructorAccessorImpl.newInstance0(Native Method)
	at sun.reflect.NativeConstructorAccessorImpl.newInstance(Unknown Source)
	at sun.reflect.DelegatingConstructorAccessorImpl.newInstance(Unknown Source)
	at java.lang.reflect.Constructor.newInstance(Unknown Source)
	at org.openqa.selenium.remote.http.W3CHttpResponseCodec.createException(W3CHttpResponseCodec.java:187)
	at org.openqa.selenium.remote.http.W3CHttpResponseCodec.decode(W3CHttpResponseCodec.java:122)
	at org.openqa.selenium.remote.http.W3CHttpResponseCodec.decode(W3CHttpResponseCodec.java:49)
	at org.openqa.selenium.remote.HttpCommandExecutor.execute(HttpCommandExecutor.java:158)
	at org.openqa.selenium.remote.service.DriverCommandExecutor.execute(DriverCommandExecutor.java:83)
	at org.openqa.selenium.remote.RemoteWebDriver.execute(RemoteWebDriver.java:552)
	at org.openqa.selenium.remote.RemoteWebDriver.findElement(RemoteWebDriver.java:323)
	at org.openqa.selenium.remote.RemoteWebDriver.findElementByXPath(RemoteWebDriver.java:428)
	at org.openqa.selenium.By$ByXPath.findElement(By.java:353)
	at org.openqa.selenium.remote.RemoteWebDriver.findElement(RemoteWebDriver.java:315)
	at com.epp.webelement.BaseElement.get(BaseElement.java:46)
	at com.epp.webelement.BaseElement.validateInnerText(BaseElement.java:66)
	... 46 more
...
2020-07-24 14:27:47 ERROR - [class com.zelle.stepdefinition.UniversalSteps] : UniversalStep: Failed , java.lang.reflect.InvocationTargetException
	at sun.reflect.NativeMethodAccessorImpl.invoke0(Native Method)
	at sun.reflect.NativeMethodAccessorImpl.invoke(Unknown Source)
	at sun.reflect.DelegatingMethodAccessorImpl.invoke(Unknown Source)
	at java.lang.reflect.Method.invoke(Unknown Source)
	at com.zelle.stepdefinition.UniversalSteps.invokeElementMethod(UniversalSteps.java:119)
	at com.zelle.stepdefinition.UniversalSteps.validate_that_has_inner_text(UniversalSteps.java:411)
	at sun.reflect.NativeMethodAccessorImpl.invoke0(Native Method)
	at sun.reflect.NativeMethodAccessorImpl.invoke(Unknown Source)
	at sun.reflect.DelegatingMethodAccessorImpl.invoke(Unknown Source)
	at java.lang.reflect.Method.invoke(Unknown Source)
	at cucumber.runtime.Utils$1.call(Utils.java:37)
	at cucumber.runtime.Timeout.timeout(Timeout.java:13)
	at cucumber.runtime.Utils.invoke(Utils.java:31)
	at cucumber.runtime.java.JavaStepDefinition.execute(JavaStepDefinition.java:41)
	at cucumber.runtime.StepDefinitionMatch.runStep(StepDefinitionMatch.java:37)
	at cucumber.runtime.Runtime.runStep(Runtime.java:314)
	at cucumber.runtime.model.StepContainer.runStep(StepContainer.java:44)
	at cucumber.runtime.model.StepContainer.runSteps(StepContainer.java:39)
	at cucumber.runtime.model.CucumberScenario.run(CucumberScenario.java:44)
	at cucumber.runtime.model.CucumberFeature.run(CucumberFeature.java:165)
	at cucumber.api.testng.TestNGCucumberRunner.runCucumber(TestNGCucumberRunner.java:63)
	at cucumber.api.testng.AbstractTestNGCucumberTests.feature(AbstractTestNGCucumberTests.java:21)
	at sun.reflect.NativeMethodAccessorImpl.invoke0(Native Method)
	at sun.reflect.NativeMethodAccessorImpl.invoke(Unknown Source)
	at sun.reflect.DelegatingMethodAccessorImpl.invoke(Unknown Source)
	at java.lang.reflect.Method.invoke(Unknown Source)
	at org.testng.internal.MethodInvocationHelper.invokeMethod(MethodInvocationHelper.java:85)
	at org.testng.internal.Invoker.invokeMethod(Invoker.java:639)
	at org.testng.internal.Invoker.invokeTestMethod(Invoker.java:816)
	at org.testng.internal.Invoker.invokeTestMethods(Invoker.java:1124)
	at org.testng.internal.TestMethodWorker.invokeTestMethods(TestMethodWorker.java:125)
	at org.testng.internal.TestMethodWorker.run(TestMethodWorker.java:108)
	at org.testng.TestRunner.privateRun(TestRunner.java:774)
	at org.testng.TestRunner.run(TestRunner.java:624)
	at org.testng.SuiteRunner.runTest(SuiteRunner.java:359)
	at org.testng.SuiteRunner.runSequentially(SuiteRunner.java:354)
	at org.testng.SuiteRunner.privateRun(SuiteRunner.java:312)
	at org.testng.SuiteRunner.run(SuiteRunner.java:261)
	at org.testng.SuiteRunnerWorker.runSuite(SuiteRunnerWorker.java:52)
	at org.testng.SuiteRunnerWorker.run(SuiteRunnerWorker.java:86)
	at org.testng.TestNG.runSuitesSequentially(TestNG.java:1215)
	at org.testng.TestNG.runSuitesLocally(TestNG.java:1140)
	at org.testng.TestNG.run(TestNG.java:1048)
	at org.testng.remote.AbstractRemoteTestNG.run(AbstractRemoteTestNG.java:115)
	at org.testng.remote.RemoteTestNG.initAndRun(RemoteTestNG.java:251)
	at org.testng.remote.RemoteTestNG.main(RemoteTestNG.java:77)
Caused by: org.openqa.selenium.InvalidSelectorException: invalid selector: Unable to locate an element with the xpath expression //div[@class='instructionMessage']/p[contains(text),'To continue anyway'] because of the following error:
SyntaxError: Failed to execute 'evaluate' on 'Document': The string '//div[@class='instructionMessage']/p[contains(text),'To continue anyway']' is not a valid XPath expression.
  (Session info: chrome=84.0.4147.89)
For documentation on this error, please visit: http://seleniumhq.org/exceptions/invalid_selector_exception.html
Build info: version: '3.141.5', revision: 'd54ebd709a', time: '2018-11-06T11:42:16'
System info: host: 'IXC1-LT3WBDWT2', ip: '100.77.5.242', os.name: 'Windows 10', os.arch: 'amd64', os.version: '10.0', java.version: '1.8.0_162'
Driver info: org.openqa.selenium.chrome.ChromeDriver
Capabilities {acceptInsecureCerts: false, browserName: chrome, browserVersion: 84.0.4147.89, chrome: {chromedriverVersion: 83.0.4103.39 (ccbf011cb2d2b..., userDataDir: C:\Users\e3019085\AppData\L...}, goog:chromeOptions: {debuggerAddress: localhost:54429}, javascriptEnabled: true, networkConnectionEnabled: false, pageLoadStrategy: normal, platform: WINDOWS, platformName: WINDOWS, proxy: Proxy(), setWindowRect: true, strictFileInteractability: false, timeouts: {implicit: 0, pageLoad: 300000, script: 30000}, unhandledPromptBehavior: dismiss and notify, webauthn:virtualAuthenticators: true}
Session ID: a86b9e2344966975417786cd64c915a2
*** Element info: {Using=xpath, value=//div[@class='instructionMessage']/p[contains(text),'To continue anyway']}
	at sun.reflect.NativeConstructorAccessorImpl.newInstance0(Native Method)
	at sun.reflect.NativeConstructorAccessorImpl.newInstance(Unknown Source)
	at sun.reflect.DelegatingConstructorAccessorImpl.newInstance(Unknown Source)
	at java.lang.reflect.Constructor.newInstance(Unknown Source)
	at org.openqa.selenium.remote.http.W3CHttpResponseCodec.createException(W3CHttpResponseCodec.java:187)
	at org.openqa.selenium.remote.http.W3CHttpResponseCodec.decode(W3CHttpResponseCodec.java:122)
	at org.openqa.selenium.remote.http.W3CHttpResponseCodec.decode(W3CHttpResponseCodec.java:49)
	at org.openqa.selenium.remote.HttpCommandExecutor.execute(HttpCommandExecutor.java:158)
	at org.openqa.selenium.remote.service.DriverCommandExecutor.execute(DriverCommandExecutor.java:83)
	at org.openqa.selenium.remote.RemoteWebDriver.execute(RemoteWebDriver.java:552)
	at org.openqa.selenium.remote.RemoteWebDriver.findElement(RemoteWebDriver.java:323)
	at org.openqa.selenium.remote.RemoteWebDriver.findElementByXPath(RemoteWebDriver.java:428)
	at org.openqa.selenium.By$ByXPath.findElement(By.java:353)
	at org.openqa.selenium.remote.RemoteWebDriver.findElement(RemoteWebDriver.java:315)
	at com.epp.webelement.BaseElement.get(BaseElement.java:46)
	at com.epp.webelement.BaseElement.validateInnerText(BaseElement.java:66)
	... 46 more
java.lang.reflect.InvocationTargetException
	at sun.reflect.NativeMethodAccessorImpl.invoke0(Native Method)
	at sun.reflect.NativeMethodAccessorImpl.invoke(Unknown Source)
	at sun.reflect.DelegatingMethodAccessorImpl.invoke(Unknown Source)
	at java.lang.reflect.Method.invoke(Unknown Source)
	at com.zelle.stepdefinition.UniversalSteps.invokeElementMethod(UniversalSteps.java:119)
	at com.zelle.stepdefinition.UniversalSteps.validate_that_has_inner_text(UniversalSteps.java:411)
	at sun.reflect.NativeMethodAccessorImpl.invoke0(Native Method)
	at sun.reflect.NativeMethodAccessorImpl.invoke(Unknown Source)
	at sun.reflect.DelegatingMethodAccessorImpl.invoke(Unknown Source)
	at java.lang.reflect.Method.invoke(Unknown Source)
	at cucumber.runtime.Utils$1.call(Utils.java:37)
	at cucumber.runtime.Timeout.timeout(Timeout.java:13)
	at cucumber.runtime.Utils.invoke(Utils.java:31)
	at cucumber.runtime.java.JavaStepDefinition.execute(JavaStepDefinition.java:41)
	at cucumber.runtime.StepDefinitionMatch.runStep(StepDefinitionMatch.java:37)
	at cucumber.runtime.Runtime.runStep(Runtime.java:314)
	at cucumber.runtime.model.StepContainer.runStep(StepContainer.java:44)
	at cucumber.runtime.model.StepContainer.runSteps(StepContainer.java:39)
	at cucumber.runtime.model.CucumberScenario.run(CucumberScenario.java:44)
	at cucumber.runtime.model.CucumberFeature.run(CucumberFeature.java:165)
	at cucumber.api.testng.TestNGCucumberRunner.runCucumber(TestNGCucumberRunner.java:63)
	at cucumber.api.testng.AbstractTestNGCucumberTests.feature(AbstractTestNGCucumberTests.java:21)
	at sun.reflect.NativeMethodAccessorImpl.invoke0(Native Method)
	at sun.reflect.NativeMethodAccessorImpl.invoke(Unknown Source)
	at sun.reflect.DelegatingMethodAccessorImpl.invoke(Unknown Source)
	at java.lang.reflect.Method.invoke(Unknown Source)
	at org.testng.internal.MethodInvocationHelper.invokeMethod(MethodInvocationHelper.java:85)
	at org.testng.internal.Invoker.invokeMethod(Invoker.java:639)
	at org.testng.internal.Invoker.invokeTestMethod(Invoker.java:816)
	at org.testng.internal.Invoker.invokeTestMethods(Invoker.java:1124)
	at org.testng.internal.TestMethodWorker.invokeTestMethods(TestMethodWorker.java:125)
	at org.testng.internal.TestMethodWorker.run(TestMethodWorker.java:108)
	at org.testng.TestRunner.privateRun(TestRunner.java:774)
	at org.testng.TestRunner.run(TestRunner.java:624)
	at org.testng.SuiteRunner.runTest(SuiteRunner.java:359)
	at org.testng.SuiteRunner.runSequentially(SuiteRunner.java:354)
	at org.testng.SuiteRunner.privateRun(SuiteRunner.java:312)
	at org.testng.SuiteRunner.run(SuiteRunner.java:261)
	at org.testng.SuiteRunnerWorker.runSuite(SuiteRunnerWorker.java:52)
	at org.testng.SuiteRunnerWorker.run(SuiteRunnerWorker.java:86)
	at org.testng.TestNG.runSuitesSequentially(TestNG.java:1215)
	at org.testng.TestNG.runSuitesLocally(TestNG.java:1140)
	at org.testng.TestNG.run(TestNG.java:1048)
	at org.testng.remote.AbstractRemoteTestNG.run(AbstractRemoteTestNG.java:115)
	at org.testng.remote.RemoteTestNG.initAndRun(RemoteTestNG.java:251)
	at org.testng.remote.RemoteTestNG.main(RemoteTestNG.java:77)
Caused by: org.openqa.selenium.InvalidSelectorException: invalid selector: Unable to locate an element with the xpath expression //div[@class='instructionMessage']/p[contains(text),'To continue anyway'] because of the following error:
SyntaxError: Failed to execute 'evaluate' on 'Document': The string '//div[@class='instructionMessage']/p[contains(text),'To continue anyway']' is not a valid XPath expression.
  (Session info: chrome=84.0.4147.89)
For documentation on this error, please visit: http://seleniumhq.org/exceptions/invalid_selector_exception.html
Build info: version: '3.141.5', revision: 'd54ebd709a', time: '2018-11-06T11:42:16'
System info: host: 'IXC1-LT3WBDWT2', ip: '100.77.5.242', os.name: 'Windows 10', os.arch: 'amd64', os.version: '10.0', java.version: '1.8.0_162'
Driver info: org.openqa.selenium.chrome.ChromeDriver
Capabilities {acceptInsecureCerts: false, browserName: chrome, browserVersion: 84.0.4147.89, chrome: {chromedriverVersion: 83.0.4103.39 (ccbf011cb2d2b..., userDataDir: C:\Users\e3019085\AppData\L...}, goog:chromeOptions: {debuggerAddress: localhost:54429}, javascriptEnabled: true, networkConnectionEnabled: false, pageLoadStrategy: normal, platform: WINDOWS, platformName: WINDOWS, proxy: Proxy(), setWindowRect: true, strictFileInteractability: false, timeouts: {implicit: 0, pageLoad: 300000, script: 30000}, unhandledPromptBehavior: dismiss and notify, webauthn:virtualAuthenticators: true}
Session ID: a86b9e2344966975417786cd64c915a2
*** Element info: {Using=xpath, value=//div[@class='instructionMessage']/p[contains(text),'To continue anyway']}
	at sun.reflect.NativeConstructorAccessorImpl.newInstance0(Native Method)
	at sun.reflect.NativeConstructorAccessorImpl.newInstance(Unknown Source)
	at sun.reflect.DelegatingConstructorAccessorImpl.newInstance(Unknown Source)
	at java.lang.reflect.Constructor.newInstance(Unknown Source)
	at org.openqa.selenium.remote.http.W3CHttpResponseCodec.createException(W3CHttpResponseCodec.java:187)
	at org.openqa.selenium.remote.http.W3CHttpResponseCodec.decode(W3CHttpResponseCodec.java:122)
	at org.openqa.selenium.remote.http.W3CHttpResponseCodec.decode(W3CHttpResponseCodec.java:49)
	at org.openqa.selenium.remote.HttpCommandExecutor.execute(HttpCommandExecutor.java:158)
	at org.openqa.selenium.remote.service.DriverCommandExecutor.execute(DriverCommandExecutor.java:83)
	at org.openqa.selenium.remote.RemoteWebDriver.execute(RemoteWebDriver.java:552)
	at org.openqa.selenium.remote.RemoteWebDriver.findElement(RemoteWebDriver.java:323)
	at org.openqa.selenium.remote.RemoteWebDriver.findElementByXPath(RemoteWebDriver.java:428)
	at org.openqa.selenium.By$ByXPath.findElement(By.java:353)
	at org.openqa.selenium.remote.RemoteWebDriver.findElement(RemoteWebDriver.java:315)
	at com.epp.webelement.BaseElement.get(BaseElement.java:46)
	at com.epp.webelement.BaseElement.validateInnerText(BaseElement.java:66)
	... 46 more
java.lang.reflect.InvocationTargetException
	at sun.reflect.NativeMethodAccessorImpl.invoke0(Native Method)
	at sun.reflect.NativeMethodAccessorImpl.invoke(Unknown Source)
	at sun.reflect.DelegatingMethodAccessorImpl.invoke(Unknown Source)
	at java.lang.reflect.Method.invoke(Unknown Source)
	at com.zelle.stepdefinition.UniversalSteps.invokeElementMethod(UniversalSteps.java:119)
	at com.zelle.stepdefinition.UniversalSteps.validate_that_has_inner_text(UniversalSteps.java:411)
	at sun.reflect.NativeMethodAccessorImpl.invoke0(Native Method)
	at sun.reflect.NativeMethodAccessorImpl.invoke(Unknown Source)
	at sun.reflect.DelegatingMethodAccessorImpl.invoke(Unknown Source)
	at java.lang.reflect.Method.invoke(Unknown Source)
	at cucumber.runtime.Utils$1.call(Utils.java:37)
	at cucumber.runtime.Timeout.timeout(Timeout.java:13)
	at cucumber.runtime.Utils.invoke(Utils.java:31)
	at cucumber.runtime.java.JavaStepDefinition.execute(JavaStepDefinition.java:41)
	at cucumber.runtime.StepDefinitionMatch.runStep(StepDefinitionMatch.java:37)
	at cucumber.runtime.Runtime.runStep(Runtime.java:314)
	at cucumber.runtime.model.StepContainer.runStep(StepContainer.java:44)
	at cucumber.runtime.model.StepContainer.runSteps(StepContainer.java:39)
	at cucumber.runtime.model.CucumberScenario.run(CucumberScenario.java:44)
	at cucumber.runtime.model.CucumberFeature.run(CucumberFeature.java:165)
	at cucumber.api.testng.TestNGCucumberRunner.runCucumber(TestNGCucumberRunner.java:63)
	at cucumber.api.testng.AbstractTestNGCucumberTests.feature(AbstractTestNGCucumberTests.java:21)
	at sun.reflect.NativeMethodAccessorImpl.invoke0(Native Method)
	at sun.reflect.NativeMethodAccessorImpl.invoke(Unknown Source)
	at sun.reflect.DelegatingMethodAccessorImpl.invoke(Unknown Source)
	at java.lang.reflect.Method.invoke(Unknown Source)
	at org.testng.internal.MethodInvocationHelper.invokeMethod(MethodInvocationHelper.java:85)
	at org.testng.internal.Invoker.invokeMethod(Invoker.java:639)
	at org.testng.internal.Invoker.invokeTestMethod(Invoker.java:816)
	at org.testng.internal.Invoker.invokeTestMethods(Invoker.java:1124)
	at org.testng.internal.TestMethodWorker.invokeTestMethods(TestMethodWorker.java:125)
	at org.testng.internal.TestMethodWorker.run(TestMethodWorker.java:108)
	at org.testng.TestRunner.privateRun(TestRunner.java:774)
	at org.testng.TestRunner.run(TestRunner.java:624)
	at org.testng.SuiteRunner.runTest(SuiteRunner.java:359)
	at org.testng.SuiteRunner.runSequentially(SuiteRunner.java:354)
	at org.testng.SuiteRunner.privateRun(SuiteRunner.java:312)
	at org.testng.SuiteRunner.run(SuiteRunner.java:261)
	at org.testng.SuiteRunnerWorker.runSuite(SuiteRunnerWorker.java:52)
	at org.testng.SuiteRunnerWorker.run(SuiteRunnerWorker.java:86)
	at org.testng.TestNG.runSuitesSequentially(TestNG.java:1215)
	at org.testng.TestNG.runSuitesLocally(TestNG.java:1140)
	at org.testng.TestNG.run(TestNG.java:1048)
	at org.testng.remote.AbstractRemoteTestNG.run(AbstractRemoteTestNG.java:115)
	at org.testng.remote.RemoteTestNG.initAndRun(RemoteTestNG.java:251)
	at org.testng.remote.RemoteTestNG.main(RemoteTestNG.java:77)
Caused by: org.openqa.selenium.InvalidSelectorException: invalid selector: Unable to locate an element with the xpath expression //div[@class='instructionMessage']/p[contains(text),'To continue anyway'] because of the following error:
SyntaxError: Failed to execute 'evaluate' on 'Document': The string '//div[@class='instructionMessage']/p[contains(text),'To continue anyway']' is not a valid XPath expression.
  (Session info: chrome=84.0.4147.89)
For documentation on this error, please visit: http://seleniumhq.org/exceptions/invalid_selector_exception.html
Build info: version: '3.141.5', revision: 'd54ebd709a', time: '2018-11-06T11:42:16'
System info: host: 'IXC1-LT3WBDWT2', ip: '100.77.5.242', os.name: 'Windows 10', os.arch: 'amd64', os.version: '10.0', java.version: '1.8.0_162'
Driver info: org.openqa.selenium.chrome.ChromeDriver
Capabilities {acceptInsecureCerts: false, browserName: chrome, browserVersion: 84.0.4147.89, chrome: {chromedriverVersion: 83.0.4103.39 (ccbf011cb2d2b..., userDataDir: C:\Users\e3019085\AppData\L...}, goog:chromeOptions: {debuggerAddress: localhost:54429}, javascriptEnabled: true, networkConnectionEnabled: false, pageLoadStrategy: normal, platform: WINDOWS, platformName: WINDOWS, proxy: Proxy(), setWindowRect: true, strictFileInteractability: false, timeouts: {implicit: 0, pageLoad: 300000, script: 30000}, unhandledPromptBehavior: dismiss and notify, webauthn:virtualAuthenticators: true}
Session ID: a86b9e2344966975417786cd64c915a2
*** Element info: {Using=xpath, value=//div[@class='instructionMessage']/p[contains(text),'To continue anyway']}
	at sun.reflect.NativeConstructorAccessorImpl.newInstance0(Native Method)
	at sun.reflect.NativeConstructorAccessorImpl.newInstance(Unknown Source)
	at sun.reflect.DelegatingConstructorAccessorImpl.newInstance(Unknown Source)
	at java.lang.reflect.Constructor.newInstance(Unknown Source)
	at org.openqa.selenium.remote.http.W3CHttpResponseCodec.createException(W3CHttpResponseCodec.java:187)
	at org.openqa.selenium.remote.http.W3CHttpResponseCodec.decode(W3CHttpResponseCodec.java:122)
	at org.openqa.selenium.remote.http.W3CHttpResponseCodec.decode(W3CHttpResponseCodec.java:49)
	at org.openqa.selenium.remote.HttpCommandExecutor.execute(HttpCommandExecutor.java:158)
	at org.openqa.selenium.remote.service.DriverCommandExecutor.execute(DriverCommandExecutor.java:83)
	at org.openqa.selenium.remote.RemoteWebDriver.execute(RemoteWebDriver.java:552)
	at org.openqa.selenium.remote.RemoteWebDriver.findElement(RemoteWebDriver.java:323)
	at org.openqa.selenium.remote.RemoteWebDriver.findElementByXPath(RemoteWebDriver.java:428)
	at org.openqa.selenium.By$ByXPath.findElement(By.java:353)
	at org.openqa.selenium.remote.RemoteWebDriver.findElement(RemoteWebDriver.java:315)
	at com.epp.webelement.BaseElement.get(BaseElement.java:46)
	at com.epp.webelement.BaseElement.validateInnerText(BaseElement.java:66)
	... 46 more
...
2020-07-24 14:27:47 ERROR - [class com.zelle.stepdefinition.UniversalSteps] : UniversalStep: Failed , java.lang.reflect.InvocationTargetException
	at sun.reflect.NativeMethodAccessorImpl.invoke0(Native Method)
	at sun.reflect.NativeMethodAccessorImpl.invoke(Unknown Source)
	at sun.reflect.DelegatingMethodAccessorImpl.invoke(Unknown Source)
	at java.lang.reflect.Method.invoke(Unknown Source)
	at com.zelle.stepdefinition.UniversalSteps.invokeElementMethod(UniversalSteps.java:119)
	at com.zelle.stepdefinition.UniversalSteps.validate_that_has_inner_text(UniversalSteps.java:411)
	at sun.reflect.NativeMethodAccessorImpl.invoke0(Native Method)
	at sun.reflect.NativeMethodAccessorImpl.invoke(Unknown Source)
	at sun.reflect.DelegatingMethodAccessorImpl.invoke(Unknown Source)
	at java.lang.reflect.Method.invoke(Unknown Source)
	at cucumber.runtime.Utils$1.call(Utils.java:37)
	at cucumber.runtime.Timeout.timeout(Timeout.java:13)
	at cucumber.runtime.Utils.invoke(Utils.java:31)
	at cucumber.runtime.java.JavaStepDefinition.execute(JavaStepDefinition.java:41)
	at cucumber.runtime.StepDefinitionMatch.runStep(StepDefinitionMatch.java:37)
	at cucumber.runtime.Runtime.runStep(Runtime.java:314)
	at cucumber.runtime.model.StepContainer.runStep(StepContainer.java:44)
	at cucumber.runtime.model.StepContainer.runSteps(StepContainer.java:39)
	at cucumber.runtime.model.CucumberScenario.run(CucumberScenario.java:44)
	at cucumber.runtime.model.CucumberFeature.run(CucumberFeature.java:165)
	at cucumber.api.testng.TestNGCucumberRunner.runCucumber(TestNGCucumberRunner.java:63)
	at cucumber.api.testng.AbstractTestNGCucumberTests.feature(AbstractTestNGCucumberTests.java:21)
	at sun.reflect.NativeMethodAccessorImpl.invoke0(Native Method)
	at sun.reflect.NativeMethodAccessorImpl.invoke(Unknown Source)
	at sun.reflect.DelegatingMethodAccessorImpl.invoke(Unknown Source)
	at java.lang.reflect.Method.invoke(Unknown Source)
	at org.testng.internal.MethodInvocationHelper.invokeMethod(MethodInvocationHelper.java:85)
	at org.testng.internal.Invoker.invokeMethod(Invoker.java:639)
	at org.testng.internal.Invoker.invokeTestMethod(Invoker.java:816)
	at org.testng.internal.Invoker.invokeTestMethods(Invoker.java:1124)
	at org.testng.internal.TestMethodWorker.invokeTestMethods(TestMethodWorker.java:125)
	at org.testng.internal.TestMethodWorker.run(TestMethodWorker.java:108)
	at org.testng.TestRunner.privateRun(TestRunner.java:774)
	at org.testng.TestRunner.run(TestRunner.java:624)
	at org.testng.SuiteRunner.runTest(SuiteRunner.java:359)
	at org.testng.SuiteRunner.runSequentially(SuiteRunner.java:354)
	at org.testng.SuiteRunner.privateRun(SuiteRunner.java:312)
	at org.testng.SuiteRunner.run(SuiteRunner.java:261)
	at org.testng.SuiteRunnerWorker.runSuite(SuiteRunnerWorker.java:52)
	at org.testng.SuiteRunnerWorker.run(SuiteRunnerWorker.java:86)
	at org.testng.TestNG.runSuitesSequentially(TestNG.java:1215)
	at org.testng.TestNG.runSuitesLocally(TestNG.java:1140)
	at org.testng.TestNG.run(TestNG.java:1048)
	at org.testng.remote.AbstractRemoteTestNG.run(AbstractRemoteTestNG.java:115)
	at org.testng.remote.RemoteTestNG.initAndRun(RemoteTestNG.java:251)
	at org.testng.remote.RemoteTestNG.main(RemoteTestNG.java:77)
Caused by: org.openqa.selenium.InvalidSelectorException: invalid selector: Unable to locate an element with the xpath expression //div[@class='instructionMessage']/p[contains(text),'To continue anyway'] because of the following error:
SyntaxError: Failed to execute 'evaluate' on 'Document': The string '//div[@class='instructionMessage']/p[contains(text),'To continue anyway']' is not a valid XPath expression.
  (Session info: chrome=84.0.4147.89)
For documentation on this error, please visit: http://seleniumhq.org/exceptions/invalid_selector_exception.html
Build info: version: '3.141.5', revision: 'd54ebd709a', time: '2018-11-06T11:42:16'
System info: host: 'IXC1-LT3WBDWT2', ip: '100.77.5.242', os.name: 'Windows 10', os.arch: 'amd64', os.version: '10.0', java.version: '1.8.0_162'
Driver info: org.openqa.selenium.chrome.ChromeDriver
Capabilities {acceptInsecureCerts: false, browserName: chrome, browserVersion: 84.0.4147.89, chrome: {chromedriverVersion: 83.0.4103.39 (ccbf011cb2d2b..., userDataDir: C:\Users\e3019085\AppData\L...}, goog:chromeOptions: {debuggerAddress: localhost:54429}, javascriptEnabled: true, networkConnectionEnabled: false, pageLoadStrategy: normal, platform: WINDOWS, platformName: WINDOWS, proxy: Proxy(), setWindowRect: true, strictFileInteractability: false, timeouts: {implicit: 0, pageLoad: 300000, script: 30000}, unhandledPromptBehavior: dismiss and notify, webauthn:virtualAuthenticators: true}
Session ID: a86b9e2344966975417786cd64c915a2
*** Element info: {Using=xpath, value=//div[@class='instructionMessage']/p[contains(text),'To continue anyway']}
	at sun.reflect.NativeConstructorAccessorImpl.newInstance0(Native Method)
	at sun.reflect.NativeConstructorAccessorImpl.newInstance(Unknown Source)
	at sun.reflect.DelegatingConstructorAccessorImpl.newInstance(Unknown Source)
	at java.lang.reflect.Constructor.newInstance(Unknown Source)
	at org.openqa.selenium.remote.http.W3CHttpResponseCodec.createException(W3CHttpResponseCodec.java:187)
	at org.openqa.selenium.remote.http.W3CHttpResponseCodec.decode(W3CHttpResponseCodec.java:122)
	at org.openqa.selenium.remote.http.W3CHttpResponseCodec.decode(W3CHttpResponseCodec.java:49)
	at org.openqa.selenium.remote.HttpCommandExecutor.execute(HttpCommandExecutor.java:158)
	at org.openqa.selenium.remote.service.DriverCommandExecutor.execute(DriverCommandExecutor.java:83)
	at org.openqa.selenium.remote.RemoteWebDriver.execute(RemoteWebDriver.java:552)
	at org.openqa.selenium.remote.RemoteWebDriver.findElement(RemoteWebDriver.java:323)
	at org.openqa.selenium.remote.RemoteWebDriver.findElementByXPath(RemoteWebDriver.java:428)
	at org.openqa.selenium.By$ByXPath.findElement(By.java:353)
	at org.openqa.selenium.remote.RemoteWebDriver.findElement(RemoteWebDriver.java:315)
	at com.epp.webelement.BaseElement.get(BaseElement.java:46)
	at com.epp.webelement.BaseElement.validateInnerText(BaseElement.java:66)
	... 46 more
java.lang.reflect.InvocationTargetException
	at sun.reflect.NativeMethodAccessorImpl.invoke0(Native Method)
	at sun.reflect.NativeMethodAccessorImpl.invoke(Unknown Source)
	at sun.reflect.DelegatingMethodAccessorImpl.invoke(Unknown Source)
	at java.lang.reflect.Method.invoke(Unknown Source)
	at com.zelle.stepdefinition.UniversalSteps.invokeElementMethod(UniversalSteps.java:119)
	at com.zelle.stepdefinition.UniversalSteps.validate_that_has_inner_text(UniversalSteps.java:411)
	at sun.reflect.NativeMethodAccessorImpl.invoke0(Native Method)
	at sun.reflect.NativeMethodAccessorImpl.invoke(Unknown Source)
	at sun.reflect.DelegatingMethodAccessorImpl.invoke(Unknown Source)
	at java.lang.reflect.Method.invoke(Unknown Source)
	at cucumber.runtime.Utils$1.call(Utils.java:37)
	at cucumber.runtime.Timeout.timeout(Timeout.java:13)
	at cucumber.runtime.Utils.invoke(Utils.java:31)
	at cucumber.runtime.java.JavaStepDefinition.execute(JavaStepDefinition.java:41)
	at cucumber.runtime.StepDefinitionMatch.runStep(StepDefinitionMatch.java:37)
	at cucumber.runtime.Runtime.runStep(Runtime.java:314)
	at cucumber.runtime.model.StepContainer.runStep(StepContainer.java:44)
	at cucumber.runtime.model.StepContainer.runSteps(StepContainer.java:39)
	at cucumber.runtime.model.CucumberScenario.run(CucumberScenario.java:44)
	at cucumber.runtime.model.CucumberFeature.run(CucumberFeature.java:165)
	at cucumber.api.testng.TestNGCucumberRunner.runCucumber(TestNGCucumberRunner.java:63)
	at cucumber.api.testng.AbstractTestNGCucumberTests.feature(AbstractTestNGCucumberTests.java:21)
	at sun.reflect.NativeMethodAccessorImpl.invoke0(Native Method)
	at sun.reflect.NativeMethodAccessorImpl.invoke(Unknown Source)
	at sun.reflect.DelegatingMethodAccessorImpl.invoke(Unknown Source)
	at java.lang.reflect.Method.invoke(Unknown Source)
	at org.testng.internal.MethodInvocationHelper.invokeMethod(MethodInvocationHelper.java:85)
	at org.testng.internal.Invoker.invokeMethod(Invoker.java:639)
	at org.testng.internal.Invoker.invokeTestMethod(Invoker.java:816)
	at org.testng.internal.Invoker.invokeTestMethods(Invoker.java:1124)
	at org.testng.internal.TestMethodWorker.invokeTestMethods(TestMethodWorker.java:125)
	at org.testng.internal.TestMethodWorker.run(TestMethodWorker.java:108)
	at org.testng.TestRunner.privateRun(TestRunner.java:774)
	at org.testng.TestRunner.run(TestRunner.java:624)
	at org.testng.SuiteRunner.runTest(SuiteRunner.java:359)
	at org.testng.SuiteRunner.runSequentially(SuiteRunner.java:354)
	at org.testng.SuiteRunner.privateRun(SuiteRunner.java:312)
	at org.testng.SuiteRunner.run(SuiteRunner.java:261)
	at org.testng.SuiteRunnerWorker.runSuite(SuiteRunnerWorker.java:52)
	at org.testng.SuiteRunnerWorker.run(SuiteRunnerWorker.java:86)
	at org.testng.TestNG.runSuitesSequentially(TestNG.java:1215)
	at org.testng.TestNG.runSuitesLocally(TestNG.java:1140)
	at org.testng.TestNG.run(TestNG.java:1048)
	at org.testng.remote.AbstractRemoteTestNG.run(AbstractRemoteTestNG.java:115)
	at org.testng.remote.RemoteTestNG.initAndRun(RemoteTestNG.java:251)
	at org.testng.remote.RemoteTestNG.main(RemoteTestNG.java:77)
Caused by: org.openqa.selenium.InvalidSelectorException: invalid selector: Unable to locate an element with the xpath expression //div[@class='instructionMessage']/p[contains(text),'To continue anyway'] because of the following error:
SyntaxError: Failed to execute 'evaluate' on 'Document': The string '//div[@class='instructionMessage']/p[contains(text),'To continue anyway']' is not a valid XPath expression.
  (Session info: chrome=84.0.4147.89)
For documentation on this error, please visit: http://seleniumhq.org/exceptions/invalid_selector_exception.html
Build info: version: '3.141.5', revision: 'd54ebd709a', time: '2018-11-06T11:42:16'
System info: host: 'IXC1-LT3WBDWT2', ip: '100.77.5.242', os.name: 'Windows 10', os.arch: 'amd64', os.version: '10.0', java.version: '1.8.0_162'
Driver info: org.openqa.selenium.chrome.ChromeDriver
Capabilities {acceptInsecureCerts: false, browserName: chrome, browserVersion: 84.0.4147.89, chrome: {chromedriverVersion: 83.0.4103.39 (ccbf011cb2d2b..., userDataDir: C:\Users\e3019085\AppData\L...}, goog:chromeOptions: {debuggerAddress: localhost:54429}, javascriptEnabled: true, networkConnectionEnabled: false, pageLoadStrategy: normal, platform: WINDOWS, platformName: WINDOWS, proxy: Proxy(), setWindowRect: true, strictFileInteractability: false, timeouts: {implicit: 0, pageLoad: 300000, script: 30000}, unhandledPromptBehavior: dismiss and notify, webauthn:virtualAuthenticators: true}
Session ID: a86b9e2344966975417786cd64c915a2
*** Element info: {Using=xpath, value=//div[@class='instructionMessage']/p[contains(text),'To continue anyway']}
	at sun.reflect.NativeConstructorAccessorImpl.newInstance0(Native Method)
	at sun.reflect.NativeConstructorAccessorImpl.newInstance(Unknown Source)
	at sun.reflect.DelegatingConstructorAccessorImpl.newInstance(Unknown Source)
	at java.lang.reflect.Constructor.newInstance(Unknown Source)
	at org.openqa.selenium.remote.http.W3CHttpResponseCodec.createException(W3CHttpResponseCodec.java:187)
	at org.openqa.selenium.remote.http.W3CHttpResponseCodec.decode(W3CHttpResponseCodec.java:122)
	at org.openqa.selenium.remote.http.W3CHttpResponseCodec.decode(W3CHttpResponseCodec.java:49)
	at org.openqa.selenium.remote.HttpCommandExecutor.execute(HttpCommandExecutor.java:158)
	at org.openqa.selenium.remote.service.DriverCommandExecutor.execute(DriverCommandExecutor.java:83)
	at org.openqa.selenium.remote.RemoteWebDriver.execute(RemoteWebDriver.java:552)
	at org.openqa.selenium.remote.RemoteWebDriver.findElement(RemoteWebDriver.java:323)
	at org.openqa.selenium.remote.RemoteWebDriver.findElementByXPath(RemoteWebDriver.java:428)
	at org.openqa.selenium.By$ByXPath.findElement(By.java:353)
	at org.openqa.selenium.remote.RemoteWebDriver.findElement(RemoteWebDriver.java:315)
	at com.epp.webelement.BaseElement.get(BaseElement.java:46)
	at com.epp.webelement.BaseElement.validateInnerText(BaseElement.java:66)
	... 46 more
java.lang.reflect.InvocationTargetException
	at sun.reflect.NativeMethodAccessorImpl.invoke0(Native Method)
	at sun.reflect.NativeMethodAccessorImpl.invoke(Unknown Source)
	at sun.reflect.DelegatingMethodAccessorImpl.invoke(Unknown Source)
	at java.lang.reflect.Method.invoke(Unknown Source)
	at com.zelle.stepdefinition.UniversalSteps.invokeElementMethod(UniversalSteps.java:119)
	at com.zelle.stepdefinition.UniversalSteps.validate_that_has_inner_text(UniversalSteps.java:411)
	at sun.reflect.NativeMethodAccessorImpl.invoke0(Native Method)
	at sun.reflect.NativeMethodAccessorImpl.invoke(Unknown Source)
	at sun.reflect.DelegatingMethodAccessorImpl.invoke(Unknown Source)
	at java.lang.reflect.Method.invoke(Unknown Source)
	at cucumber.runtime.Utils$1.call(Utils.java:37)
	at cucumber.runtime.Timeout.timeout(Timeout.java:13)
	at cucumber.runtime.Utils.invoke(Utils.java:31)
	at cucumber.runtime.java.JavaStepDefinition.execute(JavaStepDefinition.java:41)
	at cucumber.runtime.StepDefinitionMatch.runStep(StepDefinitionMatch.java:37)
	at cucumber.runtime.Runtime.runStep(Runtime.java:314)
	at cucumber.runtime.model.StepContainer.runStep(StepContainer.java:44)
	at cucumber.runtime.model.StepContainer.runSteps(StepContainer.java:39)
	at cucumber.runtime.model.CucumberScenario.run(CucumberScenario.java:44)
	at cucumber.runtime.model.CucumberFeature.run(CucumberFeature.java:165)
	at cucumber.api.testng.TestNGCucumberRunner.runCucumber(TestNGCucumberRunner.java:63)
	at cucumber.api.testng.AbstractTestNGCucumberTests.feature(AbstractTestNGCucumberTests.java:21)
	at sun.reflect.NativeMethodAccessorImpl.invoke0(Native Method)
	at sun.reflect.NativeMethodAccessorImpl.invoke(Unknown Source)
	at sun.reflect.DelegatingMethodAccessorImpl.invoke(Unknown Source)
	at java.lang.reflect.Method.invoke(Unknown Source)
	at org.testng.internal.MethodInvocationHelper.invokeMethod(MethodInvocationHelper.java:85)
	at org.testng.internal.Invoker.invokeMethod(Invoker.java:639)
	at org.testng.internal.Invoker.invokeTestMethod(Invoker.java:816)
	at org.testng.internal.Invoker.invokeTestMethods(Invoker.java:1124)
	at org.testng.internal.TestMethodWorker.invokeTestMethods(TestMethodWorker.java:125)
	at org.testng.internal.TestMethodWorker.run(TestMethodWorker.java:108)
	at org.testng.TestRunner.privateRun(TestRunner.java:774)
	at org.testng.TestRunner.run(TestRunner.java:624)
	at org.testng.SuiteRunner.runTest(SuiteRunner.java:359)
	at org.testng.SuiteRunner.runSequentially(SuiteRunner.java:354)
	at org.testng.SuiteRunner.privateRun(SuiteRunner.java:312)
	at org.testng.SuiteRunner.run(SuiteRunner.java:261)
	at org.testng.SuiteRunnerWorker.runSuite(SuiteRunnerWorker.java:52)
	at org.testng.SuiteRunnerWorker.run(SuiteRunnerWorker.java:86)
	at org.testng.TestNG.runSuitesSequentially(TestNG.java:1215)
	at org.testng.TestNG.runSuitesLocally(TestNG.java:1140)
	at org.testng.TestNG.run(TestNG.java:1048)
	at org.testng.remote.AbstractRemoteTestNG.run(AbstractRemoteTestNG.java:115)
	at org.testng.remote.RemoteTestNG.initAndRun(RemoteTestNG.java:251)
	at org.testng.remote.RemoteTestNG.main(RemoteTestNG.java:77)
Caused by: org.openqa.selenium.InvalidSelectorException: invalid selector: Unable to locate an element with the xpath expression //div[@class='instructionMessage']/p[contains(text),'To continue anyway'] because of the following error:
SyntaxError: Failed to execute 'evaluate' on 'Document': The string '//div[@class='instructionMessage']/p[contains(text),'To continue anyway']' is not a valid XPath expression.
  (Session info: chrome=84.0.4147.89)
For documentation on this error, please visit: http://seleniumhq.org/exceptions/invalid_selector_exception.html
Build info: version: '3.141.5', revision: 'd54ebd709a', time: '2018-11-06T11:42:16'
System info: host: 'IXC1-LT3WBDWT2', ip: '100.77.5.242', os.name: 'Windows 10', os.arch: 'amd64', os.version: '10.0', java.version: '1.8.0_162'
Driver info: org.openqa.selenium.chrome.ChromeDriver
Capabilities {acceptInsecureCerts: false, browserName: chrome, browserVersion: 84.0.4147.89, chrome: {chromedriverVersion: 83.0.4103.39 (ccbf011cb2d2b..., userDataDir: C:\Users\e3019085\AppData\L...}, goog:chromeOptions: {debuggerAddress: localhost:54429}, javascriptEnabled: true, networkConnectionEnabled: false, pageLoadStrategy: normal, platform: WINDOWS, platformName: WINDOWS, proxy: Proxy(), setWindowRect: true, strictFileInteractability: false, timeouts: {implicit: 0, pageLoad: 300000, script: 30000}, unhandledPromptBehavior: dismiss and notify, webauthn:virtualAuthenticators: true}
Session ID: a86b9e2344966975417786cd64c915a2
*** Element info: {Using=xpath, value=//div[@class='instructionMessage']/p[contains(text),'To continue anyway']}
	at sun.reflect.NativeConstructorAccessorImpl.newInstance0(Native Method)
	at sun.reflect.NativeConstructorAccessorImpl.newInstance(Unknown Source)
	at sun.reflect.DelegatingConstructorAccessorImpl.newInstance(Unknown Source)
	at java.lang.reflect.Constructor.newInstance(Unknown Source)
	at org.openqa.selenium.remote.http.W3CHttpResponseCodec.createException(W3CHttpResponseCodec.java:187)
	at org.openqa.selenium.remote.http.W3CHttpResponseCodec.decode(W3CHttpResponseCodec.java:122)
	at org.openqa.selenium.remote.http.W3CHttpResponseCodec.decode(W3CHttpResponseCodec.java:49)
	at org.openqa.selenium.remote.HttpCommandExecutor.execute(HttpCommandExecutor.java:158)
	at org.openqa.selenium.remote.service.DriverCommandExecutor.execute(DriverCommandExecutor.java:83)
	at org.openqa.selenium.remote.RemoteWebDriver.execute(RemoteWebDriver.java:552)
	at org.openqa.selenium.remote.RemoteWebDriver.findElement(RemoteWebDriver.java:323)
	at org.openqa.selenium.remote.RemoteWebDriver.findElementByXPath(RemoteWebDriver.java:428)
	at org.openqa.selenium.By$ByXPath.findElement(By.java:353)
	at org.openqa.selenium.remote.RemoteWebDriver.findElement(RemoteWebDriver.java:315)
	at com.epp.webelement.BaseElement.get(BaseElement.java:46)
	at com.epp.webelement.BaseElement.validateInnerText(BaseElement.java:66)
	... 46 more
java.lang.reflect.InvocationTargetException
	at sun.reflect.NativeMethodAccessorImpl.invoke0(Native Method)
	at sun.reflect.NativeMethodAccessorImpl.invoke(Unknown Source)
	at sun.reflect.DelegatingMethodAccessorImpl.invoke(Unknown Source)
	at java.lang.reflect.Method.invoke(Unknown Source)
	at com.zelle.stepdefinition.UniversalSteps.invokeElementMethod(UniversalSteps.java:119)
	at com.zelle.stepdefinition.UniversalSteps.validate_that_has_inner_text(UniversalSteps.java:411)
	at sun.reflect.NativeMethodAccessorImpl.invoke0(Native Method)
	at sun.reflect.NativeMethodAccessorImpl.invoke(Unknown Source)
	at sun.reflect.DelegatingMethodAccessorImpl.invoke(Unknown Source)
	at java.lang.reflect.Method.invoke(Unknown Source)
	at cucumber.runtime.Utils$1.call(Utils.java:37)
	at cucumber.runtime.Timeout.timeout(Timeout.java:13)
	at cucumber.runtime.Utils.invoke(Utils.java:31)
	at cucumber.runtime.java.JavaStepDefinition.execute(JavaStepDefinition.java:41)
	at cucumber.runtime.StepDefinitionMatch.runStep(StepDefinitionMatch.java:37)
	at cucumber.runtime.Runtime.runStep(Runtime.java:314)
	at cucumber.runtime.model.StepContainer.runStep(StepContainer.java:44)
	at cucumber.runtime.model.StepContainer.runSteps(StepContainer.java:39)
	at cucumber.runtime.model.CucumberScenario.run(CucumberScenario.java:44)
	at cucumber.runtime.model.CucumberFeature.run(CucumberFeature.java:165)
	at cucumber.api.testng.TestNGCucumberRunner.runCucumber(TestNGCucumberRunner.java:63)
	at cucumber.api.testng.AbstractTestNGCucumberTests.feature(AbstractTestNGCucumberTests.java:21)
	at sun.reflect.NativeMethodAccessorImpl.invoke0(Native Method)
	at sun.reflect.NativeMethodAccessorImpl.invoke(Unknown Source)
	at sun.reflect.DelegatingMethodAccessorImpl.invoke(Unknown Source)
	at java.lang.reflect.Method.invoke(Unknown Source)
	at org.testng.internal.MethodInvocationHelper.invokeMethod(MethodInvocationHelper.java:85)
	at org.testng.internal.Invoker.invokeMethod(Invoker.java:639)
	at org.testng.internal.Invoker.invokeTestMethod(Invoker.java:816)
	at org.testng.internal.Invoker.invokeTestMethods(Invoker.java:1124)
	at org.testng.internal.TestMethodWorker.invokeTestMethods(TestMethodWorker.java:125)
	at org.testng.internal.TestMethodWorker.run(TestMethodWorker.java:108)
	at org.testng.TestRunner.privateRun(TestRunner.java:774)
	at org.testng.TestRunner.run(TestRunner.java:624)
	at org.testng.SuiteRunner.runTest(SuiteRunner.java:359)
	at org.testng.SuiteRunner.runSequentially(SuiteRunner.java:354)
	at org.testng.SuiteRunner.privateRun(SuiteRunner.java:312)
	at org.testng.SuiteRunner.run(SuiteRunner.java:261)
	at org.testng.SuiteRunnerWorker.runSuite(SuiteRunnerWorker.java:52)
	at org.testng.SuiteRunnerWorker.run(SuiteRunnerWorker.java:86)
	at org.testng.TestNG.runSuitesSequentially(TestNG.java:1215)
	at org.testng.TestNG.runSuitesLocally(TestNG.java:1140)
	at org.testng.TestNG.run(TestNG.java:1048)
	at org.testng.remote.AbstractRemoteTestNG.run(AbstractRemoteTestNG.java:115)
	at org.testng.remote.RemoteTestNG.initAndRun(RemoteTestNG.java:251)
	at org.testng.remote.RemoteTestNG.main(RemoteTestNG.java:77)
Caused by: org.openqa.selenium.InvalidSelectorException: invalid selector: Unable to locate an element with the xpath expression //div[@class='instructionMessage']/p[contains(text),'To continue anyway'] because of the following error:
SyntaxError: Failed to execute 'evaluate' on 'Document': The string '//div[@class='instructionMessage']/p[contains(text),'To continue anyway']' is not a valid XPath expression.
  (Session info: chrome=84.0.4147.89)
For documentation on this error, please visit: http://seleniumhq.org/exceptions/invalid_selector_exception.html
Build info: version: '3.141.5', revision: 'd54ebd709a', time: '2018-11-06T11:42:16'
System info: host: 'IXC1-LT3WBDWT2', ip: '100.77.5.242', os.name: 'Windows 10', os.arch: 'amd64', os.version: '10.0', java.version: '1.8.0_162'
Driver info: org.openqa.selenium.chrome.ChromeDriver
Capabilities {acceptInsecureCerts: false, browserName: chrome, browserVersion: 84.0.4147.89, chrome: {chromedriverVersion: 83.0.4103.39 (ccbf011cb2d2b..., userDataDir: C:\Users\e3019085\AppData\L...}, goog:chromeOptions: {debuggerAddress: localhost:54429}, javascriptEnabled: true, networkConnectionEnabled: false, pageLoadStrategy: normal, platform: WINDOWS, platformName: WINDOWS, proxy: Proxy(), setWindowRect: true, strictFileInteractability: false, timeouts: {implicit: 0, pageLoad: 300000, script: 30000}, unhandledPromptBehavior: dismiss and notify, webauthn:virtualAuthenticators: true}
Session ID: a86b9e2344966975417786cd64c915a2
*** Element info: {Using=xpath, value=//div[@class='instructionMessage']/p[contains(text),'To continue anyway']}
	at sun.reflect.NativeConstructorAccessorImpl.newInstance0(Native Method)
	at sun.reflect.NativeConstructorAccessorImpl.newInstance(Unknown Source)
	at sun.reflect.DelegatingConstructorAccessorImpl.newInstance(Unknown Source)
	at java.lang.reflect.Constructor.newInstance(Unknown Source)
	at org.openqa.selenium.remote.http.W3CHttpResponseCodec.createException(W3CHttpResponseCodec.java:187)
	at org.openqa.selenium.remote.http.W3CHttpResponseCodec.decode(W3CHttpResponseCodec.java:122)
	at org.openqa.selenium.remote.http.W3CHttpResponseCodec.decode(W3CHttpResponseCodec.java:49)
	at org.openqa.selenium.remote.HttpCommandExecutor.execute(HttpCommandExecutor.java:158)
	at org.openqa.selenium.remote.service.DriverCommandExecutor.execute(DriverCommandExecutor.java:83)
	at org.openqa.selenium.remote.RemoteWebDriver.execute(RemoteWebDriver.java:552)
	at org.openqa.selenium.remote.RemoteWebDriver.findElement(RemoteWebDriver.java:323)
	at org.openqa.selenium.remote.RemoteWebDriver.findElementByXPath(RemoteWebDriver.java:428)
	at org.openqa.selenium.By$ByXPath.findElement(By.java:353)
	at org.openqa.selenium.remote.RemoteWebDriver.findElement(RemoteWebDriver.java:315)
	at com.epp.webelement.BaseElement.get(BaseElement.java:46)
	at com.epp.webelement.BaseElement.validateInnerText(BaseElement.java:66)
	... 46 more
...
2020-07-24 14:27:47 ERROR - [class com.zelle.stepdefinition.UniversalSteps] : UniversalStep: Failed , java.lang.reflect.InvocationTargetException
	at sun.reflect.NativeMethodAccessorImpl.invoke0(Native Method)
	at sun.reflect.NativeMethodAccessorImpl.invoke(Unknown Source)
	at sun.reflect.DelegatingMethodAccessorImpl.invoke(Unknown Source)
	at java.lang.reflect.Method.invoke(Unknown Source)
	at com.zelle.stepdefinition.UniversalSteps.invokeElementMethod(UniversalSteps.java:119)
	at com.zelle.stepdefinition.UniversalSteps.validate_that_has_inner_text(UniversalSteps.java:411)
	at sun.reflect.NativeMethodAccessorImpl.invoke0(Native Method)
	at sun.reflect.NativeMethodAccessorImpl.invoke(Unknown Source)
	at sun.reflect.DelegatingMethodAccessorImpl.invoke(Unknown Source)
	at java.lang.reflect.Method.invoke(Unknown Source)
	at cucumber.runtime.Utils$1.call(Utils.java:37)
	at cucumber.runtime.Timeout.timeout(Timeout.java:13)
	at cucumber.runtime.Utils.invoke(Utils.java:31)
	at cucumber.runtime.java.JavaStepDefinition.execute(JavaStepDefinition.java:41)
	at cucumber.runtime.StepDefinitionMatch.runStep(StepDefinitionMatch.java:37)
	at cucumber.runtime.Runtime.runStep(Runtime.java:314)
	at cucumber.runtime.model.StepContainer.runStep(StepContainer.java:44)
	at cucumber.runtime.model.StepContainer.runSteps(StepContainer.java:39)
	at cucumber.runtime.model.CucumberScenario.run(CucumberScenario.java:44)
	at cucumber.runtime.model.CucumberFeature.run(CucumberFeature.java:165)
	at cucumber.api.testng.TestNGCucumberRunner.runCucumber(TestNGCucumberRunner.java:63)
	at cucumber.api.testng.AbstractTestNGCucumberTests.feature(AbstractTestNGCucumberTests.java:21)
	at sun.reflect.NativeMethodAccessorImpl.invoke0(Native Method)
	at sun.reflect.NativeMethodAccessorImpl.invoke(Unknown Source)
	at sun.reflect.DelegatingMethodAccessorImpl.invoke(Unknown Source)
	at java.lang.reflect.Method.invoke(Unknown Source)
	at org.testng.internal.MethodInvocationHelper.invokeMethod(MethodInvocationHelper.java:85)
	at org.testng.internal.Invoker.invokeMethod(Invoker.java:639)
	at org.testng.internal.Invoker.invokeTestMethod(Invoker.java:816)
	at org.testng.internal.Invoker.invokeTestMethods(Invoker.java:1124)
	at org.testng.internal.TestMethodWorker.invokeTestMethods(TestMethodWorker.java:125)
	at org.testng.internal.TestMethodWorker.run(TestMethodWorker.java:108)
	at org.testng.TestRunner.privateRun(TestRunner.java:774)
	at org.testng.TestRunner.run(TestRunner.java:624)
	at org.testng.SuiteRunner.runTest(SuiteRunner.java:359)
	at org.testng.SuiteRunner.runSequentially(SuiteRunner.java:354)
	at org.testng.SuiteRunner.privateRun(SuiteRunner.java:312)
	at org.testng.SuiteRunner.run(SuiteRunner.java:261)
	at org.testng.SuiteRunnerWorker.runSuite(SuiteRunnerWorker.java:52)
	at org.testng.SuiteRunnerWorker.run(SuiteRunnerWorker.java:86)
	at org.testng.TestNG.runSuitesSequentially(TestNG.java:1215)
	at org.testng.TestNG.runSuitesLocally(TestNG.java:1140)
	at org.testng.TestNG.run(TestNG.java:1048)
	at org.testng.remote.AbstractRemoteTestNG.run(AbstractRemoteTestNG.java:115)
	at org.testng.remote.RemoteTestNG.initAndRun(RemoteTestNG.java:251)
	at org.testng.remote.RemoteTestNG.main(RemoteTestNG.java:77)
Caused by: org.openqa.selenium.InvalidSelectorException: invalid selector: Unable to locate an element with the xpath expression //div[@class='instructionMessage']/p[contains(text),'To continue anyway'] because of the following error:
SyntaxError: Failed to execute 'evaluate' on 'Document': The string '//div[@class='instructionMessage']/p[contains(text),'To continue anyway']' is not a valid XPath expression.
  (Session info: chrome=84.0.4147.89)
For documentation on this error, please visit: http://seleniumhq.org/exceptions/invalid_selector_exception.html
Build info: version: '3.141.5', revision: 'd54ebd709a', time: '2018-11-06T11:42:16'
System info: host: 'IXC1-LT3WBDWT2', ip: '100.77.5.242', os.name: 'Windows 10', os.arch: 'amd64', os.version: '10.0', java.version: '1.8.0_162'
Driver info: org.openqa.selenium.chrome.ChromeDriver
Capabilities {acceptInsecureCerts: false, browserName: chrome, browserVersion: 84.0.4147.89, chrome: {chromedriverVersion: 83.0.4103.39 (ccbf011cb2d2b..., userDataDir: C:\Users\e3019085\AppData\L...}, goog:chromeOptions: {debuggerAddress: localhost:54429}, javascriptEnabled: true, networkConnectionEnabled: false, pageLoadStrategy: normal, platform: WINDOWS, platformName: WINDOWS, proxy: Proxy(), setWindowRect: true, strictFileInteractability: false, timeouts: {implicit: 0, pageLoad: 300000, script: 30000}, unhandledPromptBehavior: dismiss and notify, webauthn:virtualAuthenticators: true}
Session ID: a86b9e2344966975417786cd64c915a2
*** Element info: {Using=xpath, value=//div[@class='instructionMessage']/p[contains(text),'To continue anyway']}
	at sun.reflect.NativeConstructorAccessorImpl.newInstance0(Native Method)
	at sun.reflect.NativeConstructorAccessorImpl.newInstance(Unknown Source)
	at sun.reflect.DelegatingConstructorAccessorImpl.newInstance(Unknown Source)
	at java.lang.reflect.Constructor.newInstance(Unknown Source)
	at org.openqa.selenium.remote.http.W3CHttpResponseCodec.createException(W3CHttpResponseCodec.java:187)
	at org.openqa.selenium.remote.http.W3CHttpResponseCodec.decode(W3CHttpResponseCodec.java:122)
	at org.openqa.selenium.remote.http.W3CHttpResponseCodec.decode(W3CHttpResponseCodec.java:49)
	at org.openqa.selenium.remote.HttpCommandExecutor.execute(HttpCommandExecutor.java:158)
	at org.openqa.selenium.remote.service.DriverCommandExecutor.execute(DriverCommandExecutor.java:83)
	at org.openqa.selenium.remote.RemoteWebDriver.execute(RemoteWebDriver.java:552)
	at org.openqa.selenium.remote.RemoteWebDriver.findElement(RemoteWebDriver.java:323)
	at org.openqa.selenium.remote.RemoteWebDriver.findElementByXPath(RemoteWebDriver.java:428)
	at org.openqa.selenium.By$ByXPath.findElement(By.java:353)
	at org.openqa.selenium.remote.RemoteWebDriver.findElement(RemoteWebDriver.java:315)
	at com.epp.webelement.BaseElement.get(BaseElement.java:46)
	at com.epp.webelement.BaseElement.validateInnerText(BaseElement.java:66)
	... 46 more
java.lang.reflect.InvocationTargetException
	at sun.reflect.NativeMethodAccessorImpl.invoke0(Native Method)
	at sun.reflect.NativeMethodAccessorImpl.invoke(Unknown Source)
	at sun.reflect.DelegatingMethodAccessorImpl.invoke(Unknown Source)
	at java.lang.reflect.Method.invoke(Unknown Source)
	at com.zelle.stepdefinition.UniversalSteps.invokeElementMethod(UniversalSteps.java:119)
	at com.zelle.stepdefinition.UniversalSteps.validate_that_has_inner_text(UniversalSteps.java:411)
	at sun.reflect.NativeMethodAccessorImpl.invoke0(Native Method)
	at sun.reflect.NativeMethodAccessorImpl.invoke(Unknown Source)
	at sun.reflect.DelegatingMethodAccessorImpl.invoke(Unknown Source)
	at java.lang.reflect.Method.invoke(Unknown Source)
	at cucumber.runtime.Utils$1.call(Utils.java:37)
	at cucumber.runtime.Timeout.timeout(Timeout.java:13)
	at cucumber.runtime.Utils.invoke(Utils.java:31)
	at cucumber.runtime.java.JavaStepDefinition.execute(JavaStepDefinition.java:41)
	at cucumber.runtime.StepDefinitionMatch.runStep(StepDefinitionMatch.java:37)
	at cucumber.runtime.Runtime.runStep(Runtime.java:314)
	at cucumber.runtime.model.StepContainer.runStep(StepContainer.java:44)
	at cucumber.runtime.model.StepContainer.runSteps(StepContainer.java:39)
	at cucumber.runtime.model.CucumberScenario.run(CucumberScenario.java:44)
	at cucumber.runtime.model.CucumberFeature.run(CucumberFeature.java:165)
	at cucumber.api.testng.TestNGCucumberRunner.runCucumber(TestNGCucumberRunner.java:63)
	at cucumber.api.testng.AbstractTestNGCucumberTests.feature(AbstractTestNGCucumberTests.java:21)
	at sun.reflect.NativeMethodAccessorImpl.invoke0(Native Method)
	at sun.reflect.NativeMethodAccessorImpl.invoke(Unknown Source)
	at sun.reflect.DelegatingMethodAccessorImpl.invoke(Unknown Source)
	at java.lang.reflect.Method.invoke(Unknown Source)
	at org.testng.internal.MethodInvocationHelper.invokeMethod(MethodInvocationHelper.java:85)
	at org.testng.internal.Invoker.invokeMethod(Invoker.java:639)
	at org.testng.internal.Invoker.invokeTestMethod(Invoker.java:816)
	at org.testng.internal.Invoker.invokeTestMethods(Invoker.java:1124)
	at org.testng.internal.TestMethodWorker.invokeTestMethods(TestMethodWorker.java:125)
	at org.testng.internal.TestMethodWorker.run(TestMethodWorker.java:108)
	at org.testng.TestRunner.privateRun(TestRunner.java:774)
	at org.testng.TestRunner.run(TestRunner.java:624)
	at org.testng.SuiteRunner.runTest(SuiteRunner.java:359)
	at org.testng.SuiteRunner.runSequentially(SuiteRunner.java:354)
	at org.testng.SuiteRunner.privateRun(SuiteRunner.java:312)
	at org.testng.SuiteRunner.run(SuiteRunner.java:261)
	at org.testng.SuiteRunnerWorker.runSuite(SuiteRunnerWorker.java:52)
	at org.testng.SuiteRunnerWorker.run(SuiteRunnerWorker.java:86)
	at org.testng.TestNG.runSuitesSequentially(TestNG.java:1215)
	at org.testng.TestNG.runSuitesLocally(TestNG.java:1140)
	at org.testng.TestNG.run(TestNG.java:1048)
	at org.testng.remote.AbstractRemoteTestNG.run(AbstractRemoteTestNG.java:115)
	at org.testng.remote.RemoteTestNG.initAndRun(RemoteTestNG.java:251)
	at org.testng.remote.RemoteTestNG.main(RemoteTestNG.java:77)
Caused by: org.openqa.selenium.InvalidSelectorException: invalid selector: Unable to locate an element with the xpath expression //div[@class='instructionMessage']/p[contains(text),'To continue anyway'] because of the following error:
SyntaxError: Failed to execute 'evaluate' on 'Document': The string '//div[@class='instructionMessage']/p[contains(text),'To continue anyway']' is not a valid XPath expression.
  (Session info: chrome=84.0.4147.89)
For documentation on this error, please visit: http://seleniumhq.org/exceptions/invalid_selector_exception.html
Build info: version: '3.141.5', revision: 'd54ebd709a', time: '2018-11-06T11:42:16'
System info: host: 'IXC1-LT3WBDWT2', ip: '100.77.5.242', os.name: 'Windows 10', os.arch: 'amd64', os.version: '10.0', java.version: '1.8.0_162'
Driver info: org.openqa.selenium.chrome.ChromeDriver
Capabilities {acceptInsecureCerts: false, browserName: chrome, browserVersion: 84.0.4147.89, chrome: {chromedriverVersion: 83.0.4103.39 (ccbf011cb2d2b..., userDataDir: C:\Users\e3019085\AppData\L...}, goog:chromeOptions: {debuggerAddress: localhost:54429}, javascriptEnabled: true, networkConnectionEnabled: false, pageLoadStrategy: normal, platform: WINDOWS, platformName: WINDOWS, proxy: Proxy(), setWindowRect: true, strictFileInteractability: false, timeouts: {implicit: 0, pageLoad: 300000, script: 30000}, unhandledPromptBehavior: dismiss and notify, webauthn:virtualAuthenticators: true}
Session ID: a86b9e2344966975417786cd64c915a2
*** Element info: {Using=xpath, value=//div[@class='instructionMessage']/p[contains(text),'To continue anyway']}
	at sun.reflect.NativeConstructorAccessorImpl.newInstance0(Native Method)
	at sun.reflect.NativeConstructorAccessorImpl.newInstance(Unknown Source)
	at sun.reflect.DelegatingConstructorAccessorImpl.newInstance(Unknown Source)
	at java.lang.reflect.Constructor.newInstance(Unknown Source)
	at org.openqa.selenium.remote.http.W3CHttpResponseCodec.createException(W3CHttpResponseCodec.java:187)
	at org.openqa.selenium.remote.http.W3CHttpResponseCodec.decode(W3CHttpResponseCodec.java:122)
	at org.openqa.selenium.remote.http.W3CHttpResponseCodec.decode(W3CHttpResponseCodec.java:49)
	at org.openqa.selenium.remote.HttpCommandExecutor.execute(HttpCommandExecutor.java:158)
	at org.openqa.selenium.remote.service.DriverCommandExecutor.execute(DriverCommandExecutor.java:83)
	at org.openqa.selenium.remote.RemoteWebDriver.execute(RemoteWebDriver.java:552)
	at org.openqa.selenium.remote.RemoteWebDriver.findElement(RemoteWebDriver.java:323)
	at org.openqa.selenium.remote.RemoteWebDriver.findElementByXPath(RemoteWebDriver.java:428)
	at org.openqa.selenium.By$ByXPath.findElement(By.java:353)
	at org.openqa.selenium.remote.RemoteWebDriver.findElement(RemoteWebDriver.java:315)
	at com.epp.webelement.BaseElement.get(BaseElement.java:46)
	at com.epp.webelement.BaseElement.validateInnerText(BaseElement.java:66)
	... 46 more
java.lang.reflect.InvocationTargetException
	at sun.reflect.NativeMethodAccessorImpl.invoke0(Native Method)
	at sun.reflect.NativeMethodAccessorImpl.invoke(Unknown Source)
	at sun.reflect.DelegatingMethodAccessorImpl.invoke(Unknown Source)
	at java.lang.reflect.Method.invoke(Unknown Source)
	at com.zelle.stepdefinition.UniversalSteps.invokeElementMethod(UniversalSteps.java:119)
	at com.zelle.stepdefinition.UniversalSteps.validate_that_has_inner_text(UniversalSteps.java:411)
	at sun.reflect.NativeMethodAccessorImpl.invoke0(Native Method)
	at sun.reflect.NativeMethodAccessorImpl.invoke(Unknown Source)
	at sun.reflect.DelegatingMethodAccessorImpl.invoke(Unknown Source)
	at java.lang.reflect.Method.invoke(Unknown Source)
	at cucumber.runtime.Utils$1.call(Utils.java:37)
	at cucumber.runtime.Timeout.timeout(Timeout.java:13)
	at cucumber.runtime.Utils.invoke(Utils.java:31)
	at cucumber.runtime.java.JavaStepDefinition.execute(JavaStepDefinition.java:41)
	at cucumber.runtime.StepDefinitionMatch.runStep(StepDefinitionMatch.java:37)
	at cucumber.runtime.Runtime.runStep(Runtime.java:314)
	at cucumber.runtime.model.StepContainer.runStep(StepContainer.java:44)
	at cucumber.runtime.model.StepContainer.runSteps(StepContainer.java:39)
	at cucumber.runtime.model.CucumberScenario.run(CucumberScenario.java:44)
	at cucumber.runtime.model.CucumberFeature.run(CucumberFeature.java:165)
	at cucumber.api.testng.TestNGCucumberRunner.runCucumber(TestNGCucumberRunner.java:63)
	at cucumber.api.testng.AbstractTestNGCucumberTests.feature(AbstractTestNGCucumberTests.java:21)
	at sun.reflect.NativeMethodAccessorImpl.invoke0(Native Method)
	at sun.reflect.NativeMethodAccessorImpl.invoke(Unknown Source)
	at sun.reflect.DelegatingMethodAccessorImpl.invoke(Unknown Source)
	at java.lang.reflect.Method.invoke(Unknown Source)
	at org.testng.internal.MethodInvocationHelper.invokeMethod(MethodInvocationHelper.java:85)
	at org.testng.internal.Invoker.invokeMethod(Invoker.java:639)
	at org.testng.internal.Invoker.invokeTestMethod(Invoker.java:816)
	at org.testng.internal.Invoker.invokeTestMethods(Invoker.java:1124)
	at org.testng.internal.TestMethodWorker.invokeTestMethods(TestMethodWorker.java:125)
	at org.testng.internal.TestMethodWorker.run(TestMethodWorker.java:108)
	at org.testng.TestRunner.privateRun(TestRunner.java:774)
	at org.testng.TestRunner.run(TestRunner.java:624)
	at org.testng.SuiteRunner.runTest(SuiteRunner.java:359)
	at org.testng.SuiteRunner.runSequentially(SuiteRunner.java:354)
	at org.testng.SuiteRunner.privateRun(SuiteRunner.java:312)
	at org.testng.SuiteRunner.run(SuiteRunner.java:261)
	at org.testng.SuiteRunnerWorker.runSuite(SuiteRunnerWorker.java:52)
	at org.testng.SuiteRunnerWorker.run(SuiteRunnerWorker.java:86)
	at org.testng.TestNG.runSuitesSequentially(TestNG.java:1215)
	at org.testng.TestNG.runSuitesLocally(TestNG.java:1140)
	at org.testng.TestNG.run(TestNG.java:1048)
	at org.testng.remote.AbstractRemoteTestNG.run(AbstractRemoteTestNG.java:115)
	at org.testng.remote.RemoteTestNG.initAndRun(RemoteTestNG.java:251)
	at org.testng.remote.RemoteTestNG.main(RemoteTestNG.java:77)
Caused by: org.openqa.selenium.InvalidSelectorException: invalid selector: Unable to locate an element with the xpath expression //div[@class='instructionMessage']/p[contains(text),'To continue anyway'] because of the following error:
SyntaxError: Failed to execute 'evaluate' on 'Document': The string '//div[@class='instructionMessage']/p[contains(text),'To continue anyway']' is not a valid XPath expression.
  (Session info: chrome=84.0.4147.89)
For documentation on this error, please visit: http://seleniumhq.org/exceptions/invalid_selector_exception.html
Build info: version: '3.141.5', revision: 'd54ebd709a', time: '2018-11-06T11:42:16'
System info: host: 'IXC1-LT3WBDWT2', ip: '100.77.5.242', os.name: 'Windows 10', os.arch: 'amd64', os.version: '10.0', java.version: '1.8.0_162'
Driver info: org.openqa.selenium.chrome.ChromeDriver
Capabilities {acceptInsecureCerts: false, browserName: chrome, browserVersion: 84.0.4147.89, chrome: {chromedriverVersion: 83.0.4103.39 (ccbf011cb2d2b..., userDataDir: C:\Users\e3019085\AppData\L...}, goog:chromeOptions: {debuggerAddress: localhost:54429}, javascriptEnabled: true, networkConnectionEnabled: false, pageLoadStrategy: normal, platform: WINDOWS, platformName: WINDOWS, proxy: Proxy(), setWindowRect: true, strictFileInteractability: false, timeouts: {implicit: 0, pageLoad: 300000, script: 30000}, unhandledPromptBehavior: dismiss and notify, webauthn:virtualAuthenticators: true}
Session ID: a86b9e2344966975417786cd64c915a2
*** Element info: {Using=xpath, value=//div[@class='instructionMessage']/p[contains(text),'To continue anyway']}
	at sun.reflect.NativeConstructorAccessorImpl.newInstance0(Native Method)
	at sun.reflect.NativeConstructorAccessorImpl.newInstance(Unknown Source)
	at sun.reflect.DelegatingConstructorAccessorImpl.newInstance(Unknown Source)
	at java.lang.reflect.Constructor.newInstance(Unknown Source)
	at org.openqa.selenium.remote.http.W3CHttpResponseCodec.createException(W3CHttpResponseCodec.java:187)
	at org.openqa.selenium.remote.http.W3CHttpResponseCodec.decode(W3CHttpResponseCodec.java:122)
	at org.openqa.selenium.remote.http.W3CHttpResponseCodec.decode(W3CHttpResponseCodec.java:49)
	at org.openqa.selenium.remote.HttpCommandExecutor.execute(HttpCommandExecutor.java:158)
	at org.openqa.selenium.remote.service.DriverCommandExecutor.execute(DriverCommandExecutor.java:83)
	at org.openqa.selenium.remote.RemoteWebDriver.execute(RemoteWebDriver.java:552)
	at org.openqa.selenium.remote.RemoteWebDriver.findElement(RemoteWebDriver.java:323)
	at org.openqa.selenium.remote.RemoteWebDriver.findElementByXPath(RemoteWebDriver.java:428)
	at org.openqa.selenium.By$ByXPath.findElement(By.java:353)
	at org.openqa.selenium.remote.RemoteWebDriver.findElement(RemoteWebDriver.java:315)
	at com.epp.webelement.BaseElement.get(BaseElement.java:46)
	at com.epp.webelement.BaseElement.validateInnerText(BaseElement.java:66)
	... 46 more
java.lang.reflect.InvocationTargetException
	at sun.reflect.NativeMethodAccessorImpl.invoke0(Native Method)
	at sun.reflect.NativeMethodAccessorImpl.invoke(Unknown Source)
	at sun.reflect.DelegatingMethodAccessorImpl.invoke(Unknown Source)
	at java.lang.reflect.Method.invoke(Unknown Source)
	at com.zelle.stepdefinition.UniversalSteps.invokeElementMethod(UniversalSteps.java:119)
	at com.zelle.stepdefinition.UniversalSteps.validate_that_has_inner_text(UniversalSteps.java:411)
	at sun.reflect.NativeMethodAccessorImpl.invoke0(Native Method)
	at sun.reflect.NativeMethodAccessorImpl.invoke(Unknown Source)
	at sun.reflect.DelegatingMethodAccessorImpl.invoke(Unknown Source)
	at java.lang.reflect.Method.invoke(Unknown Source)
	at cucumber.runtime.Utils$1.call(Utils.java:37)
	at cucumber.runtime.Timeout.timeout(Timeout.java:13)
	at cucumber.runtime.Utils.invoke(Utils.java:31)
	at cucumber.runtime.java.JavaStepDefinition.execute(JavaStepDefinition.java:41)
	at cucumber.runtime.StepDefinitionMatch.runStep(StepDefinitionMatch.java:37)
	at cucumber.runtime.Runtime.runStep(Runtime.java:314)
	at cucumber.runtime.model.StepContainer.runStep(StepContainer.java:44)
	at cucumber.runtime.model.StepContainer.runSteps(StepContainer.java:39)
	at cucumber.runtime.model.CucumberScenario.run(CucumberScenario.java:44)
	at cucumber.runtime.model.CucumberFeature.run(CucumberFeature.java:165)
	at cucumber.api.testng.TestNGCucumberRunner.runCucumber(TestNGCucumberRunner.java:63)
	at cucumber.api.testng.AbstractTestNGCucumberTests.feature(AbstractTestNGCucumberTests.java:21)
	at sun.reflect.NativeMethodAccessorImpl.invoke0(Native Method)
	at sun.reflect.NativeMethodAccessorImpl.invoke(Unknown Source)
	at sun.reflect.DelegatingMethodAccessorImpl.invoke(Unknown Source)
	at java.lang.reflect.Method.invoke(Unknown Source)
	at org.testng.internal.MethodInvocationHelper.invokeMethod(MethodInvocationHelper.java:85)
	at org.testng.internal.Invoker.invokeMethod(Invoker.java:639)
	at org.testng.internal.Invoker.invokeTestMethod(Invoker.java:816)
	at org.testng.internal.Invoker.invokeTestMethods(Invoker.java:1124)
	at org.testng.internal.TestMethodWorker.invokeTestMethods(TestMethodWorker.java:125)
	at org.testng.internal.TestMethodWorker.run(TestMethodWorker.java:108)
	at org.testng.TestRunner.privateRun(TestRunner.java:774)
	at org.testng.TestRunner.run(TestRunner.java:624)
	at org.testng.SuiteRunner.runTest(SuiteRunner.java:359)
	at org.testng.SuiteRunner.runSequentially(SuiteRunner.java:354)
	at org.testng.SuiteRunner.privateRun(SuiteRunner.java:312)
	at org.testng.SuiteRunner.run(SuiteRunner.java:261)
	at org.testng.SuiteRunnerWorker.runSuite(SuiteRunnerWorker.java:52)
	at org.testng.SuiteRunnerWorker.run(SuiteRunnerWorker.java:86)
	at org.testng.TestNG.runSuitesSequentially(TestNG.java:1215)
	at org.testng.TestNG.runSuitesLocally(TestNG.java:1140)
	at org.testng.TestNG.run(TestNG.java:1048)
	at org.testng.remote.AbstractRemoteTestNG.run(AbstractRemoteTestNG.java:115)
	at org.testng.remote.RemoteTestNG.initAndRun(RemoteTestNG.java:251)
	at org.testng.remote.RemoteTestNG.main(RemoteTestNG.java:77)
Caused by: org.openqa.selenium.InvalidSelectorException: invalid selector: Unable to locate an element with the xpath expression //div[@class='instructionMessage']/p[contains(text),'To continue anyway'] because of the following error:
SyntaxError: Failed to execute 'evaluate' on 'Document': The string '//div[@class='instructionMessage']/p[contains(text),'To continue anyway']' is not a valid XPath expression.
  (Session info: chrome=84.0.4147.89)
For documentation on this error, please visit: http://seleniumhq.org/exceptions/invalid_selector_exception.html
Build info: version: '3.141.5', revision: 'd54ebd709a', time: '2018-11-06T11:42:16'
System info: host: 'IXC1-LT3WBDWT2', ip: '100.77.5.242', os.name: 'Windows 10', os.arch: 'amd64', os.version: '10.0', java.version: '1.8.0_162'
Driver info: org.openqa.selenium.chrome.ChromeDriver
Capabilities {acceptInsecureCerts: false, browserName: chrome, browserVersion: 84.0.4147.89, chrome: {chromedriverVersion: 83.0.4103.39 (ccbf011cb2d2b..., userDataDir: C:\Users\e3019085\AppData\L...}, goog:chromeOptions: {debuggerAddress: localhost:54429}, javascriptEnabled: true, networkConnectionEnabled: false, pageLoadStrategy: normal, platform: WINDOWS, platformName: WINDOWS, proxy: Proxy(), setWindowRect: true, strictFileInteractability: false, timeouts: {implicit: 0, pageLoad: 300000, script: 30000}, unhandledPromptBehavior: dismiss and notify, webauthn:virtualAuthenticators: true}
Session ID: a86b9e2344966975417786cd64c915a2
*** Element info: {Using=xpath, value=//div[@class='instructionMessage']/p[contains(text),'To continue anyway']}
	at sun.reflect.NativeConstructorAccessorImpl.newInstance0(Native Method)
	at sun.reflect.NativeConstructorAccessorImpl.newInstance(Unknown Source)
	at sun.reflect.DelegatingConstructorAccessorImpl.newInstance(Unknown Source)
	at java.lang.reflect.Constructor.newInstance(Unknown Source)
	at org.openqa.selenium.remote.http.W3CHttpResponseCodec.createException(W3CHttpResponseCodec.java:187)
	at org.openqa.selenium.remote.http.W3CHttpResponseCodec.decode(W3CHttpResponseCodec.java:122)
	at org.openqa.selenium.remote.http.W3CHttpResponseCodec.decode(W3CHttpResponseCodec.java:49)
	at org.openqa.selenium.remote.HttpCommandExecutor.execute(HttpCommandExecutor.java:158)
	at org.openqa.selenium.remote.service.DriverCommandExecutor.execute(DriverCommandExecutor.java:83)
	at org.openqa.selenium.remote.RemoteWebDriver.execute(RemoteWebDriver.java:552)
	at org.openqa.selenium.remote.RemoteWebDriver.findElement(RemoteWebDriver.java:323)
	at org.openqa.selenium.remote.RemoteWebDriver.findElementByXPath(RemoteWebDriver.java:428)
	at org.openqa.selenium.By$ByXPath.findElement(By.java:353)
	at org.openqa.selenium.remote.RemoteWebDriver.findElement(RemoteWebDriver.java:315)
	at com.epp.webelement.BaseElement.get(BaseElement.java:46)
	at com.epp.webelement.BaseElement.validateInnerText(BaseElement.java:66)
	... 46 more
java.lang.reflect.InvocationTargetException
	at sun.reflect.NativeMethodAccessorImpl.invoke0(Native Method)
	at sun.reflect.NativeMethodAccessorImpl.invoke(Unknown Source)
	at sun.reflect.DelegatingMethodAccessorImpl.invoke(Unknown Source)
	at java.lang.reflect.Method.invoke(Unknown Source)
	at com.zelle.stepdefinition.UniversalSteps.invokeElementMethod(UniversalSteps.java:119)
	at com.zelle.stepdefinition.UniversalSteps.validate_that_has_inner_text(UniversalSteps.java:411)
	at sun.reflect.NativeMethodAccessorImpl.invoke0(Native Method)
	at sun.reflect.NativeMethodAccessorImpl.invoke(Unknown Source)
	at sun.reflect.DelegatingMethodAccessorImpl.invoke(Unknown Source)
	at java.lang.reflect.Method.invoke(Unknown Source)
	at cucumber.runtime.Utils$1.call(Utils.java:37)
	at cucumber.runtime.Timeout.timeout(Timeout.java:13)
	at cucumber.runtime.Utils.invoke(Utils.java:31)
	at cucumber.runtime.java.JavaStepDefinition.execute(JavaStepDefinition.java:41)
	at cucumber.runtime.StepDefinitionMatch.runStep(StepDefinitionMatch.java:37)
	at cucumber.runtime.Runtime.runStep(Runtime.java:314)
	at cucumber.runtime.model.StepContainer.runStep(StepContainer.java:44)
	at cucumber.runtime.model.StepContainer.runSteps(StepContainer.java:39)
	at cucumber.runtime.model.CucumberScenario.run(CucumberScenario.java:44)
	at cucumber.runtime.model.CucumberFeature.run(CucumberFeature.java:165)
	at cucumber.api.testng.TestNGCucumberRunner.runCucumber(TestNGCucumberRunner.java:63)
	at cucumber.api.testng.AbstractTestNGCucumberTests.feature(AbstractTestNGCucumberTests.java:21)
	at sun.reflect.NativeMethodAccessorImpl.invoke0(Native Method)
	at sun.reflect.NativeMethodAccessorImpl.invoke(Unknown Source)
	at sun.reflect.DelegatingMethodAccessorImpl.invoke(Unknown Source)
	at java.lang.reflect.Method.invoke(Unknown Source)
	at org.testng.internal.MethodInvocationHelper.invokeMethod(MethodInvocationHelper.java:85)
	at org.testng.internal.Invoker.invokeMethod(Invoker.java:639)
	at org.testng.internal.Invoker.invokeTestMethod(Invoker.java:816)
	at org.testng.internal.Invoker.invokeTestMethods(Invoker.java:1124)
	at org.testng.internal.TestMethodWorker.invokeTestMethods(TestMethodWorker.java:125)
	at org.testng.internal.TestMethodWorker.run(TestMethodWorker.java:108)
	at org.testng.TestRunner.privateRun(TestRunner.java:774)
	at org.testng.TestRunner.run(TestRunner.java:624)
	at org.testng.SuiteRunner.runTest(SuiteRunner.java:359)
	at org.testng.SuiteRunner.runSequentially(SuiteRunner.java:354)
	at org.testng.SuiteRunner.privateRun(SuiteRunner.java:312)
	at org.testng.SuiteRunner.run(SuiteRunner.java:261)
	at org.testng.SuiteRunnerWorker.runSuite(SuiteRunnerWorker.java:52)
	at org.testng.SuiteRunnerWorker.run(SuiteRunnerWorker.java:86)
	at org.testng.TestNG.runSuitesSequentially(TestNG.java:1215)
	at org.testng.TestNG.runSuitesLocally(TestNG.java:1140)
	at org.testng.TestNG.run(TestNG.java:1048)
	at org.testng.remote.AbstractRemoteTestNG.run(AbstractRemoteTestNG.java:115)
	at org.testng.remote.RemoteTestNG.initAndRun(RemoteTestNG.java:251)
	at org.testng.remote.RemoteTestNG.main(RemoteTestNG.java:77)
Caused by: org.openqa.selenium.InvalidSelectorException: invalid selector: Unable to locate an element with the xpath expression //div[@class='instructionMessage']/p[contains(text),'To continue anyway'] because of the following error:
SyntaxError: Failed to execute 'evaluate' on 'Document': The string '//div[@class='instructionMessage']/p[contains(text),'To continue anyway']' is not a valid XPath expression.
  (Session info: chrome=84.0.4147.89)
For documentation on this error, please visit: http://seleniumhq.org/exceptions/invalid_selector_exception.html
Build info: version: '3.141.5', revision: 'd54ebd709a', time: '2018-11-06T11:42:16'
System info: host: 'IXC1-LT3WBDWT2', ip: '100.77.5.242', os.name: 'Windows 10', os.arch: 'amd64', os.version: '10.0', java.version: '1.8.0_162'
Driver info: org.openqa.selenium.chrome.ChromeDriver
Capabilities {acceptInsecureCerts: false, browserName: chrome, browserVersion: 84.0.4147.89, chrome: {chromedriverVersion: 83.0.4103.39 (ccbf011cb2d2b..., userDataDir: C:\Users\e3019085\AppData\L...}, goog:chromeOptions: {debuggerAddress: localhost:54429}, javascriptEnabled: true, networkConnectionEnabled: false, pageLoadStrategy: normal, platform: WINDOWS, platformName: WINDOWS, proxy: Proxy(), setWindowRect: true, strictFileInteractability: false, timeouts: {implicit: 0, pageLoad: 300000, script: 30000}, unhandledPromptBehavior: dismiss and notify, webauthn:virtualAuthenticators: true}
Session ID: a86b9e2344966975417786cd64c915a2
*** Element info: {Using=xpath, value=//div[@class='instructionMessage']/p[contains(text),'To continue anyway']}
	at sun.reflect.NativeConstructorAccessorImpl.newInstance0(Native Method)
	at sun.reflect.NativeConstructorAccessorImpl.newInstance(Unknown Source)
	at sun.reflect.DelegatingConstructorAccessorImpl.newInstance(Unknown Source)
	at java.lang.reflect.Constructor.newInstance(Unknown Source)
	at org.openqa.selenium.remote.http.W3CHttpResponseCodec.createException(W3CHttpResponseCodec.java:187)
	at org.openqa.selenium.remote.http.W3CHttpResponseCodec.decode(W3CHttpResponseCodec.java:122)
	at org.openqa.selenium.remote.http.W3CHttpResponseCodec.decode(W3CHttpResponseCodec.java:49)
	at org.openqa.selenium.remote.HttpCommandExecutor.execute(HttpCommandExecutor.java:158)
	at org.openqa.selenium.remote.service.DriverCommandExecutor.execute(DriverCommandExecutor.java:83)
	at org.openqa.selenium.remote.RemoteWebDriver.execute(RemoteWebDriver.java:552)
	at org.openqa.selenium.remote.RemoteWebDriver.findElement(RemoteWebDriver.java:323)
	at org.openqa.selenium.remote.RemoteWebDriver.findElementByXPath(RemoteWebDriver.java:428)
	at org.openqa.selenium.By$ByXPath.findElement(By.java:353)
	at org.openqa.selenium.remote.RemoteWebDriver.findElement(RemoteWebDriver.java:315)
	at com.epp.webelement.BaseElement.get(BaseElement.java:46)
	at com.epp.webelement.BaseElement.validateInnerText(BaseElement.java:66)
	... 46 more
...
2020-07-24 14:27:47 ERROR - [class com.zelle.stepdefinition.UniversalSteps] : UniversalStep: Failed , java.lang.reflect.InvocationTargetException
	at sun.reflect.NativeMethodAccessorImpl.invoke0(Native Method)
	at sun.reflect.NativeMethodAccessorImpl.invoke(Unknown Source)
	at sun.reflect.DelegatingMethodAccessorImpl.invoke(Unknown Source)
	at java.lang.reflect.Method.invoke(Unknown Source)
	at com.zelle.stepdefinition.UniversalSteps.invokeElementMethod(UniversalSteps.java:119)
	at com.zelle.stepdefinition.UniversalSteps.validate_that_has_inner_text(UniversalSteps.java:411)
	at sun.reflect.NativeMethodAccessorImpl.invoke0(Native Method)
	at sun.reflect.NativeMethodAccessorImpl.invoke(Unknown Source)
	at sun.reflect.DelegatingMethodAccessorImpl.invoke(Unknown Source)
	at java.lang.reflect.Method.invoke(Unknown Source)
	at cucumber.runtime.Utils$1.call(Utils.java:37)
	at cucumber.runtime.Timeout.timeout(Timeout.java:13)
	at cucumber.runtime.Utils.invoke(Utils.java:31)
	at cucumber.runtime.java.JavaStepDefinition.execute(JavaStepDefinition.java:41)
	at cucumber.runtime.StepDefinitionMatch.runStep(StepDefinitionMatch.java:37)
	at cucumber.runtime.Runtime.runStep(Runtime.java:314)
	at cucumber.runtime.model.StepContainer.runStep(StepContainer.java:44)
	at cucumber.runtime.model.StepContainer.runSteps(StepContainer.java:39)
	at cucumber.runtime.model.CucumberScenario.run(CucumberScenario.java:44)
	at cucumber.runtime.model.CucumberFeature.run(CucumberFeature.java:165)
	at cucumber.api.testng.TestNGCucumberRunner.runCucumber(TestNGCucumberRunner.java:63)
	at cucumber.api.testng.AbstractTestNGCucumberTests.feature(AbstractTestNGCucumberTests.java:21)
	at sun.reflect.NativeMethodAccessorImpl.invoke0(Native Method)
	at sun.reflect.NativeMethodAccessorImpl.invoke(Unknown Source)
	at sun.reflect.DelegatingMethodAccessorImpl.invoke(Unknown Source)
	at java.lang.reflect.Method.invoke(Unknown Source)
	at org.testng.internal.MethodInvocationHelper.invokeMethod(MethodInvocationHelper.java:85)
	at org.testng.internal.Invoker.invokeMethod(Invoker.java:639)
	at org.testng.internal.Invoker.invokeTestMethod(Invoker.java:816)
	at org.testng.internal.Invoker.invokeTestMethods(Invoker.java:1124)
	at org.testng.internal.TestMethodWorker.invokeTestMethods(TestMethodWorker.java:125)
	at org.testng.internal.TestMethodWorker.run(TestMethodWorker.java:108)
	at org.testng.TestRunner.privateRun(TestRunner.java:774)
	at org.testng.TestRunner.run(TestRunner.java:624)
	at org.testng.SuiteRunner.runTest(SuiteRunner.java:359)
	at org.testng.SuiteRunner.runSequentially(SuiteRunner.java:354)
	at org.testng.SuiteRunner.privateRun(SuiteRunner.java:312)
	at org.testng.SuiteRunner.run(SuiteRunner.java:261)
	at org.testng.SuiteRunnerWorker.runSuite(SuiteRunnerWorker.java:52)
	at org.testng.SuiteRunnerWorker.run(SuiteRunnerWorker.java:86)
	at org.testng.TestNG.runSuitesSequentially(TestNG.java:1215)
	at org.testng.TestNG.runSuitesLocally(TestNG.java:1140)
	at org.testng.TestNG.run(TestNG.java:1048)
	at org.testng.remote.AbstractRemoteTestNG.run(AbstractRemoteTestNG.java:115)
	at org.testng.remote.RemoteTestNG.initAndRun(RemoteTestNG.java:251)
	at org.testng.remote.RemoteTestNG.main(RemoteTestNG.java:77)
Caused by: org.openqa.selenium.InvalidSelectorException: invalid selector: Unable to locate an element with the xpath expression //div[@class='instructionMessage']/p[contains(text),'To continue anyway'] because of the following error:
SyntaxError: Failed to execute 'evaluate' on 'Document': The string '//div[@class='instructionMessage']/p[contains(text),'To continue anyway']' is not a valid XPath expression.
  (Session info: chrome=84.0.4147.89)
For documentation on this error, please visit: http://seleniumhq.org/exceptions/invalid_selector_exception.html
Build info: version: '3.141.5', revision: 'd54ebd709a', time: '2018-11-06T11:42:16'
System info: host: 'IXC1-LT3WBDWT2', ip: '100.77.5.242', os.name: 'Windows 10', os.arch: 'amd64', os.version: '10.0', java.version: '1.8.0_162'
Driver info: org.openqa.selenium.chrome.ChromeDriver
Capabilities {acceptInsecureCerts: false, browserName: chrome, browserVersion: 84.0.4147.89, chrome: {chromedriverVersion: 83.0.4103.39 (ccbf011cb2d2b..., userDataDir: C:\Users\e3019085\AppData\L...}, goog:chromeOptions: {debuggerAddress: localhost:54429}, javascriptEnabled: true, networkConnectionEnabled: false, pageLoadStrategy: normal, platform: WINDOWS, platformName: WINDOWS, proxy: Proxy(), setWindowRect: true, strictFileInteractability: false, timeouts: {implicit: 0, pageLoad: 300000, script: 30000}, unhandledPromptBehavior: dismiss and notify, webauthn:virtualAuthenticators: true}
Session ID: a86b9e2344966975417786cd64c915a2
*** Element info: {Using=xpath, value=//div[@class='instructionMessage']/p[contains(text),'To continue anyway']}
	at sun.reflect.NativeConstructorAccessorImpl.newInstance0(Native Method)
	at sun.reflect.NativeConstructorAccessorImpl.newInstance(Unknown Source)
	at sun.reflect.DelegatingConstructorAccessorImpl.newInstance(Unknown Source)
	at java.lang.reflect.Constructor.newInstance(Unknown Source)
	at org.openqa.selenium.remote.http.W3CHttpResponseCodec.createException(W3CHttpResponseCodec.java:187)
	at org.openqa.selenium.remote.http.W3CHttpResponseCodec.decode(W3CHttpResponseCodec.java:122)
	at org.openqa.selenium.remote.http.W3CHttpResponseCodec.decode(W3CHttpResponseCodec.java:49)
	at org.openqa.selenium.remote.HttpCommandExecutor.execute(HttpCommandExecutor.java:158)
	at org.openqa.selenium.remote.service.DriverCommandExecutor.execute(DriverCommandExecutor.java:83)
	at org.openqa.selenium.remote.RemoteWebDriver.execute(RemoteWebDriver.java:552)
	at org.openqa.selenium.remote.RemoteWebDriver.findElement(RemoteWebDriver.java:323)
	at org.openqa.selenium.remote.RemoteWebDriver.findElementByXPath(RemoteWebDriver.java:428)
	at org.openqa.selenium.By$ByXPath.findElement(By.java:353)
	at org.openqa.selenium.remote.RemoteWebDriver.findElement(RemoteWebDriver.java:315)
	at com.epp.webelement.BaseElement.get(BaseElement.java:46)
	at com.epp.webelement.BaseElement.validateInnerText(BaseElement.java:66)
	... 46 more
java.lang.reflect.InvocationTargetException
	at sun.reflect.NativeMethodAccessorImpl.invoke0(Native Method)
	at sun.reflect.NativeMethodAccessorImpl.invoke(Unknown Source)
	at sun.reflect.DelegatingMethodAccessorImpl.invoke(Unknown Source)
	at java.lang.reflect.Method.invoke(Unknown Source)
	at com.zelle.stepdefinition.UniversalSteps.invokeElementMethod(UniversalSteps.java:119)
	at com.zelle.stepdefinition.UniversalSteps.validate_that_has_inner_text(UniversalSteps.java:411)
	at sun.reflect.NativeMethodAccessorImpl.invoke0(Native Method)
	at sun.reflect.NativeMethodAccessorImpl.invoke(Unknown Source)
	at sun.reflect.DelegatingMethodAccessorImpl.invoke(Unknown Source)
	at java.lang.reflect.Method.invoke(Unknown Source)
	at cucumber.runtime.Utils$1.call(Utils.java:37)
	at cucumber.runtime.Timeout.timeout(Timeout.java:13)
	at cucumber.runtime.Utils.invoke(Utils.java:31)
	at cucumber.runtime.java.JavaStepDefinition.execute(JavaStepDefinition.java:41)
	at cucumber.runtime.StepDefinitionMatch.runStep(StepDefinitionMatch.java:37)
	at cucumber.runtime.Runtime.runStep(Runtime.java:314)
	at cucumber.runtime.model.StepContainer.runStep(StepContainer.java:44)
	at cucumber.runtime.model.StepContainer.runSteps(StepContainer.java:39)
	at cucumber.runtime.model.CucumberScenario.run(CucumberScenario.java:44)
	at cucumber.runtime.model.CucumberFeature.run(CucumberFeature.java:165)
	at cucumber.api.testng.TestNGCucumberRunner.runCucumber(TestNGCucumberRunner.java:63)
	at cucumber.api.testng.AbstractTestNGCucumberTests.feature(AbstractTestNGCucumberTests.java:21)
	at sun.reflect.NativeMethodAccessorImpl.invoke0(Native Method)
	at sun.reflect.NativeMethodAccessorImpl.invoke(Unknown Source)
	at sun.reflect.DelegatingMethodAccessorImpl.invoke(Unknown Source)
	at java.lang.reflect.Method.invoke(Unknown Source)
	at org.testng.internal.MethodInvocationHelper.invokeMethod(MethodInvocationHelper.java:85)
	at org.testng.internal.Invoker.invokeMethod(Invoker.java:639)
	at org.testng.internal.Invoker.invokeTestMethod(Invoker.java:816)
	at org.testng.internal.Invoker.invokeTestMethods(Invoker.java:1124)
	at org.testng.internal.TestMethodWorker.invokeTestMethods(TestMethodWorker.java:125)
	at org.testng.internal.TestMethodWorker.run(TestMethodWorker.java:108)
	at org.testng.TestRunner.privateRun(TestRunner.java:774)
	at org.testng.TestRunner.run(TestRunner.java:624)
	at org.testng.SuiteRunner.runTest(SuiteRunner.java:359)
	at org.testng.SuiteRunner.runSequentially(SuiteRunner.java:354)
	at org.testng.SuiteRunner.privateRun(SuiteRunner.java:312)
	at org.testng.SuiteRunner.run(SuiteRunner.java:261)
	at org.testng.SuiteRunnerWorker.runSuite(SuiteRunnerWorker.java:52)
	at org.testng.SuiteRunnerWorker.run(SuiteRunnerWorker.java:86)
	at org.testng.TestNG.runSuitesSequentially(TestNG.java:1215)
	at org.testng.TestNG.runSuitesLocally(TestNG.java:1140)
	at org.testng.TestNG.run(TestNG.java:1048)
	at org.testng.remote.AbstractRemoteTestNG.run(AbstractRemoteTestNG.java:115)
	at org.testng.remote.RemoteTestNG.initAndRun(RemoteTestNG.java:251)
	at org.testng.remote.RemoteTestNG.main(RemoteTestNG.java:77)
Caused by: org.openqa.selenium.InvalidSelectorException: invalid selector: Unable to locate an element with the xpath expression //div[@class='instructionMessage']/p[contains(text),'To continue anyway'] because of the following error:
SyntaxError: Failed to execute 'evaluate' on 'Document': The string '//div[@class='instructionMessage']/p[contains(text),'To continue anyway']' is not a valid XPath expression.
  (Session info: chrome=84.0.4147.89)
For documentation on this error, please visit: http://seleniumhq.org/exceptions/invalid_selector_exception.html
Build info: version: '3.141.5', revision: 'd54ebd709a', time: '2018-11-06T11:42:16'
System info: host: 'IXC1-LT3WBDWT2', ip: '100.77.5.242', os.name: 'Windows 10', os.arch: 'amd64', os.version: '10.0', java.version: '1.8.0_162'
Driver info: org.openqa.selenium.chrome.ChromeDriver
Capabilities {acceptInsecureCerts: false, browserName: chrome, browserVersion: 84.0.4147.89, chrome: {chromedriverVersion: 83.0.4103.39 (ccbf011cb2d2b..., userDataDir: C:\Users\e3019085\AppData\L...}, goog:chromeOptions: {debuggerAddress: localhost:54429}, javascriptEnabled: true, networkConnectionEnabled: false, pageLoadStrategy: normal, platform: WINDOWS, platformName: WINDOWS, proxy: Proxy(), setWindowRect: true, strictFileInteractability: false, timeouts: {implicit: 0, pageLoad: 300000, script: 30000}, unhandledPromptBehavior: dismiss and notify, webauthn:virtualAuthenticators: true}
Session ID: a86b9e2344966975417786cd64c915a2
*** Element info: {Using=xpath, value=//div[@class='instructionMessage']/p[contains(text),'To continue anyway']}
	at sun.reflect.NativeConstructorAccessorImpl.newInstance0(Native Method)
	at sun.reflect.NativeConstructorAccessorImpl.newInstance(Unknown Source)
	at sun.reflect.DelegatingConstructorAccessorImpl.newInstance(Unknown Source)
	at java.lang.reflect.Constructor.newInstance(Unknown Source)
	at org.openqa.selenium.remote.http.W3CHttpResponseCodec.createException(W3CHttpResponseCodec.java:187)
	at org.openqa.selenium.remote.http.W3CHttpResponseCodec.decode(W3CHttpResponseCodec.java:122)
	at org.openqa.selenium.remote.http.W3CHttpResponseCodec.decode(W3CHttpResponseCodec.java:49)
	at org.openqa.selenium.remote.HttpCommandExecutor.execute(HttpCommandExecutor.java:158)
	at org.openqa.selenium.remote.service.DriverCommandExecutor.execute(DriverCommandExecutor.java:83)
	at org.openqa.selenium.remote.RemoteWebDriver.execute(RemoteWebDriver.java:552)
	at org.openqa.selenium.remote.RemoteWebDriver.findElement(RemoteWebDriver.java:323)
	at org.openqa.selenium.remote.RemoteWebDriver.findElementByXPath(RemoteWebDriver.java:428)
	at org.openqa.selenium.By$ByXPath.findElement(By.java:353)
	at org.openqa.selenium.remote.RemoteWebDriver.findElement(RemoteWebDriver.java:315)
	at com.epp.webelement.BaseElement.get(BaseElement.java:46)
	at com.epp.webelement.BaseElement.validateInnerText(BaseElement.java:66)
	... 46 more
java.lang.reflect.InvocationTargetException
	at sun.reflect.NativeMethodAccessorImpl.invoke0(Native Method)
	at sun.reflect.NativeMethodAccessorImpl.invoke(Unknown Source)
	at sun.reflect.DelegatingMethodAccessorImpl.invoke(Unknown Source)
	at java.lang.reflect.Method.invoke(Unknown Source)
	at com.zelle.stepdefinition.UniversalSteps.invokeElementMethod(UniversalSteps.java:119)
	at com.zelle.stepdefinition.UniversalSteps.validate_that_has_inner_text(UniversalSteps.java:411)
	at sun.reflect.NativeMethodAccessorImpl.invoke0(Native Method)
	at sun.reflect.NativeMethodAccessorImpl.invoke(Unknown Source)
	at sun.reflect.DelegatingMethodAccessorImpl.invoke(Unknown Source)
	at java.lang.reflect.Method.invoke(Unknown Source)
	at cucumber.runtime.Utils$1.call(Utils.java:37)
	at cucumber.runtime.Timeout.timeout(Timeout.java:13)
	at cucumber.runtime.Utils.invoke(Utils.java:31)
	at cucumber.runtime.java.JavaStepDefinition.execute(JavaStepDefinition.java:41)
	at cucumber.runtime.StepDefinitionMatch.runStep(StepDefinitionMatch.java:37)
	at cucumber.runtime.Runtime.runStep(Runtime.java:314)
	at cucumber.runtime.model.StepContainer.runStep(StepContainer.java:44)
	at cucumber.runtime.model.StepContainer.runSteps(StepContainer.java:39)
	at cucumber.runtime.model.CucumberScenario.run(CucumberScenario.java:44)
	at cucumber.runtime.model.CucumberFeature.run(CucumberFeature.java:165)
	at cucumber.api.testng.TestNGCucumberRunner.runCucumber(TestNGCucumberRunner.java:63)
	at cucumber.api.testng.AbstractTestNGCucumberTests.feature(AbstractTestNGCucumberTests.java:21)
	at sun.reflect.NativeMethodAccessorImpl.invoke0(Native Method)
	at sun.reflect.NativeMethodAccessorImpl.invoke(Unknown Source)
	at sun.reflect.DelegatingMethodAccessorImpl.invoke(Unknown Source)
	at java.lang.reflect.Method.invoke(Unknown Source)
	at org.testng.internal.MethodInvocationHelper.invokeMethod(MethodInvocationHelper.java:85)
	at org.testng.internal.Invoker.invokeMethod(Invoker.java:639)
	at org.testng.internal.Invoker.invokeTestMethod(Invoker.java:816)
	at org.testng.internal.Invoker.invokeTestMethods(Invoker.java:1124)
	at org.testng.internal.TestMethodWorker.invokeTestMethods(TestMethodWorker.java:125)
	at org.testng.internal.TestMethodWorker.run(TestMethodWorker.java:108)
	at org.testng.TestRunner.privateRun(TestRunner.java:774)
	at org.testng.TestRunner.run(TestRunner.java:624)
	at org.testng.SuiteRunner.runTest(SuiteRunner.java:359)
	at org.testng.SuiteRunner.runSequentially(SuiteRunner.java:354)
	at org.testng.SuiteRunner.privateRun(SuiteRunner.java:312)
	at org.testng.SuiteRunner.run(SuiteRunner.java:261)
	at org.testng.SuiteRunnerWorker.runSuite(SuiteRunnerWorker.java:52)
	at org.testng.SuiteRunnerWorker.run(SuiteRunnerWorker.java:86)
	at org.testng.TestNG.runSuitesSequentially(TestNG.java:1215)
	at org.testng.TestNG.runSuitesLocally(TestNG.java:1140)
	at org.testng.TestNG.run(TestNG.java:1048)
	at org.testng.remote.AbstractRemoteTestNG.run(AbstractRemoteTestNG.java:115)
	at org.testng.remote.RemoteTestNG.initAndRun(RemoteTestNG.java:251)
	at org.testng.remote.RemoteTestNG.main(RemoteTestNG.java:77)
Caused by: org.openqa.selenium.InvalidSelectorException: invalid selector: Unable to locate an element with the xpath expression //div[@class='instructionMessage']/p[contains(text),'To continue anyway'] because of the following error:
SyntaxError: Failed to execute 'evaluate' on 'Document': The string '//div[@class='instructionMessage']/p[contains(text),'To continue anyway']' is not a valid XPath expression.
  (Session info: chrome=84.0.4147.89)
For documentation on this error, please visit: http://seleniumhq.org/exceptions/invalid_selector_exception.html
Build info: version: '3.141.5', revision: 'd54ebd709a', time: '2018-11-06T11:42:16'
System info: host: 'IXC1-LT3WBDWT2', ip: '100.77.5.242', os.name: 'Windows 10', os.arch: 'amd64', os.version: '10.0', java.version: '1.8.0_162'
Driver info: org.openqa.selenium.chrome.ChromeDriver
Capabilities {acceptInsecureCerts: false, browserName: chrome, browserVersion: 84.0.4147.89, chrome: {chromedriverVersion: 83.0.4103.39 (ccbf011cb2d2b..., userDataDir: C:\Users\e3019085\AppData\L...}, goog:chromeOptions: {debuggerAddress: localhost:54429}, javascriptEnabled: true, networkConnectionEnabled: false, pageLoadStrategy: normal, platform: WINDOWS, platformName: WINDOWS, proxy: Proxy(), setWindowRect: true, strictFileInteractability: false, timeouts: {implicit: 0, pageLoad: 300000, script: 30000}, unhandledPromptBehavior: dismiss and notify, webauthn:virtualAuthenticators: true}
Session ID: a86b9e2344966975417786cd64c915a2
*** Element info: {Using=xpath, value=//div[@class='instructionMessage']/p[contains(text),'To continue anyway']}
	at sun.reflect.NativeConstructorAccessorImpl.newInstance0(Native Method)
	at sun.reflect.NativeConstructorAccessorImpl.newInstance(Unknown Source)
	at sun.reflect.DelegatingConstructorAccessorImpl.newInstance(Unknown Source)
	at java.lang.reflect.Constructor.newInstance(Unknown Source)
	at org.openqa.selenium.remote.http.W3CHttpResponseCodec.createException(W3CHttpResponseCodec.java:187)
	at org.openqa.selenium.remote.http.W3CHttpResponseCodec.decode(W3CHttpResponseCodec.java:122)
	at org.openqa.selenium.remote.http.W3CHttpResponseCodec.decode(W3CHttpResponseCodec.java:49)
	at org.openqa.selenium.remote.HttpCommandExecutor.execute(HttpCommandExecutor.java:158)
	at org.openqa.selenium.remote.service.DriverCommandExecutor.execute(DriverCommandExecutor.java:83)
	at org.openqa.selenium.remote.RemoteWebDriver.execute(RemoteWebDriver.java:552)
	at org.openqa.selenium.remote.RemoteWebDriver.findElement(RemoteWebDriver.java:323)
	at org.openqa.selenium.remote.RemoteWebDriver.findElementByXPath(RemoteWebDriver.java:428)
	at org.openqa.selenium.By$ByXPath.findElement(By.java:353)
	at org.openqa.selenium.remote.RemoteWebDriver.findElement(RemoteWebDriver.java:315)
	at com.epp.webelement.BaseElement.get(BaseElement.java:46)
	at com.epp.webelement.BaseElement.validateInnerText(BaseElement.java:66)
	... 46 more
java.lang.reflect.InvocationTargetException
	at sun.reflect.NativeMethodAccessorImpl.invoke0(Native Method)
	at sun.reflect.NativeMethodAccessorImpl.invoke(Unknown Source)
	at sun.reflect.DelegatingMethodAccessorImpl.invoke(Unknown Source)
	at java.lang.reflect.Method.invoke(Unknown Source)
	at com.zelle.stepdefinition.UniversalSteps.invokeElementMethod(UniversalSteps.java:119)
	at com.zelle.stepdefinition.UniversalSteps.validate_that_has_inner_text(UniversalSteps.java:411)
	at sun.reflect.NativeMethodAccessorImpl.invoke0(Native Method)
	at sun.reflect.NativeMethodAccessorImpl.invoke(Unknown Source)
	at sun.reflect.DelegatingMethodAccessorImpl.invoke(Unknown Source)
	at java.lang.reflect.Method.invoke(Unknown Source)
	at cucumber.runtime.Utils$1.call(Utils.java:37)
	at cucumber.runtime.Timeout.timeout(Timeout.java:13)
	at cucumber.runtime.Utils.invoke(Utils.java:31)
	at cucumber.runtime.java.JavaStepDefinition.execute(JavaStepDefinition.java:41)
	at cucumber.runtime.StepDefinitionMatch.runStep(StepDefinitionMatch.java:37)
	at cucumber.runtime.Runtime.runStep(Runtime.java:314)
	at cucumber.runtime.model.StepContainer.runStep(StepContainer.java:44)
	at cucumber.runtime.model.StepContainer.runSteps(StepContainer.java:39)
	at cucumber.runtime.model.CucumberScenario.run(CucumberScenario.java:44)
	at cucumber.runtime.model.CucumberFeature.run(CucumberFeature.java:165)
	at cucumber.api.testng.TestNGCucumberRunner.runCucumber(TestNGCucumberRunner.java:63)
	at cucumber.api.testng.AbstractTestNGCucumberTests.feature(AbstractTestNGCucumberTests.java:21)
	at sun.reflect.NativeMethodAccessorImpl.invoke0(Native Method)
	at sun.reflect.NativeMethodAccessorImpl.invoke(Unknown Source)
	at sun.reflect.DelegatingMethodAccessorImpl.invoke(Unknown Source)
	at java.lang.reflect.Method.invoke(Unknown Source)
	at org.testng.internal.MethodInvocationHelper.invokeMethod(MethodInvocationHelper.java:85)
	at org.testng.internal.Invoker.invokeMethod(Invoker.java:639)
	at org.testng.internal.Invoker.invokeTestMethod(Invoker.java:816)
	at org.testng.internal.Invoker.invokeTestMethods(Invoker.java:1124)
	at org.testng.internal.TestMethodWorker.invokeTestMethods(TestMethodWorker.java:125)
	at org.testng.internal.TestMethodWorker.run(TestMethodWorker.java:108)
	at org.testng.TestRunner.privateRun(TestRunner.java:774)
	at org.testng.TestRunner.run(TestRunner.java:624)
	at org.testng.SuiteRunner.runTest(SuiteRunner.java:359)
	at org.testng.SuiteRunner.runSequentially(SuiteRunner.java:354)
	at org.testng.SuiteRunner.privateRun(SuiteRunner.java:312)
	at org.testng.SuiteRunner.run(SuiteRunner.java:261)
	at org.testng.SuiteRunnerWorker.runSuite(SuiteRunnerWorker.java:52)
	at org.testng.SuiteRunnerWorker.run(SuiteRunnerWorker.java:86)
	at org.testng.TestNG.runSuitesSequentially(TestNG.java:1215)
	at org.testng.TestNG.runSuitesLocally(TestNG.java:1140)
	at org.testng.TestNG.run(TestNG.java:1048)
	at org.testng.remote.AbstractRemoteTestNG.run(AbstractRemoteTestNG.java:115)
	at org.testng.remote.RemoteTestNG.initAndRun(RemoteTestNG.java:251)
	at org.testng.remote.RemoteTestNG.main(RemoteTestNG.java:77)
Caused by: org.openqa.selenium.InvalidSelectorException: invalid selector: Unable to locate an element with the xpath expression //div[@class='instructionMessage']/p[contains(text),'To continue anyway'] because of the following error:
SyntaxError: Failed to execute 'evaluate' on 'Document': The string '//div[@class='instructionMessage']/p[contains(text),'To continue anyway']' is not a valid XPath expression.
  (Session info: chrome=84.0.4147.89)
For documentation on this error, please visit: http://seleniumhq.org/exceptions/invalid_selector_exception.html
Build info: version: '3.141.5', revision: 'd54ebd709a', time: '2018-11-06T11:42:16'
System info: host: 'IXC1-LT3WBDWT2', ip: '100.77.5.242', os.name: 'Windows 10', os.arch: 'amd64', os.version: '10.0', java.version: '1.8.0_162'
Driver info: org.openqa.selenium.chrome.ChromeDriver
Capabilities {acceptInsecureCerts: false, browserName: chrome, browserVersion: 84.0.4147.89, chrome: {chromedriverVersion: 83.0.4103.39 (ccbf011cb2d2b..., userDataDir: C:\Users\e3019085\AppData\L...}, goog:chromeOptions: {debuggerAddress: localhost:54429}, javascriptEnabled: true, networkConnectionEnabled: false, pageLoadStrategy: normal, platform: WINDOWS, platformName: WINDOWS, proxy: Proxy(), setWindowRect: true, strictFileInteractability: false, timeouts: {implicit: 0, pageLoad: 300000, script: 30000}, unhandledPromptBehavior: dismiss and notify, webauthn:virtualAuthenticators: true}
Session ID: a86b9e2344966975417786cd64c915a2
*** Element info: {Using=xpath, value=//div[@class='instructionMessage']/p[contains(text),'To continue anyway']}
	at sun.reflect.NativeConstructorAccessorImpl.newInstance0(Native Method)
	at sun.reflect.NativeConstructorAccessorImpl.newInstance(Unknown Source)
	at sun.reflect.DelegatingConstructorAccessorImpl.newInstance(Unknown Source)
	at java.lang.reflect.Constructor.newInstance(Unknown Source)
	at org.openqa.selenium.remote.http.W3CHttpResponseCodec.createException(W3CHttpResponseCodec.java:187)
	at org.openqa.selenium.remote.http.W3CHttpResponseCodec.decode(W3CHttpResponseCodec.java:122)
	at org.openqa.selenium.remote.http.W3CHttpResponseCodec.decode(W3CHttpResponseCodec.java:49)
	at org.openqa.selenium.remote.HttpCommandExecutor.execute(HttpCommandExecutor.java:158)
	at org.openqa.selenium.remote.service.DriverCommandExecutor.execute(DriverCommandExecutor.java:83)
	at org.openqa.selenium.remote.RemoteWebDriver.execute(RemoteWebDriver.java:552)
	at org.openqa.selenium.remote.RemoteWebDriver.findElement(RemoteWebDriver.java:323)
	at org.openqa.selenium.remote.RemoteWebDriver.findElementByXPath(RemoteWebDriver.java:428)
	at org.openqa.selenium.By$ByXPath.findElement(By.java:353)
	at org.openqa.selenium.remote.RemoteWebDriver.findElement(RemoteWebDriver.java:315)
	at com.epp.webelement.BaseElement.get(BaseElement.java:46)
	at com.epp.webelement.BaseElement.validateInnerText(BaseElement.java:66)
	... 46 more
java.lang.reflect.InvocationTargetException
	at sun.reflect.NativeMethodAccessorImpl.invoke0(Native Method)
	at sun.reflect.NativeMethodAccessorImpl.invoke(Unknown Source)
	at sun.reflect.DelegatingMethodAccessorImpl.invoke(Unknown Source)
	at java.lang.reflect.Method.invoke(Unknown Source)
	at com.zelle.stepdefinition.UniversalSteps.invokeElementMethod(UniversalSteps.java:119)
	at com.zelle.stepdefinition.UniversalSteps.validate_that_has_inner_text(UniversalSteps.java:411)
	at sun.reflect.NativeMethodAccessorImpl.invoke0(Native Method)
	at sun.reflect.NativeMethodAccessorImpl.invoke(Unknown Source)
	at sun.reflect.DelegatingMethodAccessorImpl.invoke(Unknown Source)
	at java.lang.reflect.Method.invoke(Unknown Source)
	at cucumber.runtime.Utils$1.call(Utils.java:37)
	at cucumber.runtime.Timeout.timeout(Timeout.java:13)
	at cucumber.runtime.Utils.invoke(Utils.java:31)
	at cucumber.runtime.java.JavaStepDefinition.execute(JavaStepDefinition.java:41)
	at cucumber.runtime.StepDefinitionMatch.runStep(StepDefinitionMatch.java:37)
	at cucumber.runtime.Runtime.runStep(Runtime.java:314)
	at cucumber.runtime.model.StepContainer.runStep(StepContainer.java:44)
	at cucumber.runtime.model.StepContainer.runSteps(StepContainer.java:39)
	at cucumber.runtime.model.CucumberScenario.run(CucumberScenario.java:44)
	at cucumber.runtime.model.CucumberFeature.run(CucumberFeature.java:165)
	at cucumber.api.testng.TestNGCucumberRunner.runCucumber(TestNGCucumberRunner.java:63)
	at cucumber.api.testng.AbstractTestNGCucumberTests.feature(AbstractTestNGCucumberTests.java:21)
	at sun.reflect.NativeMethodAccessorImpl.invoke0(Native Method)
	at sun.reflect.NativeMethodAccessorImpl.invoke(Unknown Source)
	at sun.reflect.DelegatingMethodAccessorImpl.invoke(Unknown Source)
	at java.lang.reflect.Method.invoke(Unknown Source)
	at org.testng.internal.MethodInvocationHelper.invokeMethod(MethodInvocationHelper.java:85)
	at org.testng.internal.Invoker.invokeMethod(Invoker.java:639)
	at org.testng.internal.Invoker.invokeTestMethod(Invoker.java:816)
	at org.testng.internal.Invoker.invokeTestMethods(Invoker.java:1124)
	at org.testng.internal.TestMethodWorker.invokeTestMethods(TestMethodWorker.java:125)
	at org.testng.internal.TestMethodWorker.run(TestMethodWorker.java:108)
	at org.testng.TestRunner.privateRun(TestRunner.java:774)
	at org.testng.TestRunner.run(TestRunner.java:624)
	at org.testng.SuiteRunner.runTest(SuiteRunner.java:359)
	at org.testng.SuiteRunner.runSequentially(SuiteRunner.java:354)
	at org.testng.SuiteRunner.privateRun(SuiteRunner.java:312)
	at org.testng.SuiteRunner.run(SuiteRunner.java:261)
	at org.testng.SuiteRunnerWorker.runSuite(SuiteRunnerWorker.java:52)
	at org.testng.SuiteRunnerWorker.run(SuiteRunnerWorker.java:86)
	at org.testng.TestNG.runSuitesSequentially(TestNG.java:1215)
	at org.testng.TestNG.runSuitesLocally(TestNG.java:1140)
	at org.testng.TestNG.run(TestNG.java:1048)
	at org.testng.remote.AbstractRemoteTestNG.run(AbstractRemoteTestNG.java:115)
	at org.testng.remote.RemoteTestNG.initAndRun(RemoteTestNG.java:251)
	at org.testng.remote.RemoteTestNG.main(RemoteTestNG.java:77)
Caused by: org.openqa.selenium.InvalidSelectorException: invalid selector: Unable to locate an element with the xpath expression //div[@class='instructionMessage']/p[contains(text),'To continue anyway'] because of the following error:
SyntaxError: Failed to execute 'evaluate' on 'Document': The string '//div[@class='instructionMessage']/p[contains(text),'To continue anyway']' is not a valid XPath expression.
  (Session info: chrome=84.0.4147.89)
For documentation on this error, please visit: http://seleniumhq.org/exceptions/invalid_selector_exception.html
Build info: version: '3.141.5', revision: 'd54ebd709a', time: '2018-11-06T11:42:16'
System info: host: 'IXC1-LT3WBDWT2', ip: '100.77.5.242', os.name: 'Windows 10', os.arch: 'amd64', os.version: '10.0', java.version: '1.8.0_162'
Driver info: org.openqa.selenium.chrome.ChromeDriver
Capabilities {acceptInsecureCerts: false, browserName: chrome, browserVersion: 84.0.4147.89, chrome: {chromedriverVersion: 83.0.4103.39 (ccbf011cb2d2b..., userDataDir: C:\Users\e3019085\AppData\L...}, goog:chromeOptions: {debuggerAddress: localhost:54429}, javascriptEnabled: true, networkConnectionEnabled: false, pageLoadStrategy: normal, platform: WINDOWS, platformName: WINDOWS, proxy: Proxy(), setWindowRect: true, strictFileInteractability: false, timeouts: {implicit: 0, pageLoad: 300000, script: 30000}, unhandledPromptBehavior: dismiss and notify, webauthn:virtualAuthenticators: true}
Session ID: a86b9e2344966975417786cd64c915a2
*** Element info: {Using=xpath, value=//div[@class='instructionMessage']/p[contains(text),'To continue anyway']}
	at sun.reflect.NativeConstructorAccessorImpl.newInstance0(Native Method)
	at sun.reflect.NativeConstructorAccessorImpl.newInstance(Unknown Source)
	at sun.reflect.DelegatingConstructorAccessorImpl.newInstance(Unknown Source)
	at java.lang.reflect.Constructor.newInstance(Unknown Source)
	at org.openqa.selenium.remote.http.W3CHttpResponseCodec.createException(W3CHttpResponseCodec.java:187)
	at org.openqa.selenium.remote.http.W3CHttpResponseCodec.decode(W3CHttpResponseCodec.java:122)
	at org.openqa.selenium.remote.http.W3CHttpResponseCodec.decode(W3CHttpResponseCodec.java:49)
	at org.openqa.selenium.remote.HttpCommandExecutor.execute(HttpCommandExecutor.java:158)
	at org.openqa.selenium.remote.service.DriverCommandExecutor.execute(DriverCommandExecutor.java:83)
	at org.openqa.selenium.remote.RemoteWebDriver.execute(RemoteWebDriver.java:552)
	at org.openqa.selenium.remote.RemoteWebDriver.findElement(RemoteWebDriver.java:323)
	at org.openqa.selenium.remote.RemoteWebDriver.findElementByXPath(RemoteWebDriver.java:428)
	at org.openqa.selenium.By$ByXPath.findElement(By.java:353)
	at org.openqa.selenium.remote.RemoteWebDriver.findElement(RemoteWebDriver.java:315)
	at com.epp.webelement.BaseElement.get(BaseElement.java:46)
	at com.epp.webelement.BaseElement.validateInnerText(BaseElement.java:66)
	... 46 more
java.lang.reflect.InvocationTargetException
	at sun.reflect.NativeMethodAccessorImpl.invoke0(Native Method)
	at sun.reflect.NativeMethodAccessorImpl.invoke(Unknown Source)
	at sun.reflect.DelegatingMethodAccessorImpl.invoke(Unknown Source)
	at java.lang.reflect.Method.invoke(Unknown Source)
	at com.zelle.stepdefinition.UniversalSteps.invokeElementMethod(UniversalSteps.java:119)
	at com.zelle.stepdefinition.UniversalSteps.validate_that_has_inner_text(UniversalSteps.java:411)
	at sun.reflect.NativeMethodAccessorImpl.invoke0(Native Method)
	at sun.reflect.NativeMethodAccessorImpl.invoke(Unknown Source)
	at sun.reflect.DelegatingMethodAccessorImpl.invoke(Unknown Source)
	at java.lang.reflect.Method.invoke(Unknown Source)
	at cucumber.runtime.Utils$1.call(Utils.java:37)
	at cucumber.runtime.Timeout.timeout(Timeout.java:13)
	at cucumber.runtime.Utils.invoke(Utils.java:31)
	at cucumber.runtime.java.JavaStepDefinition.execute(JavaStepDefinition.java:41)
	at cucumber.runtime.StepDefinitionMatch.runStep(StepDefinitionMatch.java:37)
	at cucumber.runtime.Runtime.runStep(Runtime.java:314)
	at cucumber.runtime.model.StepContainer.runStep(StepContainer.java:44)
	at cucumber.runtime.model.StepContainer.runSteps(StepContainer.java:39)
	at cucumber.runtime.model.CucumberScenario.run(CucumberScenario.java:44)
	at cucumber.runtime.model.CucumberFeature.run(CucumberFeature.java:165)
	at cucumber.api.testng.TestNGCucumberRunner.runCucumber(TestNGCucumberRunner.java:63)
	at cucumber.api.testng.AbstractTestNGCucumberTests.feature(AbstractTestNGCucumberTests.java:21)
	at sun.reflect.NativeMethodAccessorImpl.invoke0(Native Method)
	at sun.reflect.NativeMethodAccessorImpl.invoke(Unknown Source)
	at sun.reflect.DelegatingMethodAccessorImpl.invoke(Unknown Source)
	at java.lang.reflect.Method.invoke(Unknown Source)
	at org.testng.internal.MethodInvocationHelper.invokeMethod(MethodInvocationHelper.java:85)
	at org.testng.internal.Invoker.invokeMethod(Invoker.java:639)
	at org.testng.internal.Invoker.invokeTestMethod(Invoker.java:816)
	at org.testng.internal.Invoker.invokeTestMethods(Invoker.java:1124)
	at org.testng.internal.TestMethodWorker.invokeTestMethods(TestMethodWorker.java:125)
	at org.testng.internal.TestMethodWorker.run(TestMethodWorker.java:108)
	at org.testng.TestRunner.privateRun(TestRunner.java:774)
	at org.testng.TestRunner.run(TestRunner.java:624)
	at org.testng.SuiteRunner.runTest(SuiteRunner.java:359)
	at org.testng.SuiteRunner.runSequentially(SuiteRunner.java:354)
	at org.testng.SuiteRunner.privateRun(SuiteRunner.java:312)
	at org.testng.SuiteRunner.run(SuiteRunner.java:261)
	at org.testng.SuiteRunnerWorker.runSuite(SuiteRunnerWorker.java:52)
	at org.testng.SuiteRunnerWorker.run(SuiteRunnerWorker.java:86)
	at org.testng.TestNG.runSuitesSequentially(TestNG.java:1215)
	at org.testng.TestNG.runSuitesLocally(TestNG.java:1140)
	at org.testng.TestNG.run(TestNG.java:1048)
	at org.testng.remote.AbstractRemoteTestNG.run(AbstractRemoteTestNG.java:115)
	at org.testng.remote.RemoteTestNG.initAndRun(RemoteTestNG.java:251)
	at org.testng.remote.RemoteTestNG.main(RemoteTestNG.java:77)
Caused by: org.openqa.selenium.InvalidSelectorException: invalid selector: Unable to locate an element with the xpath expression //div[@class='instructionMessage']/p[contains(text),'To continue anyway'] because of the following error:
SyntaxError: Failed to execute 'evaluate' on 'Document': The string '//div[@class='instructionMessage']/p[contains(text),'To continue anyway']' is not a valid XPath expression.
  (Session info: chrome=84.0.4147.89)
For documentation on this error, please visit: http://seleniumhq.org/exceptions/invalid_selector_exception.html
Build info: version: '3.141.5', revision: 'd54ebd709a', time: '2018-11-06T11:42:16'
System info: host: 'IXC1-LT3WBDWT2', ip: '100.77.5.242', os.name: 'Windows 10', os.arch: 'amd64', os.version: '10.0', java.version: '1.8.0_162'
Driver info: org.openqa.selenium.chrome.ChromeDriver
Capabilities {acceptInsecureCerts: false, browserName: chrome, browserVersion: 84.0.4147.89, chrome: {chromedriverVersion: 83.0.4103.39 (ccbf011cb2d2b..., userDataDir: C:\Users\e3019085\AppData\L...}, goog:chromeOptions: {debuggerAddress: localhost:54429}, javascriptEnabled: true, networkConnectionEnabled: false, pageLoadStrategy: normal, platform: WINDOWS, platformName: WINDOWS, proxy: Proxy(), setWindowRect: true, strictFileInteractability: false, timeouts: {implicit: 0, pageLoad: 300000, script: 30000}, unhandledPromptBehavior: dismiss and notify, webauthn:virtualAuthenticators: true}
Session ID: a86b9e2344966975417786cd64c915a2
*** Element info: {Using=xpath, value=//div[@class='instructionMessage']/p[contains(text),'To continue anyway']}
	at sun.reflect.NativeConstructorAccessorImpl.newInstance0(Native Method)
	at sun.reflect.NativeConstructorAccessorImpl.newInstance(Unknown Source)
	at sun.reflect.DelegatingConstructorAccessorImpl.newInstance(Unknown Source)
	at java.lang.reflect.Constructor.newInstance(Unknown Source)
	at org.openqa.selenium.remote.http.W3CHttpResponseCodec.createException(W3CHttpResponseCodec.java:187)
	at org.openqa.selenium.remote.http.W3CHttpResponseCodec.decode(W3CHttpResponseCodec.java:122)
	at org.openqa.selenium.remote.http.W3CHttpResponseCodec.decode(W3CHttpResponseCodec.java:49)
	at org.openqa.selenium.remote.HttpCommandExecutor.execute(HttpCommandExecutor.java:158)
	at org.openqa.selenium.remote.service.DriverCommandExecutor.execute(DriverCommandExecutor.java:83)
	at org.openqa.selenium.remote.RemoteWebDriver.execute(RemoteWebDriver.java:552)
	at org.openqa.selenium.remote.RemoteWebDriver.findElement(RemoteWebDriver.java:323)
	at org.openqa.selenium.remote.RemoteWebDriver.findElementByXPath(RemoteWebDriver.java:428)
	at org.openqa.selenium.By$ByXPath.findElement(By.java:353)
	at org.openqa.selenium.remote.RemoteWebDriver.findElement(RemoteWebDriver.java:315)
	at com.epp.webelement.BaseElement.get(BaseElement.java:46)
	at com.epp.webelement.BaseElement.validateInnerText(BaseElement.java:66)
	... 46 more
...
2020-07-24 14:27:47 INFO  - [class com.zelle.stepdefinition.UniversalSteps] : UniversalStep: User waited for 10 seconds 
2020-07-24 14:27:57 INFO  - [class com.zelle.stepdefinition.UniversalSteps] : UniversalStep: User clicks on element btnConfirm
2020-07-24 14:27:57 INFO  - [class com.epp.webelement.Button] : Button: Clicked Button with id --- ConfirmButton
2020-07-24 14:27:57 INFO  - [class com.zelle.stepdefinition.UniversalSteps] : UniversalStep: User waited for 10 seconds 
2020-07-24 14:28:07 INFO  - [class com.zelle.stepdefinition.UniversalSteps] : UniversalStep: Validate that user is on page PaymentSentPage
2020-07-24 14:28:11 INFO  - [class com.zelle.stepdefinition.UniversalSteps] : UniversalStep: Validate that user is on page PaymentSentPage
2020-07-24 14:28:11 INFO  - [class com.zelle.stepdefinition.UniversalSteps] : UniversalStep: Changed the current page to PaymentSentPage
2020-07-24 14:28:11 INFO  - [class com.zelle.stepdefinition.UniversalSteps] : UniversalStep: User clicks on element btnAllDone
2020-07-24 14:28:11 INFO  - [class com.epp.webelement.Button] : Button: Clicked Button with id --- PaymentSentButton
2020-07-24 14:29:46 INFO  - [class com.epp.executor.CukeExecutor] : Initiating drivers
2020-07-24 14:29:46 INFO  - [class com.epp.initdriver.RDPDriver] : Setup the new driver
2020-07-24 14:29:48 INFO  - [class com.epp.initdriver.RDPDriver] : Created Chrome driver instace
2020-07-24 14:29:49 INFO  - [class com.epp.initdriver.RDPDriver] : Maximize the explorer window
2020-07-24 14:29:49 INFO  - [class com.epp.executor.CukeExecutor] : Initialisation of drivers is completed successfully
2020-07-24 14:29:49 DEBUG - FileName set to C:\SeleniumWorkspace\DigiPayZelleAutomation\src\main\java\com\epp\config\Logger.properties
2020-07-24 14:29:49 DEBUG - ConfigurationUtils.locate(): base is null, name is C:\SeleniumWorkspace\DigiPayZelleAutomation\src\main\java\com\epp\config\Logger.properties
2020-07-24 14:29:49 DEBUG - Could not locate file C:\SeleniumWorkspace\DigiPayZelleAutomation\src\main\java\com\epp\config\Logger.properties at null: unknown protocol: c
2020-07-24 14:29:49 DEBUG - Loading configuration from the absolute path C:\SeleniumWorkspace\DigiPayZelleAutomation\src\main\java\com\epp\config\Logger.properties
2020-07-24 14:29:49 DEBUG - Base path set to file:///C:/SeleniumWorkspace/DigiPayZelleAutomation/src/main/java/com/epp/config/Logger.properties
