<?xml version="1.0" encoding="UTF-8"?>
<testng-results ignored="0" total="1" passed="0" failed="1" skipped="0">
  <reporter-output>
  </reporter-output>
  <suite started-at="2022-11-01T14:18:04 IST" name="Default suite" finished-at="2022-11-01T14:20:07 IST" duration-ms="122434">
    <groups>
      <group name="cucumber">
        <method signature="AbstractTestNGCucumberTests.feature(cucumber.api.testng.CucumberFeatureWrapper)[pri:0, instance:com.demoBlaze.executor.CukeExecutor@15bb5034]" name="feature" class="cucumber.api.testng.AbstractTestNGCucumberTests"/>
      </group> <!-- cucumber -->
    </groups>
    <test started-at="2022-11-01T14:18:04 IST" name="Default test" finished-at="2022-11-01T14:20:07 IST" duration-ms="122434">
      <class name="com.demoBlaze.executor.CukeExecutor">
        <test-method is-config="true" signature="initDriver()[pri:0, instance:com.demoBlaze.executor.CukeExecutor@15bb5034]" started-at="2022-11-01T14:15:14 IST" name="initDriver" finished-at="2022-11-01T14:18:04 IST" duration-ms="170089" status="PASS">
          <reporter-output>
          </reporter-output>
        </test-method> <!-- initDriver -->
        <test-method is-config="true" signature="initDriver()[pri:0, instance:com.demoBlaze.executor.CukeExecutor@15bb5034]" started-at="2022-11-01T14:18:04 IST" name="initDriver" finished-at="2022-11-01T14:18:04 IST" duration-ms="3" status="PASS">
          <reporter-output>
          </reporter-output>
        </test-method> <!-- initDriver -->
        <test-method is-config="true" signature="setUpClass()[pri:0, instance:com.demoBlaze.executor.CukeExecutor@15bb5034]" started-at="2022-11-01T14:18:04 IST" name="setUpClass" finished-at="2022-11-01T14:18:05 IST" duration-ms="926" status="PASS">
          <reporter-output>
          </reporter-output>
        </test-method> <!-- setUpClass -->
        <test-method is-config="true" signature="setup()[pri:0, instance:com.demoBlaze.executor.CukeExecutor@15bb5034]" started-at="2022-11-01T14:18:05 IST" name="setup" finished-at="2022-11-01T14:18:08 IST" duration-ms="2791" status="PASS">
          <reporter-output>
          </reporter-output>
        </test-method> <!-- setup -->
        <test-method signature="feature(cucumber.api.testng.CucumberFeatureWrapper)[pri:0, instance:com.demoBlaze.executor.CukeExecutor@15bb5034]" started-at="2022-11-01T14:18:09 IST" name="feature" description="Runs Cucumber Feature" data-provider="features" finished-at="2022-11-01T14:20:03 IST" duration-ms="113994" status="FAIL">
          <params>
            <param index="0">
              <value>
                <![CDATA[Request]]>
              </value>
            </param>
          </params>
          <exception class="cucumber.runtime.CucumberException">
            <message>
              <![CDATA[cucumber.runtime.CucumberException: Arity mismatch: Step Definition 'com.ecommerce.stepdefinition.UniversalSteps.user_is_on_Page(String) in file:/D:/DemoBlazeAutomation/target/classes/' with pattern [^User is on Page "([^"]*)"$] is declared with 1 parameters. However, the gherkin step has 2 arguments [HomePage, Table:[[test_user1, Test@12]]]. 
Step: Given User is on Page "HomePage"]]>
            </message>
            <full-stacktrace>
              <![CDATA[cucumber.runtime.CucumberException: cucumber.runtime.CucumberException: Arity mismatch: Step Definition 'com.ecommerce.stepdefinition.UniversalSteps.user_is_on_Page(String) in file:/D:/DemoBlazeAutomation/target/classes/' with pattern [^User is on Page "([^"]*)"$] is declared with 1 parameters. However, the gherkin step has 2 arguments [HomePage, Table:[[test_user1, Test@12]]]. 
Step: Given User is on Page "HomePage"
at cucumber.api.testng.TestNGCucumberRunner.runCucumber(TestNGCucumberRunner.java:69)
at cucumber.api.testng.AbstractTestNGCucumberTests.feature(AbstractTestNGCucumberTests.java:21)
at java.base/jdk.internal.reflect.NativeMethodAccessorImpl.invoke0(Native Method)
at java.base/jdk.internal.reflect.NativeMethodAccessorImpl.invoke(NativeMethodAccessorImpl.java:62)
at java.base/jdk.internal.reflect.DelegatingMethodAccessorImpl.invoke(DelegatingMethodAccessorImpl.java:43)
at java.base/java.lang.reflect.Method.invoke(Method.java:566)
at org.testng.internal.MethodInvocationHelper.invokeMethod(MethodInvocationHelper.java:133)
at org.testng.internal.TestInvoker.invokeMethod(TestInvoker.java:598)
at org.testng.internal.TestInvoker.invokeTestMethod(TestInvoker.java:173)
at org.testng.internal.MethodRunner.runInSequence(MethodRunner.java:46)
at org.testng.internal.TestInvoker$MethodInvocationAgent.invoke(TestInvoker.java:824)
at org.testng.internal.TestInvoker.invokeTestMethods(TestInvoker.java:146)
at org.testng.internal.TestMethodWorker.invokeTestMethods(TestMethodWorker.java:146)
at org.testng.internal.TestMethodWorker.run(TestMethodWorker.java:128)
at java.base/java.util.ArrayList.forEach(ArrayList.java:1541)
at org.testng.TestRunner.privateRun(TestRunner.java:794)
at org.testng.TestRunner.run(TestRunner.java:596)
at org.testng.SuiteRunner.runTest(SuiteRunner.java:377)
at org.testng.SuiteRunner.runSequentially(SuiteRunner.java:371)
at org.testng.SuiteRunner.privateRun(SuiteRunner.java:332)
at org.testng.SuiteRunner.run(SuiteRunner.java:276)
at org.testng.SuiteRunnerWorker.runSuite(SuiteRunnerWorker.java:53)
at org.testng.SuiteRunnerWorker.run(SuiteRunnerWorker.java:96)
at org.testng.TestNG.runSuitesSequentially(TestNG.java:1212)
at org.testng.TestNG.runSuitesLocally(TestNG.java:1134)
at org.testng.TestNG.runSuites(TestNG.java:1063)
at org.testng.TestNG.run(TestNG.java:1031)
at org.testng.remote.AbstractRemoteTestNG.run(AbstractRemoteTestNG.java:115)
at org.testng.remote.RemoteTestNG.initAndRun(RemoteTestNG.java:251)
at org.testng.remote.RemoteTestNG.main(RemoteTestNG.java:77)
Caused by: cucumber.runtime.CucumberException: Arity mismatch: Step Definition 'com.ecommerce.stepdefinition.UniversalSteps.user_is_on_Page(String) in file:/D:/DemoBlazeAutomation/target/classes/' with pattern [^User is on Page "([^"]*)"$] is declared with 1 parameters. However, the gherkin step has 2 arguments [HomePage, Table:[[test_user1, Test@12]]]. 
Step: Given User is on Page "HomePage"
at cucumber.runtime.StepDefinitionMatch.arityMismatch(StepDefinitionMatch.java:102)
at cucumber.runtime.StepDefinitionMatch.transformedArgs(StepDefinitionMatch.java:60)
at cucumber.runtime.StepDefinitionMatch.runStep(StepDefinitionMatch.java:37)
at cucumber.runtime.Runtime.runStep(Runtime.java:314)
at cucumber.runtime.model.StepContainer.runStep(StepContainer.java:44)
at cucumber.runtime.model.StepContainer.runSteps(StepContainer.java:39)
at cucumber.runtime.model.CucumberScenario.run(CucumberScenario.java:44)
at cucumber.runtime.model.CucumberFeature.run(CucumberFeature.java:165)
at cucumber.api.testng.TestNGCucumberRunner.runCucumber(TestNGCucumberRunner.java:63)
... 29 more
]]>
            </full-stacktrace>
          </exception> <!-- cucumber.runtime.CucumberException -->
          <reporter-output>
          </reporter-output>
        </test-method> <!-- feature -->
        <test-method is-config="true" signature="writeExtentReport()[pri:0, instance:com.demoBlaze.executor.CukeExecutor@15bb5034]" started-at="2022-11-01T14:20:03 IST" name="writeExtentReport" finished-at="2022-11-01T14:20:03 IST" duration-ms="65" status="PASS">
          <reporter-output>
          </reporter-output>
        </test-method> <!-- writeExtentReport -->
        <test-method is-config="true" signature="tearDownClass()[pri:0, instance:com.demoBlaze.executor.CukeExecutor@15bb5034]" started-at="2022-11-01T14:20:03 IST" name="tearDownClass" finished-at="2022-11-01T14:20:07 IST" duration-ms="3820" status="PASS">
          <reporter-output>
          </reporter-output>
        </test-method> <!-- tearDownClass -->
        <test-method is-config="true" signature="teardown()[pri:0, instance:com.demoBlaze.executor.CukeExecutor@15bb5034]" started-at="2022-11-01T14:20:09 IST" name="teardown" finished-at="2022-11-01T14:20:11 IST" duration-ms="2503" status="PASS">
          <reporter-output>
          </reporter-output>
        </test-method> <!-- teardown -->
      </class> <!-- com.demoBlaze.executor.CukeExecutor -->
    </test> <!-- Default test -->
  </suite> <!-- Default suite -->
</testng-results>
