<?xml version="1.0" encoding="UTF-8"?>
<!-- Generated by org.testng.reporters.JUnitXMLReporter -->
<testsuite ignored="0" hostname="User-PC" failures="1" tests="1" name="Default test" time="122.434" errors="0" timestamp="2022-11-01T14:20:07 IST">
  <testcase classname="cucumber.api.testng.AbstractTestNGCucumberTests" name="feature" time="113.994">
    <failure type="cucumber.runtime.CucumberException" message="cucumber.runtime.CucumberException: Arity mismatch: Step Definition &amp;apos;com.ecommerce.stepdefinition.UniversalSteps.user_is_on_Page(String) in file:/D:/DemoBlazeAutomation/target/classes/&amp;apos; with pattern [^User is on Page &amp;quot;([^&amp;quot;]*)&amp;quot;$] is declared with 1 parameters. However, the gherkin step has 2 arguments [HomePage, Table:[[test_user1, Test@12]]]. 
Step: Given User is on Page &amp;quot;HomePage&amp;quot;">
      <![CDATA[cucumber.runtime.CucumberException: cucumber.runtime.CucumberException: Arity mismatch: Step Definition 'com.ecommerce.stepdefinition.UniversalSteps.user_is_on_Page(String) in file:/D:/DemoBlazeAutomation/target/classes/' with pattern [^User is on Page "([^"]*)"$] is declared with 1 parameters. However, the gherkin step has 2 arguments [HomePage, Table:[[test_user1, Test@12]]]. 
Step: Given User is on Page "HomePage"
at cucumber.api.testng.TestNGCucumberRunner.runCucumber(TestNGCucumberRunner.java:69)
at cucumber.api.testng.AbstractTestNGCucumberTests.feature(AbstractTestNGCucumberTests.java:21)
at java.base/jdk.internal.reflect.NativeMethodAccessorImpl.invoke0(Native Method)
at java.base/jdk.internal.reflect.NativeMethodAccessorImpl.invoke(NativeMethodAccessorImpl.java:62)
at java.base/jdk.internal.reflect.DelegatingMethodAccessorImpl.invoke(DelegatingMethodAccessorImpl.java:43)
at java.base/java.lang.reflect.Method.invoke(Method.java:566)
at org.testng.internal.MethodInvocationHelper.invokeMethod(MethodInvocationHelper.java:133)
at org.testng.internal.TestInvoker.invokeMethod(TestInvoker.java:598)
at org.testng.internal.TestInvoker.invokeTestMethod(TestInvoker.java:173)
at org.testng.internal.MethodRunner.runInSequence(MethodRunner.java:46)
at org.testng.internal.TestInvoker$MethodInvocationAgent.invoke(TestInvoker.java:824)
at org.testng.internal.TestInvoker.invokeTestMethods(TestInvoker.java:146)
at org.testng.internal.TestMethodWorker.invokeTestMethods(TestMethodWorker.java:146)
at org.testng.internal.TestMethodWorker.run(TestMethodWorker.java:128)
at java.base/java.util.ArrayList.forEach(ArrayList.java:1541)
at org.testng.TestRunner.privateRun(TestRunner.java:794)
at org.testng.TestRunner.run(TestRunner.java:596)
at org.testng.SuiteRunner.runTest(SuiteRunner.java:377)
at org.testng.SuiteRunner.runSequentially(SuiteRunner.java:371)
at org.testng.SuiteRunner.privateRun(SuiteRunner.java:332)
at org.testng.SuiteRunner.run(SuiteRunner.java:276)
at org.testng.SuiteRunnerWorker.runSuite(SuiteRunnerWorker.java:53)
at org.testng.SuiteRunnerWorker.run(SuiteRunnerWorker.java:96)
at org.testng.TestNG.runSuitesSequentially(TestNG.java:1212)
at org.testng.TestNG.runSuitesLocally(TestNG.java:1134)
at org.testng.TestNG.runSuites(TestNG.java:1063)
at org.testng.TestNG.run(TestNG.java:1031)
at org.testng.remote.AbstractRemoteTestNG.run(AbstractRemoteTestNG.java:115)
at org.testng.remote.RemoteTestNG.initAndRun(RemoteTestNG.java:251)
at org.testng.remote.RemoteTestNG.main(RemoteTestNG.java:77)
Caused by: cucumber.runtime.CucumberException: Arity mismatch: Step Definition 'com.ecommerce.stepdefinition.UniversalSteps.user_is_on_Page(String) in file:/D:/DemoBlazeAutomation/target/classes/' with pattern [^User is on Page "([^"]*)"$] is declared with 1 parameters. However, the gherkin step has 2 arguments [HomePage, Table:[[test_user1, Test@12]]]. 
Step: Given User is on Page "HomePage"
at cucumber.runtime.StepDefinitionMatch.arityMismatch(StepDefinitionMatch.java:102)
at cucumber.runtime.StepDefinitionMatch.transformedArgs(StepDefinitionMatch.java:60)
at cucumber.runtime.StepDefinitionMatch.runStep(StepDefinitionMatch.java:37)
at cucumber.runtime.Runtime.runStep(Runtime.java:314)
at cucumber.runtime.model.StepContainer.runStep(StepContainer.java:44)
at cucumber.runtime.model.StepContainer.runSteps(StepContainer.java:39)
at cucumber.runtime.model.CucumberScenario.run(CucumberScenario.java:44)
at cucumber.runtime.model.CucumberFeature.run(CucumberFeature.java:165)
at cucumber.api.testng.TestNGCucumberRunner.runCucumber(TestNGCucumberRunner.java:63)
... 29 more
]]>
    </failure>
  </testcase> <!-- feature -->
</testsuite> <!-- Default test -->
